# stats: dump at 1479249224
stats: users 8 8
stats: {load,"tsung_controller@ip-172-31-31-196"} 1 0.0 0 0.0 0.0 0 0
stats: {cpu,"tsung_controller@ip-172-31-31-196"} 1 3.677883104091427 0 3.677883104091427 3.677883104091427 0 0
stats: {freemem,"tsung_controller@ip-172-31-31-196"} 1 3064.6796875 0 3064.6796875 3064.6796875 0 0
stats: users_count 8 8
stats: finish_users_count 0 0
stats: request 58 79.52639665274788 108.21801147034088 598.885986328125 8.212158203125 0 0
stats: connect 7 21.578194754464285 48.36882865086937 140.02294921875 1.02587890625 0 0
stats: page 47 98.15922643783244 124.43604356804664 619.30908203125 8.212158203125 0 0
stats: tr_get_convo_page 4 95.228271484375 47.94539272667754 170.93505859375 52.18603515625 0 0
stats: 302 27 27
stats: tr_post_submit 4 106.77825927734375 72.32968435079083 228.074951171875 43.419921875 0 0
stats: 200 31 31
stats: tr_signin_1 5 382.942626953125 111.05910565647844 599.010009765625 303.27001953125 0 0
stats: size_rcv 552763 552763
stats: tr_send_5_messages_1 2 493.81103515625 36.051025390625 529.862060546875 457.760009765625 0 0
stats: size_sent 43325 43325
stats: tr_create_convo 4 21.81878662109375 7.921750747441706 27.72509765625 8.328125 0 0
stats: connected 7 7
# stats: dump at 1479249234
stats: users 19 20
stats: {load,"tsung_controller@ip-172-31-31-196"} 1 0.0 0.0 0.0 0.0 0.0 1
stats: {recvpackets,"tsung_controller@ip-172-31-31-196"} 1 652 0 652 652 0 0
stats: {sentpackets,"tsung_controller@ip-172-31-31-196"} 1 333 0 333 333 0 0
stats: {cpu,"tsung_controller@ip-172-31-31-196"} 1 2.2615535889872174 0.0 3.677883104091427 2.2615535889872174 3.677883104091427 1
stats: {freemem,"tsung_controller@ip-172-31-31-196"} 1 3062.75390625 0.0 3064.6796875 3062.75390625 3064.6796875 1
stats: session 5 7317.690576171875 1476.6610048255225 9388.948974609375 5754.344970703125 0 0
stats: users_count 16 24
stats: finish_users_count 5 5
stats: request 230 139.44351435122286 176.480550386005 963.18212890625 7.85595703125 79.52639665274788 58
stats: connect 16 2.0751800537109375 2.8695612099503376 140.02294921875 0.990966796875 21.578194754464285 7
stats: page 201 159.57262394084273 194.4863454093718 995.361083984375 8.212158203125 98.15922643783244 47
stats: tr_get_convo_page 10 152.5987060546875 96.3101004804788 366.89990234375 52.18603515625 95.228271484375 4
stats: 302 114 141
stats: tr_post_submit 10 167.0652587890625 149.18999220021573 458.677978515625 43.419921875 106.77825927734375 4
stats: 200 116 147
stats: tr_view_post 4 22.80926513671875 12.298493562806124 42.988037109375 12.81494140625 0 0
stats: size_rcv 2384645 2937408
stats: tr_claim_post 4 192.865478515625 296.27697396434166 706.015869140625 19.8798828125 0 0
stats: size_sent 175296 218621
stats: tr_signin_2 6 452.9381103515625 127.25960563338809 630.078857421875 315.27978515625 0 0
stats: connected 12 19
stats: tr_send_5_messages_2 4 1029.00048828125 342.0107527439439 1601.48779296875 764.797119140625 0 0
stats: tr_signin_1 13 526.3662484975962 223.71896235440354 963.278076171875 303.27001953125 382.942626953125 5
stats: tr_send_5_messages_1 7 876.7141810825893 709.5142516607397 2367.547119140625 419.031005859375 493.81103515625 2
stats: tr_create_convo 9 158.68375651041666 191.64812409144977 650.012939453125 8.328125 21.81878662109375 4
# stats: dump at 1479249244
stats: users 16 23
stats: {load,"tsung_controller@ip-172-31-31-196"} 1 0.0 0.0 0.0 0.0 0.0 2
stats: {recvpackets,"tsung_controller@ip-172-31-31-196"} 1 2324.0 0.0 2324 652 652.0 1
stats: {sentpackets,"tsung_controller@ip-172-31-31-196"} 1 1191.0 0.0 1191 333 333.0 1
stats: {cpu,"tsung_controller@ip-172-31-31-196"} 1 3.146509341199607 0.0 3.677883104091427 2.2615535889872174 2.969718346539322 2
stats: {freemem,"tsung_controller@ip-172-31-31-196"} 1 3058.18359375 0.0 3064.6796875 3058.18359375 3063.716796875 2
stats: session 9 14813.238037109375 4894.02300132697 24847.34912109375 5754.344970703125 7317.690576171875 5
stats: users_count 6 30
stats: finish_users_count 9 14
stats: request 357 298.962241634935 250.02328182054356 1179.281005859375 7.85595703125 127.3768725925022 288
stats: connect 7 1.2967703683035714 0.3413267019163256 140.02294921875 0.966064453125 8.010880180027174 23
stats: page 319 334.58459663989015 296.8040462324645 1771.31396484375 8.212158203125 147.9337945753529 248
stats: tr_get_convo_page 10 480.01953125 274.8957621925761 856.427978515625 52.18603515625 136.2071533203125 14
stats: 302 187 328
stats: tr_post_submit 10 497.005322265625 312.6320387801512 1037.1201171875 43.419921875 149.84040178571428 14
stats: 200 170 317
stats: tr_view_post 9 139.88566080729166 86.09507365431357 334.873046875 12.81494140625 22.80926513671875 4
stats: size_rcv 3815325 6752733
stats: tr_claim_post 9 169.42412651909723 142.43763223100342 706.015869140625 19.8798828125 192.865478515625 4
stats: size_sent 271703 490324
stats: tr_signin_2 13 658.0265737680288 243.79292887795543 1024.014892578125 315.27978515625 452.9381103515625 6
stats: connected -2 17
stats: tr_send_5_messages_2 9 3033.663872612847 966.4832467239049 4729.360107421875 764.797119140625 1029.00048828125 4
stats: tr_signin_1 12 637.0184936523438 182.72070796378452 975.48486328125 303.27001953125 486.52635362413196 18
stats: tr_send_5_messages_1 15 2581.6220703125 1145.9511930002298 4604.56103515625 419.031005859375 791.6245930989584 9
stats: tr_create_convo 11 380.857421875 266.36591799967664 947.748046875 8.328125 116.5714580829327 13
# stats: dump at 1479249254
stats: users 20 23
stats: {load,"tsung_controller@ip-172-31-31-196"} 1 0.0 0.0 0.0 0.0 0.0 3
stats: {recvpackets,"tsung_controller@ip-172-31-31-196"} 1 3383.0 0.0 3383 652 1488.0 2
stats: {sentpackets,"tsung_controller@ip-172-31-31-196"} 1 1563.0 0.0 1563 333 762.0 2
stats: {cpu,"tsung_controller@ip-172-31-31-196"} 1 3.066271018793274 0.0 3.677883104091427 2.2615535889872174 3.0286486780927504 3
stats: {freemem,"tsung_controller@ip-172-31-31-196"} 1 3057.20703125 0.0 3064.6796875 3057.20703125 3061.8723958333335 3
stats: session 12 15638.786987304688 4177.579117401297 24847.34912109375 5754.344970703125 12136.256801060268 14
stats: users_count 16 46
stats: finish_users_count 12 26
stats: request 325 158.21911733774039 165.48445759296598 1179.281005859375 7.6220703125 222.347379178779 645
stats: connect 14 1.404052734375 0.36829985744700977 140.02294921875 0.928955078125 6.444254557291667 30
stats: page 293 173.2473536156142 187.40456548701422 1771.31396484375 8.212158203125 252.9454451195987 567
stats: tr_get_convo_page 11 213.5326482599432 154.95038474756103 856.427978515625 49.030029296875 279.4623107910156 24
stats: 302 168 496
stats: tr_post_submit 14 274.5361328125 231.68469581289244 1037.1201171875 42.9658203125 294.49245198567706 24
stats: 200 157 474
stats: tr_view_post 13 87.02176607572116 98.72487924873926 417.248046875 12.81494140625 103.86215444711539 13
stats: size_rcv 3398452 10151185
stats: tr_claim_post 13 71.06015249399039 84.31807181698849 706.015869140625 17.7109375 176.63685021033655 13
stats: newphase 1 1
stats: tr_signin_2 10 540.0359619140625 156.7897962990695 1024.014892578125 312.719970703125 593.2617958470395 19
stats: size_sent 246597 736921
stats: tr_send_5_messages_2 13 1797.4205603966345 630.0849801266435 4729.360107421875 764.797119140625 2416.8443697415864 13
stats: connected 1 18
stats: tr_signin_1 10 374.0322509765625 98.82379119703658 975.48486328125 301.72998046875 546.7232096354167 30
stats: tr_send_5_messages_1 8 1213.5723876953125 458.07846920639247 4604.56103515625 419.031005859375 1910.3730163574219 24
stats: tr_create_convo 11 98.58049982244319 91.36324161227948 947.748046875 8.328125 237.70252482096353 24
# stats: dump at 1479249264
stats: users 57 57
stats: {load,"tsung_controller@ip-172-31-31-196"} 1 0.0 0.0 0.0 0.0 0.0 4
stats: {recvpackets,"tsung_controller@ip-172-31-31-196"} 1 2809.0 0.0 3383 652 2119.6666666666665 3
stats: {sentpackets,"tsung_controller@ip-172-31-31-196"} 1 1401.0 0.0 1563 333 1029.0 3
stats: {cpu,"tsung_controller@ip-172-31-31-196"} 1 2.9469548133595285 0.0 3.677883104091427 2.2615535889872174 3.038054263267881 4
stats: {freemem,"tsung_controller@ip-172-31-31-196"} 1 3057.9609375 0.0 3064.6796875 3057.20703125 3060.7060546875 4
stats: session 4 18771.719848632813 6270.652595803719 25369.132080078125 5754.344970703125 13752.809194711539 26
stats: users_count 41 87
stats: finish_users_count 4 30
stats: request 292 673.4526509324163 473.2431745038757 1884.39794921875 7.6220703125 200.86110588152377 970
stats: connect 41 1.4722096512957314 0.8410054860323866 140.02294921875 0.8408203125 4.8405539772727275 44
stats: page 242 794.7043860569471 666.1815426356065 3055.586181640625 8.212158203125 225.79249068859005 860
stats: tr_get_convo_page 17 1068.8257697610295 513.5683410045682 1810.919921875 49.030029296875 258.74155970982144 35
stats: 302 137 633
stats: tr_post_submit 17 1111.1662166819856 418.99041739280824 1695.089111328125 42.9658203125 287.14012386924344 38
stats: 200 155 629
stats: tr_view_post 4 400.216796875 355.8322842140509 980.422119140625 12.81494140625 95.44196026141827 26
stats: size_rcv 2635879 12787064
stats: tr_claim_post 4 518.94873046875 407.8048792336376 1095.077880859375 17.7109375 123.84850135216347 26
stats: newphase 1 2
stats: tr_signin_2 10 1063.9814697265624 374.99212382109397 1567.909912109375 312.719970703125 574.9080600080819 29
stats: size_sent 220309 957230
stats: tr_send_5_messages_2 4 3727.382568359375 850.9559166525855 5121.05615234375 764.797119140625 2107.1324650691104 26
stats: connected 37 55
stats: tr_signin_1 26 812.9794264573318 334.1856171575521 1622.39697265625 301.72998046875 503.55046997070315 40
stats: tr_send_5_messages_1 7 3835.9656110491073 984.3441510130064 5160.150146484375 419.031005859375 1736.1728591918945 32
stats: tr_create_convo 14 814.4795445033482 517.6841212037868 1664.205078125 8.328125 193.97845982142857 35
# stats: dump at 1479249274
stats: users 117 117
stats: {load,"tsung_controller@ip-172-31-31-196"} 1 0.0 0.0 0.0 0.0 0.0 5
stats: {recvpackets,"tsung_controller@ip-172-31-31-196"} 1 2415.0 0.0 3383 652 2292.0 4
stats: {sentpackets,"tsung_controller@ip-172-31-31-196"} 1 1357.0 0.0 1563 333 1122.0 4
stats: {cpu,"tsung_controller@ip-172-31-31-196"} 1 4.011741682974559 0.0 4.011741682974559 2.2615535889872174 3.0198343732862107 5
stats: {freemem,"tsung_controller@ip-172-31-31-196"} 1 3052.40234375 0.0 3064.6796875 3052.40234375 3060.15703125 5
stats: session 0 0 0 25369.132080078125 5754.344970703125 14421.997281901042 30
stats: users_count 60 147
stats: finish_users_count 0 30
stats: request 280 1895.4183750697546 636.7242131155526 3728.843017578125 7.6220703125 310.2087533893373 1262
stats: connect 58 1.3860915611530173 0.6472567946885209 140.02294921875 0.83203125 3.2158231847426473 85
stats: page 228 2170.9413751970255 913.8416704080319 5195.635986328125 8.212158203125 350.72595591467206 1102
stats: tr_get_convo_page 15 1734.1424153645833 490.06905631058095 2604.08203125 49.030029296875 523.5767822265625 52
stats: 302 128 761
stats: tr_post_submit 17 1993.8890165441176 511.373761315734 2848.933837890625 42.9658203125 541.8390980113637 55
stats: 200 152 781
stats: tr_view_post 1 3101.139892578125 0.0 3101.139892578125 12.81494140625 136.07860514322917 30
stats: size_rcv 2731689 15518753
stats: tr_claim_post 0 0 0 1095.077880859375 17.7109375 176.52853190104167 30
stats: newphase 1 3
stats: tr_signin_2 0 0 0 1567.909912109375 312.719970703125 700.3114983974359 39
stats: size_sent 229529 1186759
stats: tr_send_5_messages_2 2 13153.676513671875 338.91845703125 13492.594970703125 764.797119140625 2323.165812174479 30
stats: connected 58 113
stats: tr_signin_1 35 2012.3605050223214 642.3371621909915 3177.752197265625 301.72998046875 625.4467255563447 66
stats: tr_send_5_messages_1 0 0 0 5160.150146484375 419.031005859375 2113.0587377303686 39
stats: tr_create_convo 17 1427.1054974724266 680.4705286578521 2865.427978515625 8.328125 371.26448401626277 49
# stats: dump at 1479249284
stats: users 124 125
stats: {load,"tsung_controller@ip-172-31-31-196"} 1 0.0 0.0 0.0 0.0 0.0 6
stats: {recvpackets,"tsung_controller@ip-172-31-31-196"} 1 2764.0 0.0 3383 652 2316.6 5
stats: {sentpackets,"tsung_controller@ip-172-31-31-196"} 1 1642.0 0.0 1642 333 1169.0 5
stats: {cpu,"tsung_controller@ip-172-31-31-196"} 1 3.948667324777887 0.0 4.011741682974559 2.2615535889872174 3.1851522582342686 6
stats: {freemem,"tsung_controller@ip-172-31-31-196"} 1 3040.3125 0.0 3064.6796875 3040.3125 3058.8645833333335 6
stats: session 2 33248.28649902344 5998.3873291015625 39246.673828125 5754.344970703125 14421.997281901042 30
stats: users_count 9 156
stats: finish_users_count 2 32
stats: request 231 3398.6700212222663 958.2932876367132 5681.690185546875 7.6220703125 598.0548584934338 1542
stats: connect 13 3.858623798076923 6.945979381146264 140.02294921875 0.83203125 2.4736942744755246 143
stats: page 170 4008.7979635799634 1623.9472712569852 8709.473876953125 8.212158203125 662.7628849345041 1330
stats: tr_get_convo_page 16 3457.3663635253906 1027.173807820551 4994.52685546875 49.030029296875 794.5989388992538 67
stats: 302 115 876
stats: tr_post_submit 20 3564.5035034179687 822.9225283196711 4803.16796875 42.9658203125 884.6842176649305 72
stats: 200 116 897
stats: tr_view_post 1 2326.2861328125 0.0 3101.139892578125 12.81494140625 231.72574344758064 31
stats: size_rcv 1979014 17497767
stats: tr_claim_post 2 2373.5694580078125 809.6485595703125 3183.218017578125 17.7109375 176.52853190104167 30
stats: newphase 0 3
stats: tr_signin_2 0 0 0 1567.909912109375 312.719970703125 700.3114983974359 39
stats: size_sent 198079 1384838
stats: tr_send_5_messages_2 1 22715.79296875 0.0 22715.79296875 764.797119140625 3000.0727310180664 32
stats: connected 11 124
stats: tr_signin_1 41 3722.7425030964177 823.1100529465004 5090.570068359375 301.72998046875 1106.060411509901 101
stats: tr_send_5_messages_1 1 22384.0400390625 0.0 22384.0400390625 419.031005859375 2113.0587377303686 39
stats: tr_create_convo 9 3570.1192220052085 751.2616063090918 4739.08984375 8.328125 643.2235329367898 66
# stats: dump at 1479249294
stats: users 120 125
stats: {load,"tsung_controller@ip-172-31-31-196"} 1 0.0 0.0 0.0 0.0 0.0 7
stats: {recvpackets,"tsung_controller@ip-172-31-31-196"} 1 1692.0 0.0 3383 652 2391.1666666666665 6
stats: {sentpackets,"tsung_controller@ip-172-31-31-196"} 1 906.0 0.0 1642 333 1247.8333333333333 6
stats: {cpu,"tsung_controller@ip-172-31-31-196"} 1 2.561576354679803 0.0 4.011741682974559 2.2615535889872174 3.2942258391690715 7
stats: {freemem,"tsung_controller@ip-172-31-31-196"} 1 3030.77734375 0.0 3064.6796875 3030.77734375 3056.214285714286 7
stats: session 4 45723.797790527344 4787.069830725816 54011.416015625 5754.344970703125 15598.640357971191 32
stats: users_count 0 156
stats: finish_users_count 4 36
stats: request 387 3236.562811642038 1396.0975395556768 6557.51904296875 7.6220703125 962.9404211501513 1773
stats: connect 0 0 0 140.02294921875 0.83203125 2.5891050681089745 156
stats: page 315 4288.2521453372965 2558.8333477985 10349.47705078125 8.212158203125 1041.980193847656 1500
stats: tr_get_convo_page 45 3236.3623101128474 1339.1992500617657 6137.3671875 49.030029296875 1307.9035026826054 83
stats: 302 197 1073
stats: tr_post_submit 50 3521.390029296875 1377.1922037576078 6085.9150390625 42.9658203125 1467.2536276112432 92
stats: 200 190 1087
stats: tr_view_post 7 2868.1681780133927 1236.723459401403 5341.35205078125 12.81494140625 297.1807556152344 32
stats: size_rcv 4268656 21766423
stats: tr_claim_post 4 2428.7057495117188 871.3897233649169 3407.35107421875 17.7109375 313.84358978271484 32
stats: newphase 0 3
stats: tr_signin_2 1 1910.495849609375 0.0 1910.495849609375 312.719970703125 700.3114983974359 39
stats: size_sent 304055 1688893
stats: tr_send_5_messages_2 6 25674.845133463543 1090.9762787788513 27583.7177734375 764.797119140625 3597.518798828125 33
stats: connected -4 120
stats: tr_signin_1 14 4898.731305803572 880.3764526522233 5981.769775390625 301.72998046875 1861.5812971088249 142
stats: tr_send_5_messages_1 12 26801.056518554688 1548.9025212274305 28545.866943359375 419.031005859375 2619.8332702636717 40
stats: tr_create_convo 43 2741.4749046148254 1280.8371843548953 5761.244873046875 8.328125 994.451015625 75
# stats: dump at 1479249304
stats: users 117 125
stats: {load,"tsung_controller@ip-172-31-31-196"} 1 0.0 0.0 0.0 0.0 0.0 8
stats: {recvpackets,"tsung_controller@ip-172-31-31-196"} 1 4136.0 0.0 4136 652 2291.285714285714 7
stats: {sentpackets,"tsung_controller@ip-172-31-31-196"} 1 2019.0 0.0 2019 333 1199.0 7
stats: {cpu,"tsung_controller@ip-172-31-31-196"} 1 2.9644268774703555 0.0 4.011741682974559 2.2615535889872174 3.202644653607913 8
stats: {freemem,"tsung_controller@ip-172-31-31-196"} 1 3023.0390625 0.0 3064.6796875 3023.0390625 3053.03466796875 8
stats: session 3 45206.06599934896 1550.63109884866 54011.416015625 5754.344970703125 18945.880072699652 36
stats: users_count 0 156
stats: finish_users_count 3 39
stats: request 348 3104.3414909976677 586.5796313323277 6557.51904296875 7.6220703125 1370.297766113281 2160
stats: connect 0 0 0 140.02294921875 0.83203125 2.5891050681089745 156
stats: page 323 3418.53508973491 1030.0082850376357 10349.47705078125 8.212158203125 1605.3827639408994 1815
stats: tr_get_convo_page 26 3010.512451171875 423.0044895777597 6137.3671875 49.030029296875 1985.8773021697998 128
stats: 302 182 1255
stats: tr_post_submit 13 2992.1758563701924 602.5146930943386 6085.9150390625 42.9658203125 2190.541092993508 142
stats: 200 166 1253
stats: tr_view_post 0 0 0 5341.35205078125 12.81494140625 758.6400365584935 39
stats: size_rcv 4581245 26347668
stats: tr_claim_post 3 3224.8053385416665 17.153579136134013 3407.35107421875 17.7109375 548.8282741970486 36
stats: newphase 0 3
stats: tr_signin_2 8 3031.2706909179688 598.4623528789654 4044.5908203125 312.719970703125 730.5661071777344 40
stats: size_sent 273503 1962396
stats: tr_send_5_messages_2 0 0 0 27583.7177734375 764.797119140625 6994.030542618189 39
stats: connected -3 117
stats: tr_signin_1 0 0 0 5981.769775390625 301.72998046875 2134.146041478866 156
stats: tr_send_5_messages_1 12 31551.61749267578 1590.434609957319 34184.530029296875 419.031005859375 8200.11555833083 52
stats: tr_create_convo 32 2954.2869033813477 471.1752744274619 5761.244873046875 8.328125 1631.0783650026483 118
# stats: dump at 1479249314
stats: users 117 125
stats: {load,"tsung_controller@ip-172-31-31-196"} 1 0.0 0.0 0.0 0.0 0.0 9
stats: {recvpackets,"tsung_controller@ip-172-31-31-196"} 1 3839.0 0.0 4136 652 2521.875 8
stats: {sentpackets,"tsung_controller@ip-172-31-31-196"} 1 1807.0 0.0 2019 333 1301.5 8
stats: {cpu,"tsung_controller@ip-172-31-31-196"} 1 3.346456692913386 0.0 4.011741682974559 2.2615535889872174 3.176176011814851 9
stats: {freemem,"tsung_controller@ip-172-31-31-196"} 1 3018.0859375 0.0 3064.6796875 3018.0859375 3049.7018229166665 9
stats: session 0 0 0 54011.416015625 5754.344970703125 20965.894374749598 39
stats: users_count 0 156
stats: finish_users_count 0 39
stats: request 327 3521.0656596425843 371.15207286374124 6557.51904296875 7.6220703125 1610.9067040158993 2508
stats: connect 0 0 0 140.02294921875 0.83203125 2.5891050681089745 156
stats: page 316 3671.0107197821894 772.9079215542042 10349.47705078125 8.212158203125 1879.306150859265 2138
stats: tr_get_convo_page 2 3619.8370361328125 215.5679931640625 6137.3671875 49.030029296875 2158.867652001319 154
stats: 302 170 1425
stats: tr_post_submit 1 3701.462158203125 0.0 6085.9150390625 42.9658203125 2257.774976373488 155
stats: 200 157 1410
stats: tr_view_post 0 0 0 5341.35205078125 12.81494140625 758.6400365584935 39
stats: size_rcv 4274762 30622430
stats: tr_claim_post 0 0 0 3407.35107421875 17.7109375 754.6726637620193 39
stats: newphase 0 3
stats: tr_signin_2 12 3573.3991495768228 373.41886303777227 4059.213134765625 312.719970703125 1114.0168711344402 48
stats: size_sent 252378 2214774
stats: tr_send_5_messages_2 0 0 0 27583.7177734375 764.797119140625 6994.030542618189 39
stats: connected 0 117
stats: tr_signin_1 0 0 0 5981.769775390625 301.72998046875 2134.146041478866 156
stats: tr_send_5_messages_1 8 32097.005004882813 3352.3936910015123 36186.054931640625 419.031005859375 12578.522171020508 64
stats: tr_create_convo 6 3069.5838623046875 122.70447221820167 5761.244873046875 8.328125 1913.3628531901043 150
# stats: dump at 1479249324
stats: users 117 125
stats: {load,"tsung_controller@ip-172-31-31-196"} 1 0.0 0.0 0.0 0.0 0.0 10
stats: {recvpackets,"tsung_controller@ip-172-31-31-196"} 1 3802.0 0.0 4136 652 2668.222222222222 9
stats: {sentpackets,"tsung_controller@ip-172-31-31-196"} 1 1780.0 0.0 2019 333 1357.6666666666667 9
stats: {cpu,"tsung_controller@ip-172-31-31-196"} 1 3.2448377581120944 0.0 4.011741682974559 2.2615535889872174 3.193204079924705 10
stats: {freemem,"tsung_controller@ip-172-31-31-196"} 1 3015.1875 0.0 3064.6796875 3015.1875 3046.540234375 10
stats: session 0 0 0 54011.416015625 5754.344970703125 20965.894374749598 39
stats: users_count 0 156
stats: finish_users_count 0 39
stats: request 358 3171.3267454008806 457.2226843216463 6557.51904296875 7.6220703125 1831.2319168871252 2835
stats: connect 0 0 0 140.02294921875 0.83203125 2.5891050681089745 156
stats: page 335 3335.3112807544308 766.7687345758932 10349.47705078125 8.212158203125 2110.0227946162513 2454
stats: tr_get_convo_page 0 0 0 6137.3671875 49.030029296875 2177.5980287209536 156
stats: 302 190 1615
stats: tr_post_submit 0 0 0 6085.9150390625 42.9658203125 2267.0293813852163 156
stats: 200 168 1578
stats: tr_view_post 0 0 0 5341.35205078125 12.81494140625 758.6400365584935 39
stats: size_rcv 4489747 35112177
stats: tr_claim_post 0 0 0 3407.35107421875 17.7109375 754.6726637620193 39
stats: newphase 0 3
stats: tr_signin_2 6 3348.330362955729 455.2892426340189 4059.213134765625 312.719970703125 1605.8933268229166 60
stats: size_sent 273461 2488235
stats: tr_send_5_messages_2 0 0 0 27583.7177734375 764.797119140625 6994.030542618189 39
stats: connected 0 117
stats: tr_signin_1 0 0 0 5981.769775390625 301.72998046875 2134.146041478866 156
stats: tr_send_5_messages_1 33 31896.149828361744 1953.7693733059093 36186.054931640625 419.031005859375 14747.242485894098 72
stats: tr_create_convo 0 0 0 5761.244873046875 8.328125 1957.8328920022036 156
# stats: dump at 1479249334
stats: users 117 125
stats: {load,"tsung_controller@ip-172-31-31-196"} 1 0.0 0.0 0.0 0.0 0.0 11
stats: {recvpackets,"tsung_controller@ip-172-31-31-196"} 1 3648.0 0.0 4136 652 2781.6 10
stats: {sentpackets,"tsung_controller@ip-172-31-31-196"} 1 1741.0 0.0 2019 333 1399.9 10
stats: {cpu,"tsung_controller@ip-172-31-31-196"} 1 2.576808721506442 0.0 4.011741682974559 2.2615535889872174 3.1978980506690133 11
stats: {freemem,"tsung_controller@ip-172-31-31-196"} 1 3013.74609375 0.0 3064.6796875 3013.74609375 3043.6899857954545 11
stats: session 0 0 0 54011.416015625 5754.344970703125 20965.894374749598 39
stats: users_count 0 156
stats: finish_users_count 0 39
stats: request 320 3291.704231262207 669.3799874942707 6557.51904296875 7.6220703125 1981.4837016061747 3193
stats: connect 0 0 0 140.02294921875 0.83203125 2.5891050681089745 156
stats: page 280 3782.0842180524555 1181.7032171593091 10349.47705078125 8.212158203125 2257.1979982219486 2789
stats: tr_get_convo_page 0 0 0 6137.3671875 49.030029296875 2177.5980287209536 156
stats: 302 179 1794
stats: tr_post_submit 0 0 0 6085.9150390625 42.9658203125 2267.0293813852163 156
stats: 200 141 1719
stats: tr_view_post 4 3226.0151977539063 145.74753615169956 5341.35205078125 12.81494140625 758.6400365584935 39
stats: size_rcv 2962063 38074240
stats: tr_claim_post 0 0 0 3407.35107421875 17.7109375 754.6726637620193 39
stats: newphase 0 3
stats: tr_signin_2 29 3398.3329236260774 561.3281377670555 4430.14599609375 312.719970703125 1764.2966937440815 66
stats: size_sent 228752 2716987
stats: tr_send_5_messages_2 5 34608.02724609375 741.5244898376343 35705.91796875 764.797119140625 6994.030542618189 39
stats: connected 0 117
stats: tr_signin_1 0 0 0 5981.769775390625 301.72998046875 2134.146041478866 156
stats: tr_send_5_messages_1 36 33136.67696126301 1516.5974334147331 36298.02392578125 419.031005859375 20136.899079241073 105
stats: tr_create_convo 0 0 0 5761.244873046875 8.328125 1957.8328920022036 156
# stats: dump at 1479249344
stats: users 111 125
stats: {load,"tsung_controller@ip-172-31-31-196"} 1 0.0 0.0 0.0 0.0 0.0 12
stats: {recvpackets,"tsung_controller@ip-172-31-31-196"} 1 2781.0 0.0 4136 652 2860.3636363636365 11
stats: {sentpackets,"tsung_controller@ip-172-31-31-196"} 1 1372.0 0.0 2019 333 1430.909090909091 11
stats: {cpu,"tsung_controller@ip-172-31-31-196"} 1 2.4777006937561943 0.0 4.011741682974559 2.2615535889872174 3.146140606572132 12
stats: {freemem,"tsung_controller@ip-172-31-31-196"} 1 3013.26953125 0.0 3064.6796875 3013.26953125 3041.1946614583335 12
stats: session 6 85420.93648274739 2803.2897862059417 89721.919921875 5754.344970703125 20965.894374749598 39
stats: users_count 0 156
stats: finish_users_count 6 45
stats: request 240 4252.524055989579 828.1869278222421 6557.51904296875 7.6220703125 2100.8319992121897 3513
stats: connect 0 0 0 140.02294921875 0.83203125 2.5891050681089745 156
stats: page 223 4537.902178435049 1176.0297413877088 10349.47705078125 8.212158203125 2396.320885661682 3069
stats: tr_get_convo_page 0 0 0 6137.3671875 49.030029296875 2177.5980287209536 156
stats: 302 127 1921
stats: tr_post_submit 0 0 0 6085.9150390625 42.9658203125 2267.0293813852163 156
stats: 200 113 1832
stats: tr_view_post 8 4313.7591552734375 785.7947941298163 5469.011962890625 12.81494140625 988.1633073673692 43
stats: size_rcv 2640639 40714879
stats: tr_claim_post 6 3855.587687174479 712.2460706129971 5239.89599609375 17.7109375 754.6726637620193 39
stats: newphase 0 3
stats: tr_signin_2 35 4268.908328683034 802.9192239557414 5642.055908203125 312.719970703125 2263.10775339227 95
stats: size_sent 187444 2904431
stats: tr_send_5_messages_2 9 34454.644775390625 1407.42025311811 37286.004150390625 764.797119140625 10131.984713467684 44
stats: connected -6 111
stats: tr_signin_1 0 0 0 5981.769775390625 301.72998046875 2134.146041478866 156
stats: tr_send_5_messages_1 12 35797.147440592445 1669.905695648392 38543.214111328125 419.031005859375 23455.99130443816 141
stats: tr_create_convo 0 0 0 5761.244873046875 8.328125 1957.8328920022036 156
# stats: dump at 1479249354
stats: users 98 125
stats: {load,"tsung_controller@ip-172-31-31-196"} 1 0.0 0.0 0.0 0.0 0.0 13
stats: {recvpackets,"tsung_controller@ip-172-31-31-196"} 1 2167.0 0.0 4136 652 2853.75 12
stats: {sentpackets,"tsung_controller@ip-172-31-31-196"} 1 1025.0 0.0 2019 333 1426.0 12
stats: {cpu,"tsung_controller@ip-172-31-31-196"} 1 2.4582104228121926 0.0 4.011741682974559 2.2615535889872174 3.0947221517401364 13
stats: {freemem,"tsung_controller@ip-172-31-31-196"} 1 3012.91796875 0.0 3064.6796875 3012.91796875 3039.046574519231 13
stats: session 13 92616.58385291466 2679.159194251128 98218.26196289063 5754.344970703125 29559.899989149304 45
stats: users_count 0 156
stats: finish_users_count 13 58
stats: request 310 3589.3492022114415 831.710241400912 6557.51904296875 7.6220703125 2238.430212275492 3753
stats: connect 0 0 0 140.02294921875 0.83203125 2.5891050681089745 156
stats: page 303 3777.213285439873 1256.6692237499738 10349.47705078125 8.212158203125 2541.391550390862 3292
stats: tr_get_convo_page 0 0 0 6137.3671875 49.030029296875 2177.5980287209536 156
stats: 302 166 2087
stats: tr_post_submit 0 0 0 6085.9150390625 42.9658203125 2267.0293813852163 156
stats: 200 144 1976
stats: tr_view_post 10 3395.9470947265627 765.4487051900157 5469.011962890625 12.81494140625 1509.8254011565564 51
stats: size_rcv 3613035 44327914
stats: tr_claim_post 13 3443.9576509915864 862.3634084064506 5239.89599609375 17.7109375 1168.1280002170138 45
stats: newphase 0 3
stats: tr_signin_2 21 3771.5672316778273 807.5730500212177 5642.055908203125 312.719970703125 2803.130985201322 130
stats: size_sent 233789 3138220
stats: tr_send_5_messages_2 10 35917.417578125 1359.8625157979802 38070.875 764.797119140625 14262.247742850825 53
stats: connected -13 98
stats: tr_signin_1 0 0 0 5981.769775390625 301.72998046875 2134.146041478866 156
stats: tr_send_5_messages_1 3 37828.131022135414 1608.740608819657 40101.9970703125 419.031005859375 24423.925119038497 153
stats: tr_create_convo 0 0 0 5761.244873046875 8.328125 1957.8328920022036 156
# stats: dump at 1479249364
stats: users 83 125
stats: {load,"tsung_controller@ip-172-31-31-196"} 1 0.0 0.0 0.0 0.0 0.0 14
stats: {recvpackets,"tsung_controller@ip-172-31-31-196"} 1 3348.0 0.0 4136 652 2800.923076923077 13
stats: {sentpackets,"tsung_controller@ip-172-31-31-196"} 1 1557.0 0.0 2019 333 1395.1538461538462 13
stats: {cpu,"tsung_controller@ip-172-31-31-196"} 1 3.149606299212598 0.0 4.011741682974559 2.2615535889872174 3.0492570282452833 14
stats: {freemem,"tsung_controller@ip-172-31-31-196"} 1 3012.28125 0.0 3064.6796875 3012.28125 3037.180245535714 14
stats: session 15 101220.746484375 3049.1334495806877 106810.36694335938 5754.344970703125 43693.294648269126 58
stats: users_count 0 156
stats: finish_users_count 15 73
stats: request 378 2556.953783146288 433.00331240441835 6557.51904296875 7.6220703125 2341.503037006022 4063
stats: connect 0 0 0 140.02294921875 0.83203125 2.5891050681089745 156
stats: page 378 2564.373156673695 455.0634764092218 10349.47705078125 8.212158203125 2645.551212621697 3595
stats: tr_get_convo_page 0 0 0 6137.3671875 49.030029296875 2177.5980287209536 156
stats: 302 192 2279
stats: tr_post_submit 0 0 0 6085.9150390625 42.9658203125 2267.0293813852163 156
stats: 200 186 2162
stats: tr_view_post 17 2329.6044060202207 365.1412224688878 5469.011962890625 12.81494140625 1819.0256787909836 61
stats: size_rcv 4930390 49258304
stats: tr_claim_post 14 2223.6632080078125 334.402212825243 5239.89599609375 17.7109375 1678.227749528556 58
stats: newphase 0 3
stats: tr_signin_2 4 2833.5247802734375 203.3618445686123 5642.055908203125 312.719970703125 2937.814171797392 151
stats: size_sent 288499 3426719
stats: tr_send_5_messages_2 23 33526.16308593749 1798.1514339236787 38070.875 764.797119140625 17699.57628813244 63
stats: connected -14 84
stats: tr_signin_1 0 0 0 5981.769775390625 301.72998046875 2134.146041478866 156
stats: tr_send_5_messages_1 0 0 0 40101.9970703125 419.031005859375 24681.69830948267 156
stats: tr_create_convo 0 0 0 5761.244873046875 8.328125 1957.8328920022036 156
# stats: dump at 1479249374
stats: users 0 125
stats: {load,"tsung_controller@ip-172-31-31-196"} 1 0.0 0.0 0.0 0.0 0.0 15
stats: {recvpackets,"tsung_controller@ip-172-31-31-196"} 1 4306.0 0.0 4306 652 2840.0 14
stats: {sentpackets,"tsung_controller@ip-172-31-31-196"} 1 1977.0 0.0 2019 333 1406.7142857142858 14
stats: {cpu,"tsung_controller@ip-172-31-31-196"} 1 3.260869565217391 0.0 4.011741682974559 2.2615535889872174 3.0559469796431045 15
stats: {freemem,"tsung_controller@ip-172-31-31-196"} 1 3011.72265625 0.0 3064.6796875 3011.72265625 3035.5203125 15
stats: session 83 100336.94419474775 4004.7359884721545 109690.93408203125 5754.344970703125 55514.00392966074 73
stats: users_count 0 156
stats: finish_users_count 83 156
stats: request 395 1292.7790100870268 690.924792365486 6557.51904296875 7.6220703125 2359.8413351463105 4441
stats: connect 0 0 0 140.02294921875 0.83203125 2.5891050681089745 156
stats: page 395 1292.7790100870268 690.924792365486 10349.47705078125 8.212158203125 2637.827752982043 3973
stats: tr_get_convo_page 0 0 0 6137.3671875 49.030029296875 2177.5980287209536 156
stats: 302 217 2496
stats: tr_post_submit 0 0 0 6085.9150390625 42.9658203125 2267.0293813852163 156
stats: 200 178 2340
stats: tr_view_post 78 1037.5794583834136 595.0585130983009 5469.011962890625 12.81494140625 1930.305657802484 78
stats: size_rcv 3313385 52571689
stats: tr_claim_post 84 866.5516328357514 575.4553573232456 5239.89599609375 17.7109375 1784.284644232856 72
stats: newphase 0 3
stats: tr_signin_2 1 1898.8271484375 0.0 5642.055908203125 312.719970703125 2935.1228326612904 155
stats: size_sent 254011 3680730
stats: tr_send_5_messages_2 70 25622.04465332031 5706.287456261196 38070.875 764.797119140625 21932.268106150073 86
stats: connected -84 0
stats: tr_signin_1 0 0 0 5981.769775390625 301.72998046875 2134.146041478866 156
stats: tr_send_5_messages_1 0 0 0 40101.9970703125 419.031005859375 24681.69830948267 156
stats: tr_create_convo 0 0 0 5761.244873046875 8.328125 1957.8328920022036 156
# stats: dump at 1479249377
stats: users 0 125
stats: {load,"tsung_controller@ip-172-31-31-196"} 0 0 0 0.0 0.0 0.0 16
stats: {recvpackets,"tsung_controller@ip-172-31-31-196"} 0 0 0 4306 652 2937.733333333333 15
stats: {sentpackets,"tsung_controller@ip-172-31-31-196"} 0 0 0 2019 333 1444.7333333333333 15
stats: {cpu,"tsung_controller@ip-172-31-31-196"} 0 0 0 4.011741682974559 2.2615535889872174 3.0687546412414974 16
stats: {freemem,"tsung_controller@ip-172-31-31-196"} 0 0 0 3064.6796875 3011.72265625 3034.032958984375 16
stats: session 0 0 0 109690.93408203125 5754.344970703125 79362.10676300831 156
stats: users_count 0 156
stats: finish_users_count 0 156
stats: request 0 0 0 6557.51904296875 7.6220703125 2272.6846729464723 4836
stats: connect 0 0 0 140.02294921875 0.83203125 2.5891050681089745 156
stats: page 0 0 0 10349.47705078125 8.212158203125 2516.1944532010143 4368
stats: tr_get_convo_page 0 0 0 6137.3671875 49.030029296875 2177.5980287209536 156
stats: 302 0 2496
stats: tr_post_submit 0 0 0 6085.9150390625 42.9658203125 2267.0293813852163 156
stats: 200 0 2340
stats: tr_view_post 0 0 0 5469.011962890625 12.81494140625 1483.9425580929487 156
stats: size_rcv 0 52571689
stats: tr_claim_post 0 0 0 5239.89599609375 17.7109375 1290.1207150190305 156
stats: newphase 0 3
stats: tr_signin_2 0 0 0 5642.055908203125 312.719970703125 2928.4799116085737 156
stats: size_sent 0 3680730
stats: tr_send_5_messages_2 0 0 0 38070.875 764.797119140625 23587.9370696239 156
stats: connected 0 0
stats: tr_signin_1 0 0 0 5981.769775390625 301.72998046875 2134.146041478866 156
stats: tr_send_5_messages_1 0 0 0 40101.9970703125 419.031005859375 24681.69830948267 156
stats: tr_create_convo 0 0 0 5761.244873046875 8.328125 1957.8328920022036 156
EndMonitor:{1479,249377,60079}
