# stats: dump at 1479178884
stats: users 36 36
stats: {load,"tsung_controller@ip-172-31-22-165"} 1 0.0 0 0.0 0.0 0 0
stats: {cpu,"tsung_controller@ip-172-31-22-165"} 1 4.206080546679743 0 4.206080546679743 4.206080546679743 0 0
stats: {freemem,"tsung_controller@ip-172-31-22-165"} 1 3064.8359375 0 3064.8359375 3064.8359375 0 0
stats: session 1 3169.074951171875 0 3169.074951171875 3169.074951171875 0 0
stats: users_count 37 37
stats: finish_users_count 1 1
stats: request 70 746.4380894252232 709.8659534512723 1881.240966796875 4.89306640625 0 0
stats: connect 36 5.287848578559028 21.55473808761692 132.247802734375 0.958984375 0 0
stats: page 46 912.3898395040761 1080.2930090540954 3474.837890625 11.00390625 0 0
stats: tr_signin_1_time 15 1277.6883138020833 575.5773242757582 1844.205078125 321.241943359375 0 0
stats: 302 22 22
stats: tr_user_view_time 1 45.02685546875 0 45.02685546875 45.02685546875 0 0
stats: 200 41 41
stats: tr_claim_time 1 5.1640625 0 5.1640625 5.1640625 0 0
stats: size_rcv 193840 193840
stats: tr_signin_2_time 2 721.909423828125 714.787353515625 1436.69677734375 7.1220703125 0 0
stats: 422 1 1
stats: tr_post_create_time 3 674.6129557291666 853.493708387344 1881.532958984375 57.538818359375 0 0
stats: size_sent 48784 48784
stats: tr_rating_time 1 19.095947265625 0 19.095947265625 19.095947265625 0 0
stats: connected 35 35
stats: 404 3 3
stats: 500 3 3
# stats: dump at 1479178894
stats: users 28 37
stats: {load,"tsung_controller@ip-172-31-22-165"} 1 0.0 0.0 0.0 0.0 0.0 1
stats: {recvpackets,"tsung_controller@ip-172-31-22-165"} 1 421 0 421 421 0 0
stats: {sentpackets,"tsung_controller@ip-172-31-22-165"} 1 398 0 398 398 0 0
stats: {cpu,"tsung_controller@ip-172-31-22-165"} 1 3.819784524975514 0.0 4.206080546679743 3.819784524975514 4.206080546679743 1
stats: {freemem,"tsung_controller@ip-172-31-22-165"} 1 3060.8828125 0.0 3064.8359375 3060.8828125 3064.8359375 1
stats: session 9 13554.932535807291 2398.187236076446 16288.327880859375 3169.074951171875 3169.074951171875 1
stats: users_count 1 38
stats: finish_users_count 9 10
stats: request 209 822.2119701330741 862.3476709261034 3389.302001953125 4.89306640625 746.4380894252232 70
stats: connect 2 1.3460693359375 0.1148681640625 132.247802734375 0.958984375 5.287848578559028 36
stats: page 102 1785.6925838694856 1652.0370590730515 5927.3759765625 9.337158203125 912.3898395040761 46
stats: tr_signin_1_time 22 1714.656005859375 673.7764864618915 2742.85205078125 321.241943359375 1277.6883138020833 15
stats: 302 93 115
stats: tr_user_view_time 15 644.6528971354167 731.6598529098023 3154.030029296875 45.02685546875 45.02685546875 1
stats: 200 50 91
stats: tr_claim_time 15 240.41271158854167 527.3714588915974 2070.283935546875 5.1640625 5.1640625 1
stats: size_rcv 504382 698222
stats: tr_signin_2_time 14 374.39039829799106 560.6209551822465 1688.485107421875 6.06396484375 721.909423828125 2
stats: 422 9 10
stats: tr_post_create_time 28 1378.4295741489955 1028.4826640041579 3389.718017578125 57.538818359375 674.6129557291666 3
stats: size_sent 149723 198507
stats: tr_rating_time 9 289.1960720486111 599.6000595925465 1966.160888671875 9.4541015625 19.095947265625 1
stats: connected -7 28
stats: 404 29 32
stats: 500 28 31
# stats: dump at 1479178904
stats: users 4 37
stats: {load,"tsung_controller@ip-172-31-22-165"} 1 0.0 0.0 0.0 0.0 0.0 2
stats: {recvpackets,"tsung_controller@ip-172-31-22-165"} 1 679.0 0.0 679 421 421.0 1
stats: {sentpackets,"tsung_controller@ip-172-31-22-165"} 1 516.0 0.0 516 398 398.0 1
stats: {cpu,"tsung_controller@ip-172-31-22-165"} 1 2.075098814229249 0.0 4.206080546679743 2.075098814229249 4.012932535827629 2
stats: {freemem,"tsung_controller@ip-172-31-22-165"} 1 3056.4375 0.0 3064.8359375 3056.4375 3062.859375 2
stats: session 24 17582.6843363444 3367.084146353225 24010.26806640625 3169.074951171875 12516.34677734375 10
stats: users_count 0 38
stats: finish_users_count 24 34
stats: request 118 24.32652980998411 37.43048237105684 3389.302001953125 4.660888671875 803.2006022135416 279
stats: connect 0 0 0 132.247802734375 0.958984375 5.080386513157895 38
stats: page 67 42.91952104710821 51.20838923959713 5927.3759765625 6.755859375 1514.2606498099665 148
stats: tr_signin_1_time 1 322.973876953125 0.0 2742.85205078125 321.241943359375 1537.5069415118244 37
stats: 302 32 147
stats: tr_user_view_time 19 70.52387438322368 23.266162034649458 3154.030029296875 41.8427734375 607.17626953125 16
stats: 200 20 111
stats: tr_claim_time 19 7.514943976151316 3.0954507197759304 2070.283935546875 4.759033203125 225.7096710205078 16
stats: size_rcv 287741 985963
stats: tr_signin_2_time 19 10.370875308388158 7.052942255181738 1688.485107421875 5.416015625 417.8302764892578 16
stats: 422 22 32
stats: tr_post_create_time 6 46.107259114583336 10.328994488983406 3389.718017578125 38.2490234375 1310.3182884954638 31
stats: size_sent 99564 298071
stats: tr_rating_time 22 11.519353693181818 6.361022922383221 1966.160888671875 6.844970703125 262.1860595703125 10
stats: connected -22 6
stats: 404 38 70
stats: 500 6 37
# stats: dump at 1479178914
stats: users 0 37
stats: {load,"tsung_controller@ip-172-31-22-165"} 1 0.0 0.0 0.0 0.0 0.0 3
stats: {recvpackets,"tsung_controller@ip-172-31-22-165"} 1 457.0 0.0 679 421 550.0 2
stats: {sentpackets,"tsung_controller@ip-172-31-22-165"} 1 384.0 0.0 516 384 457.0 2
stats: {cpu,"tsung_controller@ip-172-31-22-165"} 1 1.87192118226601 0.0 4.206080546679743 1.87192118226601 3.3669879619615024 3
stats: {freemem,"tsung_controller@ip-172-31-22-165"} 1 3055.33203125 0.0 3064.8359375 3055.33203125 3060.71875 3
stats: session 4 29457.70440673828 3808.2031983664274 34984.291015625 3169.074951171875 16092.585054285386 34
stats: users_count 0 38
stats: finish_users_count 4 38
stats: request 21 31.15365745907738 45.70720746314712 3389.302001953125 4.660888671875 571.6964698618546 397
stats: connect 0 0 0 132.247802734375 0.958984375 5.080386513157895 38
stats: page 13 50.39101938100961 58.88441475208644 5927.3759765625 6.755859375 1055.7496934047967 215
stats: tr_signin_1_time 0 0 0 2742.85205078125 321.241943359375 1505.5455450760692 38
stats: 302 5 152
stats: tr_user_view_time 3 115.75862630208333 34.11628597931851 3154.030029296875 41.8427734375 315.85068359375 35
stats: 200 3 114
stats: tr_claim_time 3 12.024576822916666 5.576412876115035 2070.283935546875 4.759033203125 107.26110491071428 35
stats: size_rcv 52536 1038499
stats: tr_signin_2_time 3 9.484619140625 1.6272029005689035 1688.485107421875 5.416015625 196.63803013392857 35
stats: 422 6 38
stats: tr_post_create_time 1 137.1640625 0.0 3389.718017578125 38.2490234375 1105.3110945418075 37
stats: size_sent 17596 315667
stats: tr_rating_time 6 11.634114583333334 4.873772414970876 1966.160888671875 6.844970703125 89.85269927978516 32
stats: connected -6 0
stats: 404 6 76
stats: 500 1 38
# stats: dump at 1479178915
stats: users 0 37
stats: {load,"tsung_controller@ip-172-31-22-165"} 1 0.0 0.0 0.0 0.0 0.0 4
stats: {recvpackets,"tsung_controller@ip-172-31-22-165"} 1 529.0 0.0 679 421 519.0 3
stats: {sentpackets,"tsung_controller@ip-172-31-22-165"} 1 368.0 0.0 516 368 432.6666666666667 3
stats: {cpu,"tsung_controller@ip-172-31-22-165"} 1 1.188118811881188 0.0 4.206080546679743 1.188118811881188 2.9932212670376295 4
stats: {freemem,"tsung_controller@ip-172-31-22-165"} 1 3060.7734375 0.0 3064.8359375 3055.33203125 3059.3720703125 4
stats: session 0 0 0 34984.291015625 3169.074951171875 17499.43972296464 38
stats: users_count 0 38
stats: finish_users_count 0 38
stats: request 0 0 0 3389.302001953125 4.660888671875 544.5400127794184 418
stats: connect 0 0 0 132.247802734375 0.958984375 5.080386513157895 38
stats: page 0 0 0 5927.3759765625 6.755859375 998.4266111139668 228
stats: tr_signin_1_time 0 0 0 2742.85205078125 321.241943359375 1505.5455450760692 38
stats: 302 0 152
stats: tr_user_view_time 0 0 0 3154.030029296875 41.8427734375 300.05394222861844 38
stats: 200 0 114
stats: tr_claim_time 0 0 0 2070.283935546875 4.759033203125 99.742431640625 38
stats: size_rcv 0 1038499
stats: tr_signin_2_time 0 0 0 1688.485107421875 5.416015625 181.86276084498354 38
stats: 422 0 38
stats: tr_post_create_time 0 0 0 3389.718017578125 38.2490234375 1079.8335410670231 38
stats: size_sent 0 315667
stats: tr_rating_time 0 0 0 1966.160888671875 6.844970703125 77.50239643297698 38
stats: connected 0 0
stats: 404 0 76
stats: 500 0 38
EndMonitor:{1479,178915,826041}
