# stats: dump at 1478722289
stats: users 2 5
stats: {freemem,"tsung_controller@ip-172-31-16-134"} 1 3061.61328125 0 3061.61328125 3061.61328125 0 0
stats: {load,"tsung_controller@ip-172-31-16-134"} 1 0.0 0 0.0 0.0 0 0
stats: {cpu,"tsung_controller@ip-172-31-16-134"} 1 2.32769115271493 0 2.32769115271493 2.32769115271493 0 0
stats: session 7 1889.0888671875 2201.0452513862515 6858.744140625 210.73486328125 0 0
stats: users_count 9 9
stats: finish_users_count 7 7
stats: request 16 126.75199890136719 119.0821829681537 407.42578125 12.3779296875 0 0
stats: connect 9 16.91064453125 43.797598126474 140.785888671875 1.070068359375 0 0
stats: page 16 126.75199890136719 119.0821829681537 407.42578125 12.3779296875 0 0
stats: 200 16 16
stats: size_rcv 54158 54158
stats: size_sent 7230 7230
stats: connected 2 2
# stats: dump at 1478722299
stats: users 11 11
stats: {freemem,"tsung_controller@ip-172-31-16-134"} 1 3060.38671875 0.0 3061.61328125 3060.38671875 3061.61328125 1
stats: {load,"tsung_controller@ip-172-31-16-134"} 1 0.0 0.0 0.0 0.0 0.0 1
stats: {recvpackets,"tsung_controller@ip-172-31-16-134"} 1 267 0 267 267 0 0
stats: {sentpackets,"tsung_controller@ip-172-31-16-134"} 1 232 0 232 232 0 0
stats: {cpu,"tsung_controller@ip-172-31-16-134"} 1 2.263779527559055 0.0 2.32769115271493 2.263779527559055 2.32769115271493 1
stats: session 12 3611.8548380533853 4849.424940302446 16740.72900390625 210.73486328125 1889.0888671875 7
stats: users_count 21 30
stats: finish_users_count 12 19
stats: request 29 68.43377896012932 70.72356998459107 407.42578125 11.83203125 126.75199890136719 16
stats: connect 18 1.5489501953125 0.7472269186349343 140.785888671875 1.070068359375 16.91064453125 9
stats: page 29 68.43377896012932 70.72356998459107 407.42578125 11.83203125 126.75199890136719 16
stats: 200 29 45
stats: size_rcv 98208 152366
stats: newphase 1 1
stats: size_sent 12165 19395
stats: connected 7 9
# stats: dump at 1478722309
stats: users 9 15
stats: {freemem,"tsung_controller@ip-172-31-16-134"} 1 3060.046875 0.0 3061.61328125 3060.046875 3061.0 2
stats: {load,"tsung_controller@ip-172-31-16-134"} 1 0.078125 0.0 0.078125 0.0 0.0 2
stats: {recvpackets,"tsung_controller@ip-172-31-16-134"} 1 194.0 0.0 267 194 267.0 1
stats: {sentpackets,"tsung_controller@ip-172-31-16-134"} 1 224.0 0.0 232 224 232.0 1
stats: {cpu,"tsung_controller@ip-172-31-16-134"} 1 1.2871287128712872 0.0 2.32769115271493 1.2871287128712872 2.295735340136993 2
stats: session 35 3408.5396693638395 2933.0464493253694 16740.72900390625 210.73486328125 2977.1515856291117 19
stats: users_count 33 63
stats: finish_users_count 35 54
stats: request 71 109.21658024317782 98.01966605823432 407.42578125 10.09619140625 89.16914605034722 45
stats: connect 35 1.2812569754464285 0.24872625993291372 140.785888671875 0.952880859375 6.669514973958333 27
stats: page 71 109.21658024317782 98.01966605823432 407.42578125 10.09619140625 89.16914605034722 45
stats: 200 71 116
stats: size_rcv 251156 403522
stats: newphase 1 2
stats: size_sent 34914 54309
stats: connected -1 8
# stats: dump at 1478722319
stats: users 22 30
stats: {freemem,"tsung_controller@ip-172-31-16-134"} 1 3059.328125 0.0 3061.61328125 3059.328125 3060.6822916666665 3
stats: {load,"tsung_controller@ip-172-31-16-134"} 1 0.0703125 0.0 0.078125 0.0 0.026041666666666668 3
stats: {recvpackets,"tsung_controller@ip-172-31-16-134"} 1 439.0 0.0 439 194 230.5 2
stats: {sentpackets,"tsung_controller@ip-172-31-16-134"} 1 508.0 0.0 508 224 228.0 2
stats: {cpu,"tsung_controller@ip-172-31-16-134"} 1 1.7839444995044598 0.0 2.32769115271493 1.2871287128712872 1.9595331310484243 3
stats: session 67 2703.140705165578 2204.5428203182005 16740.72900390625 210.73486328125 3256.754973234954 54
stats: users_count 80 143
stats: finish_users_count 67 121
stats: request 145 202.68682650862064 179.24338653398175 681.258056640625 9.551025390625 101.43955835802802 116
stats: connect 79 1.4531435423259493 1.1198598392282038 140.785888671875 0.867919921875 3.6277564264112905 62
stats: page 145 202.68682650862064 179.24338653398175 681.258056640625 9.551025390625 101.43955835802802 116
stats: 200 145 261
stats: size_rcv 511653 915175
stats: newphase 1 3
stats: size_sent 67022 121331
stats: connected 13 21
# stats: dump at 1478722329
stats: users 73 78
stats: {freemem,"tsung_controller@ip-172-31-16-134"} 1 3058.59765625 0.0 3061.61328125 3058.59765625 3060.34375 4
stats: {load,"tsung_controller@ip-172-31-16-134"} 1 0.05859375 0.0 0.078125 0.0 0.037109375 4
stats: {recvpackets,"tsung_controller@ip-172-31-16-134"} 1 827.0 0.0 827 194 300.0 3
stats: {sentpackets,"tsung_controller@ip-172-31-16-134"} 1 968.0 0.0 968 224 321.3333333333333 3
stats: {cpu,"tsung_controller@ip-172-31-16-134"} 1 2.4826216484607744 0.0 2.4826216484607744 1.2871287128712872 1.9156359731624333 4
stats: session 88 3665.7113397771664 2440.9137321330422 16740.72900390625 210.73486328125 2950.2082297585225 121
stats: users_count 139 282
stats: finish_users_count 88 209
stats: request 206 617.0990144303701 529.1751255209538 2023.420166015625 9.551025390625 157.6880406639128 261
stats: connect 138 1.6938441179800725 1.6048045235547295 140.785888671875 0.867919921875 2.4093562998670213 141
stats: page 206 617.0990144303701 529.1751255209538 2023.420166015625 9.551025390625 157.6880406639128 261
stats: 200 206 467
stats: size_rcv 726927 1642102
stats: newphase 1 4
stats: size_sent 112224 233555
stats: connected 51 72
# stats: dump at 1478722339
stats: users 266 267
stats: {freemem,"tsung_controller@ip-172-31-16-134"} 1 3055.71875 0.0 3061.61328125 3055.71875 3059.99453125 5
stats: {load,"tsung_controller@ip-172-31-16-134"} 1 0.05078125 0.0 0.078125 0.0 0.04140625 5
stats: {recvpackets,"tsung_controller@ip-172-31-16-134"} 1 1.4e3 0.0 1400 194 431.75 4
stats: {sentpackets,"tsung_controller@ip-172-31-16-134"} 1 1634.0 0.0 1634 224 483.0 4
stats: {cpu,"tsung_controller@ip-172-31-16-134"} 1 3.8 0.0 3.8 1.2871287128712872 2.0290331082221016 5
stats: session 105 6873.3799130394345 2842.121455973184 23179.7939453125 210.73486328125 3251.4726971347936 209
stats: users_count 298 580
stats: finish_users_count 105 314
stats: request 290 2654.586734745419 972.7417489757668 5085.514892578125 9.551025390625 360.3404188135706 467
stats: connect 286 1.291026722301136 0.5361950029158946 140.785888671875 0.867919921875 2.055447048611111 279
stats: page 290 2654.586734745419 972.7417489757668 5085.514892578125 9.551025390625 360.3404188135706 467
stats: 200 290 757
stats: size_rcv 1020095 2662197
stats: newphase 1 5
stats: size_sent 185519 419074
stats: connected 183 255
# stats: dump at 1478722349
stats: users 789 791
stats: {freemem,"tsung_controller@ip-172-31-16-134"} 1 3045.9921875 0.0 3061.61328125 3045.9921875 3059.2819010416665 6
stats: {load,"tsung_controller@ip-172-31-16-134"} 1 0.0390625 0.0 0.078125 0.0 0.04296875 6
stats: {recvpackets,"tsung_controller@ip-172-31-16-134"} 1 2210.0 0.0 2210 194 625.4 5
stats: {sentpackets,"tsung_controller@ip-172-31-16-134"} 1 2626.0 0.0 2626 224 713.2 5
stats: {cpu,"tsung_controller@ip-172-31-16-134"} 1 8.193484698914116 0.0 8.193484698914116 1.2871287128712872 2.3241942568517513 6
stats: session 104 12142.136552077074 2777.4475591180917 23179.7939453125 210.73486328125 4462.620014555136 314
stats: users_count 627 1207
stats: finish_users_count 104 418
stats: request 279 6402.33067403814 1838.0057859775018 10342.696044921875 9.551025390625 1239.245876700276 757
stats: connect 620 1.2463615171370959 1.1345777793670873 140.785888671875 0.85791015625 1.668501538301991 565
stats: page 279 6402.33067403814 1838.0057859775018 10342.696044921875 9.551025390625 1239.245876700276 757
stats: 200 279 1036
stats: size_rcv 953179 3615376
stats: newphase 1 6
stats: size_sent 257173 676247
stats: connected 517 772
# stats: dump at 1478722359
stats: users 730 821
stats: {freemem,"tsung_controller@ip-172-31-16-134"} 1 3026.984375 0.0 3061.61328125 3026.984375 3057.383370535714 7
stats: {load,"tsung_controller@ip-172-31-16-134"} 1 0.109375 0.0 0.109375 0.0 0.04241071428571429 7
stats: {recvpackets,"tsung_controller@ip-172-31-16-134"} 1 2971.0 0.0 2971 194 889.5 6
stats: {sentpackets,"tsung_controller@ip-172-31-16-134"} 1 3636.0 0.0 3636 224 1032.0 6
stats: {cpu,"tsung_controller@ip-172-31-16-134"} 1 13.333333333333334 0.0 13.333333333333334 1.2871287128712872 3.162664320003518 7
stats: session 95 18744.556026418584 3041.3131521096557 25999.217041015625 210.73486328125 6373.313124369206 418
stats: users_count 36 1243
stats: finish_users_count 95 513
stats: request 434 10567.50628240207 1846.7194702426716 15200.93701171875 9.551025390625 2629.690527720801 1036
stats: connect 58 1.0833908607219827 0.1798722040585044 140.785888671875 0.85791015625 1.4476350293380795 1185
stats: page 434 10567.50628240207 1846.7194702426716 15200.93701171875 9.551025390625 2629.690527720801 1036
stats: 200 434 1470
stats: size_rcv 1506287 5121663
stats: newphase 0 6
stats: size_sent 234221 910468
stats: connected -40 732
# stats: dump at 1478722369
stats: users 635 821
stats: {freemem,"tsung_controller@ip-172-31-16-134"} 1 3017.40625 0.0 3061.61328125 3017.40625 3053.58349609375 8
stats: {load,"tsung_controller@ip-172-31-16-134"} 1 0.08984375 0.0 0.109375 0.0 0.05078125 8
stats: {recvpackets,"tsung_controller@ip-172-31-16-134"} 1 1750.0 0.0 2971 194 1186.857142857143 7
stats: {sentpackets,"tsung_controller@ip-172-31-16-134"} 1 1804.0 0.0 3636 224 1404.0 7
stats: {cpu,"tsung_controller@ip-172-31-16-134"} 1 2.5150905432595576 0.0 13.333333333333334 1.2871287128712872 4.433997946669745 8
stats: session 95 25682.477027652138 2689.4981847880163 33222.26806640625 210.73486328125 8664.284032156129 513
stats: users_count 0 1243
stats: finish_users_count 95 608
stats: request 378 16129.689330408813 2432.437931561064 19368.691162109375 9.551025390625 4973.236131483843 1470
stats: connect 0 0 0 140.785888671875 0.85791015625 1.4306389217115842 1243
stats: page 378 16129.689330408813 2432.437931561064 19368.691162109375 9.551025390625 4973.236131483843 1470
stats: 200 378 1848
stats: size_rcv 1311656 6433319
stats: newphase 0 6
stats: size_sent 253384 1163852
stats: connected -94 638
# stats: dump at 1478722379
stats: users 521 821
stats: {freemem,"tsung_controller@ip-172-31-16-134"} 1 3013.390625 0.0 3061.61328125 3013.390625 3049.5638020833335 9
stats: {load,"tsung_controller@ip-172-31-16-134"} 1 0.078125 0.0 0.109375 0.0 0.055121527777777776 9
stats: {recvpackets,"tsung_controller@ip-172-31-16-134"} 1 1433.0 0.0 2971 194 1257.25 8
stats: {sentpackets,"tsung_controller@ip-172-31-16-134"} 1 1503.0 0.0 3636 224 1454.0 8
stats: {cpu,"tsung_controller@ip-172-31-16-134"} 1 2.5100401606425704 0.0 13.333333333333334 1.2871287128712872 4.220786012957502 9
stats: session 114 33054.77412066543 2941.7825448757726 40869.22900390625 210.73486328125 11323.376687702379 608
stats: users_count 0 1243
stats: finish_users_count 114 722
stats: request 117 21482.918920272437 1849.4990139352274 25061.764892578125 9.551025390625 7255.237922173042 1848
stats: connect 0 0 0 140.785888671875 0.85791015625 1.4306389217115842 1243
stats: page 117 21482.918920272437 1849.4990139352274 25061.764892578125 9.551025390625 7255.237922173042 1848
stats: 200 116 1964
stats: size_rcv 414310 6847629
stats: newphase 0 6
stats: size_sent 47133 1210985
stats: connected -117 521
stats: 500 1 1
# stats: dump at 1478722389
stats: users 403 821
stats: {freemem,"tsung_controller@ip-172-31-16-134"} 1 3013.1875 0.0 3061.61328125 3013.1875 3045.946484375 10
stats: {load,"tsung_controller@ip-172-31-16-134"} 1 0.05859375 0.0 0.109375 0.0 0.057421875 10
stats: {recvpackets,"tsung_controller@ip-172-31-16-134"} 1 508.0 0.0 2971 194 1276.7777777777778 9
stats: {sentpackets,"tsung_controller@ip-172-31-16-134"} 1 603.0 0.0 3636 224 1459.4444444444443 9
stats: {cpu,"tsung_controller@ip-172-31-16-134"} 1 1.288404360753221 0.0 13.333333333333334 1.2871287128712872 4.049711427726009 10
stats: session 118 40925.89066637977 2932.293413468635 48857.31201171875 210.73486328125 14754.649966591283 722
stats: users_count 0 1243
stats: finish_users_count 118 840
stats: request 114 27586.618607370478 1809.0669046725498 30814.39599609375 9.551025390625 8102.3822869453725 1965
stats: connect 0 0 0 140.785888671875 0.85791015625 1.4306389217115842 1243
stats: page 114 27586.618607370478 1809.0669046725498 30814.39599609375 9.551025390625 8102.3822869453725 1965
stats: 200 113 2077
stats: size_rcv 397381 7245010
stats: newphase 0 6
stats: size_sent 1548 1212533
stats: connected -114 407
stats: 500 1 2
# stats: dump at 1478722399
stats: users 287 821
stats: {freemem,"tsung_controller@ip-172-31-16-134"} 1 3012.953125 0.0 3061.61328125 3012.953125 3042.9683948863635 11
stats: {load,"tsung_controller@ip-172-31-16-134"} 1 0.05078125 0.0 0.109375 0.0 0.05752840909090909 11
stats: {recvpackets,"tsung_controller@ip-172-31-16-134"} 1 494.0 0.0 2971 194 1199.9 10
stats: {sentpackets,"tsung_controller@ip-172-31-16-134"} 1 599.0 0.0 3636 224 1373.8 10
stats: {cpu,"tsung_controller@ip-172-31-16-134"} 1 1.282051282051282 0.0 13.333333333333334 1.282051282051282 3.7986835125466643 11
stats: session 116 48938.49199176658 3595.708517638159 59349.501953125 210.73486328125 18431.086160133 840
stats: users_count 0 1243
stats: finish_users_count 116 956
stats: request 119 33576.77698882287 1811.783330806638 37185.551025390625 9.551025390625 9170.781969739244 2079
stats: connect 0 0 0 140.785888671875 0.85791015625 1.4306389217115842 1243
stats: page 119 33576.77698882287 1811.783330806638 37185.551025390625 9.551025390625 9170.781969739244 2079
stats: 200 117 2194
stats: size_rcv 383355 7628365
stats: newphase 0 6
stats: size_sent 0 1212533
stats: connected -119 288
stats: 500 2 4
# stats: dump at 1478722409
stats: users 169 821
stats: {freemem,"tsung_controller@ip-172-31-16-134"} 1 3013.0234375 0.0 3061.61328125 3012.953125 3040.4671223958335 12
stats: {load,"tsung_controller@ip-172-31-16-134"} 1 0.0390625 0.0 0.109375 0.0 0.056966145833333336 12
stats: {recvpackets,"tsung_controller@ip-172-31-16-134"} 1 507.0 0.0 2971 194 1135.7272727272727 11
stats: {sentpackets,"tsung_controller@ip-172-31-16-134"} 1 616.0 0.0 3636 224 1303.3636363636363 11
stats: {cpu,"tsung_controller@ip-172-31-16-134"} 1 1.5732546705998034 0.0 13.333333333333334 1.282051282051282 3.5889641600053825 12
stats: session 118 58254.534783832096 3755.417503034965 72327.30004882813 210.73486328125 22132.821595770547 956
stats: users_count 0 1243
stats: finish_users_count 118 1074
stats: request 118 40466.39393124337 2011.3189962073625 44779.3310546875 9.551025390625 10492.125649116382 2198
stats: connect 0 0 0 140.785888671875 0.85791015625 1.4306389217115842 1243
stats: page 118 40466.39393124337 2011.3189962073625 44779.3310546875 9.551025390625 10492.125649116382 2198
stats: 200 115 2309
stats: size_rcv 375571 8003936
stats: newphase 0 6
stats: size_sent 0 1212533
stats: connected -118 170
stats: 500 3 7
# stats: dump at 1478722419
stats: users 53 821
stats: {freemem,"tsung_controller@ip-172-31-16-134"} 1 3013.0 0.0 3061.61328125 3012.953125 3038.3560697115386 13
stats: {load,"tsung_controller@ip-172-31-16-134"} 1 0.0390625 0.0 0.109375 0.0 0.055588942307692304 13
stats: {recvpackets,"tsung_controller@ip-172-31-16-134"} 1 529.0 0.0 2971 194 1083.3333333333333 12
stats: {sentpackets,"tsung_controller@ip-172-31-16-134"} 1 632.0 0.0 3636 224 1246.0833333333333 12
stats: {cpu,"tsung_controller@ip-172-31-16-134"} 1 1.185770750988142 0.0 13.333333333333334 1.185770750988142 3.433909583897261 13
stats: session 116 67056.36726747712 3246.178493251275 73845.97998046875 210.73486328125 26101.501443248446 1074
stats: users_count 0 1243
stats: finish_users_count 116 1190
stats: request 117 46532.48898445847 2228.0235841047825 50827.076171875 9.551025390625 12019.31202963926 2316
stats: connect 0 0 0 140.785888671875 0.85791015625 1.4306389217115842 1243
stats: page 117 46532.48898445847 2228.0235841047825 50827.076171875 9.551025390625 12019.31202963926 2316
stats: 200 115 2424
stats: size_rcv 347374 8351310
stats: newphase 0 6
stats: size_sent 0 1212533
stats: connected -117 53
stats: 500 2 9
# stats: dump at 1478722429
stats: users 0 821
stats: {freemem,"tsung_controller@ip-172-31-16-134"} 1 3013.44921875 0.0 3061.61328125 3012.953125 3036.544921875 14
stats: {load,"tsung_controller@ip-172-31-16-134"} 1 0.03125 0.0 0.109375 0.0 0.054408482142857144 14
stats: {recvpackets,"tsung_controller@ip-172-31-16-134"} 1 509.0 0.0 2971 194 1040.6923076923076 13
stats: {sentpackets,"tsung_controller@ip-172-31-16-134"} 1 610.0 0.0 3636 224 1198.8461538461538 13
stats: {cpu,"tsung_controller@ip-172-31-16-134"} 1 1.282051282051282 0.0 13.333333333333334 1.185770750988142 3.2733282386894667 14
stats: session 53 75326.50263026978 2761.4973262363696 82169.19384765625 210.73486328125 30093.740464769897 1190
stats: users_count 0 1243
stats: finish_users_count 53 1243
stats: request 53 51461.94596661262 1318.7591081293594 53208.89599609375 9.551025390625 13679.008578637964 2433
stats: connect 0 0 0 140.785888671875 0.85791015625 1.4306389217115842 1243
stats: page 53 51461.94596661262 1318.7591081293594 53208.89599609375 9.551025390625 13679.008578637964 2433
stats: 200 53 2477
stats: size_rcv 179102 8530412
stats: newphase 0 6
stats: size_sent 0 1212533
stats: connected -53 0
stats: 500 0 9
# stats: dump at 1478722430
stats: users 0 821
stats: {freemem,"tsung_controller@ip-172-31-16-134"} 0 0 0 3061.61328125 3012.953125 3035.0052083333335 15
stats: {load,"tsung_controller@ip-172-31-16-134"} 0 0 0 0.109375 0.0 0.05286458333333333 15
stats: {recvpackets,"tsung_controller@ip-172-31-16-134"} 0 0 0 2971 194 1002.7142857142857 14
stats: {sentpackets,"tsung_controller@ip-172-31-16-134"} 0 0 0 3636 224 1156.7857142857142 14
stats: {cpu,"tsung_controller@ip-172-31-16-134"} 0 0 0 13.333333333333334 1.185770750988142 3.140576441580255 15
stats: session 0 0 0 82169.19384765625 210.73486328125 32022.41013071639 1243
stats: users_count 0 1243
stats: finish_users_count 0 1243
stats: request 0 0 0 53208.89599609375 9.551025390625 14484.51770235585 2486
stats: connect 0 0 0 140.785888671875 0.85791015625 1.4306389217115842 1243
stats: page 0 0 0 53208.89599609375 9.551025390625 14484.51770235585 2486
stats: 200 0 2477
stats: size_rcv 0 8530412
stats: newphase 0 6
stats: size_sent 0 1212533
stats: connected 0 0
stats: 500 0 9
EndMonitor:{1478,722430,177321}
