
=INFO REPORT==== 9-Nov-2016::20:11:18 ===
    ts_config_server:(5:<0.72.0>) Config server started, logdir is "/home/ec2-user/.tsung/log/20161109-2011"
 
=INFO REPORT==== 9-Nov-2016::20:11:18 ===
              ts_mon:(5:<0.54.0>) starting monitor, global 

=INFO REPORT==== 9-Nov-2016::20:11:18 ===
           ts_config:(5:<0.72.0>) Reading config file: tsung_signin_plussize.xml

=INFO REPORT==== 9-Nov-2016::20:11:18 ===
      ts_config_http:(4:<0.72.0>) Get user agent: 100 "Mozilla/5.0 (Windows; U; Windows NT 5.2; fr-FR; rv:1.7.8) Gecko/20050511 Firefox/1.0.4" 

=INFO REPORT==== 9-Nov-2016::20:11:18 ===
           ts_config:(5:<0.72.0>) Session name for id 1 is "http-example"

=INFO REPORT==== 9-Nov-2016::20:11:19 ===
    ts_config_server:(4:<0.72.0>) SYSINFO:Tsung version: 1.6.0

=INFO REPORT==== 9-Nov-2016::20:11:19 ===
    ts_config_server:(4:<0.72.0>) SYSINFO:Erlang version: Erlang R14B04 (erts-5.8.5) [source] [64-bit] [rq:1] [async-threads:8] [kernel-poll:true]


=INFO REPORT==== 9-Nov-2016::20:11:19 ===
    ts_config_server:(4:<0.72.0>) SYSINFO:System architecture x86_64-redhat-linux-gnu

=INFO REPORT==== 9-Nov-2016::20:11:19 ===
    ts_config_server:(4:<0.72.0>) SYSINFO:Current path: /usr/lib/erlang/lib/tsung-1.6.0/ebin/tsung.beam

=INFO REPORT==== 9-Nov-2016::20:11:19 ===
              ts_mon:(5:<0.73.0>) Activate clients with text backend

=INFO REPORT==== 9-Nov-2016::20:11:19 ===
              ts_mon:(5:<0.73.0>) Starting tsung clients on hosts: [localhost]

=INFO REPORT==== 9-Nov-2016::20:11:19 ===
    ts_config_server:(5:<0.72.0>) Start a launcher on the controller beam localhost

=INFO REPORT==== 9-Nov-2016::20:11:19 ===
  ts_launcher_static:(5:<0.128.0>) Launch msg receive ("localhost")

=INFO REPORT==== 9-Nov-2016::20:11:19 ===
         ts_launcher:(5:<0.129.0>) Launch msg receive ("localhost")

=INFO REPORT==== 9-Nov-2016::20:11:19 ===
    ts_config_server:(5:<0.72.0>) All remote beams started, syncing 

=INFO REPORT==== 9-Nov-2016::20:11:19 ===
    ts_config_server:(5:<0.72.0>) Undefined ports_range config 

=INFO REPORT==== 9-Nov-2016::20:11:19 ===
    ts_config_server:(5:<0.72.0>) New arrival phase 1 for client "localhost" (last ? true): will start 10 users

=INFO REPORT==== 9-Nov-2016::20:11:19 ===
    ts_config_server:(5:<0.72.0>) New arrival phase 2 for client "localhost" (last ? true): will start 20 users

=INFO REPORT==== 9-Nov-2016::20:11:19 ===
    ts_config_server:(5:<0.72.0>) New arrival phase 3 for client "localhost" (last ? true): will start 40 users

=INFO REPORT==== 9-Nov-2016::20:11:19 ===
    ts_config_server:(5:<0.72.0>) New arrival phase 4 for client "localhost" (last ? true): will start 80 users

=INFO REPORT==== 9-Nov-2016::20:11:19 ===
    ts_config_server:(5:<0.72.0>) New arrival phase 5 for client "localhost" (last ? true): will start 160 users

=INFO REPORT==== 9-Nov-2016::20:11:19 ===
    ts_config_server:(5:<0.72.0>) New arrival phase 6 for client "localhost" (last ? true): will start 320 users

=INFO REPORT==== 9-Nov-2016::20:11:19 ===
    ts_config_server:(5:<0.72.0>) New arrival phase 7 for client "localhost" (last ? true): will start 640 users

=INFO REPORT==== 9-Nov-2016::20:11:19 ===
         ts_launcher:(5:<0.129.0>) Expected duration of first phase: 10.0 sec (10 users) 

=INFO REPORT==== 9-Nov-2016::20:11:19 ===
         ts_launcher:(5:<0.129.0>) Activate launcher (10 users) in 669 msec 

=INFO REPORT==== 9-Nov-2016::20:11:29 ===
         ts_launcher:(4:<0.129.0>) Need to wait 0.154 sec before changing phase, going to sleep

=INFO REPORT==== 9-Nov-2016::20:11:29 ===
         ts_launcher:(5:<0.129.0>) Waking up

=INFO REPORT==== 9-Nov-2016::20:11:29 ===
         ts_launcher:(5:<0.129.0>) Start a new arrival phase (20 users, 0.002); expected duration=10.0 sec

=INFO REPORT==== 9-Nov-2016::20:11:38 ===
         ts_launcher:(4:<0.129.0>) Need to wait 0.665 sec before changing phase, going to sleep

=INFO REPORT==== 9-Nov-2016::20:11:39 ===
         ts_launcher:(5:<0.129.0>) Waking up

=INFO REPORT==== 9-Nov-2016::20:11:39 ===
         ts_launcher:(5:<0.129.0>) Start a new arrival phase (40 users, 0.004); expected duration=10.0 sec

=INFO REPORT==== 9-Nov-2016::20:11:49 ===
         ts_launcher:(5:<0.129.0>) Phase duration exceeded, but not all users were launched (5 users, 12.5% of phase)

=INFO REPORT==== 9-Nov-2016::20:11:49 ===
         ts_launcher:(5:<0.129.0>) Start a new arrival phase (80 users, 0.008); expected duration=10.0 sec

=INFO REPORT==== 9-Nov-2016::20:11:59 ===
         ts_launcher:(4:<0.129.0>) Need to wait 0.165 sec before changing phase, going to sleep

=INFO REPORT==== 9-Nov-2016::20:11:59 ===
         ts_launcher:(5:<0.129.0>) Waking up

=INFO REPORT==== 9-Nov-2016::20:11:59 ===
         ts_launcher:(5:<0.129.0>) Start a new arrival phase (160 users, 0.016); expected duration=10.0 sec

=INFO REPORT==== 9-Nov-2016::20:12:09 ===
         ts_launcher:(5:<0.129.0>) Phase duration exceeded, but not all users were launched (14 users, 8.8% of phase)

=INFO REPORT==== 9-Nov-2016::20:12:09 ===
         ts_launcher:(5:<0.129.0>) Start a new arrival phase (320 users, 0.032); expected duration=10.0 sec

=INFO REPORT==== 9-Nov-2016::20:12:19 ===
         ts_launcher:(5:<0.129.0>) Phase duration exceeded, but not all users were launched (8 users, 2.5% of phase)

=INFO REPORT==== 9-Nov-2016::20:12:19 ===
         ts_launcher:(5:<0.129.0>) Start a new arrival phase (640 users, 0.064); expected duration=10.0 sec

=INFO REPORT==== 9-Nov-2016::20:12:29 ===
         ts_launcher:(5:<0.129.0>) This was the last phase, wait for connected users to finish their session

=INFO REPORT==== 9-Nov-2016::20:13:49 ===
     ts_launcher_mgr:(5:<0.123.0>) No more active users 'tsung_controller@ip-172-31-16-134' "29282"
