# stats: dump at 1479342122
stats: users 8 8
stats: {load,"tsung_controller@ip-172-31-28-25"} 1 0.12890625 0 0.12890625 0.12890625 0 0
stats: {freemem,"tsung_controller@ip-172-31-28-25"} 1 3066.02734375 0 3066.02734375 3066.02734375 0 0
stats: {cpu,"tsung_controller@ip-172-31-28-25"} 1 34.57856992828637 0 34.57856992828637 34.57856992828637 0 0
stats: session 4 3802.5889892578125 1932.117508993669 6699.472900390625 1516.43505859375 0 0
stats: users_count 12 12
stats: finish_users_count 4 4
stats: request 25 128.68748046875 167.23988716441187 615.903076171875 9.0419921875 0 0
stats: connect 11 11.993829900568182 33.33830968381693 117.39697265625 0.924072265625 0 0
stats: page 20 160.8872314453125 211.41430293571537 732.718017578125 9.0419921875 0 0
stats: tr_new_post_page 5 83.5673828125 147.79700212853268 379.160888671875 9.35888671875 0 0
stats: 302 9 9
stats: tr_submit_new_post 4 59.6177978515625 17.551693327378892 88.31005859375 44.276123046875 0 0
stats: 200 16 16
stats: tr_user_login 5 381.2521484375 118.63020325680193 616.057861328125 305.007080078125 0 0
stats: size_rcv 73241 73241
stats: size_sent 16193 16193
stats: connected 7 7
# stats: dump at 1479342132
stats: users 8 13
stats: {load,"tsung_controller@ip-172-31-28-25"} 1 0.109375 0.0 0.12890625 0.109375 0.12890625 1
stats: {freemem,"tsung_controller@ip-172-31-28-25"} 1 3063.91796875 0.0 3066.02734375 3063.91796875 3066.02734375 1
stats: {recvpackets,"tsung_controller@ip-172-31-28-25"} 1 333 0 333 333 0 0
stats: {sentpackets,"tsung_controller@ip-172-31-28-25"} 1 268 0 268 268 0 0
stats: {cpu,"tsung_controller@ip-172-31-28-25"} 1 2.6600985221674875 0.0 34.57856992828637 2.6600985221674875 34.57856992828637 1
stats: session 12 7080.361836751302 4393.0683250882785 15216.3330078125 1326.405029296875 3802.5889892578125 4
stats: users_count 12 24
stats: finish_users_count 12 16
stats: request 55 244.90293412642046 298.6526651056661 1182.22705078125 9.0419921875 128.68748046875 25
stats: connect 13 1.3879770132211537 0.3128347195593859 117.39697265625 0.924072265625 11.993829900568182 11
stats: page 40 336.777490234375 353.96473895272896 1225.72509765625 9.0419921875 160.8872314453125 20
stats: tr_new_post_page 15 71.48948567708332 102.40645731372379 379.160888671875 9.18505859375 83.5673828125 5
stats: 302 27 36
stats: tr_submit_new_post 12 131.764404296875 258.4329351957636 986.35009765625 37.68994140625 59.6177978515625 4
stats: 200 28 44
stats: tr_user_login 15 606.4764322916667 232.03120553158365 1182.3349609375 302.8310546875 381.2521484375 5
stats: size_rcv 152234 225475
stats: size_sent 35075 51268
stats: connected 1 8
# stats: dump at 1479342142
stats: users 4 13
stats: {load,"tsung_controller@ip-172-31-28-25"} 1 0.1015625 0.0 0.12890625 0.1015625 0.119140625 2
stats: {freemem,"tsung_controller@ip-172-31-28-25"} 1 3064.05859375 0.0 3066.02734375 3063.91796875 3064.97265625 2
stats: {recvpackets,"tsung_controller@ip-172-31-28-25"} 1 199.0 0.0 333 199 333.0 1
stats: {sentpackets,"tsung_controller@ip-172-31-28-25"} 1 187.0 0.0 268 187 268.0 1
stats: {cpu,"tsung_controller@ip-172-31-28-25"} 1 1.3847675568743818 0.0 34.57856992828637 1.3847675568743818 18.61933422522693 2
stats: session 8 10057.908508300781 3261.873353257675 15764.817138671875 1326.405029296875 6260.91862487793 16
stats: users_count 4 28
stats: finish_users_count 8 24
stats: request 24 152.61383056640625 184.9126813989231 1182.22705078125 9.0419921875 208.58560485839843 80
stats: connect 4 1.2628173828125 0.13268515147333237 117.39697265625 0.924072265625 6.248992919921875 24
stats: page 18 203.5152587890625 209.69685700114022 1225.72509765625 9.0419921875 278.14740397135415 60
stats: tr_new_post_page 6 27.360514322916668 12.8319236055398 379.160888671875 9.18505859375 74.50895996093749 20
stats: 302 14 50
stats: tr_submit_new_post 8 99.68161010742188 96.30471222268538 986.35009765625 37.68994140625 113.72775268554688 16
stats: 200 10 54
stats: tr_user_login 6 431.6282145182292 127.87699321400456 1182.3349609375 302.8310546875 550.170361328125 20
stats: size_rcv 61529 287004
stats: size_sent 18260 69528
stats: connected -4 4
# stats: dump at 1479342152
stats: users 11 13
stats: {load,"tsung_controller@ip-172-31-28-25"} 1 0.078125 0.0 0.12890625 0.078125 0.11328125 3
stats: {freemem,"tsung_controller@ip-172-31-28-25"} 1 3064.30859375 0.0 3066.02734375 3063.91796875 3064.66796875 3
stats: {recvpackets,"tsung_controller@ip-172-31-28-25"} 1 108.0 0.0 333 108 266.0 2
stats: {sentpackets,"tsung_controller@ip-172-31-28-25"} 1 97.0 0.0 268 97 227.5 2
stats: {cpu,"tsung_controller@ip-172-31-28-25"} 1 1.183431952662722 0.0 34.57856992828637 1.183431952662722 12.874478669109413 3
stats: session 6 6103.0654703776045 2469.346506203615 15764.817138671875 1326.405029296875 7526.581919352214 24
stats: users_count 13 41
stats: finish_users_count 6 30
stats: request 32 114.40248870849611 150.97210893158015 1182.22705078125 9.0419921875 195.6690415602464 104
stats: connect 12 1.15814208984375 0.1514649475412118 117.39697265625 0.899169921875 5.53668212890625 28
stats: page 25 146.46318359375005 169.07413223611638 1225.72509765625 9.0419921875 260.9246012369792 78
stats: tr_new_post_page 7 19.263427734375 7.514119708161277 379.160888671875 9.162109375 63.62854942908653 26
stats: 302 13 63
stats: tr_submit_new_post 6 116.213623046875 106.26377923934217 986.35009765625 37.68994140625 109.0457051595052 24
stats: 200 19 73
stats: tr_user_login 7 358.68690708705356 102.98301135455064 1182.3349609375 302.8310546875 522.8144812950721 26
stats: size_rcv 88232 375236
stats: newphase 1 1
stats: size_sent 19134 88662
stats: connected 6 10
# stats: dump at 1479342162
stats: users 21 25
stats: {load,"tsung_controller@ip-172-31-28-25"} 1 0.0703125 0.0 0.12890625 0.0703125 0.1044921875 4
stats: {freemem,"tsung_controller@ip-172-31-28-25"} 1 3064.3046875 0.0 3066.02734375 3063.91796875 3064.578125 4
stats: {recvpackets,"tsung_controller@ip-172-31-28-25"} 1 172.0 0.0 333 108 213.33333333333334 3
stats: {sentpackets,"tsung_controller@ip-172-31-28-25"} 1 176.0 0.0 268 97 184.0 3
stats: {cpu,"tsung_controller@ip-172-31-28-25"} 1 1.6748768472906401 0.0 34.57856992828637 1.183431952662722 9.95171698999774 4
stats: session 19 6144.367971319902 3029.6667956685806 15764.817138671875 1326.405029296875 7241.878629557292 30
stats: users_count 29 70
stats: finish_users_count 19 49
stats: request 88 330.12807395241475 356.57407255809704 1564.59716796875 8.873046875 176.54749971277573 136
stats: connect 30 1.2211995442708334 0.36554984536626056 117.39697265625 0.833984375 4.2231201171875 40
stats: page 68 427.25297995174634 474.39386475682323 1930.765869140625 9.0419921875 233.1427037507585 103
stats: tr_new_post_page 20 215.76961669921874 281.4951217001504 1015.7041015625 8.969970703125 54.217766039299235 33
stats: 302 39 102
stats: tr_submit_new_post 19 345.9218236019737 429.73139353878196 1564.718994140625 37.64111328125 110.47928873697917 30
stats: 200 49 122
stats: tr_user_login 20 652.929248046875 300.63747470412767 1273.4169921875 302.8310546875 487.999541311553 33
stats: size_rcv 245261 620497
stats: newphase 1 2
stats: size_sent 56645 145307
stats: connected 11 21
# stats: dump at 1479342172
stats: users 80 80
stats: {load,"tsung_controller@ip-172-31-28-25"} 1 0.05859375 0.0 0.12890625 0.05859375 0.09765625 5
stats: {freemem,"tsung_controller@ip-172-31-28-25"} 1 3062.671875 0.0 3066.02734375 3062.671875 3064.5234375 5
stats: {recvpackets,"tsung_controller@ip-172-31-28-25"} 1 419.0 0.0 419 108 203.0 4
stats: {sentpackets,"tsung_controller@ip-172-31-28-25"} 1 401.0 0.0 401 97 182.0 4
stats: {cpu,"tsung_controller@ip-172-31-28-25"} 1 1.9782393669634024 0.0 34.57856992828637 1.183431952662722 8.29634896145632 5
stats: session 10 9664.36796875 2707.4852192953954 15764.817138671875 1326.405029296875 6816.313272281569 49
stats: users_count 69 139
stats: finish_users_count 10 59
stats: request 99 2072.391448666351 889.2208754821612 3515.0458984375 8.873046875 236.88272530691964 224
stats: connect 64 1.1152496337890616 0.1924270969823372 117.39697265625 0.798095703125 2.936582728794643 70
stats: page 73 2519.297420135915 1381.8016945809431 5719.625 9.0419921875 310.3327551055373 171
stats: tr_new_post_page 19 2083.6067023026317 1022.839926883452 3335.958984375 8.969970703125 115.18072855247641 53
stats: 302 35 137
stats: tr_submit_new_post 9 2369.129448784722 823.190681373798 3451.95703125 37.64111328125 201.77333286830358 49
stats: 200 64 186
stats: tr_user_login 26 2109.6455735426684 901.6381158116202 3515.18408203125 302.8310546875 550.2371664946934 53
stats: size_rcv 301393 921890
stats: newphase 1 3
stats: size_sent 81443 226750
stats: connected 55 76
# stats: dump at 1479342182
stats: users 91 103
stats: {load,"tsung_controller@ip-172-31-28-25"} 1 0.05078125 0.0 0.12890625 0.05078125 0.09114583333333333 6
stats: {freemem,"tsung_controller@ip-172-31-28-25"} 1 3058.296875 0.0 3066.02734375 3058.296875 3064.21484375 6
stats: {recvpackets,"tsung_controller@ip-172-31-28-25"} 1 770.0 0.0 770 108 246.2 5
stats: {sentpackets,"tsung_controller@ip-172-31-28-25"} 1 723.0 0.0 723 97 225.8 5
stats: {cpu,"tsung_controller@ip-172-31-28-25"} 1 3.7254901960784315 0.0 34.57856992828637 1.183431952662722 7.2433306957075 6
stats: session 13 18942.297870342547 5201.430121588789 29379.9609375 1326.405029296875 7299.034407276218 59
stats: users_count 24 163
stats: finish_users_count 13 72
stats: request 100 5596.0963671875015 1282.1362334616279 7559.39599609375 8.873046875 799.4689903613584 323
stats: connect 29 3.205078125 10.523266658221875 117.39697265625 0.798095703125 2.0666922953591413 134
stats: page 72 6476.635342068143 2090.2990414098804 11836.676025390625 9.0419921875 971.2115278400356 244
stats: tr_new_post_page 16 5714.976959228516 1187.2501727296005 7096.302001953125 8.969970703125 634.6264716254341 72
stats: 302 42 179
stats: tr_submit_new_post 14 6247.641060965402 1088.8942865972288 7559.487060546875 37.64111328125 538.0872129242996 58
stats: 200 58 244
stats: tr_user_login 28 5394.785705566406 1243.772404638598 7409.975830078125 302.8310546875 1063.460186535799 79
stats: size_rcv 281259 1203149
stats: newphase 0 3
stats: size_sent 83111 309861
stats: connected 15 91
# stats: dump at 1479342192
stats: users 83 103
stats: {load,"tsung_controller@ip-172-31-28-25"} 1 0.0390625 0.0 0.12890625 0.0390625 0.08537946428571429 7
stats: {freemem,"tsung_controller@ip-172-31-28-25"} 1 3055.60546875 0.0 3066.02734375 3055.60546875 3063.3694196428573 7
stats: {recvpackets,"tsung_controller@ip-172-31-28-25"} 1 411.0 0.0 770 108 333.5 6
stats: {sentpackets,"tsung_controller@ip-172-31-28-25"} 1 375.0 0.0 723 97 308.6666666666667 6
stats: {cpu,"tsung_controller@ip-172-31-28-25"} 1 1.8774703557312251 0.0 34.57856992828637 1.183431952662722 6.740782052903348 7
stats: session 8 24722.34048461914 3152.8034053991905 30515.64404296875 1326.405029296875 9401.290310329861 72
stats: users_count 0 163
stats: finish_users_count 8 80
stats: request 61 9118.087622470543 851.5624106990265 10616.926025390625 8.873046875 1933.4234529680116 423
stats: connect 0 0 0 117.39697265625 0.798095703125 2.2692271975651837 163
stats: page 30 12440.657096354167 3398.1231589698464 17157.447998046875 9.0419921875 2225.611890575554 316
stats: tr_new_post_page 18 9007.731825086805 745.7259287496124 9963.6708984375 8.969970703125 1558.3265602805398 88
stats: 302 36 215
stats: tr_submit_new_post 5 9388.888232421876 681.904758959259 10548.4970703125 37.64111328125 1648.2782389322917 72
stats: 200 25 269
stats: tr_user_login 31 9369.593403477822 828.5446845604873 10617.1259765625 302.8310546875 2196.8911634783876 107
stats: size_rcv 161846 1364995
stats: newphase 0 3
stats: size_sent 53629 363490
stats: connected -5 86
# stats: dump at 1479342202
stats: users 23 103
stats: {load,"tsung_controller@ip-172-31-28-25"} 1 0.03125 0.0 0.12890625 0.03125 0.07958984375 8
stats: {freemem,"tsung_controller@ip-172-31-28-25"} 1 3054.5234375 0.0 3066.02734375 3054.5234375 3062.39892578125 8
stats: {recvpackets,"tsung_controller@ip-172-31-28-25"} 1 197.0 0.0 770 108 344.57142857142856 7
stats: {sentpackets,"tsung_controller@ip-172-31-28-25"} 1 161.0 0.0 723 97 318.14285714285717 7
stats: {cpu,"tsung_controller@ip-172-31-28-25"} 1 1.4792899408284024 0.0 34.57856992828637 1.183431952662722 6.1328680907568325 8
stats: session 60 30976.574357096353 2426.1896427206857 36061.876953125 1326.405029296875 10933.39532775879 80
stats: users_count 0 163
stats: finish_users_count 60 140
stats: request 142 7554.10776745433 4557.995691514549 14037.501953125 8.873046875 2838.9286478846525 484
stats: connect 0 0 0 117.39697265625 0.798095703125 2.2692271975651837 163
stats: page 117 11711.343862680289 7538.989535367549 21060.284912109375 9.0419921875 3111.309451770231 346
stats: tr_new_post_page 57 7873.1664482250535 3576.7946276048465 13975.905029296875 8.969970703125 2823.319907134434 106
stats: 302 82 297
stats: tr_submit_new_post 60 5538.542317708333 5006.718312785719 14037.637939453125 36.693115234375 2150.9152514965504 77
stats: 200 55 324
stats: tr_user_login 25 11664.651572265626 1339.8641306407608 13763.486083984375 302.8310546875 3808.1503623188405 138
stats: size_rcv 369036 1734031
stats: newphase 0 3
stats: 422 1 1
stats: size_sent 54713 418203
stats: connected -60 26
stats: 500 4 4
# stats: dump at 1479342212
stats: users 2 103
stats: {load,"tsung_controller@ip-172-31-28-25"} 1 0.03125 0.0 0.12890625 0.03125 0.07421875 9
stats: {freemem,"tsung_controller@ip-172-31-28-25"} 1 3053.1875 0.0 3066.02734375 3053.1875 3061.523871527778 9
stats: {recvpackets,"tsung_controller@ip-172-31-28-25"} 1 575.0 0.0 770 108 326.125 8
stats: {sentpackets,"tsung_controller@ip-172-31-28-25"} 1 445.0 0.0 723 97 298.5 8
stats: {cpu,"tsung_controller@ip-172-31-28-25"} 1 1.678183613030602 0.0 34.57856992828637 1.183431952662722 5.615803851875896 9
stats: session 21 32301.18148949033 2928.068761070304 37883.720947265625 1326.405029296875 19523.32919747489 140
stats: users_count 0 163
stats: finish_users_count 21 161
stats: request 24 41.28218587239582 8.905222705428319 14037.501953125 8.6650390625 3908.50602005541 626
stats: connect 0 0 0 117.39697265625 0.798095703125 2.2692271975651837 163
stats: page 24 41.28218587239582 8.905222705428319 21060.284912109375 8.6650390625 5284.536289948367 463
stats: tr_new_post_page 0 0 0 13975.905029296875 8.969970703125 4589.217163834835 163
stats: 302 23 320
stats: tr_submit_new_post 24 41.387054443359375 8.912140672743572 14037.637939453125 8.7490234375 3634.547543268134 137
stats: 200 0 324
stats: tr_user_login 0 0 0 13763.486083984375 302.8310546875 5013.135210470188 163
stats: size_rcv 26481 1760512
stats: newphase 0 3
stats: 422 1 2
stats: size_sent 26519 444722
stats: connected -24 2
stats: 500 0 4
# stats: dump at 1479342220
stats: users 0 103
stats: {load,"tsung_controller@ip-172-31-28-25"} 1 0.01953125 0.0 0.12890625 0.01953125 0.069921875 10
stats: {freemem,"tsung_controller@ip-172-31-28-25"} 1 3057.0546875 0.0 3066.02734375 3053.1875 3060.690234375 10
stats: {recvpackets,"tsung_controller@ip-172-31-28-25"} 1 32.0 0.0 770 32 353.77777777777777 9
stats: {sentpackets,"tsung_controller@ip-172-31-28-25"} 1 36.0 0.0 723 36 314.77777777777777 9
stats: {cpu,"tsung_controller@ip-172-31-28-25"} 1 1.0869565217391304 0.0 34.57856992828637 1.0869565217391304 5.222041827991367 10
stats: session 2 41179.14099121094 1595.6180419921875 42774.759033203125 1326.405029296875 21190.005583389946 161
stats: users_count 0 163
stats: finish_users_count 2 163
stats: request 2 46.9385986328125 4.5875244140625 14037.501953125 8.6650390625 3765.716216947114 650
stats: connect 0 0 0 117.39697265625 0.798095703125 2.2692271975651837 163
stats: page 2 46.9385986328125 4.5875244140625 21060.284912109375 8.6650390625 5026.141837180762 487
stats: tr_new_post_page 0 0 0 13975.905029296875 8.969970703125 4589.217163834835 163
stats: 302 2 322
stats: tr_submit_new_post 2 47.0640869140625 4.5948486328125 14037.637939453125 8.7490234375 3098.921134996118 161
stats: 200 0 324
stats: tr_user_login 0 0 0 13763.486083984375 302.8310546875 5013.135210470188 163
stats: size_rcv 2146 1762658
stats: newphase 0 3
stats: 422 0 2
stats: size_sent 2210 446932
stats: connected -2 0
stats: 500 0 4
EndMonitor:{1479,342220,923795}
