# stats: dump at 1479266727
stats: users 9 10
stats: {load,"tsung_controller@ip-172-31-22-55"} 1 0.421875 0 0.421875 0.421875 0 0
stats: {freemem,"tsung_controller@ip-172-31-22-55"} 1 3065.8984375 0 3065.8984375 3065.8984375 0 0
stats: {cpu,"tsung_controller@ip-172-31-22-55"} 1 3.1208419563744014 0 3.1208419563744014 3.1208419563744014 0 0
stats: session 1 7806.673828125 0 7806.673828125 7806.673828125 0 0
stats: users_count 10 10
stats: finish_users_count 1 1
stats: request 101 49.68296768641708 64.96953580010687 340.93701171875 9.739013671875 0 0
stats: connect 10 18.47861328125 51.013160177650015 171.515869140625 1.030029296875 0 0
stats: page 84 59.75411841982887 72.3751918704726 349.065185546875 12.032958984375 0 0
stats: tr_get_convo_page 4 36.2972412109375 5.7271470777228135 45.489990234375 30.6708984375 0 0
stats: 302 48 48
stats: tr_post_submit 4 52.92462158203125 3.3992526353853694 58.711181640625 50.10400390625 0 0
stats: 200 53 53
stats: tr_claim_post 1 19.18994140625 0 19.18994140625 19.18994140625 0 0
stats: size_rcv 932203 932203
stats: tr_view_post 1 16.8427734375 0 16.8427734375 16.8427734375 0 0
stats: size_sent 71853 71853
stats: tr_send_5_messages_2 1 342.464111328125 0 342.464111328125 342.464111328125 0 0
stats: connected 9 9
stats: tr_signin_2 1 169.363037109375 0 169.363037109375 169.363037109375 0 0
stats: tr_signin_1 9 202.08859592013889 70.44820510933103 333.935791015625 161.01904296875 0 0
stats: tr_send_5_messages_1 4 407.84197998046875 120.12202424266783 609.2939453125 306.400146484375 0 0
stats: tr_create_convo 4 29.1636962890625 5.409195975179095 37.987060546875 24.576904296875 0 0
# stats: dump at 1479266737
stats: users 10 13
stats: {load,"tsung_controller@ip-172-31-22-55"} 1 0.359375 0.0 0.421875 0.359375 0.421875 1
stats: {freemem,"tsung_controller@ip-172-31-22-55"} 1 3061.9765625 0.0 3065.8984375 3061.9765625 3065.8984375 1
stats: {recvpackets,"tsung_controller@ip-172-31-22-55"} 1 1183 0 1183 1183 0 0
stats: {sentpackets,"tsung_controller@ip-172-31-22-55"} 1 622 0 622 622 0 0
stats: {cpu,"tsung_controller@ip-172-31-22-55"} 1 2.857142857142857 0.0 3.1208419563744014 2.857142857142857 3.1208419563744014 1
stats: session 11 9121.718927556818 2844.6547285195497 14942.778076171875 4892.27880859375 7806.673828125 1
stats: users_count 12 22
stats: finish_users_count 11 12
stats: request 355 60.9137186399648 64.25408787696269 451.567138671875 9.739013671875 49.68296768641708 101
stats: connect 12 1.4091796875 0.3296254079963513 171.515869140625 0.971923828125 18.47861328125 10
stats: page 321 67.37356938157122 72.96828623393722 512.14306640625 12.032958984375 59.75411841982887 84
stats: tr_get_convo_page 12 59.258951822916664 56.06450472590163 242.56787109375 29.94287109375 36.2972412109375 4
stats: 302 183 231
stats: tr_post_submit 12 135.17948404947916 116.69181860689079 451.671875 50.10400390625 52.92462158203125 4
stats: 200 172 225
stats: tr_claim_post 11 30.528586647727273 12.706949559995753 63.177978515625 19.18994140625 19.18994140625 1
stats: size_rcv 3794541 4726744
stats: tr_view_post 11 29.395374644886363 11.669961990218377 55.653076171875 16.8427734375 16.8427734375 1
stats: size_sent 269649 341502
stats: tr_send_5_messages_2 11 627.6601340553977 178.6953122817781 942.440185546875 342.464111328125 342.464111328125 1
stats: connected 1 10
stats: tr_signin_2 11 197.98930220170453 60.0364365349211 375.363037109375 161.755859375 169.363037109375 1
stats: tr_signin_1 10 219.0812744140625 81.8376758232729 378.47998046875 160.94580078125 202.08859592013889 9
stats: tr_send_5_messages_1 12 463.7051595052083 193.01825683326027 881.579833984375 298.31396484375 407.84197998046875 4
stats: tr_create_convo 12 51.554707845052086 51.28629582363993 216.383056640625 24.337158203125 29.1636962890625 4
# stats: dump at 1479266747
stats: users 13 13
stats: {load,"tsung_controller@ip-172-31-22-55"} 1 0.30078125 0.0 0.421875 0.30078125 0.390625 2
stats: {freemem,"tsung_controller@ip-172-31-22-55"} 1 3061.984375 0.0 3065.8984375 3061.9765625 3063.9375 2
stats: {recvpackets,"tsung_controller@ip-172-31-22-55"} 1 2932.0 0.0 2932 1183 1183.0 1
stats: {sentpackets,"tsung_controller@ip-172-31-22-55"} 1 1512.0 0.0 1512 622 622.0 1
stats: {cpu,"tsung_controller@ip-172-31-22-55"} 1 2.4801587301587302 0.0 3.1208419563744014 2.4801587301587302 2.988992406758629 2
stats: session 5 10994.331982421874 6993.912880782284 24552.661865234375 4873.373046875 9012.1318359375 12
stats: users_count 8 30
stats: finish_users_count 5 17
stats: request 192 51.514923095703125 61.40155312156205 491.403076171875 9.739013671875 58.42620581911322 456
stats: connect 8 1.51641845703125 0.3734396369825055 171.515869140625 0.971923828125 9.168013139204545 22
stats: page 171 57.85003769188597 65.08479658971224 512.14306640625 11.79296875 65.79323881172836 405
stats: tr_get_convo_page 7 40.289306640625 7.889422405708914 242.56787109375 29.94287109375 53.518524169921875 16
stats: 302 98 329
stats: tr_post_submit 7 57.14501953125 12.21325446558156 451.671875 48.510986328125 114.61576843261719 16
stats: 200 94 319
stats: tr_claim_post 5 29.0091796875 9.955054789353582 63.177978515625 19.18994140625 29.583699544270832 12
stats: size_rcv 2007833 6734577
stats: tr_view_post 5 28.77880859375 10.876156914219163 55.653076171875 16.8427734375 28.349324544270832 12
stats: size_sent 146280 487782
stats: tr_send_5_messages_2 5 555.470849609375 135.71831549673072 942.440185546875 295.63818359375 603.893798828125 12
stats: connected 3 13
stats: tr_signin_2 5 231.763818359375 60.24242132997107 375.363037109375 161.755859375 195.6037801106771 12
stats: tr_signin_1 7 163.19220842633928 3.03938475748902 378.47998046875 160.279052734375 211.03211091694078 19
stats: tr_send_5_messages_1 7 466.5366908482143 217.94044475798893 952.714111328125 298.31396484375 449.73936462402344 16
stats: tr_create_convo 7 32.63490513392857 10.398313292401701 216.383056640625 24.304931640625 45.95695495605469 16
# stats: dump at 1479266757
stats: users 19 19
stats: {load,"tsung_controller@ip-172-31-22-55"} 1 0.26171875 0.0 0.421875 0.26171875 0.3606770833333333 3
stats: {freemem,"tsung_controller@ip-172-31-22-55"} 1 3061.1484375 0.0 3065.8984375 3061.1484375 3063.2864583333335 3
stats: {recvpackets,"tsung_controller@ip-172-31-22-55"} 1 1947.0 0.0 2932 1183 2057.5 2
stats: {sentpackets,"tsung_controller@ip-172-31-22-55"} 1 975.0 0.0 1512 622 1067.0 2
stats: {cpu,"tsung_controller@ip-172-31-22-55"} 1 2.171767028627838 0.0 3.1208419563744014 2.171767028627838 2.8193811812253293 3
stats: session 12 12025.196472167969 6131.930784408284 25712.10400390625 4059.490966796875 9595.131879021139 17
stats: users_count 18 48
stats: finish_users_count 12 29
stats: request 367 59.43639371700447 55.88659999431488 491.403076171875 9.739013671875 56.37841834551023 648
stats: connect 18 1.4810791015625 0.3203794026997778 171.515869140625 0.971923828125 7.127587890625 30
stats: page 331 65.9077458223187 61.46762240750022 512.14306640625 11.487060546875 63.43510097927515 576
stats: tr_get_convo_page 11 45.46391157670455 9.318477066367748 242.56787109375 29.94287109375 49.492240574048914 23
stats: 302 186 515
stats: tr_post_submit 11 71.39182350852273 28.578614982079202 451.671875 48.005126953125 97.12467094089673 23
stats: 200 181 500
stats: tr_claim_post 12 23.892171223958332 6.171550409282841 63.177978515625 18.509033203125 29.414723115808822 17
stats: size_rcv 3802803 10537380
stats: tr_view_post 12 23.989603678385418 10.599201778889459 55.653076171875 16.8427734375 28.475643382352942 17
stats: newphase 1 1
stats: tr_send_5_messages_2 12 563.1121622721354 228.9538710376088 1018.390869140625 295.63818359375 589.6517549402573 17
stats: size_sent 273827 761609
stats: tr_signin_2 12 190.5234171549479 46.82927139747703 375.363037109375 160.69189453125 206.2390854779412 17
stats: connected 6 19
stats: tr_signin_1 14 200.00875418526786 50.92590765697447 378.47998046875 160.279052734375 198.15213716947116 26
stats: tr_send_5_messages_1 11 550.3565562855114 172.97340523821387 952.714111328125 298.31396484375 454.8515943444294 23
stats: tr_create_convo 11 65.4208096590909 62.46734801642909 216.383056640625 22.06201171875 41.90241805366848 23
# stats: dump at 1479266767
stats: users 34 37
stats: {load,"tsung_controller@ip-172-31-22-55"} 1 0.21875 0.0 0.421875 0.21875 0.3359375 4
stats: {freemem,"tsung_controller@ip-172-31-22-55"} 1 3060.89453125 0.0 3065.8984375 3060.89453125 3062.751953125 4
stats: {recvpackets,"tsung_controller@ip-172-31-22-55"} 1 3138.0 0.0 3138 1183 2020.6666666666667 3
stats: {sentpackets,"tsung_controller@ip-172-31-22-55"} 1 1607.0 0.0 1607 622 1036.3333333333333 3
stats: {cpu,"tsung_controller@ip-172-31-22-55"} 1 3.353057199211045 0.0 3.353057199211045 2.171767028627838 2.657477643075956 4
stats: session 13 10056.59192833534 3696.056526769767 25712.10400390625 4059.490966796875 10600.675848599138 29
stats: users_count 28 76
stats: finish_users_count 13 42
stats: request 537 150.88249789047956 132.27803550169685 837.910888671875 9.739013671875 57.484109933035725 1015
stats: connect 28 1.7689557756696428 1.1177498533251076 171.515869140625 0.971923828125 5.0101470947265625 48
stats: page 475 170.58652549342108 152.60662485173052 1012.028076171875 11.487060546875 64.33746640711132 907
stats: tr_get_convo_page 22 126.9669522372159 61.883151864379585 271.174072265625 29.94287109375 48.188957663143384 34
stats: 302 272 787
stats: tr_post_submit 22 248.1562167080966 173.68810047917788 771.9111328125 48.005126953125 88.79933794806985 34
stats: 200 265 765
stats: tr_claim_post 11 132.8142977627841 66.50877576270571 230.53515625 18.509033203125 27.12952922952586 29
stats: size_rcv 5614933 16152313
stats: tr_view_post 11 176.5294522372159 198.01630140110578 756.661865234375 16.8427734375 26.619351091056036 29
stats: newphase 1 2
stats: tr_send_5_messages_2 12 1501.9090983072917 556.5881731706321 2669.705078125 295.63818359375 578.6698545258621 29
stats: size_sent 411509 1173118
stats: tr_signin_2 14 228.33074079241072 51.05723394605097 375.363037109375 160.69189453125 199.73605030980605 29
stats: connected 17 36
stats: tr_signin_1 24 337.72319539388025 168.00567071682218 811.118896484375 160.279052734375 198.801953125 40
stats: tr_send_5_messages_1 16 1321.6312408447266 568.9551955772321 2560.27294921875 298.31396484375 485.75025850183823 34
stats: tr_create_convo 22 137.6357754794034 157.4522757612109 771.700927734375 22.06201171875 49.5113094554228 34
# stats: dump at 1479266777
stats: users 111 111
stats: {load,"tsung_controller@ip-172-31-22-55"} 1 0.1796875 0.0 0.421875 0.1796875 0.3125 5
stats: {freemem,"tsung_controller@ip-172-31-22-55"} 1 3056.3359375 0.0 3065.8984375 3056.3359375 3062.38046875 5
stats: {recvpackets,"tsung_controller@ip-172-31-22-55"} 1 4995.0 0.0 4995 1183 2.3e3 4
stats: {sentpackets,"tsung_controller@ip-172-31-22-55"} 1 2476.0 0.0 2476 622 1179.0 4
stats: {cpu,"tsung_controller@ip-172-31-22-55"} 1 4.24901185770751 0.0 4.24901185770751 2.171767028627838 2.796593554302974 5
stats: session 3 17138.423665364582 2329.715112563551 25712.10400390625 4059.490966796875 10432.26892089844 42
stats: users_count 80 156
stats: finish_users_count 3 45
stats: request 405 845.5754985291281 535.7231205309316 2381.027099609375 9.739013671875 89.80043360130075 1552
stats: connect 76 1.5658505088404604 0.9894500453674311 171.515869140625 0.852783203125 3.816023977179276 76
stats: page 325 969.7909765625 714.8223151970079 3381.2080078125 11.487060546875 100.85577542736975 1382
stats: tr_get_convo_page 16 743.7528381347656 421.1382593563133 1653.76611328125 29.94287109375 79.13745553152901 56
stats: 302 185 972
stats: tr_post_submit 24 1242.6171061197917 615.8096327426599 2381.134033203125 48.005126953125 151.40382603236608 56
stats: 200 220 985
stats: tr_claim_post 5 676.4658203125 530.5136605098949 1613.739990234375 18.509033203125 56.192840576171875 40
stats: size_rcv 3327134 19479447
stats: tr_view_post 5 481.51357421875 405.65860678434626 1177.8369140625 16.8427734375 67.84462890625 40
stats: newphase 1 3
stats: tr_send_5_messages_2 5 4618.7673828125 2593.9291291427776 9151.919921875 295.63818359375 848.8862185594512 41
stats: size_sent 318300 1491418
stats: tr_signin_2 11 1076.1811745383523 544.7973502375033 1868.322998046875 160.69189453125 209.0459495367006 43
stats: connected 71 107
stats: tr_signin_1 48 1149.3153584798179 483.29213709611787 2038.242919921875 160.279052734375 250.89741897583008 64
stats: tr_send_5_messages_1 8 3345.2161254882813 1640.6418025584455 6190.385986328125 298.31396484375 753.2321728515625 50
stats: tr_create_convo 12 697.0435994466146 373.5442469193684 1577.2880859375 22.06201171875 84.13163539341518 56
# stats: dump at 1479266787
stats: users 108 114
stats: {load,"tsung_controller@ip-172-31-22-55"} 1 0.1484375 0.0 0.421875 0.1484375 0.2903645833333333 6
stats: {freemem,"tsung_controller@ip-172-31-22-55"} 1 3044.55859375 0.0 3065.8984375 3044.55859375 3061.373046875 6
stats: {recvpackets,"tsung_controller@ip-172-31-22-55"} 1 3014.0 0.0 4995 1183 2839.0 5
stats: {sentpackets,"tsung_controller@ip-172-31-22-55"} 1 1856.0 0.0 2476 622 1438.4 5
stats: {cpu,"tsung_controller@ip-172-31-22-55"} 1 5.3097345132743365 0.0 5.3097345132743365 2.171767028627838 3.038663271537063 6
stats: session 6 26455.762329101563 3805.9004771854547 34127.005859375 4059.490966796875 10879.345903862848 45
stats: users_count 3 159
stats: finish_users_count 6 51
stats: request 518 1606.6750747503922 759.8228744071891 3515.4208984375 9.739013671875 246.20763916888893 1957
stats: connect 7 3.0078125 3.2755101246542457 171.515869140625 0.808837890625 2.6909372430098686 152
stats: page 414 2040.3727142776263 1259.513361036515 6279.739990234375 11.487060546875 266.2945219820958 1707
stats: tr_get_convo_page 56 1601.218710763114 749.4888483329236 3423.10498046875 29.94287109375 226.82976277669272 72
stats: 302 265 1237
stats: tr_post_submit 59 1662.1201875331037 769.4755167312543 3515.56201171875 48.005126953125 478.76781005859374 80
stats: 200 253 1238
stats: tr_claim_post 6 959.4046630859375 283.26972420903377 1613.739990234375 18.509033203125 125.112060546875 45
stats: size_rcv 5450695 24930142
stats: tr_view_post 6 1289.5652669270833 586.5748146486942 2595.160888671875 16.8427734375 113.80784505208334 45
stats: newphase 0 3
stats: tr_send_5_messages_2 6 11194.528076171875 2280.1414586275964 15559.204833984375 295.63818359375 1258.655910326087 46
stats: size_sent 422143 1913561
stats: tr_signin_2 4 3042.0509643554688 135.67340337517533 3185.010009765625 160.69189453125 385.68460648148147 54
stats: connected 1 108
stats: tr_signin_1 42 2002.2553129650298 804.608582154987 3380.245849609375 160.279052734375 635.9336787632534 112
stats: tr_send_5_messages_1 4 11868.196655273438 599.4547652594251 12811.7978515625 298.31396484375 1110.7472008014547 58
stats: tr_create_convo 48 1525.5276387532551 763.0370319487965 3106.661865234375 22.06201171875 192.2925702263327 68
# stats: dump at 1479266797
stats: users 105 114
stats: {load,"tsung_controller@ip-172-31-22-55"} 1 0.12890625 0.0 0.421875 0.12890625 0.2700892857142857 7
stats: {freemem,"tsung_controller@ip-172-31-22-55"} 1 3033.6640625 0.0 3065.8984375 3033.6640625 3058.9709821428573 7
stats: {recvpackets,"tsung_controller@ip-172-31-22-55"} 1 5271.0 0.0 5271 1183 2868.1666666666665 6
stats: {sentpackets,"tsung_controller@ip-172-31-22-55"} 1 2510.0 0.0 2510 622 1508.0 6
stats: {cpu,"tsung_controller@ip-172-31-22-55"} 1 4.24901185770751 0.0 5.3097345132743365 2.171767028627838 3.3631020203566737 7
stats: session 3 34994.83439127604 4687.401102507505 39443.568115234375 4059.490966796875 12711.865483302696 51
stats: users_count 0 159
stats: finish_users_count 3 54
stats: request 587 1660.1599295776996 437.03790982457815 3515.4208984375 9.739013671875 530.9438539693813 2475
stats: connect 0 0 0 171.515869140625 0.808837890625 2.7048877260220126 159
stats: page 544 1801.3499796250287 606.787510026053 6279.739990234375 11.487060546875 612.5785255701909 2121
stats: tr_get_convo_page 28 1700.5874285016741 366.0506660325625 3423.10498046875 29.94287109375 828.124927520752 128
stats: 302 314 1551
stats: tr_post_submit 19 1666.5462196751644 401.4678956462904 3515.56201171875 48.005126953125 981.0540710010117 139
stats: 200 273 1511
stats: tr_claim_post 3 1864.0613606770833 534.9462790257165 2507.27392578125 18.509033203125 223.26413143382354 51
stats: size_rcv 7190127 32120269
stats: tr_view_post 4 1319.572509765625 238.85202283786506 2595.160888671875 16.8427734375 252.13224762561273 51
stats: newphase 0 3
stats: tr_send_5_messages_2 4 16487.137268066406 1544.570144877483 18732.692138671875 295.63818359375 2405.1026986929087 52
stats: size_sent 460778 2374339
stats: tr_signin_2 10 1840.880615234375 414.3413813718438 3185.010009765625 160.69189453125 568.8822863348599 58
stats: connected -3 105
stats: tr_signin_1 5 1623.06337890625 318.8886668505593 3380.245849609375 160.279052734375 1008.5668517273742 154
stats: tr_send_5_messages_1 21 14493.50206938244 2054.137697332527 19132.97314453125 298.31396484375 1804.7761978641634 62
stats: tr_create_convo 38 1596.7790334601152 403.86313150784787 3106.661865234375 22.06201171875 743.9760468581627 116
# stats: dump at 1479266807
stats: users 101 114
stats: {load,"tsung_controller@ip-172-31-22-55"} 1 0.109375 0.0 0.421875 0.109375 0.25244140625 8
stats: {freemem,"tsung_controller@ip-172-31-22-55"} 1 3026.6796875 0.0 3065.8984375 3026.6796875 3055.8076171875 8
stats: {recvpackets,"tsung_controller@ip-172-31-22-55"} 1 6095.0 0.0 6095 1183 3211.4285714285716 7
stats: {sentpackets,"tsung_controller@ip-172-31-22-55"} 1 2816.0 0.0 2816 622 1651.142857142857 7
stats: {cpu,"tsung_controller@ip-172-31-22-55"} 1 4.3478260869565215 0.0 5.3097345132743365 2.171767028627838 3.473840750025528 8
stats: session 4 40781.93493652344 5396.750064500991 50113.653076171875 4059.490966796875 13949.808200412326 54
stats: users_count 0 159
stats: finish_users_count 4 58
stats: request 528 1703.4812709923945 810.9139349765748 3515.4208984375 9.739013671875 747.4199599073573 3062
stats: connect 0 0 0 171.515869140625 0.808837890625 2.7048877260220126 159
stats: page 484 1862.9035876565729 937.1084229804787 6279.739990234375 11.487060546875 855.2395653472385 2665
stats: tr_get_convo_page 3 1905.4139811197917 505.962425295298 3423.10498046875 29.94287109375 984.7207610301482 156
stats: 302 278 1829
stats: tr_post_submit 1 2515.2470703125 0.0 3515.56201171875 48.005126953125 1063.48667115803 158
stats: 200 250 1761
stats: tr_claim_post 4 1803.2199096679688 785.4984402518403 2733.552001953125 18.509033203125 314.4195330584491 54
stats: size_rcv 5985266 38105535
stats: tr_view_post 4 1720.6270141601563 703.8073592243692 2595.160888671875 16.8427734375 329.7642666903409 55
stats: newphase 0 3
stats: tr_send_5_messages_2 3 17658.189615885418 3071.730277353516 20868.421142578125 295.63818359375 3410.9623107910156 56
stats: size_sent 392549 2766888
stats: tr_signin_2 26 1707.8908128004807 763.6466981817208 3185.010009765625 160.69189453125 755.9408641142004 68
stats: connected -4 101
stats: tr_signin_1 0 0 0 3380.245849609375 160.279052734375 1027.890641890232 159
stats: tr_send_5_messages_1 47 16128.141248337766 1961.3284105387525 20592.5849609375 298.31396484375 5015.1767195736065 83
stats: tr_create_convo 5 1788.16162109375 673.908747485579 3106.661865234375 22.06201171875 954.4079526430601 154
# stats: dump at 1479266817
stats: users 93 114
stats: {load,"tsung_controller@ip-172-31-22-55"} 1 0.08984375 0.0 0.421875 0.08984375 0.2365451388888889 9
stats: {freemem,"tsung_controller@ip-172-31-22-55"} 1 3024.62109375 0.0 3065.8984375 3024.62109375 3052.5711805555557 9
stats: {recvpackets,"tsung_controller@ip-172-31-22-55"} 1 4621.0 0.0 6095 1183 3571.875 8
stats: {sentpackets,"tsung_controller@ip-172-31-22-55"} 1 2161.0 0.0 2816 622 1796.75 8
stats: {cpu,"tsung_controller@ip-172-31-22-55"} 1 3.648915187376726 0.0 5.3097345132743365 2.171767028627838 3.5709502319067497 9
stats: session 8 47470.369079589844 4586.0932079492995 53886.726806640625 4059.490966796875 15800.299699454472 58
stats: users_count 0 159
stats: finish_users_count 8 66
stats: request 493 1764.6454053031503 1015.4248201819962 3793.333984375 9.739013671875 888.0328769694464 3590
stats: connect 0 0 0 171.515869140625 0.808837890625 2.7048877260220126 159
stats: page 465 1878.4302267095095 1180.5177454337243 6279.739990234375 11.487060546875 1010.1171095827792 3149
stats: tr_get_convo_page 0 0 0 3423.10498046875 29.94287109375 1002.0923312205189 159
stats: 302 259 2088
stats: tr_post_submit 0 0 0 3515.56201171875 48.005126953125 1072.6172397061714 159
stats: 200 234 1995
stats: tr_claim_post 8 1084.5870056152344 732.1511324812803 2977.43603515625 18.509033203125 417.09542110048494 58
stats: size_rcv 5726271 43831806
stats: tr_view_post 9 1143.4571126302083 691.6561304849884 2595.160888671875 16.8427734375 424.0600461798199 59
stats: newphase 0 3
stats: tr_send_5_messages_2 9 17644.838433159723 3495.751925688327 22768.47900390625 295.63818359375 4135.397597490731 59
stats: size_sent 374604 3141492
stats: tr_signin_2 35 1744.3268763950894 1126.4457495558288 3593.02490234375 160.69189453125 1019.24616906998 94
stats: connected -8 93
stats: tr_signin_1 0 0 0 3380.245849609375 160.279052734375 1027.890641890232 159
stats: tr_send_5_messages_1 22 19681.50009987571 3323.1973677573465 24690.298095703125 298.31396484375 9032.940818434496 130
stats: tr_create_convo 0 0 0 3106.661865234375 22.06201171875 980.6266214622641 159
# stats: dump at 1479266827
stats: users 55 114
stats: {load,"tsung_controller@ip-172-31-22-55"} 1 0.078125 0.0 0.421875 0.078125 0.221875 10
stats: {freemem,"tsung_controller@ip-172-31-22-55"} 1 3023.78515625 0.0 3065.8984375 3023.78515625 3049.776171875 10
stats: {recvpackets,"tsung_controller@ip-172-31-22-55"} 1 5067.0 0.0 6095 1183 3688.4444444444443 9
stats: {sentpackets,"tsung_controller@ip-172-31-22-55"} 1 2334.0 0.0 2816 622 1837.2222222222222 9
stats: {cpu,"tsung_controller@ip-172-31-22-55"} 1 4.047384007897334 0.0 5.3097345132743365 2.171767028627838 3.578746727453747 10
stats: session 38 53250.66342002467 4072.889728074746 62989.928955078125 4059.490966796875 19639.09598795573 66
stats: users_count 0 159
stats: finish_users_count 38 104
stats: request 526 1499.0883589479852 488.20871584704446 3793.333984375 9.739013671875 993.8790627320024 4083
stats: connect 0 0 0 171.515869140625 0.808837890625 2.7048877260220126 159
stats: page 518 1529.4062495286857 539.994814693185 6279.739990234375 11.487060546875 1121.8397436347798 3614
stats: tr_get_convo_page 0 0 0 3423.10498046875 29.94287109375 1002.0923312205189 159
stats: 302 283 2371
stats: tr_post_submit 0 0 0 3515.56201171875 48.005126953125 1072.6172397061714 159
stats: 200 243 2238
stats: tr_claim_post 36 1358.441697862413 480.05595480813275 2977.43603515625 18.509033203125 498.00349195075756 66
stats: size_rcv 5784960 49616766
stats: tr_view_post 39 1245.4123910757207 462.1459073761361 2595.160888671875 16.8427734375 519.2743637982537 68
stats: newphase 0 3
stats: tr_send_5_messages_2 46 16317.076166567595 3511.2083644072413 23380.48291015625 295.63818359375 5923.411825741038 68
stats: size_sent 394765 3536257
stats: tr_signin_2 30 1619.4307210286458 483.2654500009941 3593.02490234375 160.69189453125 1215.9734927628392 129
stats: connected -36 57
stats: tr_signin_1 0 0 0 3380.245849609375 160.279052734375 1027.890641890232 159
stats: tr_send_5_messages_1 7 21366.858747209822 2063.2964535314954 24690.298095703125 298.31396484375 10574.179661800987 152
stats: tr_create_convo 0 0 0 3106.661865234375 22.06201171875 980.6266214622641 159
# stats: dump at 1479266833
stats: users 0 114
stats: {load,"tsung_controller@ip-172-31-22-55"} 1 0.1484375 0.0 0.421875 0.078125 0.20880681818181818 11
stats: {freemem,"tsung_controller@ip-172-31-22-55"} 1 3023.66796875 0.0 3065.8984375 3023.66796875 3047.4133522727275 11
stats: {recvpackets,"tsung_controller@ip-172-31-22-55"} 1 5146.0 0.0 6095 1183 3826.3 10
stats: {sentpackets,"tsung_controller@ip-172-31-22-55"} 1 2469.0 0.0 2816 622 1886.9 10
stats: {cpu,"tsung_controller@ip-172-31-22-55"} 1 4.621435594886923 0.0 5.3097345132743365 2.171767028627838 3.621350116584982 11
stats: session 55 57585.0694868608 3374.0187324015546 68073.30688476563 4059.490966796875 31920.245626596305 104
stats: users_count 0 159
stats: finish_users_count 55 159
stats: request 320 601.6533584594725 302.15138296714457 3793.333984375 9.739013671875 1051.535840733653 4609
stats: connect 0 0 0 171.515869140625 0.808837890625 2.7048877260220126 159
stats: page 320 601.6533584594725 302.15138296714457 6279.739990234375 11.487060546875 1172.9335117986334 4132
stats: tr_get_convo_page 0 0 0 3423.10498046875 29.94287109375 1002.0923312205189 159
stats: 302 173 2544
stats: tr_post_submit 0 0 0 3515.56201171875 48.005126953125 1072.6172397061714 159
stats: 200 147 2385
stats: tr_claim_post 57 416.6887035704496 288.6969591520077 2977.43603515625 18.509033203125 801.6875646254596 102
stats: size_rcv 2966631 52583397
stats: tr_view_post 52 482.02368633563697 280.27251837496414 2595.160888671875 16.8427734375 783.9414952358352 107
stats: newphase 0 3
stats: tr_send_5_messages_2 45 11338.043712022572 3690.9980056860345 23380.48291015625 295.63818359375 10117.346559758771 114
stats: size_sent 213317 3749574
stats: tr_signin_2 0 0 0 3593.02490234375 160.69189453125 1292.0974980960102 159
stats: connected -57 0
stats: tr_signin_1 0 0 0 3380.245849609375 160.279052734375 1027.890641890232 159
stats: tr_send_5_messages_1 0 0 0 24690.298095703125 298.31396484375 11049.32905549823 159
stats: tr_create_convo 0 0 0 3106.661865234375 22.06201171875 980.6266214622641 159
EndMonitor:{1479,266833,586254}
