# stats: dump at 1479179011
stats: users 32 32
stats: {load,"tsung_controller@ip-172-31-22-165"} 1 0.0 0 0.0 0.0 0 0
stats: {cpu,"tsung_controller@ip-172-31-22-165"} 1 4.1526037010684815 0 4.1526037010684815 4.1526037010684815 0 0
stats: {freemem,"tsung_controller@ip-172-31-22-165"} 1 3064.63671875 0 3064.63671875 3064.63671875 0 0
stats: users_count 32 32
stats: finish_users_count 0 0
stats: request 76 422.2764507092928 423.5794516455571 1406.23193359375 5.18798828125 0 0
stats: connect 31 6.605279737903226 28.983558555569676 165.35107421875 1.0458984375 0 0
stats: page 50 640.59392578125 640.9658917503149 2170.153076171875 8.802001953125 0 0
stats: tr_post_create_time 5 880.059619140625 474.2776460465639 1406.530029296875 42.382080078125 0 0
stats: 302 25 25
stats: tr_signin_1_time 14 865.558855329241 338.8565459892275 1210.06005859375 306.455078125 0 0
stats: 200 44 44
stats: tr_claim_time 1 66.235107421875 0 66.235107421875 66.235107421875 0 0
stats: size_rcv 210934 210934
stats: tr_signin_2_time 1 401.577880859375 0 401.577880859375 401.577880859375 0 0
stats: size_sent 44238 44238
stats: connected 31 31
stats: 500 5 5
stats: 404 2 2
# stats: dump at 1479179021
stats: users 36 40
stats: {load,"tsung_controller@ip-172-31-22-165"} 1 0.0 0.0 0.0 0.0 0.0 1
stats: {recvpackets,"tsung_controller@ip-172-31-22-165"} 1 424 0 424 424 0 0
stats: {sentpackets,"tsung_controller@ip-172-31-22-165"} 1 396 0 396 396 0 0
stats: {cpu,"tsung_controller@ip-172-31-22-165"} 1 3.9254170755642788 0.0 4.1526037010684815 3.9254170755642788 4.1526037010684815 1
stats: {freemem,"tsung_controller@ip-172-31-22-165"} 1 3060.99609375 0.0 3064.63671875 3060.99609375 3064.63671875 1
stats: session 4 14637.187683105469 618.9405398388653 15478.802978515625 13734.411865234375 0 0
stats: users_count 8 40
stats: finish_users_count 4 4
stats: request 165 968.6442663944132 821.4082728275299 3967.373046875 5.18798828125 422.2764507092928 76
stats: connect 9 1.3209635416666667 0.23753610080045778 165.35107421875 1.0458984375 6.605279737903226 31
stats: page 75 2112.8981282552086 1564.1901462710184 5688.89892578125 8.802001953125 640.59392578125 50
stats: tr_post_create_time 23 1260.3363090183423 862.7721310832219 2860.303955078125 42.382080078125 880.059619140625 5
stats: 302 80 105
stats: tr_signin_1_time 25 1497.026533203125 663.8227301769749 3002.14111328125 306.455078125 865.558855329241 14
stats: 200 43 87
stats: tr_claim_time 10 301.544970703125 361.3838815814054 1133.4638671875 32.095947265625 66.235107421875 1
stats: size_rcv 398972 609906
stats: tr_signin_2_time 12 460.01137288411456 501.85508186029443 1454.3291015625 47.8828125 401.577880859375 1
stats: 422 2 2
stats: tr_user_view_time 8 1625.7463684082031 1176.8103549666553 3967.656005859375 453.991943359375 0 0
stats: size_sent 130204 174442
stats: tr_rating_time 2 89.4515380859375 8.1204833984375 97.572021484375 81.3310546875 0 0
stats: connected 7 38
stats: 500 20 25
stats: 404 20 22
# stats: dump at 1479179031
stats: users 8 40
stats: {load,"tsung_controller@ip-172-31-22-165"} 1 0.0 0.0 0.0 0.0 0.0 2
stats: {recvpackets,"tsung_controller@ip-172-31-22-165"} 1 810.0 0.0 810 424 424.0 1
stats: {sentpackets,"tsung_controller@ip-172-31-22-165"} 1 593.0 0.0 593 396 396.0 1
stats: {cpu,"tsung_controller@ip-172-31-22-165"} 1 2.366863905325444 0.0 4.1526037010684815 2.366863905325444 4.03901038831638 2
stats: {freemem,"tsung_controller@ip-172-31-22-165"} 1 3055.35546875 0.0 3064.63671875 3055.35546875 3062.81640625 2
stats: session 28 17547.843662806925 2804.294370450954 23401.738037109375 12927.300048828125 14637.187683105469 4
stats: users_count 0 40
stats: finish_users_count 28 32
stats: request 173 76.90424042630059 143.1937648249629 3967.373046875 4.743896484375 796.3457021119686 241
stats: connect 0 0 0 165.35107421875 1.0458984375 5.41630859375 40
stats: page 97 152.04044680251292 205.99598560827684 5688.89892578125 6.69482421875 1523.9764472656252 125
stats: tr_post_create_time 12 127.08884684244792 102.48417161317835 2860.303955078125 38.22509765625 1192.4297572544642 28
stats: 302 51 156
stats: tr_signin_1_time 1 337.8662109375 0.0 3002.14111328125 306.455078125 1270.3458283253206 39
stats: 200 29 116
stats: tr_claim_time 25 22.086416015625 27.738216745407037 1133.4638671875 5.025146484375 280.15316495028407 11
stats: size_rcv 437360 1047266
stats: tr_signin_2_time 23 33.23129670516305 43.17932475511332 1454.3291015625 6.677001953125 455.51648888221155 13
stats: 422 28 30
stats: tr_user_view_time 28 233.56197684151786 235.9811401347598 3967.656005859375 41.421142578125 1625.7463684082031 8
stats: size_sent 136805 311247
stats: tr_rating_time 28 59.598170689174104 158.89574245683144 851.947998046875 6.784912109375 89.4515380859375 2
stats: connected -28 10
stats: 500 15 40
stats: 404 50 72
# stats: dump at 1479179041
stats: users 0 40
stats: {load,"tsung_controller@ip-172-31-22-165"} 1 0.0 0.0 0.0 0.0 0.0 3
stats: {recvpackets,"tsung_controller@ip-172-31-22-165"} 1 453.0 0.0 810 424 617.0 2
stats: {sentpackets,"tsung_controller@ip-172-31-22-165"} 1 379.0 0.0 593 379 494.5 2
stats: {cpu,"tsung_controller@ip-172-31-22-165"} 1 2.1632251720747298 0.0 4.1526037010684815 2.1632251720747298 3.4816282273194012 3
stats: {freemem,"tsung_controller@ip-172-31-22-165"} 1 3057.421875 0.0 3064.63671875 3055.35546875 3060.3294270833335 3
stats: session 8 24197.795471191406 4699.409207258998 33534.35791015625 12927.300048828125 17184.011665344242 32
stats: users_count 0 40
stats: finish_users_count 8 40
stats: request 26 17.066547100360577 20.578976609273194 3967.373046875 4.743896484375 495.70953575539716 414
stats: connect 0 0 0 165.35107421875 1.0458984375 5.41630859375 40
stats: page 18 24.689466688368057 24.513511630846246 5688.89892578125 6.69482421875 924.5269335497609 222
stats: tr_post_create_time 0 0 0 2860.303955078125 38.22509765625 872.8274841308594 40
stats: 302 4 160
stats: tr_signin_1_time 0 0 0 3002.14111328125 306.455078125 1247.033837890625 40
stats: 200 4 120
stats: tr_claim_time 4 5.54730224609375 0.7017360399342024 1133.4638671875 4.863037109375 100.94014485677081 36
stats: size_rcv 62940 1110206
stats: tr_signin_2_time 4 7.71087646484375 0.6072945261970274 1454.3291015625 6.677001953125 185.72317165798611 36
stats: 422 10 40
stats: tr_user_view_time 4 64.29876708984375 6.955614962932202 3967.656005859375 41.421142578125 542.9362860785591 36
stats: size_sent 21077 332324
stats: tr_rating_time 10 11.495263671875 4.783944779480836 851.947998046875 6.784912109375 61.58839518229167 30
stats: connected -10 0
stats: 500 0 40
stats: 404 8 80
# stats: dump at 1479179043
stats: users 0 40
stats: {load,"tsung_controller@ip-172-31-22-165"} 1 0.0 0.0 0.0 0.0 0.0 4
stats: {recvpackets,"tsung_controller@ip-172-31-22-165"} 1 56.0 0.0 810 56 562.3333333333334 3
stats: {sentpackets,"tsung_controller@ip-172-31-22-165"} 1 48.0 0.0 593 48 456.0 3
stats: {cpu,"tsung_controller@ip-172-31-22-165"} 1 0.6930693069306931 0.0 4.1526037010684815 0.6930693069306931 3.1520274635082335 4
stats: {freemem,"tsung_controller@ip-172-31-22-165"} 1 3057.4921875 0.0 3064.63671875 3055.35546875 3059.6025390625 4
stats: session 0 0 0 33534.35791015625 12927.300048828125 18586.768426513674 40
stats: users_count 0 40
stats: finish_users_count 0 40
stats: request 0 0 0 3967.373046875 4.743896484375 467.42608642578136 440
stats: connect 0 0 0 165.35107421875 1.0458984375 5.41630859375 40
stats: page 0 0 0 5688.89892578125 6.69482421875 857.0391235351564 240
stats: tr_post_create_time 0 0 0 2860.303955078125 38.22509765625 872.8274841308594 40
stats: 302 0 160
stats: tr_signin_1_time 0 0 0 3002.14111328125 306.455078125 1247.033837890625 40
stats: 200 0 120
stats: tr_claim_time 0 0 0 1133.4638671875 4.863037109375 91.40086059570311 40
stats: size_rcv 0 1110206
stats: tr_signin_2_time 0 0 0 1454.3291015625 6.677001953125 167.92194213867188 40
stats: 422 0 40
stats: tr_user_view_time 0 0 0 3967.656005859375 41.421142578125 495.0725341796875 40
stats: size_sent 0 332324
stats: tr_rating_time 0 0 0 851.947998046875 6.784912109375 49.0651123046875 40
stats: connected 0 0
stats: 500 0 40
stats: 404 0 80
EndMonitor:{1479,179043,454018}
