
=INFO REPORT==== 15-Nov-2016::03:03:21 ===
    ts_config_server:(5:<0.72.0>) Config server started, logdir is "/home/ec2-user/.tsung/log/20161115-0303"
 
=INFO REPORT==== 15-Nov-2016::03:03:21 ===
              ts_mon:(5:<0.54.0>) starting monitor, global 

=INFO REPORT==== 15-Nov-2016::03:03:21 ===
           ts_config:(5:<0.72.0>) Reading config file: ./scripts/tsung_signin_post_claim_rate.xml

=INFO REPORT==== 15-Nov-2016::03:03:21 ===
      ts_config_http:(4:<0.72.0>) Get user agent: 100 "Mozilla/5.0 (Windows; U; Windows NT 5.2; fr-FR; rv:1.7.8) Gecko/20050511 Firefox/1.0.4" 

=INFO REPORT==== 15-Nov-2016::03:03:21 ===
           ts_config:(5:<0.72.0>) Session name for id 1 is "http-example"

=INFO REPORT==== 15-Nov-2016::03:03:21 ===
    ts_config_server:(4:<0.72.0>) SYSINFO:Tsung version: 1.6.0

=INFO REPORT==== 15-Nov-2016::03:03:21 ===
    ts_config_server:(4:<0.72.0>) SYSINFO:Erlang version: Erlang R14B04 (erts-5.8.5) [source] [64-bit] [rq:1] [async-threads:8] [kernel-poll:true]


=INFO REPORT==== 15-Nov-2016::03:03:21 ===
    ts_config_server:(4:<0.72.0>) SYSINFO:System architecture x86_64-redhat-linux-gnu

=INFO REPORT==== 15-Nov-2016::03:03:21 ===
    ts_config_server:(4:<0.72.0>) SYSINFO:Current path: /usr/lib/erlang/lib/tsung-1.6.0/ebin/tsung.beam

=INFO REPORT==== 15-Nov-2016::03:03:21 ===
              ts_mon:(5:<0.73.0>) Activate clients with text backend

=INFO REPORT==== 15-Nov-2016::03:03:21 ===
              ts_mon:(5:<0.73.0>) Starting tsung clients on hosts: [localhost]

=INFO REPORT==== 15-Nov-2016::03:03:21 ===
    ts_config_server:(5:<0.72.0>) Start a launcher on the controller beam localhost

=INFO REPORT==== 15-Nov-2016::03:03:21 ===
  ts_launcher_static:(5:<0.128.0>) Launch msg receive ("localhost")

=INFO REPORT==== 15-Nov-2016::03:03:21 ===
         ts_launcher:(5:<0.129.0>) Launch msg receive ("localhost")

=INFO REPORT==== 15-Nov-2016::03:03:21 ===
    ts_config_server:(5:<0.72.0>) All remote beams started, syncing 

=INFO REPORT==== 15-Nov-2016::03:03:21 ===
    ts_config_server:(5:<0.72.0>) Undefined ports_range config 

=INFO REPORT==== 15-Nov-2016::03:03:21 ===
    ts_config_server:(5:<0.72.0>) New arrival phase 1 for client "localhost" (last ? true): will start 40 users

=INFO REPORT==== 15-Nov-2016::03:03:21 ===
         ts_launcher:(5:<0.129.0>) Expected duration of first phase: 10.0 sec (40 users) 

=INFO REPORT==== 15-Nov-2016::03:03:21 ===
         ts_launcher:(5:<0.129.0>) Activate launcher (40 users) in 1154 msec 

=INFO REPORT==== 15-Nov-2016::03:03:24 ===
           ts_search:(5:<0.138.0>) Dyn Var (RE): no Match (varname=post_id), 

=INFO REPORT==== 15-Nov-2016::03:03:24 ===
           ts_search:(5:<0.138.0>) Dyn Var (RE): no Match (varname=authenticity_token), 

=INFO REPORT==== 15-Nov-2016::03:03:28 ===
           ts_search:(5:<0.146.0>) Dyn Var (RE): no Match (varname=post_id), 

=INFO REPORT==== 15-Nov-2016::03:03:29 ===
           ts_search:(5:<0.146.0>) Dyn Var (RE): no Match (varname=authenticity_token), 

=INFO REPORT==== 15-Nov-2016::03:03:30 ===
           ts_search:(5:<0.137.0>) Dyn Var (RE): no Match (varname=post_id), 

=INFO REPORT==== 15-Nov-2016::03:03:30 ===
           ts_search:(5:<0.141.0>) Dyn Var (RE): no Match (varname=post_id), 

=INFO REPORT==== 15-Nov-2016::03:03:30 ===
           ts_search:(5:<0.146.0>) Dyn Var (RE): no Match (varname=authenticity_token), 

=INFO REPORT==== 15-Nov-2016::03:03:30 ===
           ts_search:(5:<0.145.0>) Dyn Var (RE): no Match (varname=post_id), 

=INFO REPORT==== 15-Nov-2016::03:03:30 ===
           ts_search:(5:<0.137.0>) Dyn Var (RE): no Match (varname=authenticity_token), 

=INFO REPORT==== 15-Nov-2016::03:03:30 ===
           ts_search:(5:<0.141.0>) Dyn Var (RE): no Match (varname=authenticity_token), 

=INFO REPORT==== 15-Nov-2016::03:03:30 ===
           ts_search:(5:<0.145.0>) Dyn Var (RE): no Match (varname=authenticity_token), 

=INFO REPORT==== 15-Nov-2016::03:03:31 ===
           ts_search:(5:<0.137.0>) Dyn Var (RE): no Match (varname=authenticity_token), 

=INFO REPORT==== 15-Nov-2016::03:03:31 ===
           ts_search:(5:<0.161.0>) Dyn Var (RE): no Match (varname=post_id), 

=INFO REPORT==== 15-Nov-2016::03:03:32 ===
           ts_search:(5:<0.146.0>) Dyn Var (RE): no Match (varname=authenticity_token), 

=INFO REPORT==== 15-Nov-2016::03:03:32 ===
           ts_search:(5:<0.143.0>) Dyn Var (RE): no Match (varname=post_id), 

=INFO REPORT==== 15-Nov-2016::03:03:32 ===
           ts_search:(5:<0.161.0>) Dyn Var (RE): no Match (varname=authenticity_token), 

=INFO REPORT==== 15-Nov-2016::03:03:32 ===
         ts_launcher:(5:<0.129.0>) This was the last phase, wait for connected users to finish their session

=INFO REPORT==== 15-Nov-2016::03:03:33 ===
           ts_search:(5:<0.149.0>) Dyn Var (RE): no Match (varname=post_id), 

=INFO REPORT==== 15-Nov-2016::03:03:33 ===
           ts_search:(5:<0.137.0>) Dyn Var (RE): no Match (varname=authenticity_token), 

=INFO REPORT==== 15-Nov-2016::03:03:34 ===
           ts_search:(5:<0.142.0>) Dyn Var (RE): no Match (varname=post_id), 

=INFO REPORT==== 15-Nov-2016::03:03:34 ===
           ts_search:(5:<0.145.0>) Dyn Var (RE): no Match (varname=authenticity_token), 

=INFO REPORT==== 15-Nov-2016::03:03:34 ===
           ts_search:(5:<0.143.0>) Dyn Var (RE): no Match (varname=authenticity_token), 

=INFO REPORT==== 15-Nov-2016::03:03:35 ===
           ts_search:(5:<0.139.0>) Dyn Var (RE): no Match (varname=post_id), 

=INFO REPORT==== 15-Nov-2016::03:03:35 ===
           ts_search:(5:<0.157.0>) Dyn Var (RE): no Match (varname=post_id), 

=INFO REPORT==== 15-Nov-2016::03:03:35 ===
           ts_search:(5:<0.133.0>) Dyn Var (RE): no Match (varname=post_id), 

=INFO REPORT==== 15-Nov-2016::03:03:35 ===
           ts_search:(5:<0.147.0>) Dyn Var (RE): no Match (varname=post_id), 

=INFO REPORT==== 15-Nov-2016::03:03:35 ===
           ts_search:(5:<0.138.0>) Dyn Var (RE): no Match (varname=authenticity_token), 

=INFO REPORT==== 15-Nov-2016::03:03:35 ===
           ts_search:(5:<0.150.0>) Dyn Var (RE): no Match (varname=post_id), 

=INFO REPORT==== 15-Nov-2016::03:03:35 ===
           ts_search:(5:<0.149.0>) Dyn Var (RE): no Match (varname=authenticity_token), 

=INFO REPORT==== 15-Nov-2016::03:03:36 ===
           ts_search:(5:<0.142.0>) Dyn Var (RE): no Match (varname=authenticity_token), 

=INFO REPORT==== 15-Nov-2016::03:03:36 ===
           ts_search:(5:<0.151.0>) Dyn Var (RE): no Match (varname=post_id), 

=INFO REPORT==== 15-Nov-2016::03:03:37 ===
           ts_search:(5:<0.144.0>) Dyn Var (RE): no Match (varname=post_id), 

=INFO REPORT==== 15-Nov-2016::03:03:37 ===
           ts_search:(5:<0.139.0>) Dyn Var (RE): no Match (varname=authenticity_token), 

=INFO REPORT==== 15-Nov-2016::03:03:38 ===
           ts_search:(5:<0.152.0>) Dyn Var (RE): no Match (varname=post_id), 

=INFO REPORT==== 15-Nov-2016::03:03:38 ===
           ts_search:(5:<0.157.0>) Dyn Var (RE): no Match (varname=authenticity_token), 

=INFO REPORT==== 15-Nov-2016::03:03:38 ===
           ts_search:(5:<0.133.0>) Dyn Var (RE): no Match (varname=authenticity_token), 

=INFO REPORT==== 15-Nov-2016::03:03:39 ===
           ts_search:(5:<0.147.0>) Dyn Var (RE): no Match (varname=authenticity_token), 

=INFO REPORT==== 15-Nov-2016::03:03:39 ===
           ts_search:(5:<0.150.0>) Dyn Var (RE): no Match (varname=authenticity_token), 

=INFO REPORT==== 15-Nov-2016::03:03:39 ===
           ts_search:(5:<0.136.0>) Dyn Var (RE): no Match (varname=post_id), 

=INFO REPORT==== 15-Nov-2016::03:03:39 ===
           ts_search:(5:<0.145.0>) Dyn Var (RE): no Match (varname=authenticity_token), 

=INFO REPORT==== 15-Nov-2016::03:03:39 ===
           ts_search:(5:<0.148.0>) Dyn Var (RE): no Match (varname=post_id), 

=INFO REPORT==== 15-Nov-2016::03:03:39 ===
           ts_search:(5:<0.138.0>) Dyn Var (RE): no Match (varname=authenticity_token), 

=INFO REPORT==== 15-Nov-2016::03:03:39 ===
           ts_search:(5:<0.154.0>) Dyn Var (RE): no Match (varname=post_id), 

=INFO REPORT==== 15-Nov-2016::03:03:39 ===
           ts_search:(5:<0.144.0>) Dyn Var (RE): no Match (varname=authenticity_token), 

=INFO REPORT==== 15-Nov-2016::03:03:39 ===
           ts_search:(5:<0.151.0>) Dyn Var (RE): no Match (varname=authenticity_token), 

=INFO REPORT==== 15-Nov-2016::03:03:39 ===
           ts_search:(5:<0.139.0>) Dyn Var (RE): no Match (varname=authenticity_token), 

=INFO REPORT==== 15-Nov-2016::03:03:39 ===
           ts_search:(5:<0.152.0>) Dyn Var (RE): no Match (varname=authenticity_token), 

=INFO REPORT==== 15-Nov-2016::03:03:39 ===
           ts_search:(5:<0.182.0>) Dyn Var (RE): no Match (varname=post_id), 

=INFO REPORT==== 15-Nov-2016::03:03:39 ===
           ts_search:(5:<0.136.0>) Dyn Var (RE): no Match (varname=authenticity_token), 

=INFO REPORT==== 15-Nov-2016::03:03:39 ===
           ts_search:(5:<0.143.0>) Dyn Var (RE): no Match (varname=authenticity_token), 

=INFO REPORT==== 15-Nov-2016::03:03:39 ===
           ts_search:(5:<0.165.0>) Dyn Var (RE): no Match (varname=post_id), 

=INFO REPORT==== 15-Nov-2016::03:03:39 ===
           ts_search:(5:<0.148.0>) Dyn Var (RE): no Match (varname=authenticity_token), 

=INFO REPORT==== 15-Nov-2016::03:03:39 ===
           ts_search:(5:<0.154.0>) Dyn Var (RE): no Match (varname=authenticity_token), 

=INFO REPORT==== 15-Nov-2016::03:03:39 ===
           ts_search:(5:<0.162.0>) Dyn Var (RE): no Match (varname=post_id), 

=INFO REPORT==== 15-Nov-2016::03:03:39 ===
           ts_search:(5:<0.179.0>) Dyn Var (RE): no Match (varname=post_id), 

=INFO REPORT==== 15-Nov-2016::03:03:39 ===
           ts_search:(5:<0.156.0>) Dyn Var (RE): no Match (varname=post_id), 

=INFO REPORT==== 15-Nov-2016::03:03:39 ===
           ts_search:(5:<0.141.0>) Dyn Var (RE): no Match (varname=authenticity_token), 

=INFO REPORT==== 15-Nov-2016::03:03:39 ===
           ts_search:(5:<0.182.0>) Dyn Var (RE): no Match (varname=authenticity_token), 

=INFO REPORT==== 15-Nov-2016::03:03:40 ===
           ts_search:(5:<0.149.0>) Dyn Var (RE): no Match (varname=authenticity_token), 

=INFO REPORT==== 15-Nov-2016::03:03:40 ===
           ts_search:(5:<0.165.0>) Dyn Var (RE): no Match (varname=authenticity_token), 

=INFO REPORT==== 15-Nov-2016::03:03:40 ===
           ts_search:(5:<0.162.0>) Dyn Var (RE): no Match (varname=authenticity_token), 

=INFO REPORT==== 15-Nov-2016::03:03:40 ===
           ts_search:(5:<0.179.0>) Dyn Var (RE): no Match (varname=authenticity_token), 

=INFO REPORT==== 15-Nov-2016::03:03:40 ===
           ts_search:(5:<0.156.0>) Dyn Var (RE): no Match (varname=authenticity_token), 

=INFO REPORT==== 15-Nov-2016::03:03:40 ===
           ts_search:(5:<0.148.0>) Dyn Var (RE): no Match (varname=authenticity_token), 

=INFO REPORT==== 15-Nov-2016::03:03:40 ===
           ts_search:(5:<0.139.0>) Dyn Var (RE): no Match (varname=authenticity_token), 

=INFO REPORT==== 15-Nov-2016::03:03:40 ===
           ts_search:(5:<0.150.0>) Dyn Var (RE): no Match (varname=authenticity_token), 

=INFO REPORT==== 15-Nov-2016::03:03:40 ===
           ts_search:(5:<0.157.0>) Dyn Var (RE): no Match (varname=authenticity_token), 

=INFO REPORT==== 15-Nov-2016::03:03:40 ===
           ts_search:(5:<0.143.0>) Dyn Var (RE): no Match (varname=authenticity_token), 

=INFO REPORT==== 15-Nov-2016::03:03:40 ===
           ts_search:(5:<0.141.0>) Dyn Var (RE): no Match (varname=authenticity_token), 

=INFO REPORT==== 15-Nov-2016::03:03:40 ===
           ts_search:(5:<0.149.0>) Dyn Var (RE): no Match (varname=authenticity_token), 

=INFO REPORT==== 15-Nov-2016::03:03:40 ===
           ts_search:(5:<0.178.0>) Dyn Var (RE): no Match (varname=post_id), 

=INFO REPORT==== 15-Nov-2016::03:03:40 ===
           ts_search:(5:<0.166.0>) Dyn Var (RE): no Match (varname=post_id), 

=INFO REPORT==== 15-Nov-2016::03:03:41 ===
           ts_search:(5:<0.164.0>) Dyn Var (RE): no Match (varname=post_id), 

=INFO REPORT==== 15-Nov-2016::03:03:41 ===
           ts_search:(5:<0.148.0>) Dyn Var (RE): no Match (varname=authenticity_token), 

=INFO REPORT==== 15-Nov-2016::03:03:41 ===
           ts_search:(5:<0.150.0>) Dyn Var (RE): no Match (varname=authenticity_token), 

=INFO REPORT==== 15-Nov-2016::03:03:41 ===
           ts_search:(5:<0.144.0>) Dyn Var (RE): no Match (varname=authenticity_token), 

=INFO REPORT==== 15-Nov-2016::03:03:41 ===
           ts_search:(5:<0.142.0>) Dyn Var (RE): no Match (varname=authenticity_token), 

=INFO REPORT==== 15-Nov-2016::03:03:41 ===
           ts_search:(5:<0.166.0>) Dyn Var (RE): no Match (varname=authenticity_token), 

=INFO REPORT==== 15-Nov-2016::03:03:41 ===
           ts_search:(5:<0.178.0>) Dyn Var (RE): no Match (varname=authenticity_token), 

=INFO REPORT==== 15-Nov-2016::03:03:41 ===
           ts_search:(5:<0.156.0>) Dyn Var (RE): no Match (varname=authenticity_token), 

=INFO REPORT==== 15-Nov-2016::03:03:41 ===
           ts_search:(5:<0.164.0>) Dyn Var (RE): no Match (varname=authenticity_token), 

=INFO REPORT==== 15-Nov-2016::03:03:41 ===
           ts_search:(5:<0.140.0>) Dyn Var (RE): no Match (varname=post_id), 

=INFO REPORT==== 15-Nov-2016::03:03:41 ===
           ts_search:(5:<0.140.0>) Dyn Var (RE): no Match (varname=authenticity_token), 

=INFO REPORT==== 15-Nov-2016::03:03:41 ===
           ts_search:(5:<0.157.0>) Dyn Var (RE): no Match (varname=authenticity_token), 

=INFO REPORT==== 15-Nov-2016::03:03:41 ===
           ts_search:(5:<0.156.0>) Dyn Var (RE): no Match (varname=authenticity_token), 

=INFO REPORT==== 15-Nov-2016::03:03:41 ===
           ts_search:(5:<0.144.0>) Dyn Var (RE): no Match (varname=authenticity_token), 

=INFO REPORT==== 15-Nov-2016::03:03:41 ===
           ts_search:(5:<0.142.0>) Dyn Var (RE): no Match (varname=authenticity_token), 

=INFO REPORT==== 15-Nov-2016::03:03:41 ===
           ts_search:(5:<0.182.0>) Dyn Var (RE): no Match (varname=authenticity_token), 

=INFO REPORT==== 15-Nov-2016::03:03:41 ===
           ts_search:(5:<0.182.0>) Dyn Var (RE): no Match (varname=authenticity_token), 

=INFO REPORT==== 15-Nov-2016::03:03:41 ===
           ts_search:(5:<0.155.0>) Dyn Var (RE): no Match (varname=post_id), 

=INFO REPORT==== 15-Nov-2016::03:03:41 ===
           ts_search:(5:<0.155.0>) Dyn Var (RE): no Match (varname=authenticity_token), 

=INFO REPORT==== 15-Nov-2016::03:03:41 ===
           ts_search:(5:<0.183.0>) Dyn Var (RE): no Match (varname=post_id), 

=INFO REPORT==== 15-Nov-2016::03:03:41 ===
           ts_search:(5:<0.183.0>) Dyn Var (RE): no Match (varname=authenticity_token), 

=INFO REPORT==== 15-Nov-2016::03:03:41 ===
           ts_search:(5:<0.140.0>) Dyn Var (RE): no Match (varname=authenticity_token), 

=INFO REPORT==== 15-Nov-2016::03:03:42 ===
           ts_search:(5:<0.160.0>) Dyn Var (RE): no Match (varname=post_id), 

=INFO REPORT==== 15-Nov-2016::03:03:42 ===
           ts_search:(5:<0.160.0>) Dyn Var (RE): no Match (varname=authenticity_token), 

=INFO REPORT==== 15-Nov-2016::03:03:42 ===
           ts_search:(5:<0.140.0>) Dyn Var (RE): no Match (varname=authenticity_token), 

=INFO REPORT==== 15-Nov-2016::03:03:42 ===
           ts_search:(5:<0.160.0>) Dyn Var (RE): no Match (varname=authenticity_token), 

=INFO REPORT==== 15-Nov-2016::03:03:42 ===
           ts_search:(5:<0.158.0>) Dyn Var (RE): no Match (varname=post_id), 

=INFO REPORT==== 15-Nov-2016::03:03:42 ===
           ts_search:(5:<0.158.0>) Dyn Var (RE): no Match (varname=authenticity_token), 

=INFO REPORT==== 15-Nov-2016::03:03:42 ===
           ts_search:(5:<0.160.0>) Dyn Var (RE): no Match (varname=authenticity_token), 

=INFO REPORT==== 15-Nov-2016::03:03:42 ===
           ts_search:(5:<0.165.0>) Dyn Var (RE): no Match (varname=authenticity_token), 

=INFO REPORT==== 15-Nov-2016::03:03:42 ===
           ts_search:(5:<0.165.0>) Dyn Var (RE): no Match (varname=authenticity_token), 

=INFO REPORT==== 15-Nov-2016::03:03:42 ===
           ts_search:(5:<0.133.0>) Dyn Var (RE): no Match (varname=authenticity_token), 

=INFO REPORT==== 15-Nov-2016::03:03:42 ===
           ts_search:(5:<0.133.0>) Dyn Var (RE): no Match (varname=authenticity_token), 

=INFO REPORT==== 15-Nov-2016::03:03:43 ===
           ts_search:(5:<0.153.0>) Dyn Var (RE): no Match (varname=post_id), 

=INFO REPORT==== 15-Nov-2016::03:03:43 ===
           ts_search:(5:<0.153.0>) Dyn Var (RE): no Match (varname=authenticity_token), 

=INFO REPORT==== 15-Nov-2016::03:03:43 ===
           ts_search:(5:<0.180.0>) Dyn Var (RE): no Match (varname=post_id), 

=INFO REPORT==== 15-Nov-2016::03:03:43 ===
           ts_search:(5:<0.136.0>) Dyn Var (RE): no Match (varname=authenticity_token), 

=INFO REPORT==== 15-Nov-2016::03:03:43 ===
           ts_search:(5:<0.180.0>) Dyn Var (RE): no Match (varname=authenticity_token), 

=INFO REPORT==== 15-Nov-2016::03:03:43 ===
           ts_search:(5:<0.178.0>) Dyn Var (RE): no Match (varname=authenticity_token), 

=INFO REPORT==== 15-Nov-2016::03:03:43 ===
           ts_search:(5:<0.177.0>) Dyn Var (RE): no Match (varname=post_id), 

=INFO REPORT==== 15-Nov-2016::03:03:43 ===
           ts_search:(5:<0.158.0>) Dyn Var (RE): no Match (varname=authenticity_token), 

=INFO REPORT==== 15-Nov-2016::03:03:43 ===
           ts_search:(5:<0.177.0>) Dyn Var (RE): no Match (varname=authenticity_token), 

=INFO REPORT==== 15-Nov-2016::03:03:43 ===
           ts_search:(5:<0.164.0>) Dyn Var (RE): no Match (varname=authenticity_token), 

=INFO REPORT==== 15-Nov-2016::03:03:44 ===
           ts_search:(5:<0.136.0>) Dyn Var (RE): no Match (varname=authenticity_token), 

=INFO REPORT==== 15-Nov-2016::03:03:44 ===
           ts_search:(5:<0.168.0>) Dyn Var (RE): no Match (varname=post_id), 

=INFO REPORT==== 15-Nov-2016::03:03:44 ===
           ts_search:(5:<0.159.0>) Dyn Var (RE): no Match (varname=post_id), 

=INFO REPORT==== 15-Nov-2016::03:03:44 ===
           ts_search:(5:<0.168.0>) Dyn Var (RE): no Match (varname=authenticity_token), 

=INFO REPORT==== 15-Nov-2016::03:03:44 ===
           ts_search:(5:<0.158.0>) Dyn Var (RE): no Match (varname=authenticity_token), 

=INFO REPORT==== 15-Nov-2016::03:03:44 ===
           ts_search:(5:<0.155.0>) Dyn Var (RE): no Match (varname=authenticity_token), 

=INFO REPORT==== 15-Nov-2016::03:03:44 ===
           ts_search:(5:<0.164.0>) Dyn Var (RE): no Match (varname=authenticity_token), 

=INFO REPORT==== 15-Nov-2016::03:03:44 ===
           ts_search:(5:<0.178.0>) Dyn Var (RE): no Match (varname=authenticity_token), 

=INFO REPORT==== 15-Nov-2016::03:03:44 ===
           ts_search:(5:<0.159.0>) Dyn Var (RE): no Match (varname=authenticity_token), 

=INFO REPORT==== 15-Nov-2016::03:03:44 ===
           ts_search:(5:<0.159.0>) Dyn Var (RE): no Match (varname=authenticity_token), 

=INFO REPORT==== 15-Nov-2016::03:03:44 ===
           ts_search:(5:<0.155.0>) Dyn Var (RE): no Match (varname=authenticity_token), 

=INFO REPORT==== 15-Nov-2016::03:03:44 ===
           ts_search:(5:<0.162.0>) Dyn Var (RE): no Match (varname=authenticity_token), 

=INFO REPORT==== 15-Nov-2016::03:03:44 ===
           ts_search:(5:<0.159.0>) Dyn Var (RE): no Match (varname=authenticity_token), 

=INFO REPORT==== 15-Nov-2016::03:03:44 ===
           ts_search:(5:<0.162.0>) Dyn Var (RE): no Match (varname=authenticity_token), 

=INFO REPORT==== 15-Nov-2016::03:03:44 ===
           ts_search:(5:<0.151.0>) Dyn Var (RE): no Match (varname=authenticity_token), 

=INFO REPORT==== 15-Nov-2016::03:03:44 ===
           ts_search:(5:<0.151.0>) Dyn Var (RE): no Match (varname=authenticity_token), 

=INFO REPORT==== 15-Nov-2016::03:03:45 ===
           ts_search:(5:<0.147.0>) Dyn Var (RE): no Match (varname=authenticity_token), 

=INFO REPORT==== 15-Nov-2016::03:03:45 ===
           ts_search:(5:<0.168.0>) Dyn Var (RE): no Match (varname=authenticity_token), 

=INFO REPORT==== 15-Nov-2016::03:03:45 ===
           ts_search:(5:<0.147.0>) Dyn Var (RE): no Match (varname=authenticity_token), 

=INFO REPORT==== 15-Nov-2016::03:03:45 ===
           ts_search:(5:<0.168.0>) Dyn Var (RE): no Match (varname=authenticity_token), 

=INFO REPORT==== 15-Nov-2016::03:03:45 ===
           ts_search:(5:<0.163.0>) Dyn Var (RE): no Match (varname=post_id), 

=INFO REPORT==== 15-Nov-2016::03:03:45 ===
           ts_search:(5:<0.163.0>) Dyn Var (RE): no Match (varname=authenticity_token), 

=INFO REPORT==== 15-Nov-2016::03:03:46 ===
           ts_search:(5:<0.177.0>) Dyn Var (RE): no Match (varname=authenticity_token), 

=INFO REPORT==== 15-Nov-2016::03:03:46 ===
           ts_search:(5:<0.177.0>) Dyn Var (RE): no Match (varname=authenticity_token), 

=INFO REPORT==== 15-Nov-2016::03:03:46 ===
           ts_search:(5:<0.181.0>) Dyn Var (RE): no Match (varname=post_id), 

=INFO REPORT==== 15-Nov-2016::03:03:46 ===
           ts_search:(5:<0.181.0>) Dyn Var (RE): no Match (varname=authenticity_token), 

=INFO REPORT==== 15-Nov-2016::03:03:47 ===
           ts_search:(5:<0.166.0>) Dyn Var (RE): no Match (varname=authenticity_token), 

=INFO REPORT==== 15-Nov-2016::03:03:47 ===
           ts_search:(5:<0.166.0>) Dyn Var (RE): no Match (varname=authenticity_token), 

=INFO REPORT==== 15-Nov-2016::03:03:47 ===
           ts_search:(5:<0.153.0>) Dyn Var (RE): no Match (varname=authenticity_token), 

=INFO REPORT==== 15-Nov-2016::03:03:47 ===
           ts_search:(5:<0.153.0>) Dyn Var (RE): no Match (varname=authenticity_token), 

=INFO REPORT==== 15-Nov-2016::03:03:47 ===
           ts_search:(5:<0.183.0>) Dyn Var (RE): no Match (varname=authenticity_token), 

=INFO REPORT==== 15-Nov-2016::03:03:48 ===
           ts_search:(5:<0.161.0>) Dyn Var (RE): no Match (varname=authenticity_token), 

=INFO REPORT==== 15-Nov-2016::03:03:48 ===
           ts_search:(5:<0.183.0>) Dyn Var (RE): no Match (varname=authenticity_token), 

=INFO REPORT==== 15-Nov-2016::03:03:48 ===
           ts_search:(5:<0.161.0>) Dyn Var (RE): no Match (varname=authenticity_token), 

=INFO REPORT==== 15-Nov-2016::03:03:48 ===
           ts_search:(5:<0.163.0>) Dyn Var (RE): no Match (varname=authenticity_token), 

=INFO REPORT==== 15-Nov-2016::03:03:48 ===
           ts_search:(5:<0.163.0>) Dyn Var (RE): no Match (varname=authenticity_token), 

=INFO REPORT==== 15-Nov-2016::03:03:49 ===
           ts_search:(5:<0.181.0>) Dyn Var (RE): no Match (varname=authenticity_token), 

=INFO REPORT==== 15-Nov-2016::03:03:49 ===
           ts_search:(5:<0.181.0>) Dyn Var (RE): no Match (varname=authenticity_token), 

=INFO REPORT==== 15-Nov-2016::03:03:51 ===
           ts_search:(5:<0.180.0>) Dyn Var (RE): no Match (varname=authenticity_token), 

=INFO REPORT==== 15-Nov-2016::03:03:51 ===
           ts_search:(5:<0.180.0>) Dyn Var (RE): no Match (varname=authenticity_token), 

=INFO REPORT==== 15-Nov-2016::03:03:52 ===
           ts_search:(5:<0.179.0>) Dyn Var (RE): no Match (varname=authenticity_token), 

=INFO REPORT==== 15-Nov-2016::03:03:52 ===
           ts_search:(5:<0.179.0>) Dyn Var (RE): no Match (varname=authenticity_token), 

=INFO REPORT==== 15-Nov-2016::03:03:53 ===
           ts_search:(5:<0.154.0>) Dyn Var (RE): no Match (varname=authenticity_token), 

=INFO REPORT==== 15-Nov-2016::03:03:53 ===
           ts_search:(5:<0.154.0>) Dyn Var (RE): no Match (varname=authenticity_token), 

=INFO REPORT==== 15-Nov-2016::03:03:59 ===
           ts_search:(5:<0.152.0>) Dyn Var (RE): no Match (varname=authenticity_token), 

=INFO REPORT==== 15-Nov-2016::03:03:59 ===
           ts_search:(5:<0.152.0>) Dyn Var (RE): no Match (varname=authenticity_token), 

=INFO REPORT==== 15-Nov-2016::03:04:02 ===
     ts_launcher_mgr:(5:<0.123.0>) No more active users 'tsung_controller@ip-172-31-22-165' "7280"
