Started GET "/" for ::1 at 2016-10-01 22:27:56 -0700
Processing by Rails::WelcomeController#index as HTML
  Parameters: {"internal"=>true}
  Rendering /Users/ajmagat/.rvm/gems/ruby-2.3.1/gems/railties-5.0.0.1/lib/rails/templates/rails/welcome/index.html.erb
  Rendered /Users/ajmagat/.rvm/gems/ruby-2.3.1/gems/railties-5.0.0.1/lib/rails/templates/rails/welcome/index.html.erb (3.5ms)
Completed 200 OK in 19ms (Views: 8.1ms | ActiveRecord: 0.0ms)


Started GET "/" for ::1 at 2016-10-02 19:12:32 -0700
Processing by ApplicationController#home as HTML
  Rendering html template
  Rendered html template (0.0ms)
Completed 200 OK in 17ms (Views: 9.7ms | ActiveRecord: 0.0ms)


Started GET "/index" for ::1 at 2016-10-02 19:12:40 -0700
  
ActionController::RoutingError (No route matches [GET] "/index"):
  
actionpack (5.0.0.1) lib/action_dispatch/middleware/debug_exceptions.rb:53:in `call'
web-console (3.3.1) lib/web_console/middleware.rb:131:in `call_app'
web-console (3.3.1) lib/web_console/middleware.rb:28:in `block in call'
web-console (3.3.1) lib/web_console/middleware.rb:18:in `catch'
web-console (3.3.1) lib/web_console/middleware.rb:18:in `call'
actionpack (5.0.0.1) lib/action_dispatch/middleware/show_exceptions.rb:31:in `call'
railties (5.0.0.1) lib/rails/rack/logger.rb:36:in `call_app'
railties (5.0.0.1) lib/rails/rack/logger.rb:24:in `block in call'
activesupport (5.0.0.1) lib/active_support/tagged_logging.rb:70:in `block in tagged'
activesupport (5.0.0.1) lib/active_support/tagged_logging.rb:26:in `tagged'
activesupport (5.0.0.1) lib/active_support/tagged_logging.rb:70:in `tagged'
railties (5.0.0.1) lib/rails/rack/logger.rb:24:in `call'
sprockets-rails (3.2.0) lib/sprockets/rails/quiet_assets.rb:13:in `call'
actionpack (5.0.0.1) lib/action_dispatch/middleware/request_id.rb:24:in `call'
rack (2.0.1) lib/rack/method_override.rb:22:in `call'
rack (2.0.1) lib/rack/runtime.rb:22:in `call'
activesupport (5.0.0.1) lib/active_support/cache/strategy/local_cache_middleware.rb:28:in `call'
actionpack (5.0.0.1) lib/action_dispatch/middleware/executor.rb:12:in `call'
actionpack (5.0.0.1) lib/action_dispatch/middleware/static.rb:136:in `call'
rack (2.0.1) lib/rack/sendfile.rb:111:in `call'
railties (5.0.0.1) lib/rails/engine.rb:522:in `call'
puma (3.6.0) lib/puma/configuration.rb:225:in `call'
puma (3.6.0) lib/puma/server.rb:578:in `handle_request'
puma (3.6.0) lib/puma/server.rb:415:in `process_client'
puma (3.6.0) lib/puma/server.rb:275:in `block in run'
puma (3.6.0) lib/puma/thread_pool.rb:116:in `block in spawn_thread'
  Rendering /Users/ajmagat/.rvm/gems/ruby-2.3.1/gems/actionpack-5.0.0.1/lib/action_dispatch/middleware/templates/rescues/routing_error.html.erb within rescues/layout
  Rendering /Users/ajmagat/.rvm/gems/ruby-2.3.1/gems/actionpack-5.0.0.1/lib/action_dispatch/middleware/templates/rescues/_trace.html.erb
  Rendered /Users/ajmagat/.rvm/gems/ruby-2.3.1/gems/actionpack-5.0.0.1/lib/action_dispatch/middleware/templates/rescues/_trace.html.erb (1.1ms)
  Rendered collection of /Users/ajmagat/.rvm/gems/ruby-2.3.1/gems/actionpack-5.0.0.1/lib/action_dispatch/middleware/templates/routes/_route.html.erb [1 times] (7.1ms)
  Rendered /Users/ajmagat/.rvm/gems/ruby-2.3.1/gems/actionpack-5.0.0.1/lib/action_dispatch/middleware/templates/routes/_table.html.erb (6.8ms)
  Rendering /Users/ajmagat/.rvm/gems/ruby-2.3.1/gems/actionpack-5.0.0.1/lib/action_dispatch/middleware/templates/rescues/_request_and_response.html.erb
  Rendered /Users/ajmagat/.rvm/gems/ruby-2.3.1/gems/actionpack-5.0.0.1/lib/action_dispatch/middleware/templates/rescues/_request_and_response.html.erb (0.8ms)
  Rendered /Users/ajmagat/.rvm/gems/ruby-2.3.1/gems/actionpack-5.0.0.1/lib/action_dispatch/middleware/templates/rescues/routing_error.html.erb within rescues/layout (75.0ms)
Started GET "/main/home" for ::1 at 2016-10-02 21:48:56 -0700
Processing by MainController#home as HTML
  Rendering main/home.html.erb within layouts/application
  Rendered main/home.html.erb within layouts/application (1.3ms)
Completed 200 OK in 711ms (Views: 700.4ms | ActiveRecord: 0.0ms)


Started GET "/" for ::1 at 2016-10-02 21:50:13 -0700
Processing by MainController#home as HTML
  Rendering main/home.html.erb within layouts/application
  Rendered main/home.html.erb within layouts/application (0.9ms)
Completed 200 OK in 209ms (Views: 200.8ms | ActiveRecord: 0.0ms)


Started GET "/help" for ::1 at 2016-10-02 21:50:19 -0700
  
ActionController::RoutingError (No route matches [GET] "/help"):
  
actionpack (5.0.0.1) lib/action_dispatch/middleware/debug_exceptions.rb:53:in `call'
web-console (3.3.1) lib/web_console/middleware.rb:131:in `call_app'
web-console (3.3.1) lib/web_console/middleware.rb:28:in `block in call'
web-console (3.3.1) lib/web_console/middleware.rb:18:in `catch'
web-console (3.3.1) lib/web_console/middleware.rb:18:in `call'
actionpack (5.0.0.1) lib/action_dispatch/middleware/show_exceptions.rb:31:in `call'
railties (5.0.0.1) lib/rails/rack/logger.rb:36:in `call_app'
railties (5.0.0.1) lib/rails/rack/logger.rb:24:in `block in call'
activesupport (5.0.0.1) lib/active_support/tagged_logging.rb:70:in `block in tagged'
activesupport (5.0.0.1) lib/active_support/tagged_logging.rb:26:in `tagged'
activesupport (5.0.0.1) lib/active_support/tagged_logging.rb:70:in `tagged'
railties (5.0.0.1) lib/rails/rack/logger.rb:24:in `call'
sprockets-rails (3.2.0) lib/sprockets/rails/quiet_assets.rb:13:in `call'
actionpack (5.0.0.1) lib/action_dispatch/middleware/request_id.rb:24:in `call'
rack (2.0.1) lib/rack/method_override.rb:22:in `call'
rack (2.0.1) lib/rack/runtime.rb:22:in `call'
activesupport (5.0.0.1) lib/active_support/cache/strategy/local_cache_middleware.rb:28:in `call'
actionpack (5.0.0.1) lib/action_dispatch/middleware/executor.rb:12:in `call'
actionpack (5.0.0.1) lib/action_dispatch/middleware/static.rb:136:in `call'
rack (2.0.1) lib/rack/sendfile.rb:111:in `call'
railties (5.0.0.1) lib/rails/engine.rb:522:in `call'
puma (3.6.0) lib/puma/configuration.rb:225:in `call'
puma (3.6.0) lib/puma/server.rb:578:in `handle_request'
puma (3.6.0) lib/puma/server.rb:415:in `process_client'
puma (3.6.0) lib/puma/server.rb:275:in `block in run'
puma (3.6.0) lib/puma/thread_pool.rb:116:in `block in spawn_thread'
  Rendering /Users/ajmagat/.rvm/gems/ruby-2.3.1/gems/actionpack-5.0.0.1/lib/action_dispatch/middleware/templates/rescues/routing_error.html.erb within rescues/layout
  Rendering /Users/ajmagat/.rvm/gems/ruby-2.3.1/gems/actionpack-5.0.0.1/lib/action_dispatch/middleware/templates/rescues/_trace.html.erb
  Rendered /Users/ajmagat/.rvm/gems/ruby-2.3.1/gems/actionpack-5.0.0.1/lib/action_dispatch/middleware/templates/rescues/_trace.html.erb (0.9ms)
  Rendered collection of /Users/ajmagat/.rvm/gems/ruby-2.3.1/gems/actionpack-5.0.0.1/lib/action_dispatch/middleware/templates/routes/_route.html.erb [4 times] (2.1ms)
  Rendered /Users/ajmagat/.rvm/gems/ruby-2.3.1/gems/actionpack-5.0.0.1/lib/action_dispatch/middleware/templates/routes/_table.html.erb (5.5ms)
  Rendering /Users/ajmagat/.rvm/gems/ruby-2.3.1/gems/actionpack-5.0.0.1/lib/action_dispatch/middleware/templates/rescues/_request_and_response.html.erb
  Rendered /Users/ajmagat/.rvm/gems/ruby-2.3.1/gems/actionpack-5.0.0.1/lib/action_dispatch/middleware/templates/rescues/_request_and_response.html.erb (1.0ms)
  Rendered /Users/ajmagat/.rvm/gems/ruby-2.3.1/gems/actionpack-5.0.0.1/lib/action_dispatch/middleware/templates/rescues/routing_error.html.erb within rescues/layout (69.4ms)
Started GET "/main/help" for ::1 at 2016-10-02 21:50:29 -0700
Processing by MainController#help as HTML
  Rendering main/help.html.erb within layouts/application
  Rendered main/help.html.erb within layouts/application (0.2ms)
Completed 200 OK in 15ms (Views: 13.2ms | ActiveRecord: 0.0ms)


Started GET "/main/home" for ::1 at 2016-10-02 21:50:36 -0700
Processing by MainController#home as HTML
  Rendering main/home.html.erb within layouts/application
  Rendered main/home.html.erb within layouts/application (0.2ms)
Completed 200 OK in 13ms (Views: 12.0ms | ActiveRecord: 0.0ms)


Started GET "/" for ::1 at 2016-10-02 21:50:40 -0700
Processing by MainController#home as HTML
  Rendering main/home.html.erb within layouts/application
  Rendered main/home.html.erb within layouts/application (0.2ms)
Completed 200 OK in 14ms (Views: 13.0ms | ActiveRecord: 0.0ms)


Started GET "/" for ::1 at 2016-10-02 23:43:55 -0700
Processing by MainController#home as HTML
  Rendering main/home.html.erb within layouts/application
  Rendered main/home.html.erb within layouts/application (0.8ms)
Completed 200 OK in 198ms (Views: 190.0ms | ActiveRecord: 0.0ms)


Started GET "/" for ::1 at 2016-10-02 23:46:32 -0700
Processing by MainController#home as HTML
  Rendering main/home.html.erb within layouts/application
  Rendered main/home.html.erb within layouts/application (1.0ms)
Completed 200 OK in 206ms (Views: 197.5ms | ActiveRecord: 0.0ms)


Started GET "/" for ::1 at 2016-10-02 23:46:34 -0700
Processing by MainController#home as HTML
  Rendering main/home.html.erb within layouts/application
  Rendered main/home.html.erb within layouts/application (0.3ms)
Completed 200 OK in 14ms (Views: 12.2ms | ActiveRecord: 0.0ms)


Started GET "/main/help" for ::1 at 2016-10-02 23:46:36 -0700
Processing by MainController#help as HTML
  Rendering main/help.html.erb within layouts/application
  Rendered main/help.html.erb within layouts/application (0.3ms)
Completed 200 OK in 16ms (Views: 14.5ms | ActiveRecord: 0.0ms)


Started GET "/" for ::1 at 2016-10-02 23:49:11 -0700
Processing by MainController#home as HTML
  Rendering main/home.html.erb within layouts/application
  Rendered main/home.html.erb within layouts/application (0.9ms)
Completed 200 OK in 213ms (Views: 203.7ms | ActiveRecord: 0.0ms)


Started GET "/main/about" for ::1 at 2016-10-02 23:49:13 -0700
Processing by MainController#about as HTML
  Rendering main/about.html.erb within layouts/application
  Rendered main/about.html.erb within layouts/application (0.3ms)
Completed 200 OK in 17ms (Views: 15.1ms | ActiveRecord: 0.0ms)


Started GET "/main/home" for ::1 at 2016-10-02 23:49:14 -0700
Processing by MainController#home as HTML
  Rendering main/home.html.erb within layouts/application
  Rendered main/home.html.erb within layouts/application (0.3ms)
Completed 200 OK in 15ms (Views: 13.8ms | ActiveRecord: 0.0ms)


Started GET "/main/home" for ::1 at 2016-10-02 23:50:06 -0700
Processing by MainController#home as HTML
  Rendering main/home.html.erb within layouts/application
  Rendered main/home.html.erb within layouts/application (1.2ms)
Completed 200 OK in 195ms (Views: 187.2ms | ActiveRecord: 0.0ms)


Started GET "/main/about" for ::1 at 2016-10-02 23:50:08 -0700
Processing by MainController#about as HTML
  Rendering main/about.html.erb within layouts/application
  Rendered main/about.html.erb within layouts/application (0.3ms)
Completed 200 OK in 19ms (Views: 16.7ms | ActiveRecord: 0.0ms)


Started GET "/main/home" for ::1 at 2016-10-02 23:50:10 -0700
Processing by MainController#home as HTML
  Rendering main/home.html.erb within layouts/application
  Rendered main/home.html.erb within layouts/application (0.3ms)
Completed 200 OK in 16ms (Views: 14.3ms | ActiveRecord: 0.0ms)


Started GET "/main/help" for ::1 at 2016-10-02 23:50:11 -0700
Processing by MainController#help as HTML
  Rendering main/help.html.erb within layouts/application
  Rendered main/help.html.erb within layouts/application (0.3ms)
Completed 200 OK in 15ms (Views: 13.7ms | ActiveRecord: 0.0ms)


Started GET "/main/about" for ::1 at 2016-10-02 23:50:13 -0700
Processing by MainController#about as HTML
  Rendering main/about.html.erb within layouts/application
  Rendered main/about.html.erb within layouts/application (0.3ms)
Completed 200 OK in 20ms (Views: 18.1ms | ActiveRecord: 0.0ms)


Started GET "/main/home" for ::1 at 2016-10-02 23:50:13 -0700
Processing by MainController#home as HTML
  Rendering main/home.html.erb within layouts/application
  Rendered main/home.html.erb within layouts/application (0.2ms)
Completed 200 OK in 36ms (Views: 34.2ms | ActiveRecord: 0.0ms)


Started GET "/main/about" for ::1 at 2016-10-02 23:50:14 -0700
Processing by MainController#about as HTML
  Rendering main/about.html.erb within layouts/application
  Rendered main/about.html.erb within layouts/application (0.4ms)
Completed 200 OK in 20ms (Views: 19.0ms | ActiveRecord: 0.0ms)


Started GET "/main/about" for ::1 at 2016-10-02 23:54:03 -0700
Processing by MainController#about as HTML
  Rendering main/about.html.erb within layouts/application
  Rendered main/about.html.erb within layouts/application (1.3ms)
Completed 200 OK in 210ms (Views: 201.3ms | ActiveRecord: 0.0ms)


Started GET "/main/about" for ::1 at 2016-10-02 23:56:19 -0700
Processing by MainController#about as HTML
  Rendering main/about.html.erb within layouts/application
  Rendered main/about.html.erb within layouts/application (1.2ms)
Completed 200 OK in 218ms (Views: 209.1ms | ActiveRecord: 0.0ms)


Started GET "/main/help" for ::1 at 2016-10-02 23:56:24 -0700
Processing by MainController#help as HTML
  Rendering main/help.html.erb within layouts/application
  Rendered main/help.html.erb within layouts/application (0.3ms)
Completed 200 OK in 15ms (Views: 13.4ms | ActiveRecord: 0.0ms)


Started GET "/main/home" for ::1 at 2016-10-02 23:56:27 -0700
Processing by MainController#home as HTML
  Rendering main/home.html.erb within layouts/application
  Rendered main/home.html.erb within layouts/application (0.5ms)
Completed 200 OK in 17ms (Views: 15.8ms | ActiveRecord: 0.0ms)


Started GET "/main/about" for ::1 at 2016-10-02 23:56:28 -0700
Processing by MainController#about as HTML
  Rendering main/about.html.erb within layouts/application
  Rendered main/about.html.erb within layouts/application (0.6ms)
Completed 200 OK in 16ms (Views: 14.6ms | ActiveRecord: 0.0ms)


Started GET "/main/help" for ::1 at 2016-10-02 23:56:29 -0700
Processing by MainController#help as HTML
  Rendering main/help.html.erb within layouts/application
  Rendered main/help.html.erb within layouts/application (0.3ms)
Completed 200 OK in 18ms (Views: 16.5ms | ActiveRecord: 0.0ms)


Started GET "/main/help" for ::1 at 2016-10-02 23:56:52 -0700
Processing by MainController#help as HTML
  Rendering main/help.html.erb within layouts/application
  Rendered main/help.html.erb within layouts/application (0.3ms)
Completed 200 OK in 36ms (Views: 34.8ms | ActiveRecord: 0.0ms)


Started GET "/main/home" for ::1 at 2016-10-02 23:56:54 -0700
Processing by MainController#home as HTML
  Rendering main/home.html.erb within layouts/application
  Rendered main/home.html.erb within layouts/application (0.3ms)
Completed 200 OK in 22ms (Views: 20.1ms | ActiveRecord: 0.0ms)


Started GET "/main/about" for ::1 at 2016-10-02 23:56:54 -0700
Processing by MainController#about as HTML
  Rendering main/about.html.erb within layouts/application
  Rendered main/about.html.erb within layouts/application (0.4ms)
Completed 200 OK in 19ms (Views: 16.9ms | ActiveRecord: 0.0ms)


Started GET "/main/help" for ::1 at 2016-10-02 23:56:55 -0700
Processing by MainController#help as HTML
  Rendering main/help.html.erb within layouts/application
  Rendered main/help.html.erb within layouts/application (0.5ms)
Completed 200 OK in 27ms (Views: 25.5ms | ActiveRecord: 0.0ms)


Started GET "/main/home" for ::1 at 2016-10-02 23:57:32 -0700
Processing by MainController#home as HTML
  Rendering main/home.html.erb within layouts/application
  Rendered main/home.html.erb within layouts/application (0.3ms)
Completed 200 OK in 24ms (Views: 22.4ms | ActiveRecord: 0.0ms)


Started GET "/main/about" for ::1 at 2016-10-02 23:57:33 -0700
Processing by MainController#about as HTML
  Rendering main/about.html.erb within layouts/application
  Rendered main/about.html.erb within layouts/application (0.3ms)
Completed 200 OK in 27ms (Views: 24.4ms | ActiveRecord: 0.0ms)


Started GET "/main/help" for ::1 at 2016-10-02 23:57:34 -0700
Processing by MainController#help as HTML
  Rendering main/help.html.erb within layouts/application
  Rendered main/help.html.erb within layouts/application (0.7ms)
Completed 200 OK in 22ms (Views: 20.4ms | ActiveRecord: 0.0ms)


Started GET "/" for ::1 at 2016-10-05 17:01:52 -0700
Processing by MainController#home as HTML
  Rendering main/home.html.erb within layouts/application
  Rendered main/home.html.erb within layouts/application (1.8ms)
Completed 200 OK in 227ms (Views: 217.8ms | ActiveRecord: 0.0ms)


Started GET "/main/about" for ::1 at 2016-10-05 17:02:51 -0700
Processing by MainController#about as HTML
  Rendering main/about.html.erb within layouts/application
  Rendered main/about.html.erb within layouts/application (0.3ms)
Completed 200 OK in 18ms (Views: 15.4ms | ActiveRecord: 0.0ms)


Started GET "/main/help" for ::1 at 2016-10-05 17:02:52 -0700
Processing by MainController#help as HTML
  Rendering main/help.html.erb within layouts/application
  Rendered main/help.html.erb within layouts/application (0.3ms)
Completed 200 OK in 17ms (Views: 14.4ms | ActiveRecord: 0.0ms)


Started GET "/main/about" for ::1 at 2016-10-05 17:02:54 -0700
Processing by MainController#about as HTML
  Rendering main/about.html.erb within layouts/application
  Rendered main/about.html.erb within layouts/application (0.4ms)
Completed 200 OK in 16ms (Views: 14.3ms | ActiveRecord: 0.0ms)


Started GET "/main/home" for ::1 at 2016-10-05 17:02:55 -0700
Processing by MainController#home as HTML
  Rendering main/home.html.erb within layouts/application
  Rendered main/home.html.erb within layouts/application (0.4ms)
Completed 200 OK in 15ms (Views: 13.7ms | ActiveRecord: 0.0ms)


Started GET "/main/help" for ::1 at 2016-10-05 17:12:15 -0700
Processing by MainController#help as HTML
  Rendering main/help.html.erb within layouts/application
  Rendered main/help.html.erb within layouts/application (0.3ms)
Completed 200 OK in 15ms (Views: 13.4ms | ActiveRecord: 0.0ms)


Started GET "/main/about" for ::1 at 2016-10-05 17:12:16 -0700
Processing by MainController#about as HTML
  Rendering main/about.html.erb within layouts/application
  Rendered main/about.html.erb within layouts/application (0.3ms)
Completed 200 OK in 34ms (Views: 32.3ms | ActiveRecord: 0.0ms)


Started GET "/main/home" for ::1 at 2016-10-05 17:12:16 -0700
Processing by MainController#home as HTML
  Rendering main/home.html.erb within layouts/application
  Rendered main/home.html.erb within layouts/application (0.4ms)
Completed 200 OK in 21ms (Views: 19.0ms | ActiveRecord: 0.0ms)


Started GET "/main/about" for ::1 at 2016-10-05 17:22:56 -0700
Processing by MainController#about as HTML
  Rendering main/about.html.erb within layouts/application
  Rendered main/about.html.erb within layouts/application (0.4ms)
Completed 200 OK in 20ms (Views: 18.5ms | ActiveRecord: 0.0ms)


Started GET "/main/help" for ::1 at 2016-10-05 17:22:57 -0700
Processing by MainController#help as HTML
  Rendering main/help.html.erb within layouts/application
  Rendered main/help.html.erb within layouts/application (0.4ms)
Completed 200 OK in 19ms (Views: 17.9ms | ActiveRecord: 0.0ms)


Started GET "/main/help" for ::1 at 2016-10-05 17:46:43 -0700
Processing by MainController#help as HTML
  Rendering main/help.html.erb within layouts/application
  Rendered main/help.html.erb within layouts/application (0.4ms)
Completed 200 OK in 25ms (Views: 23.4ms | ActiveRecord: 0.0ms)


Started GET "/main/about" for ::1 at 2016-10-05 17:46:44 -0700
Processing by MainController#about as HTML
  Rendering main/about.html.erb within layouts/application
  Rendered main/about.html.erb within layouts/application (0.3ms)
Completed 200 OK in 26ms (Views: 24.7ms | ActiveRecord: 0.0ms)


Started GET "/main/home" for ::1 at 2016-10-05 17:46:45 -0700
Processing by MainController#home as HTML
  Rendering main/home.html.erb within layouts/application
  Rendered main/home.html.erb within layouts/application (0.4ms)
Completed 200 OK in 23ms (Views: 21.2ms | ActiveRecord: 0.0ms)


Started GET "/main/help" for ::1 at 2016-10-05 17:46:45 -0700
Processing by MainController#help as HTML
  Rendering main/help.html.erb within layouts/application
  Rendered main/help.html.erb within layouts/application (0.6ms)
Completed 200 OK in 23ms (Views: 21.3ms | ActiveRecord: 0.0ms)


Started GET "/main/home" for ::1 at 2016-10-05 17:46:48 -0700
Processing by MainController#home as HTML
  Rendering main/home.html.erb within layouts/application
  Rendered main/home.html.erb within layouts/application (0.3ms)
Completed 200 OK in 21ms (Views: 19.3ms | ActiveRecord: 0.0ms)


Started GET "/main/home" for ::1 at 2016-10-05 17:47:29 -0700
Processing by MainController#home as HTML
  Rendering main/home.html.erb within layouts/application
  Rendered main/home.html.erb within layouts/application (0.3ms)
Completed 200 OK in 21ms (Views: 19.3ms | ActiveRecord: 0.0ms)


Started GET "/main/about" for ::1 at 2016-10-05 17:47:30 -0700
Processing by MainController#about as HTML
  Rendering main/about.html.erb within layouts/application
  Rendered main/about.html.erb within layouts/application (0.3ms)
Completed 200 OK in 17ms (Views: 15.5ms | ActiveRecord: 0.0ms)


Started GET "/main/help" for ::1 at 2016-10-05 17:47:31 -0700
Processing by MainController#help as HTML
  Rendering main/help.html.erb within layouts/application
  Rendered main/help.html.erb within layouts/application (0.3ms)
Completed 200 OK in 16ms (Views: 14.3ms | ActiveRecord: 0.0ms)


Started GET "/main/home" for ::1 at 2016-10-05 17:58:24 -0700
Processing by MainController#home as HTML
  Rendering main/home.html.erb within layouts/application
  Rendered main/home.html.erb within layouts/application (0.4ms)
Completed 200 OK in 15ms (Views: 13.9ms | ActiveRecord: 0.0ms)


Started GET "/main/about" for ::1 at 2016-10-05 17:58:25 -0700
Processing by MainController#about as HTML
  Rendering main/about.html.erb within layouts/application
  Rendered main/about.html.erb within layouts/application (0.3ms)
Completed 200 OK in 16ms (Views: 14.9ms | ActiveRecord: 0.0ms)


Started GET "/main/about" for ::1 at 2016-10-05 17:58:26 -0700
Processing by MainController#about as HTML
  Rendering main/about.html.erb within layouts/application
  Rendered main/about.html.erb within layouts/application (0.3ms)
Completed 200 OK in 19ms (Views: 17.7ms | ActiveRecord: 0.0ms)


Started GET "/main/help" for ::1 at 2016-10-05 17:58:32 -0700
Processing by MainController#help as HTML
  Rendering main/help.html.erb within layouts/application
  Rendered main/help.html.erb within layouts/application (0.4ms)
Completed 200 OK in 17ms (Views: 15.6ms | ActiveRecord: 0.0ms)


Started GET "/" for ::1 at 2016-10-09 18:53:33 -0700
Processing by MainController#home as HTML
  Rendering main/home.html.erb within layouts/application
  Rendered main/home.html.erb within layouts/application (1.5ms)
Completed 200 OK in 229ms (Views: 215.0ms | ActiveRecord: 0.0ms)


Started GET "/" for ::1 at 2016-10-09 18:53:36 -0700
Processing by MainController#home as HTML
  Rendering main/home.html.erb within layouts/application
  Rendered main/home.html.erb within layouts/application (0.4ms)
Completed 200 OK in 19ms (Views: 17.4ms | ActiveRecord: 0.0ms)


Started GET "/main/home" for ::1 at 2016-10-09 18:53:41 -0700
Processing by MainController#home as HTML
  Rendering main/home.html.erb within layouts/application
  Rendered main/home.html.erb within layouts/application (0.3ms)
Completed 200 OK in 17ms (Views: 15.6ms | ActiveRecord: 0.0ms)


Started GET "/main/about" for ::1 at 2016-10-09 18:53:42 -0700
Processing by MainController#about as HTML
  Rendering main/about.html.erb within layouts/application
  Rendered main/about.html.erb within layouts/application (0.3ms)
Completed 200 OK in 18ms (Views: 16.7ms | ActiveRecord: 0.0ms)


Started GET "/main/help" for ::1 at 2016-10-09 18:53:43 -0700
Processing by MainController#help as HTML
  Rendering main/help.html.erb within layouts/application
  Rendered main/help.html.erb within layouts/application (0.3ms)
Completed 200 OK in 22ms (Views: 19.7ms | ActiveRecord: 0.0ms)


Started GET "/main/about" for ::1 at 2016-10-09 18:53:43 -0700
Processing by MainController#about as HTML
  Rendering main/about.html.erb within layouts/application
  Rendered main/about.html.erb within layouts/application (0.3ms)
Completed 200 OK in 36ms (Views: 34.2ms | ActiveRecord: 0.0ms)


Started GET "/main/about" for ::1 at 2016-10-09 18:54:13 -0700
Processing by MainController#about as HTML
  Rendering main/about.html.erb within layouts/application
  Rendered main/about.html.erb within layouts/application (0.3ms)
Completed 200 OK in 20ms (Views: 18.7ms | ActiveRecord: 0.0ms)


Started GET "/main/home" for ::1 at 2016-10-09 18:54:14 -0700
Processing by MainController#home as HTML
  Rendering main/home.html.erb within layouts/application
  Rendered main/home.html.erb within layouts/application (0.4ms)
Completed 200 OK in 20ms (Views: 19.2ms | ActiveRecord: 0.0ms)


Started GET "/main/help" for ::1 at 2016-10-09 18:54:15 -0700
Processing by MainController#help as HTML
  Rendering main/help.html.erb within layouts/application
  Rendered main/help.html.erb within layouts/application (0.3ms)
Completed 200 OK in 31ms (Views: 28.9ms | ActiveRecord: 0.0ms)


Started GET "/main/about" for ::1 at 2016-10-09 18:54:16 -0700
Processing by MainController#about as HTML
  Rendering main/about.html.erb within layouts/application
  Rendered main/about.html.erb within layouts/application (0.3ms)
Completed 200 OK in 22ms (Views: 19.8ms | ActiveRecord: 0.0ms)


Started GET "/main/home" for ::1 at 2016-10-09 18:54:17 -0700
Processing by MainController#home as HTML
  Rendering main/home.html.erb within layouts/application
  Rendered main/home.html.erb within layouts/application (0.3ms)
Completed 200 OK in 26ms (Views: 24.5ms | ActiveRecord: 0.0ms)


Started GET "/main/home" for ::1 at 2016-10-09 19:26:02 -0700
Processing by MainController#home as HTML
  Rendering main/home.html.erb within layouts/application
  Rendered main/home.html.erb within layouts/application (2.1ms)
Completed 200 OK in 26ms (Views: 24.6ms | ActiveRecord: 0.0ms)


Started GET "/images/rails.png" for ::1 at 2016-10-09 19:26:02 -0700
  
ActionController::RoutingError (No route matches [GET] "/images/rails.png"):
  
actionpack (5.0.0.1) lib/action_dispatch/middleware/debug_exceptions.rb:53:in `call'
web-console (3.3.1) lib/web_console/middleware.rb:131:in `call_app'
web-console (3.3.1) lib/web_console/middleware.rb:28:in `block in call'
web-console (3.3.1) lib/web_console/middleware.rb:18:in `catch'
web-console (3.3.1) lib/web_console/middleware.rb:18:in `call'
actionpack (5.0.0.1) lib/action_dispatch/middleware/show_exceptions.rb:31:in `call'
railties (5.0.0.1) lib/rails/rack/logger.rb:36:in `call_app'
railties (5.0.0.1) lib/rails/rack/logger.rb:24:in `block in call'
activesupport (5.0.0.1) lib/active_support/tagged_logging.rb:70:in `block in tagged'
activesupport (5.0.0.1) lib/active_support/tagged_logging.rb:26:in `tagged'
activesupport (5.0.0.1) lib/active_support/tagged_logging.rb:70:in `tagged'
railties (5.0.0.1) lib/rails/rack/logger.rb:24:in `call'
sprockets-rails (3.2.0) lib/sprockets/rails/quiet_assets.rb:13:in `call'
actionpack (5.0.0.1) lib/action_dispatch/middleware/request_id.rb:24:in `call'
rack (2.0.1) lib/rack/method_override.rb:22:in `call'
rack (2.0.1) lib/rack/runtime.rb:22:in `call'
activesupport (5.0.0.1) lib/active_support/cache/strategy/local_cache_middleware.rb:28:in `call'
actionpack (5.0.0.1) lib/action_dispatch/middleware/executor.rb:12:in `call'
actionpack (5.0.0.1) lib/action_dispatch/middleware/static.rb:136:in `call'
rack (2.0.1) lib/rack/sendfile.rb:111:in `call'
railties (5.0.0.1) lib/rails/engine.rb:522:in `call'
puma (3.6.0) lib/puma/configuration.rb:225:in `call'
puma (3.6.0) lib/puma/server.rb:578:in `handle_request'
puma (3.6.0) lib/puma/server.rb:415:in `process_client'
puma (3.6.0) lib/puma/server.rb:275:in `block in run'
puma (3.6.0) lib/puma/thread_pool.rb:116:in `block in spawn_thread'
  Rendering /Users/ajmagat/.rvm/gems/ruby-2.3.1/gems/actionpack-5.0.0.1/lib/action_dispatch/middleware/templates/rescues/routing_error.html.erb within rescues/layout
  Rendering /Users/ajmagat/.rvm/gems/ruby-2.3.1/gems/actionpack-5.0.0.1/lib/action_dispatch/middleware/templates/rescues/_trace.html.erb
  Rendered /Users/ajmagat/.rvm/gems/ruby-2.3.1/gems/actionpack-5.0.0.1/lib/action_dispatch/middleware/templates/rescues/_trace.html.erb (1.3ms)
  Rendered collection of /Users/ajmagat/.rvm/gems/ruby-2.3.1/gems/actionpack-5.0.0.1/lib/action_dispatch/middleware/templates/routes/_route.html.erb [4 times] (10.3ms)
  Rendered /Users/ajmagat/.rvm/gems/ruby-2.3.1/gems/actionpack-5.0.0.1/lib/action_dispatch/middleware/templates/routes/_table.html.erb (7.8ms)
  Rendering /Users/ajmagat/.rvm/gems/ruby-2.3.1/gems/actionpack-5.0.0.1/lib/action_dispatch/middleware/templates/rescues/_request_and_response.html.erb
  Rendered /Users/ajmagat/.rvm/gems/ruby-2.3.1/gems/actionpack-5.0.0.1/lib/action_dispatch/middleware/templates/rescues/_request_and_response.html.erb (0.8ms)
  Rendered /Users/ajmagat/.rvm/gems/ruby-2.3.1/gems/actionpack-5.0.0.1/lib/action_dispatch/middleware/templates/rescues/routing_error.html.erb within rescues/layout (81.0ms)
Started GET "/main/home" for ::1 at 2016-10-09 19:36:09 -0700
Processing by MainController#home as HTML
  Rendering main/home.html.erb within layouts/application
  Rendered main/home.html.erb within layouts/application (252.0ms)
Completed 200 OK in 348ms (Views: 337.4ms | ActiveRecord: 0.0ms)


Started GET "/main/home" for ::1 at 2016-10-09 22:29:16 -0700
Processing by MainController#home as HTML
  Rendering main/home.html.erb within layouts/application
  Rendered main/home.html.erb within layouts/application (353.1ms)
Completed 500 Internal Server Error in 373ms (ActiveRecord: 0.0ms)


  
ActionView::Template::Error (An @import loop has been found: /Users/ajmagat/Desktop/cs291/locamotor/app/assets/stylesheets/bootstrap.scss imports itself):
    12:   <%= link_to "Sign up now!", '#', class: "btn btn-lg btn-primary" %>
    13: </div>
    14: 
    15: <%= link_to image_tag("rails.png", alt: "Rails logo"),
    16:             'http://rubyonrails.org/' %>
  
app/assets/stylesheets/bootstrap.scss:2
app/assets/stylesheets/bootstrap.scss:2
app/views/main/home.html.erb:15:in `_app_views_main_home_html_erb__1872632409846288461_70309096815280'
  Rendering /Users/ajmagat/.rvm/gems/ruby-2.3.1/gems/actionpack-5.0.0.1/lib/action_dispatch/middleware/templates/rescues/template_error.html.erb within rescues/layout
  Rendering /Users/ajmagat/.rvm/gems/ruby-2.3.1/gems/actionpack-5.0.0.1/lib/action_dispatch/middleware/templates/rescues/_source.html.erb
  Rendered /Users/ajmagat/.rvm/gems/ruby-2.3.1/gems/actionpack-5.0.0.1/lib/action_dispatch/middleware/templates/rescues/_source.html.erb (6.6ms)
  Rendering /Users/ajmagat/.rvm/gems/ruby-2.3.1/gems/actionpack-5.0.0.1/lib/action_dispatch/middleware/templates/rescues/_trace.html.erb
  Rendered /Users/ajmagat/.rvm/gems/ruby-2.3.1/gems/actionpack-5.0.0.1/lib/action_dispatch/middleware/templates/rescues/_trace.html.erb (2.2ms)
  Rendering /Users/ajmagat/.rvm/gems/ruby-2.3.1/gems/actionpack-5.0.0.1/lib/action_dispatch/middleware/templates/rescues/_request_and_response.html.erb
  Rendered /Users/ajmagat/.rvm/gems/ruby-2.3.1/gems/actionpack-5.0.0.1/lib/action_dispatch/middleware/templates/rescues/_request_and_response.html.erb (0.6ms)
  Rendered /Users/ajmagat/.rvm/gems/ruby-2.3.1/gems/actionpack-5.0.0.1/lib/action_dispatch/middleware/templates/rescues/template_error.html.erb within rescues/layout (61.7ms)
Started GET "/main/home" for ::1 at 2016-10-09 22:30:25 -0700
Processing by MainController#home as HTML
  Rendering main/home.html.erb within layouts/application
  Rendered main/home.html.erb within layouts/application (2508.0ms)
Completed 200 OK in 2596ms (Views: 2587.8ms | ActiveRecord: 0.0ms)


Started GET "/main/about" for ::1 at 2016-10-09 22:30:40 -0700
Processing by MainController#about as HTML
  Rendering main/about.html.erb within layouts/application
  Rendered main/about.html.erb within layouts/application (0.3ms)
Completed 200 OK in 27ms (Views: 24.3ms | ActiveRecord: 0.0ms)


Started GET "/main/help" for ::1 at 2016-10-09 22:30:41 -0700
Processing by MainController#help as HTML
  Rendering main/help.html.erb within layouts/application
  Rendered main/help.html.erb within layouts/application (0.3ms)
Completed 200 OK in 36ms (Views: 33.9ms | ActiveRecord: 0.0ms)


Started GET "/main/about" for ::1 at 2016-10-09 22:30:42 -0700
Processing by MainController#about as HTML
  Rendering main/about.html.erb within layouts/application
  Rendered main/about.html.erb within layouts/application (0.4ms)
Completed 200 OK in 27ms (Views: 25.5ms | ActiveRecord: 0.0ms)


Started GET "/main/home" for ::1 at 2016-10-09 22:30:42 -0700
Processing by MainController#home as HTML
  Rendering main/home.html.erb within layouts/application
  Rendered main/home.html.erb within layouts/application (1.7ms)
Completed 200 OK in 32ms (Views: 29.9ms | ActiveRecord: 0.0ms)


Started GET "/main/home" for ::1 at 2016-10-09 23:08:29 -0700
Processing by MainController#home as HTML
  Rendering main/home.html.erb within layouts/application
  Rendered main/home.html.erb within layouts/application (2.2ms)
Completed 200 OK in 1351ms (Views: 1349.8ms | ActiveRecord: 0.0ms)


Started GET "/main/home" for ::1 at 2016-10-09 23:10:26 -0700
Processing by MainController#home as HTML
  Rendering main/home.html.erb within layouts/application
  Rendered main/home.html.erb within layouts/application (1.2ms)
Completed 200 OK in 1330ms (Views: 1328.9ms | ActiveRecord: 0.0ms)


Started GET "/main/home" for ::1 at 2016-10-09 23:11:05 -0700
Processing by MainController#home as HTML
  Rendering main/home.html.erb within layouts/application
  Rendered main/home.html.erb within layouts/application (1.8ms)
Completed 200 OK in 1383ms (Views: 1381.5ms | ActiveRecord: 0.0ms)


Started GET "/main/home" for ::1 at 2016-10-09 23:11:08 -0700
Processing by MainController#home as HTML
  Rendering main/home.html.erb within layouts/application
  Rendered main/home.html.erb within layouts/application (1.5ms)
Completed 200 OK in 31ms (Views: 28.6ms | ActiveRecord: 0.0ms)


Started GET "/main/home" for ::1 at 2016-10-10 00:25:15 -0700
Processing by MainController#home as HTML
  Rendering main/home.html.erb within layouts/application
  Rendered main/home.html.erb within layouts/application (1.4ms)
  Rendered layouts/_shim.html.erb (0.3ms)
  Rendered layouts/_header.html.erb (0.3ms)
  Rendered layouts/_footer.html.erb (0.2ms)
Completed 200 OK in 1387ms (Views: 1385.2ms | ActiveRecord: 0.0ms)


Started GET "/main/home" for ::1 at 2016-10-10 02:56:18 -0700
Processing by MainController#home as HTML
  Rendering main/home.html.erb within layouts/application
  Rendered main/home.html.erb within layouts/application (1671.1ms)
  Rendered layouts/_shim.html.erb (0.4ms)
  Rendered layouts/_header.html.erb (0.8ms)
  Rendered layouts/_footer.html.erb (0.4ms)
Completed 200 OK in 1784ms (Views: 1773.3ms | ActiveRecord: 0.0ms)


Started GET "/main/home" for ::1 at 2016-10-10 02:57:58 -0700
Processing by MainController#home as HTML
  Rendering main/home.html.erb within layouts/application
  Rendered main/home.html.erb within layouts/application (0.4ms)
  Rendered layouts/_shim.html.erb (0.4ms)
  Rendered layouts/_header.html.erb (0.2ms)
  Rendered layouts/_footer.html.erb (0.2ms)
Completed 200 OK in 31ms (Views: 29.9ms | ActiveRecord: 0.0ms)


Started GET "/main/home" for ::1 at 2016-10-10 02:59:10 -0700
Processing by MainController#home as HTML
  Rendering main/home.html.erb within layouts/application
  Rendered main/home.html.erb within layouts/application (0.5ms)
  Rendered layouts/_shim.html.erb (0.4ms)
  Rendered layouts/_header.html.erb (0.3ms)
  Rendered layouts/_footer.html.erb (0.2ms)
Completed 200 OK in 32ms (Views: 30.2ms | ActiveRecord: 0.0ms)


Started GET "/main/home" for ::1 at 2016-10-10 02:59:13 -0700
Processing by MainController#home as HTML
  Rendering main/home.html.erb within layouts/application
  Rendered main/home.html.erb within layouts/application (0.6ms)
  Rendered layouts/_shim.html.erb (0.3ms)
  Rendered layouts/_header.html.erb (0.3ms)
  Rendered layouts/_footer.html.erb (0.2ms)
Completed 200 OK in 30ms (Views: 28.1ms | ActiveRecord: 0.0ms)


Started GET "/main/home" for ::1 at 2016-10-10 03:05:45 -0700
Processing by MainController#home as HTML
  Rendering main/home.html.erb within layouts/application
  Rendered main/home.html.erb within layouts/application (0.3ms)
  Rendered layouts/_shim.html.erb (0.3ms)
  Rendered layouts/_header.html.erb (0.3ms)
  Rendered layouts/_footer.html.erb (0.2ms)
Completed 200 OK in 28ms (Views: 26.4ms | ActiveRecord: 0.0ms)


Started GET "/posts/new" for ::1 at 2016-10-10 03:05:46 -0700
Processing by PostsController#new as HTML
  Rendering posts/new.html.erb within layouts/application
  Rendered posts/new.html.erb within layouts/application (0.4ms)
  Rendered layouts/_shim.html.erb (0.3ms)
  Rendered layouts/_header.html.erb (0.3ms)
  Rendered layouts/_footer.html.erb (0.3ms)
Completed 200 OK in 35ms (Views: 33.3ms | ActiveRecord: 0.0ms)


Started GET "/posts/new" for ::1 at 2016-10-10 03:06:01 -0700
Processing by PostsController#new as HTML
  Rendering posts/new.html.erb within layouts/application
  Rendered posts/new.html.erb within layouts/application (0.4ms)
  Rendered layouts/_shim.html.erb (0.3ms)
  Rendered layouts/_header.html.erb (0.3ms)
  Rendered layouts/_footer.html.erb (0.3ms)
Completed 200 OK in 37ms (Views: 35.3ms | ActiveRecord: 0.0ms)


Started GET "/posts/new" for ::1 at 2016-10-10 03:07:02 -0700
Processing by PostsController#new as HTML
  Rendering posts/new.html.erb within layouts/application
  Rendered posts/new.html.erb within layouts/application (0.4ms)
  Rendered layouts/_shim.html.erb (0.3ms)
  Rendered layouts/_header.html.erb (0.4ms)
  Rendered layouts/_footer.html.erb (0.6ms)
Completed 200 OK in 34ms (Views: 32.6ms | ActiveRecord: 0.0ms)


Started GET "/main/home" for ::1 at 2016-10-10 03:07:07 -0700
Processing by MainController#home as HTML
  Rendering main/home.html.erb within layouts/application
  Rendered main/home.html.erb within layouts/application (0.6ms)
  Rendered layouts/_shim.html.erb (0.2ms)
  Rendered layouts/_header.html.erb (0.4ms)
  Rendered layouts/_footer.html.erb (0.4ms)
Completed 200 OK in 35ms (Views: 33.2ms | ActiveRecord: 0.0ms)


Started GET "/posts/new" for ::1 at 2016-10-10 03:07:08 -0700
Processing by PostsController#new as HTML
  Rendering posts/new.html.erb within layouts/application
  Rendered posts/new.html.erb within layouts/application (0.4ms)
  Rendered layouts/_shim.html.erb (0.3ms)
  Rendered layouts/_header.html.erb (0.3ms)
  Rendered layouts/_footer.html.erb (0.2ms)
Completed 200 OK in 33ms (Views: 31.0ms | ActiveRecord: 0.0ms)


Started GET "/posts/new" for ::1 at 2016-10-10 03:08:38 -0700
Processing by PostsController#new as HTML
  Rendering posts/new.html.erb within layouts/application
  Rendered posts/new.html.erb within layouts/application (0.4ms)
  Rendered layouts/_shim.html.erb (0.2ms)
  Rendered layouts/_header.html.erb (0.3ms)
  Rendered layouts/_footer.html.erb (0.2ms)
Completed 200 OK in 29ms (Views: 27.7ms | ActiveRecord: 0.0ms)


Started GET "/posts/new" for ::1 at 2016-10-10 03:10:56 -0700
Processing by PostsController#new as HTML
  Rendering posts/new.html.erb within layouts/application
  Rendered posts/new.html.erb within layouts/application (0.5ms)
  Rendered layouts/_shim.html.erb (0.2ms)
  Rendered layouts/_header.html.erb (0.3ms)
  Rendered layouts/_footer.html.erb (0.3ms)
Completed 200 OK in 30ms (Views: 28.7ms | ActiveRecord: 0.0ms)


Started GET "/posts/new" for ::1 at 2016-10-10 03:11:43 -0700
Processing by PostsController#new as HTML
  Rendering posts/new.html.erb within layouts/application
  Rendered posts/new.html.erb within layouts/application (0.3ms)
  Rendered layouts/_shim.html.erb (0.2ms)
  Rendered layouts/_header.html.erb (0.3ms)
  Rendered layouts/_footer.html.erb (0.2ms)
Completed 200 OK in 24ms (Views: 22.8ms | ActiveRecord: 0.0ms)


Started GET "/posts/new" for ::1 at 2016-10-10 03:14:09 -0700
Processing by PostsController#new as HTML
  Rendering posts/new.html.erb within layouts/application
  Rendered posts/new.html.erb within layouts/application (0.3ms)
  Rendered layouts/_shim.html.erb (0.3ms)
  Rendered layouts/_header.html.erb (0.2ms)
  Rendered layouts/_footer.html.erb (0.2ms)
Completed 200 OK in 24ms (Views: 22.9ms | ActiveRecord: 0.0ms)


Started GET "/posts/new" for ::1 at 2016-10-10 03:17:11 -0700
Processing by PostsController#new as HTML
  Rendering posts/new.html.erb within layouts/application
  Rendered posts/new.html.erb within layouts/application (0.3ms)
  Rendered layouts/_shim.html.erb (0.2ms)
  Rendered layouts/_header.html.erb (0.2ms)
  Rendered layouts/_footer.html.erb (0.2ms)
Completed 200 OK in 24ms (Views: 22.4ms | ActiveRecord: 0.0ms)


Started GET "/posts/new" for ::1 at 2016-10-10 03:17:32 -0700
Processing by PostsController#new as HTML
  Rendering posts/new.html.erb within layouts/application
  Rendered posts/new.html.erb within layouts/application (0.3ms)
  Rendered layouts/_shim.html.erb (0.2ms)
  Rendered layouts/_header.html.erb (0.2ms)
  Rendered layouts/_footer.html.erb (0.2ms)
Completed 200 OK in 25ms (Views: 23.3ms | ActiveRecord: 0.0ms)


Started GET "/posts/new" for ::1 at 2016-10-10 03:19:10 -0700
Processing by PostsController#new as HTML
  Rendering posts/new.html.erb within layouts/application
  Rendered posts/new.html.erb within layouts/application (0.4ms)
  Rendered layouts/_shim.html.erb (0.2ms)
  Rendered layouts/_header.html.erb (0.3ms)
  Rendered layouts/_footer.html.erb (0.2ms)
Completed 200 OK in 33ms (Views: 31.5ms | ActiveRecord: 0.0ms)


Started GET "/posts/new" for ::1 at 2016-10-10 03:19:32 -0700
Processing by PostsController#new as HTML
  Rendering posts/new.html.erb within layouts/application
  Rendered posts/new.html.erb within layouts/application (0.5ms)
  Rendered layouts/_shim.html.erb (0.2ms)
  Rendered layouts/_header.html.erb (0.4ms)
  Rendered layouts/_footer.html.erb (0.2ms)
Completed 200 OK in 34ms (Views: 32.4ms | ActiveRecord: 0.0ms)


Started GET "/posts/new" for ::1 at 2016-10-10 03:19:49 -0700
Processing by PostsController#new as HTML
  Rendering posts/new.html.erb within layouts/application
  Rendered posts/new.html.erb within layouts/application (0.4ms)
  Rendered layouts/_shim.html.erb (0.2ms)
  Rendered layouts/_header.html.erb (0.3ms)
  Rendered layouts/_footer.html.erb (0.3ms)
Completed 200 OK in 29ms (Views: 28.0ms | ActiveRecord: 0.0ms)


Started GET "/posts/new" for ::1 at 2016-10-10 03:20:01 -0700
Processing by PostsController#new as HTML
  Rendering posts/new.html.erb within layouts/application
  Rendered posts/new.html.erb within layouts/application (0.5ms)
  Rendered layouts/_shim.html.erb (0.2ms)
  Rendered layouts/_header.html.erb (0.3ms)
  Rendered layouts/_footer.html.erb (0.2ms)
Completed 200 OK in 30ms (Views: 28.6ms | ActiveRecord: 0.0ms)


Started GET "/posts/new" for ::1 at 2016-10-10 03:21:31 -0700
Processing by PostsController#new as HTML
  Rendering posts/new.html.erb within layouts/application
  Rendered posts/new.html.erb within layouts/application (0.4ms)
  Rendered layouts/_shim.html.erb (0.2ms)
  Rendered layouts/_header.html.erb (0.3ms)
  Rendered layouts/_footer.html.erb (0.3ms)
Completed 200 OK in 29ms (Views: 28.2ms | ActiveRecord: 0.0ms)


Started GET "/posts/new" for ::1 at 2016-10-10 03:21:50 -0700
Processing by PostsController#new as HTML
  Rendering posts/new.html.erb within layouts/application
  Rendered posts/new.html.erb within layouts/application (0.4ms)
  Rendered layouts/_shim.html.erb (0.2ms)
  Rendered layouts/_header.html.erb (0.3ms)
  Rendered layouts/_footer.html.erb (0.2ms)
Completed 200 OK in 29ms (Views: 27.6ms | ActiveRecord: 0.0ms)


Started GET "/posts/new" for ::1 at 2016-10-10 03:22:06 -0700
Processing by PostsController#new as HTML
  Rendering posts/new.html.erb within layouts/application
  Rendered posts/new.html.erb within layouts/application (0.4ms)
  Rendered layouts/_shim.html.erb (0.2ms)
  Rendered layouts/_header.html.erb (0.2ms)
  Rendered layouts/_footer.html.erb (0.2ms)
Completed 200 OK in 31ms (Views: 29.9ms | ActiveRecord: 0.0ms)


Started GET "/posts/new" for ::1 at 2016-10-10 03:22:22 -0700
Processing by PostsController#new as HTML
  Rendering posts/new.html.erb within layouts/application
  Rendered posts/new.html.erb within layouts/application (0.3ms)
  Rendered layouts/_shim.html.erb (0.3ms)
  Rendered layouts/_header.html.erb (0.3ms)
  Rendered layouts/_footer.html.erb (0.3ms)
Completed 200 OK in 26ms (Views: 25.2ms | ActiveRecord: 0.0ms)


Started GET "/posts/new" for ::1 at 2016-10-10 03:33:32 -0700
Processing by PostsController#new as HTML
  Rendering posts/new.html.erb within layouts/application
  Rendered posts/new.html.erb within layouts/application (0.4ms)
  Rendered layouts/_shim.html.erb (0.4ms)
  Rendered layouts/_header.html.erb (0.4ms)
  Rendered layouts/_footer.html.erb (0.4ms)
Completed 200 OK in 40ms (Views: 38.0ms | ActiveRecord: 0.0ms)


Started GET "/posts/new" for ::1 at 2016-10-10 03:34:26 -0700
Processing by PostsController#new as HTML
  Rendering posts/new.html.erb within layouts/application
  Rendered posts/new.html.erb within layouts/application (0.3ms)
  Rendered layouts/_shim.html.erb (0.2ms)
  Rendered layouts/_header.html.erb (0.2ms)
  Rendered layouts/_footer.html.erb (0.2ms)
Completed 200 OK in 24ms (Views: 22.4ms | ActiveRecord: 0.0ms)


Started GET "/posts/new" for ::1 at 2016-10-10 03:34:51 -0700
Processing by PostsController#new as HTML
  Rendering posts/new.html.erb within layouts/application
  Rendered posts/new.html.erb within layouts/application (0.4ms)
  Rendered layouts/_shim.html.erb (0.3ms)
  Rendered layouts/_header.html.erb (0.4ms)
  Rendered layouts/_footer.html.erb (0.3ms)
Completed 200 OK in 41ms (Views: 39.5ms | ActiveRecord: 0.0ms)


Started GET "/posts/new" for ::1 at 2016-10-10 03:35:48 -0700
Processing by PostsController#new as HTML
  Rendering posts/new.html.erb within layouts/application
  Rendered posts/new.html.erb within layouts/application (0.5ms)
  Rendered layouts/_shim.html.erb (0.2ms)
  Rendered layouts/_header.html.erb (0.3ms)
  Rendered layouts/_footer.html.erb (0.2ms)
Completed 200 OK in 35ms (Views: 33.2ms | ActiveRecord: 0.0ms)


Started GET "/posts/new" for ::1 at 2016-10-10 03:35:59 -0700
Processing by PostsController#new as HTML
  Rendering posts/new.html.erb within layouts/application
  Rendered posts/new.html.erb within layouts/application (0.4ms)
  Rendered layouts/_shim.html.erb (0.3ms)
  Rendered layouts/_header.html.erb (0.5ms)
  Rendered layouts/_footer.html.erb (0.3ms)
Completed 200 OK in 35ms (Views: 33.7ms | ActiveRecord: 0.0ms)


Started GET "/posts/new" for ::1 at 2016-10-10 03:36:08 -0700
Processing by PostsController#new as HTML
  Rendering posts/new.html.erb within layouts/application
  Rendered posts/new.html.erb within layouts/application (0.4ms)
  Rendered layouts/_shim.html.erb (0.3ms)
  Rendered layouts/_header.html.erb (0.3ms)
  Rendered layouts/_footer.html.erb (0.3ms)
Completed 200 OK in 29ms (Views: 28.0ms | ActiveRecord: 0.0ms)


Started GET "/posts/new" for ::1 at 2016-10-10 03:36:46 -0700
Processing by PostsController#new as HTML
  Rendering posts/new.html.erb within layouts/application
  Rendered posts/new.html.erb within layouts/application (0.3ms)
  Rendered layouts/_shim.html.erb (0.3ms)
  Rendered layouts/_header.html.erb (0.3ms)
  Rendered layouts/_footer.html.erb (0.2ms)
Completed 200 OK in 31ms (Views: 29.4ms | ActiveRecord: 0.0ms)


Started GET "/posts/new" for ::1 at 2016-10-10 03:36:57 -0700
Processing by PostsController#new as HTML
  Rendering posts/new.html.erb within layouts/application
  Rendered posts/new.html.erb within layouts/application (0.4ms)
  Rendered layouts/_shim.html.erb (0.2ms)
  Rendered layouts/_header.html.erb (0.3ms)
  Rendered layouts/_footer.html.erb (0.2ms)
Completed 200 OK in 29ms (Views: 27.5ms | ActiveRecord: 0.0ms)


Started GET "/posts/new" for ::1 at 2016-10-10 03:37:18 -0700
Processing by PostsController#new as HTML
  Rendering posts/new.html.erb within layouts/application
  Rendered posts/new.html.erb within layouts/application (0.4ms)
  Rendered layouts/_shim.html.erb (0.3ms)
  Rendered layouts/_header.html.erb (0.3ms)
  Rendered layouts/_footer.html.erb (0.2ms)
Completed 200 OK in 30ms (Views: 28.7ms | ActiveRecord: 0.0ms)


Started GET "/posts/new" for ::1 at 2016-10-10 03:37:21 -0700
Processing by PostsController#new as HTML
  Rendering posts/new.html.erb within layouts/application
  Rendered posts/new.html.erb within layouts/application (0.3ms)
  Rendered layouts/_shim.html.erb (0.3ms)
  Rendered layouts/_header.html.erb (0.3ms)
  Rendered layouts/_footer.html.erb (0.3ms)
Completed 200 OK in 26ms (Views: 25.1ms | ActiveRecord: 0.0ms)


Started GET "/posts/new" for ::1 at 2016-10-10 03:37:24 -0700
Processing by PostsController#new as HTML
  Rendering posts/new.html.erb within layouts/application
  Rendered posts/new.html.erb within layouts/application (0.3ms)
  Rendered layouts/_shim.html.erb (0.3ms)
  Rendered layouts/_header.html.erb (0.2ms)
  Rendered layouts/_footer.html.erb (0.2ms)
Completed 200 OK in 24ms (Views: 22.6ms | ActiveRecord: 0.0ms)


Started GET "/posts/new" for ::1 at 2016-10-10 03:38:05 -0700
Processing by PostsController#new as HTML
  Rendering posts/new.html.erb within layouts/application
  Rendered posts/new.html.erb within layouts/application (0.3ms)
  Rendered layouts/_shim.html.erb (0.4ms)
  Rendered layouts/_header.html.erb (0.4ms)
  Rendered layouts/_footer.html.erb (0.2ms)
Completed 200 OK in 27ms (Views: 25.5ms | ActiveRecord: 0.0ms)


Started GET "/posts/new" for ::1 at 2016-10-10 03:39:17 -0700
Processing by PostsController#new as HTML
  Rendering posts/new.html.erb within layouts/application
  Rendered posts/new.html.erb within layouts/application (0.4ms)
  Rendered layouts/_shim.html.erb (0.3ms)
  Rendered layouts/_header.html.erb (0.3ms)
  Rendered layouts/_footer.html.erb (0.3ms)
Completed 200 OK in 38ms (Views: 37.1ms | ActiveRecord: 0.0ms)


Started GET "/posts/new" for ::1 at 2016-10-10 03:39:30 -0700
Processing by PostsController#new as HTML
  Rendering posts/new.html.erb within layouts/application
  Rendered posts/new.html.erb within layouts/application (0.5ms)
  Rendered layouts/_shim.html.erb (0.3ms)
  Rendered layouts/_header.html.erb (0.3ms)
  Rendered layouts/_footer.html.erb (0.3ms)
Completed 200 OK in 35ms (Views: 33.5ms | ActiveRecord: 0.0ms)


Started GET "/main/home" for ::1 at 2016-10-10 03:39:38 -0700
Processing by MainController#home as HTML
  Rendering main/home.html.erb within layouts/application
  Rendered main/home.html.erb within layouts/application (0.4ms)
  Rendered layouts/_shim.html.erb (0.4ms)
  Rendered layouts/_header.html.erb (0.3ms)
  Rendered layouts/_footer.html.erb (0.3ms)
Completed 200 OK in 33ms (Views: 30.6ms | ActiveRecord: 0.0ms)


Started GET "/posts/new" for ::1 at 2016-10-10 03:39:39 -0700
Processing by PostsController#new as HTML
  Rendering posts/new.html.erb within layouts/application
  Rendered posts/new.html.erb within layouts/application (0.6ms)
  Rendered layouts/_shim.html.erb (0.3ms)
  Rendered layouts/_header.html.erb (0.3ms)
  Rendered layouts/_footer.html.erb (0.3ms)
Completed 200 OK in 37ms (Views: 36.1ms | ActiveRecord: 0.0ms)


Started GET "/main/home" for ::1 at 2016-10-10 03:39:42 -0700
Processing by MainController#home as HTML
  Rendering main/home.html.erb within layouts/application
  Rendered main/home.html.erb within layouts/application (0.6ms)
  Rendered layouts/_shim.html.erb (0.3ms)
  Rendered layouts/_header.html.erb (0.3ms)
  Rendered layouts/_footer.html.erb (0.2ms)
Completed 200 OK in 33ms (Views: 31.3ms | ActiveRecord: 0.0ms)


Started GET "/main/home" for ::1 at 2016-10-10 03:41:38 -0700
Processing by MainController#home as HTML
  Rendering main/home.html.erb within layouts/application
  Rendered main/home.html.erb within layouts/application (0.5ms)
  Rendered layouts/_shim.html.erb (0.3ms)
  Rendered layouts/_header.html.erb (0.3ms)
  Rendered layouts/_footer.html.erb (0.2ms)
Completed 200 OK in 29ms (Views: 27.3ms | ActiveRecord: 0.0ms)


Started GET "/posts/new" for ::1 at 2016-10-10 03:41:39 -0700
Processing by PostsController#new as HTML
  Rendering posts/new.html.erb within layouts/application
  Rendered posts/new.html.erb within layouts/application (0.5ms)
  Rendered layouts/_shim.html.erb (0.3ms)
  Rendered layouts/_header.html.erb (0.2ms)
  Rendered layouts/_footer.html.erb (0.4ms)
Completed 200 OK in 32ms (Views: 30.1ms | ActiveRecord: 0.0ms)


Started GET "/posts/create" for ::1 at 2016-10-10 03:41:40 -0700
Processing by PostsController#create as HTML
  Rendering html template
  Rendered html template (0.1ms)
Completed 200 OK in 3ms (Views: 2.6ms | ActiveRecord: 0.0ms)


Started GET "/posts/create" for ::1 at 2016-10-10 03:41:40 -0700
Processing by PostsController#create as HTML
  Rendering html template
  Rendered html template (0.0ms)
Completed 200 OK in 1ms (Views: 0.3ms | ActiveRecord: 0.0ms)


Started GET "/main/home" for ::1 at 2016-10-10 03:41:43 -0700
Processing by MainController#home as HTML
  Rendering main/home.html.erb within layouts/application
  Rendered main/home.html.erb within layouts/application (0.4ms)
  Rendered layouts/_shim.html.erb (0.3ms)
  Rendered layouts/_header.html.erb (0.3ms)
  Rendered layouts/_footer.html.erb (0.2ms)
Completed 200 OK in 27ms (Views: 25.4ms | ActiveRecord: 0.0ms)


Started GET "/main/home" for ::1 at 2016-10-10 03:43:44 -0700
Processing by MainController#home as HTML
  Rendering main/home.html.erb within layouts/application
  Rendered main/home.html.erb within layouts/application (0.4ms)
  Rendered layouts/_shim.html.erb (0.3ms)
  Rendered layouts/_header.html.erb (0.3ms)
  Rendered layouts/_footer.html.erb (0.2ms)
Completed 200 OK in 32ms (Views: 31.0ms | ActiveRecord: 0.0ms)


Started GET "/posts/new" for ::1 at 2016-10-10 03:43:45 -0700
Processing by PostsController#new as HTML
  Rendering posts/new.html.erb within layouts/application
  Rendered posts/new.html.erb within layouts/application (0.4ms)
  Rendered layouts/_shim.html.erb (0.3ms)
  Rendered layouts/_header.html.erb (0.5ms)
  Rendered layouts/_footer.html.erb (0.3ms)
Completed 200 OK in 30ms (Views: 29.0ms | ActiveRecord: 0.0ms)


Started GET "/posts/new" for ::1 at 2016-10-10 03:47:17 -0700
Processing by PostsController#new as HTML
  Rendering posts/new.html.erb within layouts/application
  Rendered posts/new.html.erb within layouts/application (0.4ms)
  Rendered layouts/_shim.html.erb (0.3ms)
  Rendered layouts/_header.html.erb (0.5ms)
  Rendered layouts/_footer.html.erb (0.4ms)
Completed 200 OK in 37ms (Views: 36.0ms | ActiveRecord: 0.0ms)


Started GET "/posts/new" for ::1 at 2016-10-10 03:47:41 -0700
Processing by PostsController#new as HTML
  Rendering posts/new.html.erb within layouts/application
  Rendered posts/new.html.erb within layouts/application (0.4ms)
  Rendered layouts/_shim.html.erb (0.3ms)
  Rendered layouts/_header.html.erb (0.3ms)
  Rendered layouts/_footer.html.erb (0.2ms)
Completed 200 OK in 29ms (Views: 27.6ms | ActiveRecord: 0.0ms)


Started GET "/posts/new" for ::1 at 2016-10-10 03:47:53 -0700
Processing by PostsController#new as HTML
  Rendering posts/new.html.erb within layouts/application
  Rendered posts/new.html.erb within layouts/application (0.5ms)
  Rendered layouts/_shim.html.erb (0.2ms)
  Rendered layouts/_header.html.erb (0.3ms)
  Rendered layouts/_footer.html.erb (0.3ms)
Completed 200 OK in 33ms (Views: 31.6ms | ActiveRecord: 0.0ms)


Started GET "/posts/new" for ::1 at 2016-10-10 03:47:55 -0700
Processing by PostsController#new as HTML
  Rendering posts/new.html.erb within layouts/application
  Rendered posts/new.html.erb within layouts/application (0.5ms)
  Rendered layouts/_shim.html.erb (0.3ms)
  Rendered layouts/_header.html.erb (0.7ms)
  Rendered layouts/_footer.html.erb (0.3ms)
Completed 200 OK in 38ms (Views: 37.0ms | ActiveRecord: 0.0ms)


Started GET "/posts/new" for ::1 at 2016-10-10 03:47:56 -0700
Processing by PostsController#new as HTML
  Rendering posts/new.html.erb within layouts/application
  Rendered posts/new.html.erb within layouts/application (0.4ms)
  Rendered layouts/_shim.html.erb (0.4ms)
  Rendered layouts/_header.html.erb (0.4ms)
  Rendered layouts/_footer.html.erb (0.3ms)
Completed 200 OK in 29ms (Views: 27.3ms | ActiveRecord: 0.0ms)


Started GET "/posts/new" for ::1 at 2016-10-10 03:50:28 -0700
Processing by PostsController#new as HTML
  Rendering posts/new.html.erb within layouts/application
  Rendered posts/new.html.erb within layouts/application (0.9ms)
Completed 500 Internal Server Error in 5ms (ActiveRecord: 0.0ms)


  
SyntaxError (/Users/ajmagat/Desktop/cs291/locamotor/app/views/posts/new.html.erb:2: syntax error, unexpected keyword_do, expecting ')'
/Users/ajmagat/Desktop/cs291/locamotor/app/views/posts/new.html.erb:39: syntax error, unexpected keyword_ensure, expecting end-of-input):
  
app/views/posts/new.html.erb:2: syntax error, unexpected keyword_do, expecting ')'
app/views/posts/new.html.erb:39: syntax error, unexpected keyword_ensure, expecting end-of-input
  Rendering /Users/ajmagat/.rvm/gems/ruby-2.3.1/gems/actionpack-5.0.0.1/lib/action_dispatch/middleware/templates/rescues/diagnostics.html.erb within rescues/layout
  Rendering /Users/ajmagat/.rvm/gems/ruby-2.3.1/gems/actionpack-5.0.0.1/lib/action_dispatch/middleware/templates/rescues/_source.html.erb
  Rendered /Users/ajmagat/.rvm/gems/ruby-2.3.1/gems/actionpack-5.0.0.1/lib/action_dispatch/middleware/templates/rescues/_source.html.erb (4.3ms)
  Rendering /Users/ajmagat/.rvm/gems/ruby-2.3.1/gems/actionpack-5.0.0.1/lib/action_dispatch/middleware/templates/rescues/_trace.html.erb
  Rendered /Users/ajmagat/.rvm/gems/ruby-2.3.1/gems/actionpack-5.0.0.1/lib/action_dispatch/middleware/templates/rescues/_trace.html.erb (2.9ms)
  Rendering /Users/ajmagat/.rvm/gems/ruby-2.3.1/gems/actionpack-5.0.0.1/lib/action_dispatch/middleware/templates/rescues/_request_and_response.html.erb
  Rendered /Users/ajmagat/.rvm/gems/ruby-2.3.1/gems/actionpack-5.0.0.1/lib/action_dispatch/middleware/templates/rescues/_request_and_response.html.erb (0.6ms)
  Rendered /Users/ajmagat/.rvm/gems/ruby-2.3.1/gems/actionpack-5.0.0.1/lib/action_dispatch/middleware/templates/rescues/diagnostics.html.erb within rescues/layout (54.5ms)
Started GET "/posts/new" for ::1 at 2016-10-10 03:50:57 -0700
Processing by PostsController#new as HTML
  Rendering posts/new.html.erb within layouts/application
  Rendered posts/new.html.erb within layouts/application (0.5ms)
  Rendered layouts/_shim.html.erb (0.3ms)
  Rendered layouts/_header.html.erb (0.3ms)
  Rendered layouts/_footer.html.erb (0.4ms)
Completed 200 OK in 29ms (Views: 27.8ms | ActiveRecord: 0.0ms)


Started GET "/posts/create" for ::1 at 2016-10-10 03:50:58 -0700
Processing by PostsController#create as HTML
  Rendering html template
  Rendered html template (0.0ms)
Completed 200 OK in 1ms (Views: 0.3ms | ActiveRecord: 0.0ms)


Started GET "/posts/create" for ::1 at 2016-10-10 03:50:58 -0700
Processing by PostsController#create as HTML
  Rendering html template
  Rendered html template (0.0ms)
Completed 200 OK in 1ms (Views: 0.3ms | ActiveRecord: 0.0ms)


Started GET "/posts/new" for ::1 at 2016-10-10 03:51:03 -0700
Processing by PostsController#new as HTML
  Rendering posts/new.html.erb within layouts/application
  Rendered posts/new.html.erb within layouts/application (0.6ms)
  Rendered layouts/_shim.html.erb (0.2ms)
  Rendered layouts/_header.html.erb (0.3ms)
  Rendered layouts/_footer.html.erb (0.2ms)
Completed 200 OK in 29ms (Views: 27.4ms | ActiveRecord: 0.0ms)


Started GET "/main/home" for ::1 at 2016-10-10 03:51:06 -0700
Processing by MainController#home as HTML
  Rendering main/home.html.erb within layouts/application
  Rendered main/home.html.erb within layouts/application (0.5ms)
  Rendered layouts/_shim.html.erb (0.3ms)
  Rendered layouts/_header.html.erb (0.3ms)
  Rendered layouts/_footer.html.erb (0.4ms)
Completed 200 OK in 32ms (Views: 29.3ms | ActiveRecord: 0.0ms)


Started GET "/posts/new" for ::1 at 2016-10-10 03:51:08 -0700
Processing by PostsController#new as HTML
  Rendering posts/new.html.erb within layouts/application
  Rendered posts/new.html.erb within layouts/application (0.6ms)
  Rendered layouts/_shim.html.erb (0.2ms)
  Rendered layouts/_header.html.erb (0.3ms)
  Rendered layouts/_footer.html.erb (0.3ms)
Completed 200 OK in 30ms (Views: 28.7ms | ActiveRecord: 0.0ms)


Started GET "/posts/new" for ::1 at 2016-10-10 03:52:02 -0700
Processing by PostsController#new as HTML
  Rendering posts/new.html.erb within layouts/application
  Rendered posts/new.html.erb within layouts/application (0.4ms)
  Rendered layouts/_shim.html.erb (0.3ms)
  Rendered layouts/_header.html.erb (0.3ms)
  Rendered layouts/_footer.html.erb (0.3ms)
Completed 200 OK in 28ms (Views: 27.0ms | ActiveRecord: 0.0ms)


Started GET "/posts/new" for ::1 at 2016-10-10 03:52:47 -0700
Processing by PostsController#new as HTML
  Rendering posts/new.html.erb within layouts/application
  Rendered posts/new.html.erb within layouts/application (0.4ms)
  Rendered layouts/_shim.html.erb (0.3ms)
  Rendered layouts/_header.html.erb (0.4ms)
  Rendered layouts/_footer.html.erb (0.5ms)
Completed 200 OK in 34ms (Views: 32.0ms | ActiveRecord: 0.0ms)


Started GET "/posts/new" for ::1 at 2016-10-10 03:54:40 -0700
Processing by PostsController#new as HTML
  Rendering posts/new.html.erb within layouts/application
  Rendered posts/new.html.erb within layouts/application (0.4ms)
  Rendered layouts/_shim.html.erb (0.2ms)
  Rendered layouts/_header.html.erb (0.3ms)
  Rendered layouts/_footer.html.erb (0.3ms)
Completed 200 OK in 31ms (Views: 29.3ms | ActiveRecord: 0.0ms)


Started GET "/posts/new" for ::1 at 2016-10-10 03:54:41 -0700
Processing by PostsController#new as HTML
  Rendering posts/new.html.erb within layouts/application
  Rendered posts/new.html.erb within layouts/application (0.4ms)
  Rendered layouts/_shim.html.erb (0.2ms)
  Rendered layouts/_header.html.erb (0.2ms)
  Rendered layouts/_footer.html.erb (0.2ms)
Completed 200 OK in 24ms (Views: 22.6ms | ActiveRecord: 0.0ms)


Started GET "/posts/new" for ::1 at 2016-10-10 03:55:12 -0700
Processing by PostsController#new as HTML
  Rendering posts/new.html.erb within layouts/application
  Rendered posts/new.html.erb within layouts/application (0.5ms)
  Rendered layouts/_shim.html.erb (0.2ms)
  Rendered layouts/_header.html.erb (0.4ms)
  Rendered layouts/_footer.html.erb (0.4ms)
Completed 200 OK in 36ms (Views: 34.5ms | ActiveRecord: 0.0ms)


Started GET "/posts/create" for ::1 at 2016-10-10 03:55:14 -0700
Processing by PostsController#create as HTML
  Rendering html template
  Rendered html template (0.0ms)
Completed 200 OK in 1ms (Views: 0.3ms | ActiveRecord: 0.0ms)


Started GET "/posts/create" for ::1 at 2016-10-10 03:55:25 -0700
Processing by PostsController#create as HTML
  Rendering html template
  Rendered html template (0.0ms)
Completed 200 OK in 1ms (Views: 0.2ms | ActiveRecord: 0.0ms)


Started GET "/posts/new" for ::1 at 2016-10-10 03:55:29 -0700
Processing by PostsController#new as HTML
  Rendering posts/new.html.erb within layouts/application
  Rendered posts/new.html.erb within layouts/application (0.5ms)
  Rendered layouts/_shim.html.erb (0.3ms)
  Rendered layouts/_header.html.erb (0.4ms)
  Rendered layouts/_footer.html.erb (0.4ms)
Completed 200 OK in 36ms (Views: 34.2ms | ActiveRecord: 0.0ms)


Started GET "/posts/new" for ::1 at 2016-10-10 03:55:35 -0700
Processing by PostsController#new as HTML
  Rendering posts/new.html.erb within layouts/application
  Rendered posts/new.html.erb within layouts/application (0.4ms)
  Rendered layouts/_shim.html.erb (0.2ms)
  Rendered layouts/_header.html.erb (0.3ms)
  Rendered layouts/_footer.html.erb (0.2ms)
Completed 200 OK in 33ms (Views: 31.3ms | ActiveRecord: 0.0ms)


Started GET "/posts/create" for ::1 at 2016-10-10 03:55:37 -0700
Processing by PostsController#create as HTML
  Rendering html template
  Rendered html template (0.0ms)
Completed 200 OK in 1ms (Views: 0.3ms | ActiveRecord: 0.0ms)


Started GET "/" for ::1 at 2016-10-10 03:56:09 -0700
Processing by MainController#home as HTML
  Rendering main/home.html.erb within layouts/application
  Rendered main/home.html.erb within layouts/application (0.4ms)
  Rendered layouts/_shim.html.erb (0.3ms)
  Rendered layouts/_header.html.erb (0.4ms)
  Rendered layouts/_footer.html.erb (0.3ms)
Completed 200 OK in 28ms (Views: 26.7ms | ActiveRecord: 0.0ms)


Started GET "/posts/new" for ::1 at 2016-10-10 03:56:10 -0700
Processing by PostsController#new as HTML
  Rendering posts/new.html.erb within layouts/application
  Rendered posts/new.html.erb within layouts/application (0.4ms)
  Rendered layouts/_shim.html.erb (0.3ms)
  Rendered layouts/_header.html.erb (0.3ms)
  Rendered layouts/_footer.html.erb (0.2ms)
Completed 200 OK in 31ms (Views: 30.1ms | ActiveRecord: 0.0ms)


Started POST "/posts/create" for ::1 at 2016-10-10 03:56:11 -0700
Processing by PostsController#create as HTML
Can't verify CSRF token authenticity.
Completed 422 Unprocessable Entity in 1ms (ActiveRecord: 0.0ms)


  
ActionController::InvalidAuthenticityToken (ActionController::InvalidAuthenticityToken):
  
actionpack (5.0.0.1) lib/action_controller/metal/request_forgery_protection.rb:195:in `handle_unverified_request'
actionpack (5.0.0.1) lib/action_controller/metal/request_forgery_protection.rb:223:in `handle_unverified_request'
actionpack (5.0.0.1) lib/action_controller/metal/request_forgery_protection.rb:218:in `verify_authenticity_token'
activesupport (5.0.0.1) lib/active_support/callbacks.rb:382:in `block in make_lambda'
activesupport (5.0.0.1) lib/active_support/callbacks.rb:169:in `block (2 levels) in halting'
actionpack (5.0.0.1) lib/abstract_controller/callbacks.rb:12:in `block (2 levels) in <module:Callbacks>'
activesupport (5.0.0.1) lib/active_support/callbacks.rb:170:in `block in halting'
activesupport (5.0.0.1) lib/active_support/callbacks.rb:454:in `block in call'
activesupport (5.0.0.1) lib/active_support/callbacks.rb:454:in `each'
activesupport (5.0.0.1) lib/active_support/callbacks.rb:454:in `call'
activesupport (5.0.0.1) lib/active_support/callbacks.rb:101:in `__run_callbacks__'
activesupport (5.0.0.1) lib/active_support/callbacks.rb:750:in `_run_process_action_callbacks'
activesupport (5.0.0.1) lib/active_support/callbacks.rb:90:in `run_callbacks'
actionpack (5.0.0.1) lib/abstract_controller/callbacks.rb:19:in `process_action'
actionpack (5.0.0.1) lib/action_controller/metal/rescue.rb:20:in `process_action'
actionpack (5.0.0.1) lib/action_controller/metal/instrumentation.rb:32:in `block in process_action'
activesupport (5.0.0.1) lib/active_support/notifications.rb:164:in `block in instrument'
activesupport (5.0.0.1) lib/active_support/notifications/instrumenter.rb:21:in `instrument'
activesupport (5.0.0.1) lib/active_support/notifications.rb:164:in `instrument'
actionpack (5.0.0.1) lib/action_controller/metal/instrumentation.rb:30:in `process_action'
actionpack (5.0.0.1) lib/action_controller/metal/params_wrapper.rb:248:in `process_action'
activerecord (5.0.0.1) lib/active_record/railties/controller_runtime.rb:18:in `process_action'
actionpack (5.0.0.1) lib/abstract_controller/base.rb:126:in `process'
actionview (5.0.0.1) lib/action_view/rendering.rb:30:in `process'
actionpack (5.0.0.1) lib/action_controller/metal.rb:190:in `dispatch'
actionpack (5.0.0.1) lib/action_controller/metal.rb:262:in `dispatch'
actionpack (5.0.0.1) lib/action_dispatch/routing/route_set.rb:50:in `dispatch'
actionpack (5.0.0.1) lib/action_dispatch/routing/route_set.rb:32:in `serve'
actionpack (5.0.0.1) lib/action_dispatch/journey/router.rb:39:in `block in serve'
actionpack (5.0.0.1) lib/action_dispatch/journey/router.rb:26:in `each'
actionpack (5.0.0.1) lib/action_dispatch/journey/router.rb:26:in `serve'
actionpack (5.0.0.1) lib/action_dispatch/routing/route_set.rb:725:in `call'
rack (2.0.1) lib/rack/etag.rb:25:in `call'
rack (2.0.1) lib/rack/conditional_get.rb:38:in `call'
rack (2.0.1) lib/rack/head.rb:12:in `call'
rack (2.0.1) lib/rack/session/abstract/id.rb:222:in `context'
rack (2.0.1) lib/rack/session/abstract/id.rb:216:in `call'
actionpack (5.0.0.1) lib/action_dispatch/middleware/cookies.rb:613:in `call'
activerecord (5.0.0.1) lib/active_record/migration.rb:552:in `call'
actionpack (5.0.0.1) lib/action_dispatch/middleware/callbacks.rb:38:in `block in call'
activesupport (5.0.0.1) lib/active_support/callbacks.rb:97:in `__run_callbacks__'
activesupport (5.0.0.1) lib/active_support/callbacks.rb:750:in `_run_call_callbacks'
activesupport (5.0.0.1) lib/active_support/callbacks.rb:90:in `run_callbacks'
actionpack (5.0.0.1) lib/action_dispatch/middleware/callbacks.rb:36:in `call'
actionpack (5.0.0.1) lib/action_dispatch/middleware/executor.rb:12:in `call'
actionpack (5.0.0.1) lib/action_dispatch/middleware/remote_ip.rb:79:in `call'
actionpack (5.0.0.1) lib/action_dispatch/middleware/debug_exceptions.rb:49:in `call'
web-console (3.3.1) lib/web_console/middleware.rb:131:in `call_app'
web-console (3.3.1) lib/web_console/middleware.rb:28:in `block in call'
web-console (3.3.1) lib/web_console/middleware.rb:18:in `catch'
web-console (3.3.1) lib/web_console/middleware.rb:18:in `call'
actionpack (5.0.0.1) lib/action_dispatch/middleware/show_exceptions.rb:31:in `call'
railties (5.0.0.1) lib/rails/rack/logger.rb:36:in `call_app'
railties (5.0.0.1) lib/rails/rack/logger.rb:24:in `block in call'
activesupport (5.0.0.1) lib/active_support/tagged_logging.rb:70:in `block in tagged'
activesupport (5.0.0.1) lib/active_support/tagged_logging.rb:26:in `tagged'
activesupport (5.0.0.1) lib/active_support/tagged_logging.rb:70:in `tagged'
railties (5.0.0.1) lib/rails/rack/logger.rb:24:in `call'
sprockets-rails (3.2.0) lib/sprockets/rails/quiet_assets.rb:13:in `call'
actionpack (5.0.0.1) lib/action_dispatch/middleware/request_id.rb:24:in `call'
rack (2.0.1) lib/rack/method_override.rb:22:in `call'
rack (2.0.1) lib/rack/runtime.rb:22:in `call'
activesupport (5.0.0.1) lib/active_support/cache/strategy/local_cache_middleware.rb:28:in `call'
actionpack (5.0.0.1) lib/action_dispatch/middleware/executor.rb:12:in `call'
actionpack (5.0.0.1) lib/action_dispatch/middleware/static.rb:136:in `call'
rack (2.0.1) lib/rack/sendfile.rb:111:in `call'
railties (5.0.0.1) lib/rails/engine.rb:522:in `call'
puma (3.6.0) lib/puma/configuration.rb:225:in `call'
puma (3.6.0) lib/puma/server.rb:578:in `handle_request'
puma (3.6.0) lib/puma/server.rb:415:in `process_client'
puma (3.6.0) lib/puma/server.rb:275:in `block in run'
puma (3.6.0) lib/puma/thread_pool.rb:116:in `block in spawn_thread'
  Rendering /Users/ajmagat/.rvm/gems/ruby-2.3.1/gems/actionpack-5.0.0.1/lib/action_dispatch/middleware/templates/rescues/diagnostics.html.erb within rescues/layout
  Rendering /Users/ajmagat/.rvm/gems/ruby-2.3.1/gems/actionpack-5.0.0.1/lib/action_dispatch/middleware/templates/rescues/_source.html.erb
  Rendered /Users/ajmagat/.rvm/gems/ruby-2.3.1/gems/actionpack-5.0.0.1/lib/action_dispatch/middleware/templates/rescues/_source.html.erb (3.1ms)
  Rendering /Users/ajmagat/.rvm/gems/ruby-2.3.1/gems/actionpack-5.0.0.1/lib/action_dispatch/middleware/templates/rescues/_trace.html.erb
  Rendered /Users/ajmagat/.rvm/gems/ruby-2.3.1/gems/actionpack-5.0.0.1/lib/action_dispatch/middleware/templates/rescues/_trace.html.erb (1.4ms)
  Rendering /Users/ajmagat/.rvm/gems/ruby-2.3.1/gems/actionpack-5.0.0.1/lib/action_dispatch/middleware/templates/rescues/_request_and_response.html.erb
  Rendered /Users/ajmagat/.rvm/gems/ruby-2.3.1/gems/actionpack-5.0.0.1/lib/action_dispatch/middleware/templates/rescues/_request_and_response.html.erb (0.8ms)
  Rendered /Users/ajmagat/.rvm/gems/ruby-2.3.1/gems/actionpack-5.0.0.1/lib/action_dispatch/middleware/templates/rescues/diagnostics.html.erb within rescues/layout (51.4ms)
Started POST "/posts/create" for ::1 at 2016-10-10 03:57:29 -0700
DEPRECATION WARNING: skip_before_filter is deprecated and will be removed in Rails 5.1. Use skip_before_action instead. (called from <class:PostsController> at /Users/ajmagat/Desktop/cs291/locamotor/app/controllers/posts_controller.rb:2)
Processing by PostsController#create as HTML
  Rendering html template
  Rendered html template (0.0ms)
Completed 200 OK in 1ms (Views: 0.5ms | ActiveRecord: 0.0ms)


Started GET "/" for ::1 at 2016-10-10 03:57:35 -0700
Processing by MainController#home as HTML
  Rendering main/home.html.erb within layouts/application
  Rendered main/home.html.erb within layouts/application (0.5ms)
Started GET "/" for ::1 at 2016-10-10 03:57:35 -0700
Processing by MainController#home as HTML
  Rendering main/home.html.erb within layouts/application
  Rendered main/home.html.erb within layouts/application (0.4ms)
  Rendered layouts/_shim.html.erb (0.3ms)
  Rendered layouts/_shim.html.erb (0.2ms)
  Rendered layouts/_header.html.erb (0.3ms)
  Rendered layouts/_header.html.erb (0.3ms)
  Rendered layouts/_footer.html.erb (0.2ms)
Completed 200 OK in 37ms (Views: 34.7ms | ActiveRecord: 0.0ms)


  Rendered layouts/_footer.html.erb (0.3ms)
Completed 200 OK in 67ms (Views: 65.5ms | ActiveRecord: 0.0ms)


Started GET "/posts/new" for ::1 at 2016-10-10 03:57:36 -0700
Processing by PostsController#new as HTML
  Rendering posts/new.html.erb within layouts/application
  Rendered posts/new.html.erb within layouts/application (0.6ms)
  Rendered layouts/_shim.html.erb (0.3ms)
  Rendered layouts/_header.html.erb (0.3ms)
  Rendered layouts/_footer.html.erb (0.3ms)
Completed 200 OK in 31ms (Views: 29.4ms | ActiveRecord: 0.0ms)


Started POST "/posts/create" for ::1 at 2016-10-10 03:57:37 -0700
Processing by PostsController#create as HTML
  Rendering html template
  Rendered html template (0.0ms)
Completed 200 OK in 1ms (Views: 0.3ms | ActiveRecord: 0.0ms)


