
=INFO REPORT==== 9-Nov-2016::19:46:10 ===
    ts_config_server:(5:<0.72.0>) Config server started, logdir is "/home/ec2-user/.tsung/log/20161109-1946"
 
=INFO REPORT==== 9-Nov-2016::19:46:10 ===
              ts_mon:(5:<0.54.0>) starting monitor, global 

=INFO REPORT==== 9-Nov-2016::19:46:10 ===
           ts_config:(5:<0.72.0>) Reading config file: tsung_signin_plussize.xml

=INFO REPORT==== 9-Nov-2016::19:46:10 ===
      ts_config_http:(4:<0.72.0>) Get user agent: 100 "Mozilla/5.0 (Windows; U; Windows NT 5.2; fr-FR; rv:1.7.8) Gecko/20050511 Firefox/1.0.4" 

=INFO REPORT==== 9-Nov-2016::19:46:10 ===
           ts_config:(5:<0.72.0>) Session name for id 1 is "http-example"

=INFO REPORT==== 9-Nov-2016::19:46:10 ===
    ts_config_server:(4:<0.72.0>) SYSINFO:Tsung version: 1.6.0

=INFO REPORT==== 9-Nov-2016::19:46:10 ===
    ts_config_server:(4:<0.72.0>) SYSINFO:Erlang version: Erlang R14B04 (erts-5.8.5) [source] [64-bit] [rq:1] [async-threads:8] [kernel-poll:true]


=INFO REPORT==== 9-Nov-2016::19:46:10 ===
    ts_config_server:(4:<0.72.0>) SYSINFO:System architecture x86_64-redhat-linux-gnu

=INFO REPORT==== 9-Nov-2016::19:46:10 ===
    ts_config_server:(4:<0.72.0>) SYSINFO:Current path: /usr/lib/erlang/lib/tsung-1.6.0/ebin/tsung.beam

=INFO REPORT==== 9-Nov-2016::19:46:10 ===
              ts_mon:(5:<0.73.0>) Activate clients with text backend

=INFO REPORT==== 9-Nov-2016::19:46:10 ===
              ts_mon:(5:<0.73.0>) Starting tsung clients on hosts: [localhost]

=INFO REPORT==== 9-Nov-2016::19:46:10 ===
    ts_config_server:(5:<0.72.0>) Start a launcher on the controller beam localhost

=INFO REPORT==== 9-Nov-2016::19:46:10 ===
  ts_launcher_static:(5:<0.128.0>) Launch msg receive ("localhost")

=INFO REPORT==== 9-Nov-2016::19:46:10 ===
         ts_launcher:(5:<0.129.0>) Launch msg receive ("localhost")

=INFO REPORT==== 9-Nov-2016::19:46:10 ===
    ts_config_server:(5:<0.72.0>) All remote beams started, syncing 

=INFO REPORT==== 9-Nov-2016::19:46:10 ===
    ts_config_server:(5:<0.72.0>) Undefined ports_range config 

=INFO REPORT==== 9-Nov-2016::19:46:10 ===
    ts_config_server:(5:<0.72.0>) New arrival phase 1 for client "localhost" (last ? true): will start 10 users

=INFO REPORT==== 9-Nov-2016::19:46:10 ===
    ts_config_server:(5:<0.72.0>) New arrival phase 2 for client "localhost" (last ? true): will start 20 users

=INFO REPORT==== 9-Nov-2016::19:46:10 ===
    ts_config_server:(5:<0.72.0>) New arrival phase 3 for client "localhost" (last ? true): will start 40 users

=INFO REPORT==== 9-Nov-2016::19:46:10 ===
    ts_config_server:(5:<0.72.0>) New arrival phase 4 for client "localhost" (last ? true): will start 80 users

=INFO REPORT==== 9-Nov-2016::19:46:10 ===
    ts_config_server:(5:<0.72.0>) New arrival phase 5 for client "localhost" (last ? true): will start 160 users

=INFO REPORT==== 9-Nov-2016::19:46:10 ===
    ts_config_server:(5:<0.72.0>) New arrival phase 6 for client "localhost" (last ? true): will start 320 users

=INFO REPORT==== 9-Nov-2016::19:46:10 ===
    ts_config_server:(5:<0.72.0>) New arrival phase 7 for client "localhost" (last ? true): will start 640 users

=INFO REPORT==== 9-Nov-2016::19:46:10 ===
         ts_launcher:(5:<0.129.0>) Expected duration of first phase: 10.0 sec (10 users) 

=INFO REPORT==== 9-Nov-2016::19:46:10 ===
         ts_launcher:(5:<0.129.0>) Activate launcher (10 users) in 3155 msec 

=INFO REPORT==== 9-Nov-2016::19:46:21 ===
         ts_launcher:(4:<0.129.0>) Need to wait 2.738 sec before changing phase, going to sleep

=INFO REPORT==== 9-Nov-2016::19:46:23 ===
         ts_launcher:(5:<0.129.0>) Waking up

=INFO REPORT==== 9-Nov-2016::19:46:23 ===
         ts_launcher:(5:<0.129.0>) Start a new arrival phase (20 users, 0.002); expected duration=10.0 sec

=INFO REPORT==== 9-Nov-2016::19:46:34 ===
         ts_launcher:(5:<0.129.0>) Phase duration exceeded, but not all users were launched (5 users, 25.0% of phase)

=INFO REPORT==== 9-Nov-2016::19:46:34 ===
         ts_launcher:(5:<0.129.0>) Start a new arrival phase (40 users, 0.004); expected duration=10.0 sec

=INFO REPORT==== 9-Nov-2016::19:46:45 ===
         ts_launcher:(5:<0.129.0>) Phase duration exceeded, but not all users were launched (3 users, 7.5% of phase)

=INFO REPORT==== 9-Nov-2016::19:46:45 ===
         ts_launcher:(5:<0.129.0>) Start a new arrival phase (80 users, 0.008); expected duration=10.0 sec

=INFO REPORT==== 9-Nov-2016::19:46:55 ===
         ts_launcher:(5:<0.129.0>) Phase duration exceeded, but not all users were launched (3 users, 3.8% of phase)

=INFO REPORT==== 9-Nov-2016::19:46:55 ===
         ts_launcher:(5:<0.129.0>) Start a new arrival phase (160 users, 0.016); expected duration=10.0 sec

=INFO REPORT==== 9-Nov-2016::19:47:03 ===
         ts_launcher:(4:<0.129.0>) Need to wait 1.422 sec before changing phase, going to sleep

=INFO REPORT==== 9-Nov-2016::19:47:05 ===
         ts_launcher:(5:<0.129.0>) Waking up

=INFO REPORT==== 9-Nov-2016::19:47:05 ===
         ts_launcher:(5:<0.129.0>) Start a new arrival phase (320 users, 0.032); expected duration=10.0 sec

=INFO REPORT==== 9-Nov-2016::19:47:15 ===
         ts_launcher:(5:<0.129.0>) Phase duration exceeded, but not all users were launched (27 users, 8.4% of phase)

=INFO REPORT==== 9-Nov-2016::19:47:15 ===
         ts_launcher:(5:<0.129.0>) Start a new arrival phase (640 users, 0.064); expected duration=10.0 sec

=INFO REPORT==== 9-Nov-2016::19:47:25 ===
         ts_launcher:(5:<0.129.0>) Phase duration exceeded, but not all users were launched (20 users, 3.1% of phase)

=INFO REPORT==== 9-Nov-2016::19:47:25 ===
         ts_launcher:(5:<0.129.0>) This was the last phase, wait for connected users to finish their session

=INFO REPORT==== 9-Nov-2016::19:48:50 ===
     ts_launcher_mgr:(5:<0.123.0>) No more active users 'tsung_controller@ip-172-31-16-134' "28971"
