# stats: dump at 1478720780
stats: users 2 4
stats: {freemem,"tsung_controller@ip-172-31-16-134"} 1 3061.109375 0 3061.109375 3061.109375 0 0
stats: {load,"tsung_controller@ip-172-31-16-134"} 1 0.0 0 0.0 0.0 0 0
stats: {cpu,"tsung_controller@ip-172-31-16-134"} 1 2.7743589477273867 0 2.7743589477273867 2.7743589477273867 0 0
stats: session 6 1620.3281656901042 879.6255575442672 2536.263916015625 311.68994140625 0 0
stats: users_count 8 8
stats: finish_users_count 6 6
stats: request 13 118.30669696514423 100.27178564011199 329.968017578125 11.674072265625 0 0
stats: connect 8 28.67462158203125 55.8045535456139 169.782958984375 1.13916015625 0 0
stats: page 13 118.30669696514423 100.27178564011199 329.968017578125 11.674072265625 0 0
stats: 200 13 13
stats: size_rcv 41864 41864
stats: size_sent 6260 6260
stats: connected 3 3
# stats: dump at 1478720790
stats: users 8 8
stats: {freemem,"tsung_controller@ip-172-31-16-134"} 1 3060.53125 0.0 3061.109375 3060.53125 3061.109375 1
stats: {load,"tsung_controller@ip-172-31-16-134"} 1 0.0 0.0 0.0 0.0 0.0 1
stats: {recvpackets,"tsung_controller@ip-172-31-16-134"} 1 265 0 265 265 0 0
stats: {sentpackets,"tsung_controller@ip-172-31-16-134"} 1 223 0 223 223 0 0
stats: {cpu,"tsung_controller@ip-172-31-16-134"} 1 2.270483711747285 0.0 2.7743589477273867 2.270483711747285 2.7743589477273867 1
stats: session 5 1856.748828125 1381.372926692974 3654.041015625 229.54296875 1620.3281656901042 6
stats: users_count 11 19
stats: finish_users_count 5 11
stats: request 15 100.07078450520834 176.23719057631564 712.47998046875 11.47021484375 118.30669696514423 13
stats: connect 10 1.3379638671875 0.11725629948609442 169.782958984375 1.13916015625 28.67462158203125 8
stats: page 15 100.07078450520834 176.23719057631564 712.47998046875 11.47021484375 118.30669696514423 13
stats: 200 15 28
stats: size_rcv 51964 93828
stats: newphase 1 1
stats: size_sent 5888 12148
stats: connected 5 8
# stats: dump at 1478720800
stats: users 11 13
stats: {freemem,"tsung_controller@ip-172-31-16-134"} 1 3060.29296875 0.0 3061.109375 3060.29296875 3060.8203125 2
stats: {load,"tsung_controller@ip-172-31-16-134"} 1 0.0 0.0 0.0 0.0 0.0 2
stats: {recvpackets,"tsung_controller@ip-172-31-16-134"} 1 100.0 0.0 265 100 265.0 1
stats: {sentpackets,"tsung_controller@ip-172-31-16-134"} 1 114.0 0.0 223 114 223.0 1
stats: {cpu,"tsung_controller@ip-172-31-16-134"} 1 0.891089108910891 0.0 2.7743589477273867 0.891089108910891 2.5224213297373357 2
stats: session 23 2989.7452870244565 3140.7969150801614 9488.300048828125 218.4658203125 1727.7921031605113 11
stats: users_count 26 45
stats: finish_users_count 23 34
stats: request 47 79.01780148769946 73.00824247505406 712.47998046875 10.614990234375 108.53745814732143 28
stats: connect 26 1.2928842397836542 0.1307261640550305 169.782958984375 1.083984375 13.487589518229166 18
stats: page 47 79.01780148769946 73.00824247505406 712.47998046875 10.614990234375 108.53745814732143 28
stats: 200 47 75
stats: size_rcv 166510 260338
stats: newphase 1 2
stats: size_sent 21502 33650
stats: connected 5 13
# stats: dump at 1478720810
stats: users 28 29
stats: {freemem,"tsung_controller@ip-172-31-16-134"} 1 3060.23046875 0.0 3061.109375 3060.23046875 3060.64453125 3
stats: {load,"tsung_controller@ip-172-31-16-134"} 1 0.0 0.0 0.0 0.0 0.0 3
stats: {recvpackets,"tsung_controller@ip-172-31-16-134"} 1 286.0 0.0 286 100 182.5 2
stats: {sentpackets,"tsung_controller@ip-172-31-16-134"} 1 332.0 0.0 332 114 168.5 2
stats: {cpu,"tsung_controller@ip-172-31-16-134"} 1 1.5810276679841897 0.0 2.7743589477273867 0.891089108910891 1.9786439227951875 3
stats: session 44 2868.7569691051135 2455.9248895945516 12717.04296875 218.4658203125 2581.4663157743566 34
stats: users_count 61 106
stats: finish_users_count 44 78
stats: request 106 128.73669894236448 117.66646542432233 712.47998046875 10.614990234375 90.03847330729167 75
stats: connect 61 1.245461385758197 0.17483416778976804 169.782958984375 0.882080078125 6.281627308238637 44
stats: page 106 128.73669894236448 117.66646542432233 712.47998046875 10.614990234375 90.03847330729167 75
stats: 200 106 181
stats: size_rcv 370416 630754
stats: newphase 1 3
stats: size_sent 47133 80783
stats: connected 16 29
# stats: dump at 1478720820
stats: users 75 75
stats: {freemem,"tsung_controller@ip-172-31-16-134"} 1 3058.7890625 0.0 3061.109375 3058.7890625 3060.541015625 4
stats: {load,"tsung_controller@ip-172-31-16-134"} 1 0.0 0.0 0.0 0.0 0.0 4
stats: {recvpackets,"tsung_controller@ip-172-31-16-134"} 1 636.0 0.0 636 100 217.0 3
stats: {sentpackets,"tsung_controller@ip-172-31-16-134"} 1 745.0 0.0 745 114 223.0 3
stats: {cpu,"tsung_controller@ip-172-31-16-134"} 1 1.9900497512437811 0.0 2.7743589477273867 0.891089108910891 1.879239859092438 4
stats: session 87 3076.317893543461 2726.2830152339175 15103.10302734375 218.4658203125 2743.5277099609375 78
stats: users_count 134 240
stats: finish_users_count 87 165
stats: request 193 300.54744550477653 285.62864160073275 1140.75 10.43994140625 112.70152257424039 181
stats: connect 124 1.323748188634072 0.6986937327498525 169.782958984375 0.85986328125 3.355854724702381 105
stats: page 193 300.54744550477653 285.62864160073275 1140.75 10.43994140625 112.70152257424039 181
stats: 200 193 374
stats: size_rcv 687588 1318342
stats: newphase 1 4
stats: size_sent 99344 180127
stats: connected 39 68
# stats: dump at 1478720830
stats: users 185 185
stats: {freemem,"tsung_controller@ip-172-31-16-134"} 1 3056.5390625 0.0 3061.109375 3056.5390625 3060.190625 5
stats: {load,"tsung_controller@ip-172-31-16-134"} 1 0.0 0.0 0.0 0.0 0.0 5
stats: {recvpackets,"tsung_controller@ip-172-31-16-134"} 1 1274.0 0.0 1274 100 321.75 4
stats: {sentpackets,"tsung_controller@ip-172-31-16-134"} 1 1476.0 0.0 1476 114 353.5 4
stats: {cpu,"tsung_controller@ip-172-31-16-134"} 1 3.5964035964035967 0.0 3.5964035964035967 0.891089108910891 1.9014018375227066 5
stats: session 104 6199.943368765025 2919.722439108589 23588.22802734375 218.4658203125 2918.9988976680866 165
stats: users_count 214 454
stats: finish_users_count 104 269
stats: request 251 1999.161485892368 862.7935296915653 4358.265869140625 10.43994140625 209.6380549956133 374
stats: connect 217 1.4956110941100236 1.7592117439972235 169.782958984375 0.85986328125 2.2555000938182315 229
stats: page 251 1999.161485892368 862.7935296915653 4358.265869140625 10.43994140625 209.6380549956133 374
stats: 200 251 625
stats: size_rcv 887621 2205963
stats: newphase 1 5
stats: size_sent 142925 323052
stats: connected 112 180
# stats: dump at 1478720840
stats: users 532 534
stats: {freemem,"tsung_controller@ip-172-31-16-134"} 1 3051.57421875 0.0 3061.109375 3051.57421875 3059.58203125 6
stats: {load,"tsung_controller@ip-172-31-16-134"} 1 0.0 0.0 0.0 0.0 0.0 6
stats: {recvpackets,"tsung_controller@ip-172-31-16-134"} 1 1730.0 0.0 1730 100 512.2 5
stats: {sentpackets,"tsung_controller@ip-172-31-16-134"} 1 2034.0 0.0 2034 114 578.0 5
stats: {cpu,"tsung_controller@ip-172-31-16-134"} 1 5.105105105105105 0.0 5.105105105105105 0.891089108910891 2.1839021306695217 6
stats: session 101 9407.356454981442 3099.792719183265 23588.22802734375 218.4658203125 4187.468135564301 269
stats: users_count 448 902
stats: finish_users_count 101 370
stats: request 276 3939.142963796422 1602.0572760383075 7957.915771484375 10.43994140625 928.31066484375 625
stats: connect 435 1.170180046695401 1.0666101239084658 169.782958984375 0.80810546875 1.8857783159332961 446
stats: page 276 3939.142963796422 1602.0572760383075 7957.915771484375 10.43994140625 928.31066484375 625
stats: 200 276 901
stats: size_rcv 976465 3182428
stats: newphase 1 6
stats: size_sent 234344 557396
stats: connected 334 514
# stats: dump at 1478720850
stats: users 744 793
stats: {freemem,"tsung_controller@ip-172-31-16-134"} 1 3037.37109375 0.0 3061.109375 3037.37109375 3058.438058035714 7
stats: {load,"tsung_controller@ip-172-31-16-134"} 1 0.0 0.0 0.0 0.0 0.0 7
stats: {recvpackets,"tsung_controller@ip-172-31-16-134"} 1 2630.0 0.0 2630 100 715.1666666666666 6
stats: {sentpackets,"tsung_controller@ip-172-31-16-134"} 1 3225.0 0.0 3225 114 820.6666666666666 6
stats: {cpu,"tsung_controller@ip-172-31-16-134"} 1 10.21021021021021 0.0 10.21021021021021 0.891089108910891 2.6012168413031764 7
stats: session 98 15499.31192452567 3406.6232537625224 27843.231201171875 218.4658203125 5612.356568702493 370
stats: users_count 310 1212
stats: finish_users_count 98 468
stats: request 393 7949.979769874165 2591.7409345025662 13957.701904296875 10.43994140625 1850.6077952665441 901
stats: connect 331 1.1754235212896522 0.39407973851290323 169.782958984375 0.80810546875 1.5324465938918836 881
stats: page 393 7949.979769874165 2591.7409345025662 13957.701904296875 10.43994140625 1850.6077952665441 901
stats: 200 393 1294
stats: size_rcv 1386252 4568680
stats: newphase 0 6
stats: size_sent 250301 807697
stats: connected 233 747
# stats: dump at 1478720860
stats: users 651 793
stats: {freemem,"tsung_controller@ip-172-31-16-134"} 1 3022.79296875 0.0 3061.109375 3022.79296875 3055.8046875 8
stats: {load,"tsung_controller@ip-172-31-16-134"} 1 0.0 0.0 0.0 0.0 0.0 8
stats: {recvpackets,"tsung_controller@ip-172-31-16-134"} 1 2252.0 0.0 2630 100 988.7142857142857 7
stats: {sentpackets,"tsung_controller@ip-172-31-16-134"} 1 2522.0 0.0 3225 114 1164.142857142857 7
stats: {cpu,"tsung_controller@ip-172-31-16-134"} 1 5.740181268882175 0.0 10.21021021021021 0.891089108910891 3.5523410124165555 8
stats: session 93 22207.760198777723 3702.7618491828907 32623.93896484375 218.4658203125 7682.701920990252 468
stats: users_count 0 1212
stats: finish_users_count 93 561
stats: request 377 14217.240051107634 3842.620311700807 19168.927001953125 10.43994140625 3703.0445696257366 1294
stats: connect 0 0 0 169.782958984375 0.80810546875 1.4349427679584361 1212
stats: page 377 14217.240051107634 3842.620311700807 19168.927001953125 10.43994140625 3703.0445696257366 1294
stats: 200 377 1671
stats: size_rcv 1337733 5906413
stats: newphase 0 6
stats: size_sent 237119 1044816
stats: connected -95 652
# stats: dump at 1478720870
stats: users 554 793
stats: {freemem,"tsung_controller@ip-172-31-16-134"} 1 3017.71875 0.0 3061.109375 3017.71875 3052.13671875 9
stats: {load,"tsung_controller@ip-172-31-16-134"} 1 0.0 0.0 0.0 0.0 0.0 9
stats: {recvpackets,"tsung_controller@ip-172-31-16-134"} 1 1466.0 0.0 2630 100 1146.625 8
stats: {sentpackets,"tsung_controller@ip-172-31-16-134"} 1 1517.0 0.0 3225 114 1333.875 8
stats: {cpu,"tsung_controller@ip-172-31-16-134"} 1 2.318548387096774 0.0 10.21021021021021 0.891089108910891 3.795434374246069 9
stats: session 97 28563.878216615663 3696.3148655457107 39249.97509765625 218.4658203125 10090.599282548603 561
stats: users_count 0 1212
stats: finish_users_count 97 658
stats: request 192 20245.863427480068 2378.4904110340694 24565.48193359375 10.43994140625 6075.188014580061 1671
stats: connect 0 0 0 169.782958984375 0.80810546875 1.4349427679584361 1212
stats: page 192 20245.863427480068 2378.4904110340694 24565.48193359375 10.43994140625 6075.188014580061 1671
stats: 200 192 1863
stats: size_rcv 668750 6575163
stats: newphase 0 6
stats: size_sent 118243 1163059
stats: connected -92 560
# stats: dump at 1478720880
stats: users 433 793
stats: {freemem,"tsung_controller@ip-172-31-16-134"} 1 3017.10546875 0.0 3061.109375 3017.10546875 3048.694921875 10
stats: {load,"tsung_controller@ip-172-31-16-134"} 1 0.0 0.0 0.0 0.0 0.0 10
stats: {recvpackets,"tsung_controller@ip-172-31-16-134"} 1 754.0 0.0 2630 100 1182.111111111111 9
stats: {sentpackets,"tsung_controller@ip-172-31-16-134"} 1 843.0 0.0 3225 114 1354.2222222222222 9
stats: {cpu,"tsung_controller@ip-172-31-16-134"} 1 1.8849206349206349 0.0 10.21021021021021 0.891089108910891 3.6477457755311398 10
stats: session 121 36978.52875209843 3716.8908726023046 48456.93310546875 218.4658203125 12813.863806263656 658
stats: users_count 0 1212
stats: finish_users_count 121 779
stats: request 122 25483.237502801614 1921.2707049625742 29583.969970703125 10.43994140625 7535.611889661543 1863
stats: connect 0 0 0 169.782958984375 0.80810546875 1.4349427679584361 1212
stats: page 122 25483.237502801614 1921.2707049625742 29583.969970703125 10.43994140625 7535.611889661543 1863
stats: 200 115 1978
stats: size_rcv 413419 6988582
stats: newphase 0 6
stats: size_sent 18535 1181594
stats: connected -121 439
stats: 500 7 7
# stats: dump at 1478720890
stats: users 317 793
stats: {freemem,"tsung_controller@ip-172-31-16-134"} 1 3017.0078125 0.0 3061.109375 3017.0078125 3045.823153409091 11
stats: {load,"tsung_controller@ip-172-31-16-134"} 1 0.0 0.0 0.0 0.0 0.0 11
stats: {recvpackets,"tsung_controller@ip-172-31-16-134"} 1 501.0 0.0 2630 100 1139.3 10
stats: {sentpackets,"tsung_controller@ip-172-31-16-134"} 1 607.0 0.0 3225 114 1303.1 10
stats: {cpu,"tsung_controller@ip-172-31-16-134"} 1 1.188118811881188 0.0 10.21021021021021 0.891089108910891 3.4874889445665485 11
stats: session 116 45630.99026804957 4004.2858313260176 52919.52197265625 218.4658203125 16567.29700067445 779
stats: users_count 0 1212
stats: finish_users_count 116 895
stats: request 120 31545.27914835612 2438.785531326787 36394.720947265625 10.43994140625 8638.69013893262 1985
stats: connect 0 0 0 169.782958984375 0.80810546875 1.4349427679584361 1212
stats: page 120 31545.27914835612 2438.785531326787 36394.720947265625 10.43994140625 8638.69013893262 1985
stats: 200 118 2096
stats: size_rcv 406640 7395222
stats: newphase 0 6
stats: size_sent 770 1182364
stats: connected -120 319
stats: 500 2 9
# stats: dump at 1478720900
stats: users 202 793
stats: {freemem,"tsung_controller@ip-172-31-16-134"} 1 3016.8515625 0.0 3061.109375 3016.8515625 3043.421875 12
stats: {load,"tsung_controller@ip-172-31-16-134"} 1 0.0 0.0 0.0 0.0 0.0 12
stats: {recvpackets,"tsung_controller@ip-172-31-16-134"} 1 495.0 0.0 2630 100 1081.2727272727273 11
stats: {sentpackets,"tsung_controller@ip-172-31-16-134"} 1 604.0 0.0 3225 114 1239.8181818181818 11
stats: {cpu,"tsung_controller@ip-172-31-16-134"} 1 1.0869565217391304 0.0 10.21021021021021 0.891089108910891 3.2958747668427684 12
stats: session 115 54798.38520295516 3959.458112909939 63452.447021484375 218.4658203125 20334.211435328656 895
stats: users_count 0 1212
stats: finish_users_count 115 1010
stats: request 117 37030.064332098016 3640.204229001056 43789.35302734375 10.43994140625 9944.528942320183 2105
stats: connect 0 0 0 169.782958984375 0.80810546875 1.4349427679584361 1212
stats: page 117 37030.064332098016 3640.204229001056 43789.35302734375 10.43994140625 9944.528942320183 2105
stats: 200 115 2211
stats: size_rcv 378371 7773593
stats: newphase 0 6
stats: size_sent 0 1182364
stats: connected -117 202
stats: 500 2 11
# stats: dump at 1478720910
stats: users 107 793
stats: {freemem,"tsung_controller@ip-172-31-16-134"} 1 3016.98046875 0.0 3061.109375 3016.8515625 3041.3780048076924 13
stats: {load,"tsung_controller@ip-172-31-16-134"} 1 0.0 0.0 0.0 0.0 0.0 13
stats: {recvpackets,"tsung_controller@ip-172-31-16-134"} 1 667.0 0.0 2630 100 1032.4166666666667 12
stats: {sentpackets,"tsung_controller@ip-172-31-16-134"} 1 723.0 0.0 3225 114 1186.8333333333333 12
stats: {cpu,"tsung_controller@ip-172-31-16-134"} 1 1.2845849802371543 0.0 10.21021021021021 0.891089108910891 3.1259579787578735 13
stats: session 95 63014.81697419819 4253.676804311394 72765.32397460938 218.4658203125 24258.350032632665 1010
stats: users_count 0 1212
stats: finish_users_count 95 1105
stats: request 95 42581.644700863486 6880.159502817154 50232.64208984375 10.43994140625 11370.725000197774 2222
stats: connect 0 0 0 169.782958984375 0.80810546875 1.4349427679584361 1212
stats: page 95 42581.644700863486 6880.159502817154 50232.64208984375 10.43994140625 11370.725000197774 2222
stats: 200 93 2304
stats: size_rcv 315331 8088924
stats: newphase 0 6
stats: size_sent 0 1182364
stats: connected -95 107
stats: 500 2 13
# stats: dump at 1478720920
stats: users 41 793
stats: {freemem,"tsung_controller@ip-172-31-16-134"} 1 3007.7734375 0.0 3061.109375 3007.7734375 3039.635323660714 14
stats: {load,"tsung_controller@ip-172-31-16-134"} 1 0.0 0.0 0.0 0.0 0.0 14
stats: {recvpackets,"tsung_controller@ip-172-31-16-134"} 1 438.0 0.0 2630 100 1004.3076923076923 13
stats: {sentpackets,"tsung_controller@ip-172-31-16-134"} 1 490.0 0.0 3225 114 1151.1538461538462 13
stats: {cpu,"tsung_controller@ip-172-31-16-134"} 1 11.7813383600377 0.0 11.7813383600377 0.891089108910891 2.9944313360063934 14
stats: session 66 74314.84293989702 3604.0212792472867 81944.24096679688 218.4658203125 27590.35397783513 1105
stats: users_count 0 1212
stats: finish_users_count 66 1171
stats: request 66 53164.62260668205 1477.561396854265 55428.759033203125 10.43994140625 12650.413119128823 2317
stats: connect 0 0 0 169.782958984375 0.80810546875 1.4349427679584361 1212
stats: page 66 53164.62260668205 1477.561396854265 55428.759033203125 10.43994140625 12650.413119128823 2317
stats: 200 66 2370
stats: size_rcv 204999 8293923
stats: newphase 0 6
stats: size_sent 0 1182364
stats: connected -66 41
stats: 500 0 13
# stats: dump at 1478720930
stats: users 0 793
stats: {freemem,"tsung_controller@ip-172-31-16-134"} 1 3017.5078125 0.0 3061.109375 3007.7734375 3037.511197916667 15
stats: {load,"tsung_controller@ip-172-31-16-134"} 1 0.0 0.0 0.0 0.0 0.0 15
stats: {recvpackets,"tsung_controller@ip-172-31-16-134"} 1 382.0 0.0 2630 100 963.8571428571429 14
stats: {sentpackets,"tsung_controller@ip-172-31-16-134"} 1 410.0 0.0 3225 114 1103.9285714285713 14
stats: {cpu,"tsung_controller@ip-172-31-16-134"} 1 1.1869436201780417 0.0 11.7813383600377 0.891089108910891 3.5802251376084806 15
stats: session 41 80256.66012647675 2188.7992242766218 85295.2958984375 218.4658203125 30223.843535047843 1171
stats: users_count 0 1212
stats: finish_users_count 41 1212
stats: request 41 54149.94952243712 656.4689738747153 55428.759033203125 10.43994140625 13772.502009677926 2383
stats: connect 0 0 0 169.782958984375 0.80810546875 1.4349427679584361 1212
stats: page 41 54149.94952243712 656.4689738747153 55428.759033203125 10.43994140625 13772.502009677926 2383
stats: 200 41 2411
stats: size_rcv 142442 8436365
stats: newphase 0 6
stats: size_sent 0 1182364
stats: connected -41 0
stats: 500 0 13
# stats: dump at 1478720930
stats: users 0 793
stats: {freemem,"tsung_controller@ip-172-31-16-134"} 0 0 0 3061.109375 3007.7734375 3036.260986328125 16
stats: {load,"tsung_controller@ip-172-31-16-134"} 0 0 0 0.0 0.0 0.0 16
stats: {recvpackets,"tsung_controller@ip-172-31-16-134"} 0 0 0 2630 100 925.0666666666667 15
stats: {sentpackets,"tsung_controller@ip-172-31-16-134"} 0 0 0 3225 114 1057.6666666666665 15
stats: {cpu,"tsung_controller@ip-172-31-16-134"} 0 0 0 11.7813383600377 0.891089108910891 3.4306450427690782 16
stats: session 0 0 0 85295.2958984375 218.4658203125 31916.37280918034 1212
stats: users_count 0 1212
stats: finish_users_count 0 1212
stats: request 0 0 0 55428.759033203125 10.43994140625 14455.453885925092 2424
stats: connect 0 0 0 169.782958984375 0.80810546875 1.4349427679584361 1212
stats: page 0 0 0 55428.759033203125 10.43994140625 14455.453885925092 2424
stats: 200 0 2411
stats: size_rcv 0 8436365
stats: newphase 0 6
stats: size_sent 0 1182364
stats: connected 0 0
stats: 500 0 13
EndMonitor:{1478,720930,696500}
