# stats: dump at 1479248894
stats: users 4 6
stats: {load,"tsung_controller@ip-172-31-31-196"} 1 0.0 0 0.0 0.0 0 0
stats: {cpu,"tsung_controller@ip-172-31-31-196"} 1 3.866815031249921 0 3.866815031249921 3.866815031249921 0 0
stats: {freemem,"tsung_controller@ip-172-31-31-196"} 1 3065.73046875 0 3065.73046875 3065.73046875 0 0
stats: session 2 3831.739990234375 1258.987060546875 5090.72705078125 2572.7529296875 0 0
stats: users_count 6 6
stats: finish_users_count 2 2
stats: request 18 151.64598253038199 154.3746242057113 490.951171875 11.356201171875 0 0
stats: connect 6 43.324300130208336 60.10903912236582 143.58984375 1.06201171875 0 0
stats: page 13 210.01648888221155 164.2498952032522 503.734130859375 12.10595703125 0 0
stats: tr_new_post_page 5 23.84833984375 23.55825256869741 70.953857421875 11.48388671875 0 0
stats: 302 7 7
stats: tr_submit_new_post 2 74.9541015625 30.9150390625 105.869140625 44.0390625 0 0
stats: 200 11 11
stats: tr_user_login 5 351.0767578125 70.76056911200692 491.10400390625 304.058837890625 0 0
stats: size_rcv 55045 55045
stats: size_sent 11390 11390
stats: connected 4 4
# stats: dump at 1479248904
stats: users 7 7
stats: {load,"tsung_controller@ip-172-31-31-196"} 1 0.0 0.0 0.0 0.0 0.0 1
stats: {recvpackets,"tsung_controller@ip-172-31-31-196"} 1 244 0 244 244 0 0
stats: {sentpackets,"tsung_controller@ip-172-31-31-196"} 1 206 0 206 206 0 0
stats: {cpu,"tsung_controller@ip-172-31-31-196"} 1 2.561576354679803 0.0 3.866815031249921 2.561576354679803 3.866815031249921 1
stats: {freemem,"tsung_controller@ip-172-31-31-196"} 1 3063.91015625 0.0 3065.73046875 3063.91015625 3065.73046875 1
stats: session 8 6128.4892578125 1929.3899559514016 9016.64501953125 2572.7529296875 3831.739990234375 2
stats: users_count 11 17
stats: finish_users_count 8 10
stats: request 34 126.82977653952206 171.84638865556963 602.633056640625 8.72705078125 151.64598253038199 18
stats: connect 10 1.7690673828125 0.7388573589674585 143.58984375 0.987060546875 43.324300130208336 6
stats: page 26 165.88667179987985 189.98382430924227 622.39501953125 11.050048828125 210.01648888221155 13
stats: tr_new_post_page 8 15.3995361328125 6.498275997019681 70.953857421875 8.8310546875 23.84833984375 5
stats: 302 16 23
stats: tr_submit_new_post 8 123.3536376953125 139.5497899984895 369.906982421875 40.593994140625 74.9541015625 2
stats: 200 18 29
stats: tr_user_login 8 380.6651306152344 117.46128135931085 602.78515625 301.177001953125 351.0767578125 5
stats: size_rcv 93466 148511
stats: size_sent 21590 32980
stats: connected 2 6
# stats: dump at 1479248914
stats: users 6 11
stats: {load,"tsung_controller@ip-172-31-31-196"} 1 0.0 0.0 0.0 0.0 0.0 2
stats: {recvpackets,"tsung_controller@ip-172-31-31-196"} 1 158.0 0.0 244 158 244.0 1
stats: {sentpackets,"tsung_controller@ip-172-31-31-196"} 1 151.0 0.0 206 151 206.0 1
stats: {cpu,"tsung_controller@ip-172-31-31-196"} 1 1.673228346456693 0.0 3.866815031249921 1.673228346456693 3.214195692964862 2
stats: {freemem,"tsung_controller@ip-172-31-31-196"} 1 3063.3828125 0.0 3065.73046875 3063.3828125 3064.8203125 2
stats: session 12 6599.319580078125 3377.5731952828082 11552.595947265625 1868.75 5669.139404296875 10
stats: users_count 11 28
stats: finish_users_count 12 22
stats: request 49 133.328199736926 156.34864582727272 602.633056640625 8.72705078125 135.42000169020434 52
stats: connect 12 1.4194742838541667 0.25386050537673327 143.58984375 0.987060546875 17.352279663085938 16
stats: page 36 173.1607191297743 170.16485540543135 622.39501953125 10.783935546875 180.59661082732373 39
stats: tr_new_post_page 12 16.931355794270832 18.362095185133647 77.50390625 8.8310546875 18.649076021634617 13
stats: 302 25 48
stats: tr_submit_new_post 12 75.52994791666667 61.80653521215588 369.906982421875 40.593994140625 113.67373046875 10
stats: 200 24 53
stats: tr_user_login 13 355.47740760216345 104.00176561631116 602.78515625 300.613037109375 369.2849872295673 13
stats: size_rcv 129678 278189
stats: size_sent 34360 67340
stats: connected 0 6
# stats: dump at 1479248924
stats: users 10 11
stats: {load,"tsung_controller@ip-172-31-31-196"} 1 0.0 0.0 0.0 0.0 0.0 3
stats: {recvpackets,"tsung_controller@ip-172-31-31-196"} 1 201.0 0.0 244 158 201.0 2
stats: {sentpackets,"tsung_controller@ip-172-31-31-196"} 1 179.0 0.0 206 151 178.5 2
stats: {cpu,"tsung_controller@ip-172-31-31-196"} 1 1.574803149606299 0.0 3.866815031249921 1.574803149606299 2.7005399107954724 3
stats: {freemem,"tsung_controller@ip-172-31-31-196"} 1 3063.2890625 0.0 3065.73046875 3063.2890625 3064.3411458333335 3
stats: session 7 6279.77117047991 3902.5120874801805 13183.4970703125 982.047119140625 6176.510409268466 22
stats: users_count 11 39
stats: finish_users_count 7 29
stats: request 31 87.97490864415323 116.50718744375557 602.633056640625 8.72705078125 134.40516707920793 101
stats: connect 11 1.290283203125 0.30418876252572447 143.58984375 0.8330078125 10.523934500558036 28
stats: page 25 121.137939453125 132.61898243063646 622.39501953125 8.914794921875 177.0273828125 75
stats: tr_new_post_page 7 13.007289341517858 3.2621981081492386 77.50390625 8.8310546875 17.8245703125 25
stats: 302 13 61
stats: tr_submit_new_post 7 82.72269112723214 77.59987441776939 369.906982421875 39.096923828125 92.86803089488636 22
stats: 200 18 71
stats: tr_user_login 6 305.8621012369792 9.614064000849083 602.78515625 298.677001953125 362.38119741586536 26
stats: size_rcv 88602 366791
stats: newphase 1 1
stats: size_sent 19380 86720
stats: connected 4 10
# stats: dump at 1479248934
stats: users 19 19
stats: {load,"tsung_controller@ip-172-31-31-196"} 1 0.0 0.0 0.0 0.0 0.0 4
stats: {recvpackets,"tsung_controller@ip-172-31-31-196"} 1 140.0 0.0 244 140 201.0 3
stats: {sentpackets,"tsung_controller@ip-172-31-31-196"} 1 135.0 0.0 206 135 178.66666666666666 3
stats: {cpu,"tsung_controller@ip-172-31-31-196"} 1 1.477832512315271 0.0 3.866815031249921 1.477832512315271 2.4191057204981794 4
stats: {freemem,"tsung_controller@ip-172-31-31-196"} 1 3063.15625 0.0 3065.73046875 3063.15625 3064.078125 4
stats: session 15 6868.6009765625 4090.700669457976 17463.0810546875 982.047119140625 6201.435420595366 29
stats: users_count 24 63
stats: finish_users_count 15 44
stats: request 68 137.43148265165442 185.3626593245276 791.841796875 8.2900390625 123.50109123461175 132
stats: connect 21 1.2934105282738095 0.26722691179729535 143.58984375 0.795166015625 7.919571314102564 39
stats: page 52 179.74723933293268 246.11133082275563 1039.871826171875 8.914794921875 163.05502197265625 100
stats: tr_new_post_page 16 64.40997314453125 93.7183971331408 317.6611328125 8.3798828125 16.770790100097656 32
stats: 302 31 92
stats: tr_submit_new_post 15 94.45125325520833 98.56497234257155 369.906982421875 37.0859375 90.41915577855603 29
stats: 200 37 108
stats: tr_user_login 16 413.3223571777344 157.6602852748418 791.98681640625 298.677001953125 351.7838668823242 32
stats: size_rcv 188641 555432
stats: newphase 1 2
stats: size_sent 46179 132899
stats: connected 6 16
# stats: dump at 1479248944
stats: users 48 48
stats: {load,"tsung_controller@ip-172-31-31-196"} 1 0.0 0.0 0.0 0.0 0.0 5
stats: {recvpackets,"tsung_controller@ip-172-31-31-196"} 1 414.0 0.0 414 140 185.75 4
stats: {sentpackets,"tsung_controller@ip-172-31-31-196"} 1 379.0 0.0 379 135 167.75 4
stats: {cpu,"tsung_controller@ip-172-31-31-196"} 1 1.5888778550148956 0.0 3.866815031249921 1.477832512315271 2.2308510788615976 5
stats: {freemem,"tsung_controller@ip-172-31-31-196"} 1 3061.625 0.0 3065.73046875 3061.625 3063.89375 5
stats: session 26 6679.787006084735 2849.6933298579725 17463.0810546875 982.047119140625 6428.87822376598 44
stats: users_count 55 118
stats: finish_users_count 26 70
stats: request 144 340.51549445258223 332.70634008958245 1298.473876953125 8.24609375 128.23742431640625 200
stats: connect 51 1.3409591375612746 0.39340016500244374 143.58984375 0.790771484375 5.6004150390625 60
stats: page 106 439.12883485038327 445.74538280185044 1693.488037109375 8.914794921875 168.7655173853824 152
stats: tr_new_post_page 35 203.46458565848215 232.82616256444436 807.658935546875 8.344970703125 32.65051778157552 48
stats: 302 62 154
stats: tr_submit_new_post 24 331.37401326497394 409.4080235168238 1298.628173828125 37.0859375 91.7937344637784 44
stats: 200 82 190
stats: tr_user_login 38 673.444535104852 230.64426645661754 1229.788818359375 298.677001953125 372.29669698079425 48
stats: size_rcv 426919 982351
stats: newphase 1 3
stats: size_sent 95917 228816
stats: connected 27 43
# stats: dump at 1479248954
stats: users 59 75
stats: {load,"tsung_controller@ip-172-31-31-196"} 1 0.0 0.0 0.0 0.0 0.0 6
stats: {recvpackets,"tsung_controller@ip-172-31-31-196"} 1 765.0 0.0 765 140 231.4 5
stats: {sentpackets,"tsung_controller@ip-172-31-31-196"} 1 725.0 0.0 725 135 210.0 5
stats: {cpu,"tsung_controller@ip-172-31-31-196"} 1 3.155818540433925 0.0 3.866815031249921 1.477832512315271 2.123855541553814 6
stats: {freemem,"tsung_controller@ip-172-31-31-196"} 1 3058.97265625 0.0 3065.73046875 3058.97265625 3063.515625 6
stats: session 34 8478.8213967716 3101.849726853361 18654.1640625 982.047119140625 6522.072914341518 70
stats: users_count 45 163
stats: finish_users_count 34 104
stats: request 197 1469.282493010391 896.5381503485057 3561.56494140625 8.24609375 217.09801181527064 344
stats: connect 52 1.9394578200120192 4.677591210838965 143.58984375 0.77294921875 3.6433677329673424 111
stats: page 140 1879.9969447544634 1379.901835865518 5124.182861328125 8.914794921875 279.8450199097626 258
stats: tr_new_post_page 49 1406.2064632493623 818.6093346649128 2818.899169921875 8.344970703125 104.68054640436748 83
stats: 302 92 246
stats: tr_submit_new_post 35 1809.7191685267858 1005.5700385141598 3561.6650390625 37.0859375 176.3514799230239 68
stats: 200 105 295
stats: tr_user_login 57 1801.7473872669957 767.629206238824 3241.69580078125 298.677001953125 505.3620208030523 86
stats: size_rcv 563849 1546200
stats: newphase 0 3
stats: size_sent 141245 370061
stats: connected 17 60
# stats: dump at 1479248964
stats: users 4 75
stats: {load,"tsung_controller@ip-172-31-31-196"} 1 0.0 0.0 0.0 0.0 0.0 7
stats: {recvpackets,"tsung_controller@ip-172-31-31-196"} 1 746.0 0.0 765 140 320.3333333333333 6
stats: {sentpackets,"tsung_controller@ip-172-31-31-196"} 1 657.0 0.0 725 135 295.8333333333333 6
stats: {cpu,"tsung_controller@ip-172-31-31-196"} 1 3.057199211045365 0.0 3.866815031249921 1.477832512315271 2.2712788271081155 7
stats: {freemem,"tsung_controller@ip-172-31-31-196"} 1 3055.48046875 0.0 3065.73046875 3055.48046875 3062.866629464286 7
stats: session 55 12500.06014737216 3010.840213852031 22162.924072265625 982.047119140625 7161.779148982121 104
stats: users_count 0 163
stats: finish_users_count 55 159
stats: request 105 1128.709616815477 962.0408115092617 3561.56494140625 8.24609375 673.0690705868764 541
stats: connect 0 0 0 143.58984375 0.77294921875 3.0997891104294477 163
stats: page 86 1712.3312988281252 1638.3344505507464 5201.56982421875 8.914794921875 842.7125311616675 398
stats: tr_new_post_page 30 1225.167374674479 732.2544502670497 2818.899169921875 8.344970703125 587.8227428089489 132
stats: 302 75 321
stats: tr_submit_new_post 56 836.5712411063058 1001.2519112494485 3561.6650390625 36.402099609375 731.3793352738168 103
stats: 200 30 325
stats: tr_user_login 19 1838.0798339843755 737.487651533653 3241.69580078125 298.677001953125 1022.1030410019667 143
stats: size_rcv 241900 1788100
stats: newphase 0 3
stats: size_sent 71235 441296
stats: connected -56 4
# stats: dump at 1479248974
stats: users 1 75
stats: {load,"tsung_controller@ip-172-31-31-196"} 1 0.0 0.0 0.0 0.0 0.0 8
stats: {recvpackets,"tsung_controller@ip-172-31-31-196"} 1 268.0 0.0 765 140 381.14285714285717 7
stats: {sentpackets,"tsung_controller@ip-172-31-31-196"} 1 236.0 0.0 725 135 347.42857142857144 7
stats: {cpu,"tsung_controller@ip-172-31-31-196"} 1 1.2845849802371543 0.0 3.866815031249921 1.2845849802371543 2.3695188751002716 8
stats: {freemem,"tsung_controller@ip-172-31-31-196"} 1 3056.671875 0.0 3065.73046875 3055.48046875 3061.943359375 8
stats: session 3 19741.961344401043 1580.0012292492527 22162.924072265625 982.047119140625 9008.354337104462 159
stats: users_count 0 163
stats: finish_users_count 3 162
stats: request 5 96.922998046875 105.60610779446053 3561.56494140625 8.24609375 747.1282924970978 646
stats: connect 0 0 0 143.58984375 0.77294921875 3.0997891104294477 163
stats: page 4 121.17901611328125 112.87015286078376 5201.56982421875 8.914794921875 997.2315683916578 484
stats: tr_new_post_page 1 11.4150390625 0.0 2818.899169921875 8.344970703125 705.8495264877507 162
stats: 302 4 325
stats: tr_submit_new_post 3 56.238688151041664 7.090275952418541 3561.6650390625 36.402099609375 768.4280568248821 159
stats: 200 1 326
stats: tr_user_login 1 305.10009765625 0.0 3241.69580078125 298.677001953125 1117.8040228949653 162
stats: size_rcv 9382 1797482
stats: newphase 0 3
stats: size_sent 4743 446039
stats: connected -3 1
# stats: dump at 1479248984
stats: users 0 75
stats: {load,"tsung_controller@ip-172-31-31-196"} 1 0.0 0.0 0.0 0.0 0.0 9
stats: {recvpackets,"tsung_controller@ip-172-31-31-196"} 1 9.0 0.0 765 9 367.0 8
stats: {sentpackets,"tsung_controller@ip-172-31-31-196"} 1 10.0 0.0 725 10 333.5 8
stats: {cpu,"tsung_controller@ip-172-31-31-196"} 1 0.9871668311944718 0.0 3.866815031249921 0.9871668311944718 2.2489706645599252 9
stats: {freemem,"tsung_controller@ip-172-31-31-196"} 1 3056.72265625 0.0 3065.73046875 3055.48046875 3061.3576388888887 9
stats: session 1 33303.93701171875 0.0 33303.93701171875 982.047119140625 9207.124837239584 162
stats: users_count 0 163
stats: finish_users_count 1 163
stats: request 1 47.715087890625 0.0 3561.56494140625 8.24609375 742.1343962263588 651
stats: connect 0 0 0 143.58984375 0.77294921875 3.0997891104294477 163
stats: page 1 47.715087890625 0.0 5201.56982421875 8.914794921875 990.0508097664252 488
stats: tr_new_post_page 0 0 0 2818.899169921875 8.344970703125 701.5891922090682 163
stats: 302 1 326
stats: tr_submit_new_post 1 47.85107421875 0.0 3561.6650390625 36.402099609375 755.2393648124036 162
stats: 200 0 326
stats: tr_user_login 0 0 0 3241.69580078125 298.677001953125 1112.818109243194 163
stats: size_rcv 1073 1798555
stats: newphase 0 3
stats: size_sent 1105 447144
stats: connected -1 0
# stats: dump at 1479248984
stats: users 0 75
stats: {load,"tsung_controller@ip-172-31-31-196"} 0 0 0 0.0 0.0 0.0 10
stats: {recvpackets,"tsung_controller@ip-172-31-31-196"} 0 0 0 765 9 327.22222222222223 9
stats: {sentpackets,"tsung_controller@ip-172-31-31-196"} 0 0 0 725 10 297.55555555555554 9
stats: {cpu,"tsung_controller@ip-172-31-31-196"} 0 0 0 3.866815031249921 0.9871668311944718 2.12279028122338 10
stats: {freemem,"tsung_controller@ip-172-31-31-196"} 0 0 0 3065.73046875 3055.48046875 3060.894140625 10
stats: session 0 0 0 33303.93701171875 982.047119140625 9354.958040763995 163
stats: users_count 0 163
stats: finish_users_count 0 163
stats: request 0 0 0 3561.56494140625 8.24609375 741.0693359375003 652
stats: connect 0 0 0 143.58984375 0.77294921875 3.0997891104294477 163
stats: page 0 0 0 5201.56982421875 8.914794921875 988.1237428505237 489
stats: tr_new_post_page 0 0 0 2818.899169921875 8.344970703125 701.5891922090682 163
stats: 302 0 326
stats: tr_submit_new_post 0 0 0 3561.6650390625 36.402099609375 750.8995593486388 163
stats: 200 0 326
stats: tr_user_login 0 0 0 3241.69580078125 298.677001953125 1112.818109243194 163
stats: size_rcv 0 1798555
stats: newphase 0 3
stats: size_sent 0 447144
stats: connected 0 0
EndMonitor:{1479,248984,777619}
