# stats: dump at 1479247172
stats: users 6 6
stats: {load,"tsung_controller@ip-172-31-31-196"} 1 0.01171875 0 0.01171875 0.01171875 0 0
stats: {cpu,"tsung_controller@ip-172-31-31-196"} 1 6.16133643023048 0 6.16133643023048 6.16133643023048 0 0
stats: {freemem,"tsung_controller@ip-172-31-31-196"} 1 3065.15625 0 3065.15625 3065.15625 0 0
stats: users_count 6 6
stats: finish_users_count 0 0
stats: request 44 92.24108331853694 138.33666756660648 601.526123046875 8.118896484375 0 0
stats: connect 6 22.980183919270832 48.90507381707082 132.3349609375 0.946044921875 0 0
stats: page 36 112.76204427083333 160.7364819092037 639.4541015625 11.016845703125 0 0
stats: tr_get_convo_page 2 54.324462890625 3.177490234375 57.501953125 51.14697265625 0 0
stats: 302 20 20
stats: tr_post_submit 2 353.22607421875 14.990966796875 368.217041015625 338.235107421875 0 0
stats: 200 24 24
stats: tr_signin_1 4 431.1636962890625 124.99989041210378 601.64990234375 309.199951171875 0 0
stats: size_rcv 388632 388632
stats: tr_send_5_messages_1 2 357.7579345703125 16.7730712890625 374.531005859375 340.98486328125 0 0
stats: size_sent 30294 30294
stats: tr_create_convo 2 27.0059814453125 11.1829833984375 38.18896484375 15.822998046875 0 0
stats: connected 6 6
# stats: dump at 1479247182
stats: users 14 14
stats: {load,"tsung_controller@ip-172-31-31-196"} 1 0.0 0.0 0.01171875 0.0 0.01171875 1
stats: {recvpackets,"tsung_controller@ip-172-31-31-196"} 1 507 0 507 507 0 0
stats: {sentpackets,"tsung_controller@ip-172-31-31-196"} 1 320 0 320 320 0 0
stats: {cpu,"tsung_controller@ip-172-31-31-196"} 1 2.3622047244094486 0.0 6.16133643023048 2.3622047244094486 6.16133643023048 1
stats: {freemem,"tsung_controller@ip-172-31-31-196"} 1 3062.66015625 0.0 3065.15625 3062.66015625 3065.15625 1
stats: session 3 9697.428304036459 1081.9760326184942 10794.3359375 8225.06787109375 0 0
stats: users_count 11 17
stats: finish_users_count 3 3
stats: request 140 105.01345563616071 116.80209400929213 603.0498046875 7.81298828125 92.24108331853694 44
stats: connect 11 1.2517755681818181 0.14654821092593623 132.3349609375 0.946044921875 22.980183919270832 6
stats: page 121 120.31354112861568 129.36148041976756 639.4541015625 10.2119140625 112.76204427083333 36
stats: tr_get_convo_page 7 83.58510044642857 37.97165854320176 150.697021484375 41.201904296875 54.324462890625 2
stats: 302 69 89
stats: tr_post_submit 8 149.91146850585938 109.25095234590157 396.426025390625 39.967041015625 353.22607421875 2
stats: 200 72 96
stats: tr_claim_post 3 38.063639322916664 14.350573491408415 56.447998046875 21.427001953125 0 0
stats: size_rcv 1391998 1780630
stats: tr_view_post 3 19.747639973958332 4.30390480127497 24.550048828125 14.10791015625 0 0
stats: size_sent 107005 137299
stats: tr_signin_2 3 364.6707356770833 79.40561718917733 476.572021484375 300.568115234375 0 0
stats: connected 8 14
stats: tr_send_5_messages_2 3 659.909423828125 459.9421438333146 1310.188232421875 321.60693359375 0 0
stats: tr_signin_1 7 383.03683035714283 93.84793030701712 603.171875 304.241943359375 431.1636962890625 4
stats: tr_send_5_messages_1 4 949.2750244140625 194.29487431293344 1263.929931640625 340.98486328125 357.7579345703125 2
stats: tr_create_convo 6 106.5164794921875 124.04885081027315 378.573974609375 15.822998046875 27.0059814453125 2
# stats: dump at 1479247192
stats: users 21 22
stats: {load,"tsung_controller@ip-172-31-31-196"} 1 0.0 0.0 0.01171875 0.0 0.005859375 2
stats: {recvpackets,"tsung_controller@ip-172-31-31-196"} 1 1404.0 0.0 1404 507 507.0 1
stats: {sentpackets,"tsung_controller@ip-172-31-31-196"} 1 715.0 0.0 715 320 320.0 1
stats: {cpu,"tsung_controller@ip-172-31-31-196"} 1 1.9743336623889436 0.0 6.16133643023048 1.9743336623889436 4.261770577319965 2
stats: {freemem,"tsung_controller@ip-172-31-31-196"} 1 3060.39453125 0.0 3065.15625 3060.39453125 3063.908203125 2
stats: session 1 23003.450927734375 0.0 23003.450927734375 8225.06787109375 9697.428304036459 3
stats: users_count 8 25
stats: finish_users_count 1 4
stats: request 178 547.2477684449614 361.41004363337055 1552.26904296875 7.81298828125 101.95919269064198 184
stats: connect 8 1.182403564453125 0.1423622711759174 132.3349609375 0.946044921875 8.920625574448529 17
stats: page 154 626.4579491553372 421.4592498199799 2142.51904296875 10.2119140625 118.58198770899682 157
stats: tr_get_convo_page 8 402.39697265625 146.54074845038443 606.51904296875 41.201904296875 77.08273654513889 9
stats: 302 92 181
stats: tr_post_submit 7 557.9169921875 435.48785839592966 1472.47607421875 39.967041015625 190.5743896484375 10
stats: 200 85 181
stats: tr_claim_post 1 1131.038818359375 0.0 1131.038818359375 21.427001953125 38.063639322916664 3
stats: size_rcv 1825516 3606146
stats: tr_view_post 1 583.001953125 0.0 583.001953125 14.10791015625 19.747639973958332 3
stats: size_sent 139657 276956
stats: tr_signin_2 7 954.4158761160714 249.09514642765848 1290.83203125 300.568115234375 364.6707356770833 3
stats: connected 7 21
stats: tr_send_5_messages_2 1 4430.409912109375 0.0 4430.409912109375 321.60693359375 659.909423828125 3
stats: tr_signin_1 10 804.1744873046875 426.795457093246 1472.834228515625 304.241943359375 400.53750887784093 11
stats: tr_send_5_messages_1 7 4291.011579241072 1061.6070950590354 5062.615966796875 340.98486328125 752.1026611328125 6
stats: tr_create_convo 9 496.21503363715277 319.1805148673623 1236.16015625 15.822998046875 86.63885498046875 8
# stats: dump at 1479247202
stats: users 40 40
stats: {load,"tsung_controller@ip-172-31-31-196"} 1 0.0 0.0 0.01171875 0.0 0.00390625 3
stats: {recvpackets,"tsung_controller@ip-172-31-31-196"} 1 1615.0 0.0 1615 507 955.5 2
stats: {sentpackets,"tsung_controller@ip-172-31-31-196"} 1 782.0 0.0 782 320 517.5 2
stats: {cpu,"tsung_controller@ip-172-31-31-196"} 1 2.0710059171597637 0.0 6.16133643023048 1.9743336623889436 3.499291605676291 3
stats: {freemem,"tsung_controller@ip-172-31-31-196"} 1 3056.41015625 0.0 3065.15625 3056.41015625 3062.7369791666665 3
stats: session 2 25687.265869140625 1890.366943359375 27577.6328125 8225.06787109375 13023.933959960938 4
stats: users_count 21 46
stats: finish_users_count 2 6
stats: request 178 1116.397812061095 501.5216574961615 2513.1220703125 7.81298828125 320.91324375215817 362
stats: connect 21 1.6731538318452381 1.2362952421300009 132.3349609375 0.946044921875 6.44439453125 25
stats: page 157 1222.3433192550758 636.596068460031 3483.248046875 10.2119140625 370.0704059171525 311
stats: tr_get_convo_page 7 885.4852818080357 584.5228613091347 1811.0029296875 41.201904296875 230.17178883272058 17
stats: 302 84 265
stats: tr_post_submit 7 1259.093017578125 409.7328304267041 1733.89892578125 39.967041015625 341.8331083409926 17
stats: 200 94 275
stats: tr_claim_post 2 965.1116943359375 130.1605224609375 1131.038818359375 21.427001953125 311.30743408203125 4
stats: size_rcv 1916005 5522151
stats: tr_view_post 2 1058.3115234375 335.24853515625 1393.56005859375 14.10791015625 160.56121826171875 4
stats: newphase 1 1
stats: tr_signin_2 5 1133.566845703125 310.6012215949459 1679.884033203125 300.568115234375 777.492333984375 10
stats: size_sent 141866 418822
stats: tr_send_5_messages_2 2 8145.636962890625 259.94091796875 8405.577880859375 321.60693359375 1602.5345458984375 4
stats: connected 19 40
stats: tr_signin_1 10 1592.194287109375 334.3816088375365 2143.921142578125 304.241943359375 592.745593843006 21
stats: tr_send_5_messages_1 4 8234.102783203125 643.6179380615886 8988.967041015625 340.98486328125 2657.669001652644 13
stats: tr_create_convo 6 848.0666910807291 399.0863712330368 1705.88623046875 15.822998046875 303.4733025045956 17
# stats: dump at 1479247212
stats: users 62 62
stats: {load,"tsung_controller@ip-172-31-31-196"} 1 0.0 0.0 0.01171875 0.0 0.0029296875 4
stats: {recvpackets,"tsung_controller@ip-172-31-31-196"} 1 1577.0 0.0 1615 507 1175.3333333333333 3
stats: {sentpackets,"tsung_controller@ip-172-31-31-196"} 1 784.0 0.0 784 320 605.6666666666666 3
stats: {cpu,"tsung_controller@ip-172-31-31-196"} 1 2.270483711747285 0.0 6.16133643023048 1.9743336623889436 3.142220183547159 4
stats: {freemem,"tsung_controller@ip-172-31-31-196"} 1 3051.81640625 0.0 3065.15625 3051.81640625 3061.1552734375 4
stats: session 4 30254.323486328125 2341.294801796409 34142.23095703125 8225.06787109375 17245.044596354168 6
stats: users_count 26 72
stats: finish_users_count 4 10
stats: request 144 2537.6055484347853 422.32726519911694 3486.736083984375 7.81298828125 583.1285273799188 540
stats: connect 25 2.36255859375 4.152549282082391 132.3349609375 0.946044921875 4.266219429347826 46
stats: page 115 3017.2161833389946 1123.9225964350137 5886.22802734375 10.2119140625 655.9824729984645 468
stats: tr_get_convo_page 7 2606.70849609375 432.3166999333392 3154.185791015625 41.201904296875 421.3048909505208 24
stats: 302 66 331
stats: tr_post_submit 11 2731.9788041548295 398.2537143711105 3486.875 39.967041015625 609.3672485351563 24
stats: 200 78 353
stats: tr_claim_post 4 1979.4432983398438 20.991702259345026 2008.819091796875 21.427001953125 529.2421875 6
stats: size_rcv 1095193 6617344
stats: tr_view_post 5 2857.5306640625 202.09733362918706 3169.259033203125 14.10791015625 459.8113199869792 6
stats: newphase 1 2
stats: tr_signin_2 2 2636.7154541015625 18.4163818359375 2655.1318359375 300.568115234375 896.183837890625 15
stats: size_sent 111911 530733
stats: tr_send_5_messages_2 5 13356.29541015625 1009.6659634572128 15319.0458984375 321.60693359375 3783.5686848958335 6
stats: connected 21 61
stats: tr_signin_1 18 2728.011949327257 381.6525758232451 3396.761962890625 304.241943359375 915.1483981224799 31
stats: tr_send_5_messages_1 0 0 0 8988.967041015625 340.98486328125 3969.771067899816 17
stats: tr_create_convo 5 2393.831591796875 437.9060518267562 3140.552001953125 15.822998046875 445.5411430027174 23
# stats: dump at 1479247222
stats: users 132 132
stats: {load,"tsung_controller@ip-172-31-31-196"} 1 0.0 0.0 0.01171875 0.0 0.00234375 5
stats: {recvpackets,"tsung_controller@ip-172-31-31-196"} 1 1211.0 0.0 1615 507 1275.75 4
stats: {sentpackets,"tsung_controller@ip-172-31-31-196"} 1 708.0 0.0 784 320 650.25 4
stats: {cpu,"tsung_controller@ip-172-31-31-196"} 1 2.566633761105627 0.0 6.16133643023048 1.9743336623889436 2.967872889187184 5
stats: {freemem,"tsung_controller@ip-172-31-31-196"} 1 3048.6796875 0.0 3065.15625 3048.6796875 3059.2875 5
stats: session 1 43773.708984375 0.0 43773.708984375 8225.06787109375 22448.75615234375 10
stats: users_count 71 143
stats: finish_users_count 1 11
stats: request 167 3715.588620123035 588.5788481414658 5110.0751953125 7.81298828125 994.5973739177854 684
stats: connect 69 1.4742873924365942 0.7933988387209483 132.3349609375 0.9150390625 3.595916318221831 71
stats: page 133 4522.883664238723 1703.1785097026918 8548.22607421875 10.2119140625 1121.7489853297868 583
stats: tr_get_convo_page 9 3795.4784071180557 578.4882078534464 4561.656005859375 41.201904296875 914.7831243699596 31
stats: 302 67 398
stats: tr_post_submit 12 3839.5740763346353 626.5672011100087 5110.195068359375 39.967041015625 1276.4737374441963 35
stats: 200 100 453
stats: tr_claim_post 1 4541.7587890625 0.0 4541.7587890625 21.427001953125 1109.3226318359375 10
stats: size_rcv 1249046 7866390
stats: tr_view_post 0 0 0 3169.259033203125 14.10791015625 1549.683749112216 11
stats: newphase 1 3
stats: tr_signin_2 0 0 0 2655.1318359375 300.568115234375 1100.9522633272059 17
stats: size_sent 131300 662033
stats: tr_send_5_messages_2 2 24247.953491210938 81.2174072265625 24329.1708984375 321.60693359375 8134.80810546875 11
stats: connected 68 129
stats: tr_signin_1 18 4088.221638997396 579.4118337098666 4915.5 304.241943359375 1581.0982740752552 49
stats: tr_send_5_messages_1 5 21325.62939453125 1940.5173002558217 24286.199951171875 340.98486328125 3969.771067899816 17
stats: tr_create_convo 10 3705.0388427734374 526.1533847565706 4596.454833984375 15.822998046875 793.4501517159598 28
# stats: dump at 1479247232
stats: users 142 142
stats: {load,"tsung_controller@ip-172-31-31-196"} 1 0.0 0.0 0.01171875 0.0 0.001953125 6
stats: {recvpackets,"tsung_controller@ip-172-31-31-196"} 1 1364.0 0.0 1615 507 1262.8 5
stats: {sentpackets,"tsung_controller@ip-172-31-31-196"} 1 938.0 0.0 938 320 661.8 5
stats: {cpu,"tsung_controller@ip-172-31-31-196"} 1 4.019607843137255 0.0 6.16133643023048 1.9743336623889436 2.9009997011735913 6
stats: {freemem,"tsung_controller@ip-172-31-31-196"} 1 3041.95703125 0.0 3065.15625 3041.95703125 3057.51953125 6
stats: session 0 0 0 43773.708984375 8225.06787109375 24387.388227982956 11
stats: users_count 10 153
stats: finish_users_count 0 11
stats: request 105 6236.361390904017 2080.2053771899455 9690.447021484375 7.81298828125 1528.5639286960188 851
stats: connect 13 3.2695688100961537 7.150792477654978 132.3349609375 0.9150390625 2.55025634765625 140
stats: page 70 6729.932955496652 2434.3336483120906 12898.5908203125 10.2119140625 1753.524002501419 716
stats: tr_get_convo_page 7 4899.462506975447 1807.7915687739903 8727.493896484375 41.201904296875 1562.9395629882813 40
stats: 302 50 448
stats: tr_post_submit 9 7104.360188802083 1110.263374874356 9096.64501953125 39.967041015625 1930.8823346077127 47
stats: 200 55 508
stats: tr_claim_post 0 0 0 4541.7587890625 21.427001953125 1421.3622824928977 11
stats: size_rcv 629373 8495763
stats: tr_view_post 2 4630.5174560546875 561.8155517578125 5192.3330078125 14.10791015625 1549.683749112216 11
stats: newphase 0 3
stats: tr_signin_2 1 5803.837890625 0.0 5803.837890625 300.568115234375 1100.9522633272059 17
stats: size_sent 98148 760181
stats: tr_send_5_messages_2 0 0 0 24329.1708984375 321.60693359375 10613.753549429086 13
stats: connected 13 142
stats: tr_signin_1 25 6618.826503906251 1976.773658652983 9486.004150390625 304.241943359375 2254.65380494986 67
stats: tr_send_5_messages_1 1 34147.527099609375 0.0 34147.527099609375 340.98486328125 7914.2843239524145 22
stats: tr_create_convo 2 6594.294921875 2400.988037109375 8995.282958984375 15.822998046875 1559.6577019942433 38
# stats: dump at 1479247242
stats: users 140 142
stats: {load,"tsung_controller@ip-172-31-31-196"} 1 0.0 0.0 0.01171875 0.0 0.0016741071428571428 7
stats: {recvpackets,"tsung_controller@ip-172-31-31-196"} 1 478.0 0.0 1615 478 1279.6666666666667 6
stats: {sentpackets,"tsung_controller@ip-172-31-31-196"} 1 301.0 0.0 938 301 707.8333333333334 6
stats: {cpu,"tsung_controller@ip-172-31-31-196"} 1 1.582591493570722 0.0 6.16133643023048 1.582591493570722 3.0608008643112576 7
stats: {freemem,"tsung_controller@ip-172-31-31-196"} 1 3037.140625 0.0 3065.15625 3037.140625 3055.296316964286 7
stats: session 2 61411.33898925781 3971.3109130859375 65382.64990234375 8225.06787109375 24387.388227982956 11
stats: users_count 0 153
stats: finish_users_count 2 13
stats: request 76 12584.647287469163 1653.8110032493466 15851.18701171875 7.81298828125 2045.6337336456422 956
stats: connect 0 0 0 132.3349609375 0.9150390625 2.611374400020425 153
stats: page 44 13772.542696866121 3424.75409482135 21107.31103515625 10.2119140625 2196.715639536618 786
stats: tr_get_convo_page 3 14475.338704427084 76.25572634137276 14557.56396484375 41.201904296875 2059.8685120927526 47
stats: 302 45 493
stats: tr_post_submit 8 13533.433685302734 1406.9101922109317 14775.11181640625 39.967041015625 2762.3341326032364 56
stats: 200 31 539
stats: tr_claim_post 2 12848.327392578125 512.301513671875 13360.62890625 21.427001953125 1421.3622824928977 11
stats: size_rcv 405618 8901381
stats: tr_view_post 0 0 0 5192.3330078125 14.10791015625 2023.6581655649038 13
stats: newphase 0 3
stats: tr_signin_2 3 12375.1630859375 1476.9450534883238 14347.759033203125 300.568115234375 1362.2236870659722 18
stats: size_sent 61685 821866
stats: tr_send_5_messages_2 0 0 0 24329.1708984375 321.60693359375 10613.753549429086 13
stats: connected -2 140
stats: tr_signin_1 24 12666.025787353516 1658.373399349076 15851.305908203125 304.241943359375 3440.5702992314878 92
stats: tr_send_5_messages_1 0 0 0 34147.527099609375 340.98486328125 9054.860096807066 23
stats: tr_create_convo 5 11414.805810546875 1238.0933993663555 13868.05908203125 15.822998046875 1811.3895629882813 40
# stats: dump at 1479247252
stats: users 140 142
stats: {load,"tsung_controller@ip-172-31-31-196"} 1 0.0 0.0 0.01171875 0.0 0.00146484375 8
stats: {recvpackets,"tsung_controller@ip-172-31-31-196"} 1 623.0 0.0 1615 478 1165.142857142857 7
stats: {sentpackets,"tsung_controller@ip-172-31-31-196"} 1 375.0 0.0 938 301 649.7142857142857 7
stats: {cpu,"tsung_controller@ip-172-31-31-196"} 1 1.966568338249754 0.0 6.16133643023048 1.582591493570722 2.8760246929686906 8
stats: {freemem,"tsung_controller@ip-172-31-31-196"} 1 3033.8359375 0.0 3065.15625 3033.8359375 3053.02685546875 8
stats: session 0 0 0 65382.64990234375 8225.06787109375 30083.380652794473 13
stats: users_count 0 153
stats: finish_users_count 0 13
stats: request 88 16210.591522216799 457.9862778369317 17302.3701171875 7.81298828125 2821.7626387721803 1032
stats: connect 0 0 0 132.3349609375 0.9150390625 2.611374400020425 153
stats: page 56 21744.864545549663 4491.2903418677215 28337.599853515625 10.2119140625 2810.3739413709527 830
stats: tr_get_convo_page 8 16391.911346435547 406.27381431652066 16865.052978515625 41.201904296875 2804.7967236328127 50
stats: 302 40 533
stats: tr_post_submit 3 16555.856608072918 650.5215355651098 17266.23291015625 39.967041015625 4108.721576690674 64
stats: 200 48 587
stats: tr_claim_post 0 0 0 13360.62890625 21.427001953125 3179.356914813702 13
stats: size_rcv 772277 9673658
stats: tr_view_post 0 0 0 5192.3330078125 14.10791015625 2023.6581655649038 13
stats: newphase 0 3
stats: tr_signin_2 0 0 0 14347.759033203125 300.568115234375 2935.5007440476193 21
stats: size_sent 72029 893895
stats: tr_send_5_messages_2 1 48933.662841796875 0.0 48933.662841796875 321.60693359375 10613.753549429086 13
stats: connected 0 140
stats: tr_signin_1 28 16247.48965890067 361.16745586909974 17101.89501953125 304.241943359375 5349.285227808459 116
stats: tr_send_5_messages_1 0 0 0 34147.527099609375 340.98486328125 9054.860096807066 23
stats: tr_create_convo 2 16899.1025390625 250.494384765625 17149.596923828125 15.822998046875 2878.435812717014 45
# stats: dump at 1479247262
stats: users 139 142
stats: {load,"tsung_controller@ip-172-31-31-196"} 1 0.0 0.0 0.01171875 0.0 0.0013020833333333333 9
stats: {recvpackets,"tsung_controller@ip-172-31-31-196"} 1 824.0 0.0 1615 478 1097.375 8
stats: {sentpackets,"tsung_controller@ip-172-31-31-196"} 1 460.0 0.0 938 301 615.375 8
stats: {cpu,"tsung_controller@ip-172-31-31-196"} 1 1.288404360753221 0.0 6.16133643023048 1.288404360753221 2.7749739868888086 9
stats: {freemem,"tsung_controller@ip-172-31-31-196"} 1 3029.98046875 0.0 3065.15625 3029.98046875 3050.89453125 9
stats: session 1 81711.47192382813 0.0 81711.47192382813 8225.06787109375 30083.380652794473 13
stats: users_count 0 153
stats: finish_users_count 1 14
stats: request 218 9128.793955391708 4441.432973482129 17302.3701171875 7.81298828125 3873.742051042829 1120
stats: connect 0 0 0 132.3349609375 0.9150390625 2.611374400020425 153
stats: page 160 16065.173780822759 9396.87020892918 30332.60693359375 10.2119140625 4007.1363271881173 886
stats: tr_get_convo_page 24 8022.612406412762 4835.117835228573 16865.052978515625 41.201904296875 4678.881499191811 58
stats: 302 109 642
stats: tr_post_submit 49 8510.39414760045 4041.0385603246104 17266.23291015625 39.967041015625 4666.055981080924 67
stats: 200 109 696
stats: tr_claim_post 1 4491.363037109375 0.0 13360.62890625 21.427001953125 3179.356914813702 13
stats: size_rcv 1897705 11571363
stats: tr_view_post 2 7117.9013671875 2686.37353515625 9804.27490234375 14.10791015625 2023.6581655649038 13
stats: newphase 0 3
stats: tr_signin_2 1 10665.379150390625 0.0 14347.759033203125 300.568115234375 2935.5007440476193 21
stats: size_sent 174365 1068260
stats: tr_send_5_messages_2 1 56064.39501953125 0.0 56064.39501953125 321.60693359375 13350.889927455357 14
stats: connected -1 139
stats: tr_signin_1 9 16099.811794704861 401.3490495072302 17101.89501953125 304.241943359375 7468.380533854167 144
stats: tr_send_5_messages_1 0 0 0 34147.527099609375 340.98486328125 9054.860096807066 23
stats: tr_create_convo 19 8654.176025390625 4194.624905155071 17149.596923828125 15.822998046875 3475.0599287317154 47
# stats: dump at 1479247272
stats: users 138 142
stats: {load,"tsung_controller@ip-172-31-31-196"} 1 0.0 0.0 0.01171875 0.0 0.001171875 10
stats: {recvpackets,"tsung_controller@ip-172-31-31-196"} 1 2188.0 0.0 2188 478 1067.0 9
stats: {sentpackets,"tsung_controller@ip-172-31-31-196"} 1 1032.0 0.0 1032 301 598.1111111111111 9
stats: {cpu,"tsung_controller@ip-172-31-31-196"} 1 2.6627218934911245 0.0 6.16133643023048 1.288404360753221 2.62631702427525 10
stats: {freemem,"tsung_controller@ip-172-31-31-196"} 1 3024.51171875 0.0 3065.15625 3024.51171875 3048.803125 10
stats: session 1 82968.63208007813 0.0 82968.63208007813 8225.06787109375 33771.1014578683 14
stats: users_count 0 153
stats: finish_users_count 1 15
stats: request 239 5484.656979357346 438.0314622975408 17302.3701171875 7.81298828125 4729.946322453932 1338
stats: connect 0 0 0 132.3349609375 0.9150390625 2.611374400020425 153
stats: page 203 7239.171730680418 2777.090150933779 30332.60693359375 10.2119140625 5851.578002696285 1046
stats: tr_get_convo_page 61 5377.969218269722 421.67807803543013 16865.052978515625 41.201904296875 5657.534447646723 82
stats: 302 124 766
stats: tr_post_submit 35 5720.867640904017 408.80143098398247 17266.23291015625 39.967041015625 6289.957447972792 116
stats: 200 115 811
stats: tr_claim_post 1 5721.85302734375 0.0 13360.62890625 21.427001953125 3273.0716378348216 14
stats: size_rcv 3194279 14765642
stats: tr_view_post 1 5444.01708984375 0.0 9804.27490234375 14.10791015625 2702.890592447917 15
stats: newphase 0 3
stats: tr_signin_2 1 6070.85693359375 0.0 14347.759033203125 300.568115234375 3286.8588534268465 22
stats: size_sent 188599 1256859
stats: tr_send_5_messages_2 1 62696.529052734375 0.0 62696.529052734375 321.60693359375 16198.45693359375 15
stats: connected -1 138
stats: tr_signin_1 0 0 0 17101.89501953125 304.241943359375 7976.111784492443 153
stats: tr_send_5_messages_1 1 61284.85107421875 0.0 61284.85107421875 340.98486328125 9054.860096807066 23
stats: tr_create_convo 43 5423.400072674418 426.09087333073654 17149.596923828125 15.822998046875 4966.017592921402 66
# stats: dump at 1479247282
stats: users 137 142
stats: {load,"tsung_controller@ip-172-31-31-196"} 1 0.0 0.0 0.01171875 0.0 0.001065340909090909 11
stats: {recvpackets,"tsung_controller@ip-172-31-31-196"} 1 2603.0 0.0 2603 478 1179.1 10
stats: {sentpackets,"tsung_controller@ip-172-31-31-196"} 1 1166.0 0.0 1166 301 641.5 10
stats: {cpu,"tsung_controller@ip-172-31-31-196"} 1 2.5540275049115913 0.0 6.16133643023048 1.288404360753221 2.6296265578403295 11
stats: {freemem,"tsung_controller@ip-172-31-31-196"} 1 3019.828125 0.0 3065.15625 3019.828125 3046.594815340909 11
stats: session 1 97199.05688476563 0.0 97199.05688476563 8225.06787109375 37050.936832682295 15
stats: users_count 0 153
stats: finish_users_count 1 16
stats: request 239 5799.454758392717 613.2616503203541 17302.3701171875 7.81298828125 4844.325426448806 1577
stats: connect 0 0 0 132.3349609375 0.9150390625 2.611374400020425 153
stats: page 237 6005.484145281186 1248.712533587335 30332.60693359375 10.2119140625 6077.103644634459 1249
stats: tr_get_convo_page 8 6008.449249267578 497.25648949482553 16865.052978515625 41.201904296875 5538.279349800589 143
stats: 302 129 895
stats: tr_post_submit 2 6000.48193359375 118.52490234375 17266.23291015625 39.967041015625 6158.049214546255 151
stats: 200 110 921
stats: tr_claim_post 1 5840.198974609375 0.0 13360.62890625 21.427001953125 3436.32373046875 15
stats: size_rcv 3067578 17833220
stats: tr_view_post 1 5052.26318359375 0.0 9804.27490234375 14.10791015625 2874.2109985351563 16
stats: newphase 0 3
stats: tr_signin_2 0 0 0 14347.759033203125 300.568115234375 3407.902248216712 23
stats: size_sent 186276 1443135
stats: tr_send_5_messages_2 1 66538.97094726563 0.0 66538.97094726563 321.60693359375 19104.58644104004 16
stats: connected -1 137
stats: tr_signin_1 0 0 0 17101.89501953125 304.241943359375 7976.111784492443 153
stats: tr_send_5_messages_1 4 68564.36547851563 319.5854844241577 68796.78784179688 340.98486328125 11231.109720865885 24
stats: tr_create_convo 41 6007.902855849848 544.3188530997969 17149.596923828125 15.822998046875 5146.452883099198 109
# stats: dump at 1479247292
stats: users 136 142
stats: {load,"tsung_controller@ip-172-31-31-196"} 1 0.0 0.0 0.01171875 0.0 9.765625e-4 12
stats: {recvpackets,"tsung_controller@ip-172-31-31-196"} 1 2553.0 0.0 2603 478 1308.5454545454545 11
stats: {sentpackets,"tsung_controller@ip-172-31-31-196"} 1 1121.0 0.0 1166 301 689.1818181818181 11
stats: {cpu,"tsung_controller@ip-172-31-31-196"} 1 2.1760633036597428 0.0 6.16133643023048 1.288404360753221 2.623326636762935 12
stats: {freemem,"tsung_controller@ip-172-31-31-196"} 1 3014.62890625 0.0 3065.15625 3014.62890625 3044.3642578125 12
stats: session 1 105971.19799804688 0.0 105971.19799804688 8225.06787109375 40810.1943359375 16
stats: users_count 0 153
stats: finish_users_count 1 17
stats: request 223 6377.946873686239 574.7283347899918 17302.3701171875 7.81298828125 4970.028020245388 1816
stats: connect 0 0 0 132.3349609375 0.9150390625 2.611374400020425 153
stats: page 217 6520.595400480632 1027.1178010901149 30332.60693359375 10.2119140625 6065.681153822396 1486
stats: tr_get_convo_page 2 6109.219482421875 108.1474609375 16865.052978515625 41.201904296875 5563.189013348509 151
stats: 302 114 1009
stats: tr_post_submit 0 0 0 17266.23291015625 39.967041015625 6155.9895115272675 153
stats: 200 109 1030
stats: tr_claim_post 1 6656.22509765625 0.0 13360.62890625 21.427001953125 3586.565933227539 16
stats: size_rcv 3004637 20837857
stats: tr_view_post 0 0 0 9804.27490234375 14.10791015625 3002.331715303309 17
stats: newphase 0 3
stats: tr_signin_2 1 7326.01318359375 0.0 14347.759033203125 300.568115234375 3407.902248216712 23
stats: size_sent 171554 1614689
stats: tr_send_5_messages_2 0 0 0 66538.97094726563 321.60693359375 21894.844353170956 17
stats: connected -1 136
stats: tr_signin_1 0 0 0 17101.89501953125 304.241943359375 7976.111784492443 153
stats: tr_send_5_messages_1 7 72307.35672433036 798.2709361590993 73143.8701171875 340.98486328125 19421.574829101563 28
stats: tr_create_convo 3 6150.72802734375 228.25336557967887 17149.596923828125 15.822998046875 5381.9158756510415 150
# stats: dump at 1479247302
stats: users 136 142
stats: {load,"tsung_controller@ip-172-31-31-196"} 1 0.0 0.0 0.01171875 0.0 9.014423076923077e-4 13
stats: {recvpackets,"tsung_controller@ip-172-31-31-196"} 1 2492.0 0.0 2603 478 1412.25 12
stats: {sentpackets,"tsung_controller@ip-172-31-31-196"} 1 1102.0 0.0 1166 301 725.1666666666666 12
stats: {cpu,"tsung_controller@ip-172-31-31-196"} 1 2.1739130434782608 0.0 6.16133643023048 1.288404360753221 2.5889217649857668 13
stats: {freemem,"tsung_controller@ip-172-31-31-196"} 1 3009.3125 0.0 3065.15625 3009.3125 3042.076923076923 13
stats: session 0 0 0 105971.19799804688 8225.06787109375 44643.1945513557 17
stats: users_count 0 153
stats: finish_users_count 0 17
stats: request 212 6104.900675071863 780.5123932720949 17302.3701171875 7.81298828125 5124.008355859567 2039
stats: connect 0 0 0 132.3349609375 0.9150390625 2.611374400020425 153
stats: page 205 6282.589862804878 1243.540577191792 30332.60693359375 10.2119140625 6123.647326179904 1703
stats: tr_get_convo_page 0 0 0 16865.052978515625 41.201904296875 5570.326666539011 153
stats: 302 100 1109
stats: tr_post_submit 0 0 0 17266.23291015625 39.967041015625 6155.9895115272675 153
stats: 200 112 1142
stats: tr_claim_post 0 0 0 13360.62890625 21.427001953125 3767.1341193704043 17
stats: size_rcv 3009535 23847392
stats: tr_view_post 0 0 0 9804.27490234375 14.10791015625 3002.331715303309 17
stats: newphase 0 3
stats: tr_signin_2 2 6473.350341796875 655.00146484375 14347.759033203125 300.568115234375 3571.1568705240884 24
stats: size_sent 167212 1781901
stats: tr_send_5_messages_2 1 75708.92700195313 0.0 75708.92700195313 321.60693359375 21894.844353170956 17
stats: connected 0 136
stats: tr_signin_1 0 0 0 17101.89501953125 304.241943359375 7976.111784492443 153
stats: tr_send_5_messages_1 4 75079.5795288086 906.3959342230327 76013.77416992188 340.98486328125 29998.73120814732 35
stats: tr_create_convo 0 0 0 17149.596923828125 15.822998046875 5396.990623723448 153
# stats: dump at 1479247312
stats: users 136 142
stats: {load,"tsung_controller@ip-172-31-31-196"} 1 0.0 0.0 0.01171875 0.0 8.370535714285714e-4 14
stats: {recvpackets,"tsung_controller@ip-172-31-31-196"} 1 2568.0 0.0 2603 478 1495.3076923076924 13
stats: {sentpackets,"tsung_controller@ip-172-31-31-196"} 1 1220.0 0.0 1220 301 754.1538461538462 13
stats: {cpu,"tsung_controller@ip-172-31-31-196"} 1 2.0792079207920793 0.0 6.16133643023048 1.288404360753221 2.5592782848780873 14
stats: {freemem,"tsung_controller@ip-172-31-31-196"} 1 3005.32421875 0.0 3065.15625 3005.32421875 3039.7366071428573 14
stats: session 0 0 0 105971.19799804688 8225.06787109375 44643.1945513557 17
stats: users_count 0 153
stats: finish_users_count 0 17
stats: request 193 6406.815921763682 824.4555662052207 17302.3701171875 7.81298828125 5216.389151804927 2251
stats: connect 0 0 0 132.3349609375 0.9150390625 2.611374400020425 153
stats: page 186 6561.303877635666 1286.4263123686592 30332.60693359375 10.2119140625 6140.7244855133 1908
stats: tr_get_convo_page 0 0 0 16865.052978515625 41.201904296875 5570.326666539011 153
stats: 302 94 1203
stats: tr_post_submit 0 0 0 17266.23291015625 39.967041015625 6155.9895115272675 153
stats: 200 99 1241
stats: tr_claim_post 0 0 0 13360.62890625 21.427001953125 3767.1341193704043 17
stats: size_rcv 2601111 26448503
stats: tr_view_post 3 7203.148030598958 430.26916770393797 9804.27490234375 14.10791015625 3002.331715303309 17
stats: newphase 0 3
stats: tr_signin_2 5 5934.50029296875 309.1403568553133 14347.759033203125 300.568115234375 3794.4025221604566 26
stats: size_sent 150591 1932492
stats: tr_send_5_messages_2 3 69395.3417154948 864.209277027849 75708.92700195313 321.60693359375 24884.515611436633 18
stats: connected 0 136
stats: tr_signin_1 0 0 0 17101.89501953125 304.241943359375 7976.111784492443 153
stats: tr_send_5_messages_1 8 69069.94262695313 2826.13341422795 76013.77416992188 340.98486328125 34622.407958984375 39
stats: tr_create_convo 0 0 0 17149.596923828125 15.822998046875 5396.990623723448 153
# stats: dump at 1479247322
stats: users 133 142
stats: {load,"tsung_controller@ip-172-31-31-196"} 1 0.0 0.0 0.01171875 0.0 7.8125e-4 15
stats: {recvpackets,"tsung_controller@ip-172-31-31-196"} 1 2087.0 0.0 2603 478 1571.9285714285713 14
stats: {sentpackets,"tsung_controller@ip-172-31-31-196"} 1 945.0 0.0 1220 301 787.4285714285714 14
stats: {cpu,"tsung_controller@ip-172-31-31-196"} 1 1.8774703557312251 0.0 6.16133643023048 1.288404360753221 2.5272735939390203 15
stats: {freemem,"tsung_controller@ip-172-31-31-196"} 1 3002.79296875 0.0 3065.15625 3002.79296875 3037.442447916667 15
stats: session 3 133070.8984375 2511.8692278894237 136618.50610351563 8225.06787109375 44643.1945513557 17
stats: users_count 0 153
stats: finish_users_count 3 20
stats: request 169 6953.53326957748 692.1003274576876 17302.3701171875 7.81298828125 5310.395848450606 2444
stats: connect 0 0 0 132.3349609375 0.9150390625 2.611374400020425 153
stats: page 166 7253.198695171311 1503.0075255216761 30332.60693359375 10.2119140625 6178.08254040096 2094
stats: tr_get_convo_page 0 0 0 16865.052978515625 41.201904296875 5570.326666539011 153
stats: 302 102 1305
stats: tr_post_submit 0 0 0 17266.23291015625 39.967041015625 6155.9895115272675 153
stats: 200 67 1308
stats: tr_claim_post 3 6608.207682291667 507.23081297542063 13360.62890625 21.427001953125 3767.1341193704043 17
stats: size_rcv 1741762 28190265
stats: tr_view_post 1 6770.2451171875 0.0 9804.27490234375 14.10791015625 3632.4541625976563 20
stats: newphase 0 3
stats: tr_signin_2 7 7409.09783063616 723.0471469700016 14347.759033203125 300.568115234375 4139.579581968246 31
stats: size_sent 126445 2058937
stats: tr_send_5_messages_2 1 60073.2451171875 0.0 75708.92700195313 321.60693359375 31243.205054873513 21
stats: connected -3 133
stats: tr_signin_1 0 0 0 17101.89501953125 304.241943359375 7976.111784492443 153
stats: tr_send_5_messages_1 13 60586.157414362984 1079.5430432239116 76013.77416992188 340.98486328125 40485.818115234375 47
stats: tr_create_convo 0 0 0 17149.596923828125 15.822998046875 5396.990623723448 153
# stats: dump at 1479247332
stats: users 131 142
stats: {load,"tsung_controller@ip-172-31-31-196"} 1 0.0 0.0 0.01171875 0.0 7.32421875e-4 16
stats: {recvpackets,"tsung_controller@ip-172-31-31-196"} 1 1716.0 0.0 2603 478 1606.2666666666667 15
stats: {sentpackets,"tsung_controller@ip-172-31-31-196"} 1 781.0 0.0 1220 301 797.9333333333333 15
stats: {cpu,"tsung_controller@ip-172-31-31-196"} 1 1.7786561264822136 0.0 6.16133643023048 1.288404360753221 2.486660891551033 16
stats: {freemem,"tsung_controller@ip-172-31-31-196"} 1 3002.07421875 0.0 3065.15625 3002.07421875 3035.27685546875 16
stats: session 2 139695.83154296875 3135.220458984375 142831.05200195313 8225.06787109375 57907.350134277345 20
stats: users_count 0 153
stats: finish_users_count 2 22
stats: request 202 7805.468714950107 893.0732944025989 17302.3701171875 7.81298828125 5416.668417976224 2613
stats: connect 0 0 0 132.3349609375 0.9150390625 2.611374400020425 153
stats: page 183 8336.0051803172 1859.785854291485 30332.60693359375 10.2119140625 6257.051249114181 2260
stats: tr_get_convo_page 0 0 0 16865.052978515625 41.201904296875 5570.326666539011 153
stats: 302 106 1411
stats: tr_post_submit 0 0 0 17266.23291015625 39.967041015625 6155.9895115272675 153
stats: 200 96 1404
stats: tr_claim_post 2 7081.95947265625 849.28466796875 13360.62890625 21.427001953125 4193.295153808594 20
stats: size_rcv 2410149 30600414
stats: tr_view_post 1 8288.697021484375 0.0 9804.27490234375 14.10791015625 3781.872779482887 21
stats: newphase 0 3
stats: tr_signin_2 7 8402.556745256696 872.4441917692709 14347.759033203125 300.568115234375 4741.859259354441 38
stats: size_sent 148147 2207084
stats: tr_send_5_messages_2 1 65139.48486328125 0.0 75708.92700195313 321.60693359375 32553.66142134233 22
stats: connected -2 131
stats: tr_signin_1 0 0 0 17101.89501953125 304.241943359375 7976.111784492443 153
stats: tr_send_5_messages_1 22 64382.8114901456 492.8421869298483 76013.77416992188 340.98486328125 44840.891630045575 60
stats: tr_create_convo 0 0 0 17149.596923828125 15.822998046875 5396.990623723448 153
# stats: dump at 1479247342
stats: users 130 142
stats: {load,"tsung_controller@ip-172-31-31-196"} 1 0.0 0.0 0.01171875 0.0 6.893382352941177e-4 17
stats: {recvpackets,"tsung_controller@ip-172-31-31-196"} 1 1953.0 0.0 2603 478 1613.125 16
stats: {sentpackets,"tsung_controller@ip-172-31-31-196"} 1 877.0 0.0 1220 301 796.875 16
stats: {cpu,"tsung_controller@ip-172-31-31-196"} 1 2.1696252465483234 0.0 6.16133643023048 1.288404360753221 2.4450135524293377 17
stats: {freemem,"tsung_controller@ip-172-31-31-196"} 1 3000.390625 0.0 3065.15625 3000.390625 3033.3237591911766 17
stats: session 1 153032.7900390625 0.0 153032.7900390625 8225.06787109375 65342.66662597656 22
stats: users_count 0 153
stats: finish_users_count 1 23
stats: request 225 5779.806777343748 480.9198647233749 17302.3701171875 7.81298828125 5588.084993460673 2815
stats: connect 0 0 0 132.3349609375 0.9150390625 2.611374400020425 153
stats: page 181 6585.425883762083 2014.5088021572762 30332.60693359375 10.2119140625 6412.781322552639 2443
stats: tr_get_convo_page 0 0 0 16865.052978515625 41.201904296875 5570.326666539011 153
stats: 302 140 1551
stats: tr_post_submit 0 0 0 17266.23291015625 39.967041015625 6155.9895115272675 153
stats: 200 85 1489
stats: tr_claim_post 1 5338.012939453125 0.0 13360.62890625 21.427001953125 4455.9010009765625 22
stats: size_rcv 1860113 32460527
stats: tr_view_post 1 5234.305908203125 0.0 9804.27490234375 14.10791015625 3986.728426846591 22
stats: newphase 0 3
stats: tr_signin_2 10 6151.578955078125 552.5269934611284 14347.759033203125 300.568115234375 5311.301090494791 45
stats: size_sent 154399 2361483
stats: tr_send_5_messages_2 0 0 0 75708.92700195313 321.60693359375 33970.43635360054 23
stats: connected -1 130
stats: tr_signin_1 0 0 0 17101.89501953125 304.241943359375 7976.111784492443 153
stats: tr_send_5_messages_1 60 64713.7770304362 480.003440601857 76013.77416992188 340.98486328125 50083.8457388529 82
stats: tr_create_convo 0 0 0 17149.596923828125 15.822998046875 5396.990623723448 153
# stats: dump at 1479247352
stats: users 130 142
stats: {load,"tsung_controller@ip-172-31-31-196"} 1 0.0 0.0 0.01171875 0.0 6.510416666666666e-4 18
stats: {recvpackets,"tsung_controller@ip-172-31-31-196"} 1 1326.0 0.0 2603 478 1633.1176470588234 17
stats: {sentpackets,"tsung_controller@ip-172-31-31-196"} 1 635.0 0.0 1220 301 801.5882352941177 17
stats: {cpu,"tsung_controller@ip-172-31-31-196"} 1 1.9723865877712032 0.0 6.16133643023048 1.288404360753221 2.4297142021026144 18
stats: {freemem,"tsung_controller@ip-172-31-31-196"} 1 2999.671875 0.0 3065.15625 2999.671875 3031.494140625 18
stats: session 0 0 0 153032.7900390625 8225.06787109375 69155.28068741508 23
stats: users_count 0 153
stats: finish_users_count 0 23
stats: request 151 6200.199491993481 561.7432098318008 17302.3701171875 7.81298828125 5602.274928123072 3040
stats: connect 0 0 0 132.3349609375 0.9150390625 2.611374400020425 153
stats: page 114 8101.250997978344 2687.4704707696174 30332.60693359375 10.2119140625 6424.690112788504 2624
stats: tr_get_convo_page 0 0 0 16865.052978515625 41.201904296875 5570.326666539011 153
stats: 302 83 1634
stats: tr_post_submit 0 0 0 17266.23291015625 39.967041015625 6155.9895115272675 153
stats: 200 68 1557
stats: tr_claim_post 0 0 0 13360.62890625 21.427001953125 4494.253693953804 23
stats: size_rcv 1077209 33537736
stats: tr_view_post 0 0 0 9804.27490234375 14.10791015625 4040.9709260360055 23
stats: newphase 0 3
stats: tr_signin_2 19 6336.1930509868425 490.13391942622866 14347.759033203125 300.568115234375 5464.078884055398 55
stats: size_sent 109401 2470884
stats: tr_send_5_messages_2 0 0 0 75708.92700195313 321.60693359375 33970.43635360054 23
stats: connected 0 130
stats: tr_signin_1 0 0 0 17101.89501953125 304.241943359375 7976.111784492443 153
stats: tr_send_5_messages_1 9 65132.43478732639 771.5161401928995 76013.77416992188 340.98486328125 56265.5068479726 142
stats: tr_create_convo 0 0 0 17149.596923828125 15.822998046875 5396.990623723448 153
# stats: dump at 1479247362
stats: users 130 142
stats: {load,"tsung_controller@ip-172-31-31-196"} 1 0.0 0.0 0.01171875 0.0 6.167763157894736e-4 19
stats: {recvpackets,"tsung_controller@ip-172-31-31-196"} 1 1010.0 0.0 2603 478 1616.0555555555557 18
stats: {sentpackets,"tsung_controller@ip-172-31-31-196"} 1 518.0 0.0 1220 301 792.3333333333334 18
stats: {cpu,"tsung_controller@ip-172-31-31-196"} 1 1.8737672583826428 0.0 6.16133643023048 1.288404360753221 2.405644327664119 19
stats: {freemem,"tsung_controller@ip-172-31-31-196"} 1 2999.78515625 0.0 3065.15625 2999.671875 3029.8192845394738 19
stats: session 0 0 0 153032.7900390625 8225.06787109375 69155.28068741508 23
stats: users_count 0 153
stats: finish_users_count 0 23
stats: request 106 9380.41846394089 1378.9869557497832 17302.3701171875 7.81298828125 5630.569070756864 3191
stats: connect 0 0 0 132.3349609375 0.9150390625 2.611374400020425 153
stats: page 102 11229.856390261179 2891.5499971876275 30332.60693359375 10.2119140625 6494.495788797139 2738
stats: tr_get_convo_page 0 0 0 16865.052978515625 41.201904296875 5570.326666539011 153
stats: 302 52 1686
stats: tr_post_submit 0 0 0 17266.23291015625 39.967041015625 6155.9895115272675 153
stats: 200 54 1611
stats: tr_claim_post 0 0 0 13360.62890625 21.427001953125 4494.253693953804 23
stats: size_rcv 810671 34348407
stats: tr_view_post 0 0 0 9804.27490234375 14.10791015625 4040.9709260360055 23
stats: newphase 0 3
stats: tr_signin_2 26 9478.082397460938 1295.834631061177 14347.759033203125 300.568115234375 5688.000089078336 74
stats: size_sent 83791 2554675
stats: tr_send_5_messages_2 1 67470.63598632813 0.0 75708.92700195313 321.60693359375 33970.43635360054 23
stats: connected 0 130
stats: tr_signin_1 0 0 0 17101.89501953125 304.241943359375 7976.111784492443 153
stats: tr_send_5_messages_1 2 70480.43908691406 337.7589111328125 76013.77416992188 340.98486328125 56793.999241708916 151
stats: tr_create_convo 0 0 0 17149.596923828125 15.822998046875 5396.990623723448 153
# stats: dump at 1479247372
stats: users 130 142
stats: {load,"tsung_controller@ip-172-31-31-196"} 1 0.0 0.0 0.01171875 0.0 5.859375e-4 20
stats: {recvpackets,"tsung_controller@ip-172-31-31-196"} 1 876.0 0.0 2603 478 1584.157894736842 19
stats: {sentpackets,"tsung_controller@ip-172-31-31-196"} 1 470.0 0.0 1220 301 777.8947368421053 19
stats: {cpu,"tsung_controller@ip-172-31-31-196"} 1 1.968503937007874 0.0 6.16133643023048 1.288404360753221 2.379050474200045 20
stats: {freemem,"tsung_controller@ip-172-31-31-196"} 1 2999.69140625 0.0 3065.15625 2999.671875 3028.317578125 20
stats: session 0 0 0 153032.7900390625 8225.06787109375 69155.28068741508 23
stats: users_count 0 153
stats: finish_users_count 0 23
stats: request 67 13334.449728894588 1547.4147427772364 17302.3701171875 7.81298828125 5751.128377908064 3297
stats: connect 0 0 0 132.3349609375 0.9150390625 2.611374400020425 153
stats: page 67 13701.27480395872 2407.0997075633445 30332.60693359375 10.2119140625 6664.568599131411 2840
stats: tr_get_convo_page 0 0 0 16865.052978515625 41.201904296875 5570.326666539011 153
stats: 302 39 1725
stats: tr_post_submit 0 0 0 17266.23291015625 39.967041015625 6155.9895115272675 153
stats: 200 28 1639
stats: tr_claim_post 0 0 0 13360.62890625 21.427001953125 4494.253693953804 23
stats: size_rcv 708465 35056872
stats: tr_view_post 1 15266.241943359375 0.0 15266.241943359375 14.10791015625 4040.9709260360055 23
stats: newphase 0 3
stats: tr_signin_2 25 13468.6357421875 1467.153892661739 15828.7080078125 300.568115234375 6673.421489257813 100
stats: size_sent 55800 2610475
stats: tr_send_5_messages_2 0 0 0 75708.92700195313 321.60693359375 35366.27800496419 24
stats: connected 0 130
stats: tr_signin_1 0 0 0 17101.89501953125 304.241943359375 7976.111784492443 153
stats: tr_send_5_messages_1 0 0 0 76013.77416992188 340.98486328125 56972.90695210376 153
stats: tr_create_convo 0 0 0 17149.596923828125 15.822998046875 5396.990623723448 153
# stats: dump at 1479247382
stats: users 130 142
stats: {load,"tsung_controller@ip-172-31-31-196"} 1 0.0 0.0 0.01171875 0.0 5.580357142857143e-4 21
stats: {recvpackets,"tsung_controller@ip-172-31-31-196"} 1 682.0 0.0 2603 478 1548.75 20
stats: {sentpackets,"tsung_controller@ip-172-31-31-196"} 1 329.0 0.0 1220 301 762.5000000000001 20
stats: {cpu,"tsung_controller@ip-172-31-31-196"} 1 1.2858555885262115 0.0 6.16133643023048 1.2858555885262115 2.359500639095656 21
stats: {freemem,"tsung_controller@ip-172-31-31-196"} 1 2999.4609375 0.0 3065.15625 2999.4609375 3026.9544270833335 21
stats: session 0 0 0 153032.7900390625 8225.06787109375 69155.28068741508 23
stats: users_count 0 153
stats: finish_users_count 0 23
stats: request 97 16421.015886759025 485.2608656849109 18317.458984375 7.81298828125 5902.1636129009585 3364
stats: connect 0 0 0 132.3349609375 0.9150390625 2.611374400020425 153
stats: page 95 16515.786137952302 1021.9280809575931 30332.60693359375 10.2119140625 6826.749306294613 2907
stats: tr_get_convo_page 0 0 0 16865.052978515625 41.201904296875 5570.326666539011 153
stats: 302 51 1776
stats: tr_post_submit 0 0 0 17266.23291015625 39.967041015625 6155.9895115272675 153
stats: 200 45 1684
stats: tr_claim_post 0 0 0 13360.62890625 21.427001953125 4494.253693953804 23
stats: size_rcv 1247028 36303900
stats: tr_view_post 0 0 0 15266.241943359375 14.10791015625 4508.6905517578125 24
stats: newphase 0 3
stats: tr_signin_2 21 16520.04454985119 503.3573278904509 18317.56005859375 300.568115234375 8032.46433984375 125
stats: size_sent 76060 2686535
stats: tr_send_5_messages_2 1 78938.5498046875 0.0 78938.5498046875 321.60693359375 35366.27800496419 24
stats: connected 0 130
stats: tr_signin_1 0 0 0 17101.89501953125 304.241943359375 7976.111784492443 153
stats: 500 1 1
stats: tr_send_5_messages_1 0 0 0 76013.77416992188 340.98486328125 56972.90695210376 153
stats: tr_create_convo 0 0 0 17149.596923828125 15.822998046875 5396.990623723448 153
# stats: dump at 1479247392
stats: users 128 142
stats: {load,"tsung_controller@ip-172-31-31-196"} 1 0.078125 0.0 0.078125 0.0 5.326704545454545e-4 22
stats: {recvpackets,"tsung_controller@ip-172-31-31-196"} 1 1328.0 0.0 2603 478 1507.4761904761904 21
stats: {sentpackets,"tsung_controller@ip-172-31-31-196"} 1 615.0 0.0 1220 301 741.8571428571429 21
stats: {cpu,"tsung_controller@ip-172-31-31-196"} 1 1.87192118226601 0.0 6.16133643023048 1.2858555885262115 2.3106985913424993 22
stats: {freemem,"tsung_controller@ip-172-31-31-196"} 1 2999.34765625 0.0 3065.15625 2999.34765625 3025.7047230113635 22
stats: session 2 194301.10998535156 4114.2659912109375 198415.3759765625 8225.06787109375 69155.28068741508 23
stats: users_count 0 153
stats: finish_users_count 2 25
stats: request 193 9113.851586534569 2658.721591783883 18317.458984375 7.81298828125 6196.971087782274 3461
stats: connect 0 0 0 132.3349609375 0.9150390625 2.611374400020425 153
stats: page 193 9286.88304146089 3139.268677366067 30332.60693359375 10.2119140625 7133.364395904034 3002
stats: tr_get_convo_page 0 0 0 16865.052978515625 41.201904296875 5570.326666539011 153
stats: 302 96 1872
stats: tr_post_submit 0 0 0 17266.23291015625 39.967041015625 6155.9895115272675 153
stats: 200 96 1780
stats: tr_claim_post 2 9658.293334960938 3677.5784912109375 13360.62890625 21.427001953125 4494.253693953804 23
stats: size_rcv 2619453 38923353
stats: tr_view_post 2 8787.286499023438 1678.4053955078125 15266.241943359375 14.10791015625 4508.6905517578125 24
stats: newphase 0 3
stats: tr_signin_2 5 12230.15673828125 1919.9214070717942 18317.56005859375 300.568115234375 9253.280671420163 146
stats: 422 1 1
stats: tr_send_5_messages_2 6 84167.64147949219 834.3274189057627 85457.52294921875 321.60693359375 37109.16887695312 25
stats: size_sent 150840 2837375
stats: tr_signin_1 0 0 0 17101.89501953125 304.241943359375 7976.111784492443 153
stats: connected -2 128
stats: tr_send_5_messages_1 0 0 0 76013.77416992188 340.98486328125 56972.90695210376 153
stats: 500 0 1
stats: tr_create_convo 0 0 0 17149.596923828125 15.822998046875 5396.990623723448 153
# stats: dump at 1479247402
stats: users 125 142
stats: {load,"tsung_controller@ip-172-31-31-196"} 1 0.0703125 0.0 0.078125 0.0 0.00390625 23
stats: {recvpackets,"tsung_controller@ip-172-31-31-196"} 1 2364.0 0.0 2603 478 1499.3181818181818 22
stats: {sentpackets,"tsung_controller@ip-172-31-31-196"} 1 1043.0 0.0 1220 301 736.0909090909091 22
stats: {cpu,"tsung_controller@ip-172-31-31-196"} 1 2.4630541871921183 0.0 6.16133643023048 1.2858555885262115 2.2916213126869995 23
stats: {freemem,"tsung_controller@ip-172-31-31-196"} 1 2998.51171875 0.0 3065.15625 2998.51171875 3024.5587635869565 23
stats: session 3 205898.66341145834 3722.2859565239332 209159.32202148438 8225.06787109375 79166.94703125 25
stats: users_count 0 153
stats: finish_users_count 3 28
stats: request 219 5885.460976517909 298.33956332618203 18317.458984375 7.81298828125 6351.037299128522 3654
stats: connect 0 0 0 132.3349609375 0.9150390625 2.611374400020425 153
stats: page 219 5885.460976517909 298.33956332618203 30332.60693359375 10.2119140625 7263.45175070606 3195
stats: tr_get_convo_page 0 0 0 16865.052978515625 41.201904296875 5570.326666539011 153
stats: 302 110 1982
stats: tr_post_submit 0 0 0 17266.23291015625 39.967041015625 6155.9895115272675 153
stats: 200 109 1889
stats: tr_claim_post 3 5812.560302734375 347.44292203250285 13360.62890625 21.427001953125 4907.376865234375 25
stats: size_rcv 2907640 41830993
stats: tr_view_post 7 5882.231410435268 227.63858968248155 15266.241943359375 14.10791015625 4837.813316932092 26
stats: newphase 0 3
stats: tr_signin_2 2 5812.8441162109375 16.2420654296875 18317.56005859375 300.568115234375 9351.85272661424 151
stats: 422 0 1
stats: tr_send_5_messages_2 6 82545.6270345052 513.6398343717061 85457.52294921875 321.60693359375 46217.26034841229 31
stats: size_sent 171021 3008396
stats: tr_signin_1 0 0 0 17101.89501953125 304.241943359375 7976.111784492443 153
stats: connected -3 125
stats: tr_send_5_messages_1 0 0 0 76013.77416992188 340.98486328125 56972.90695210376 153
stats: 500 0 1
stats: tr_create_convo 0 0 0 17149.596923828125 15.822998046875 5396.990623723448 153
# stats: dump at 1479247412
stats: users 116 142
stats: {load,"tsung_controller@ip-172-31-31-196"} 1 0.05859375 0.0 0.078125 0.0 0.006673177083333333 24
stats: {recvpackets,"tsung_controller@ip-172-31-31-196"} 1 2522.0 0.0 2603 478 1536.9130434782608 23
stats: {sentpackets,"tsung_controller@ip-172-31-31-196"} 1 1123.0 0.0 1220 301 749.4347826086956 23
stats: {cpu,"tsung_controller@ip-172-31-31-196"} 1 2.366863905325444 0.0 6.16133643023048 1.2858555885262115 2.298764349124713 24
stats: {freemem,"tsung_controller@ip-172-31-31-196"} 1 2998.3984375 0.0 3065.15625 2998.3984375 3023.4734700520835 24
stats: session 9 210472.138671875 3036.7161752416755 215083.24096679688 8225.06787109375 92745.34521484375 28
stats: users_count 0 153
stats: finish_users_count 9 37
stats: request 215 5291.3071027888855 167.03238314109623 18317.458984375 7.81298828125 6324.711139910417 3873
stats: connect 0 0 0 132.3349609375 0.9150390625 2.611374400020425 153
stats: page 215 5291.3071027888855 167.03238314109623 30332.60693359375 10.2119140625 7175.056911940037 3414
stats: tr_get_convo_page 0 0 0 16865.052978515625 41.201904296875 5570.326666539011 153
stats: 302 106 2088
stats: tr_post_submit 0 0 0 17266.23291015625 39.967041015625 6155.9895115272675 153
stats: 200 108 1997
stats: tr_claim_post 9 5194.701551649306 148.74211378581694 13360.62890625 21.427001953125 5004.360804966518 28
stats: size_rcv 2828716 44659709
stats: tr_view_post 9 5334.224175347223 158.89724659785261 15266.241943359375 14.10791015625 5059.356548887311 33
stats: newphase 0 3
stats: tr_signin_2 0 0 0 18317.56005859375 300.568115234375 9305.59117615145 153
stats: 422 1 2
stats: tr_send_5_messages_2 9 78947.78540039063 1001.5944139515171 85457.52294921875 321.60693359375 52108.34683804898 37
stats: size_sent 164387 3172783
stats: tr_signin_1 0 0 0 17101.89501953125 304.241943359375 7976.111784492443 153
stats: connected -9 116
stats: tr_send_5_messages_1 0 0 0 76013.77416992188 340.98486328125 56972.90695210376 153
stats: 500 0 1
stats: tr_create_convo 0 0 0 17149.596923828125 15.822998046875 5396.990623723448 153
# stats: dump at 1479247422
stats: users 106 142
stats: {load,"tsung_controller@ip-172-31-31-196"} 1 0.05078125 0.0 0.078125 0.0 0.00875 25
stats: {recvpackets,"tsung_controller@ip-172-31-31-196"} 1 2670.0 0.0 2670 478 1577.9583333333333 24
stats: {sentpackets,"tsung_controller@ip-172-31-31-196"} 1 1225.0 0.0 1225 301 765.0 24
stats: {cpu,"tsung_controller@ip-172-31-31-196"} 1 2.1760633036597428 0.0 6.16133643023048 1.2858555885262115 2.301488331372742 25
stats: {freemem,"tsung_controller@ip-172-31-31-196"} 1 2997.92578125 0.0 3065.15625 2997.92578125 3022.47046875 25
stats: session 10 214736.5199707031 2630.1466037988157 219423.17407226563 8225.06787109375 121381.59227195945 37
stats: users_count 0 153
stats: finish_users_count 10 47
stats: request 244 4947.087245253264 297.327885597823 18317.458984375 7.81298828125 6270.361367899377 4088
stats: connect 0 0 0 132.3349609375 0.9150390625 2.611374400020425 153
stats: page 244 4947.087245253264 297.327885597823 30332.60693359375 10.2119140625 7063.454209000522 3629
stats: tr_get_convo_page 0 0 0 16865.052978515625 41.201904296875 5570.326666539011 153
stats: 302 128 2216
stats: tr_post_submit 0 0 0 17266.23291015625 39.967041015625 6155.9895115272675 153
stats: 200 115 2112
stats: tr_claim_post 10 4714.29892578125 209.36898490348042 13360.62890625 21.427001953125 5050.65990551098 37
stats: size_rcv 3012130 47671839
stats: tr_view_post 11 4903.127086292614 306.82701382176873 15266.241943359375 14.10791015625 5118.256754557292 42
stats: newphase 0 3
stats: tr_signin_2 0 0 0 18317.56005859375 300.568115234375 9305.59117615145 153
stats: 422 1 3
stats: tr_send_5_messages_2 17 76687.74194335938 900.948853239656 85457.52294921875 321.60693359375 57359.5413393767 46
stats: size_sent 184431 3357214
stats: tr_signin_1 0 0 0 17101.89501953125 304.241943359375 7976.111784492443 153
stats: connected -10 106
stats: tr_send_5_messages_1 0 0 0 76013.77416992188 340.98486328125 56972.90695210376 153
stats: 500 0 1
stats: tr_create_convo 0 0 0 17149.596923828125 15.822998046875 5396.990623723448 153
# stats: dump at 1479247432
stats: users 54 142
stats: {load,"tsung_controller@ip-172-31-31-196"} 1 0.109375 0.0 0.109375 0.0 0.010366586538461538 26
stats: {recvpackets,"tsung_controller@ip-172-31-31-196"} 1 2482.0 0.0 2670 478 1621.64 25
stats: {sentpackets,"tsung_controller@ip-172-31-31-196"} 1 1105.0 0.0 1225 301 783.4 25
stats: {cpu,"tsung_controller@ip-172-31-31-196"} 1 1.9801980198019802 0.0 6.16133643023048 1.2858555885262115 2.2966642918453193 26
stats: {freemem,"tsung_controller@ip-172-31-31-196"} 1 2997.45703125 0.0 3065.15625 2997.45703125 3021.5264423076924 26
stats: session 52 217978.316410945 4638.03950296879 231901.41088867188 8225.06787109375 141244.34284616023 47
stats: users_count 0 153
stats: finish_users_count 52 99
stats: request 314 3643.2071914186904 977.4597179220666 18317.458984375 7.81298828125 6195.82792239484 4332
stats: connect 0 0 0 132.3349609375 0.9150390625 2.611374400020425 153
stats: page 314 3643.2071914186904 977.4597179220666 30332.60693359375 10.2119140625 6930.122543843194 3873
stats: tr_get_convo_page 0 0 0 16865.052978515625 41.201904296875 5570.326666539011 153
stats: 302 163 2379
stats: tr_post_submit 0 0 0 17266.23291015625 39.967041015625 6155.9895115272675 153
stats: 200 149 2261
stats: tr_claim_post 41 2988.190310594512 1056.7607674058613 13360.62890625 21.427001953125 4979.093739611038 47
stats: size_rcv 2527755 50199594
stats: tr_view_post 74 3023.455424540752 1033.7262668551277 15266.241943359375 14.10791015625 5073.60720076651 53
stats: newphase 0 3
stats: tr_signin_2 0 0 0 18317.56005859375 300.568115234375 9305.59117615145 153
stats: 422 2 5
stats: tr_send_5_messages_2 86 63484.15801576128 7962.258164201128 85457.52294921875 321.60693359375 62575.08753410218 63
stats: size_sent 221500 3578714
stats: tr_signin_1 0 0 0 17101.89501953125 304.241943359375 7976.111784492443 153
stats: connected -41 65
stats: tr_send_5_messages_1 0 0 0 76013.77416992188 340.98486328125 56972.90695210376 153
stats: 500 0 1
stats: tr_create_convo 0 0 0 17149.596923828125 15.822998046875 5396.990623723448 153
# stats: dump at 1479247439
stats: users 0 142
stats: {load,"tsung_controller@ip-172-31-31-196"} 1 0.1015625 0.0 0.109375 0.0 0.014033564814814815 27
stats: {recvpackets,"tsung_controller@ip-172-31-31-196"} 1 1650.0 0.0 2670 478 1654.7307692307693 26
stats: {sentpackets,"tsung_controller@ip-172-31-31-196"} 1 899.0 0.0 1225 301 795.7692307692307 26
stats: {cpu,"tsung_controller@ip-172-31-31-196"} 1 2.075098814229249 0.0 6.16133643023048 1.2858555885262115 2.2849433188066772 27
stats: {freemem,"tsung_controller@ip-172-31-31-196"} 1 2998.02734375 0.0 3065.15625 2997.45703125 3020.6349826388887 27
stats: session 54 214430.7299714265 4317.92770656742 234630.31396484375 8225.06787109375 181549.05623372397 99
stats: users_count 0 153
stats: finish_users_count 54 153
stats: request 97 1306.9907226562502 385.4716392962729 18317.458984375 7.81298828125 6023.309000843719 4646
stats: connect 0 0 0 132.3349609375 0.9150390625 2.611374400020425 153
stats: page 97 1306.9907226562502 385.4716392962729 30332.60693359375 10.2119140625 6683.623518129964 4187
stats: tr_get_convo_page 0 0 0 16865.052978515625 41.201904296875 5570.326666539011 153
stats: 302 68 2447
stats: tr_post_submit 0 0 0 17266.23291015625 39.967041015625 6155.9895115272675 153
stats: 200 28 2289
stats: tr_claim_post 65 1279.285208834135 373.86224946747944 13360.62890625 21.427001953125 4051.5137329101563 88
stats: size_rcv 224470 50424064
stats: tr_view_post 26 1372.0270338792068 399.4994841860151 15266.241943359375 12.411865234375 3879.0305752491386 127
stats: newphase 0 3
stats: tr_signin_2 0 0 0 18317.56005859375 300.568115234375 9305.59117615145 153
stats: 422 1 6
stats: tr_send_5_messages_2 4 42316.903747558594 3514.5997296588557 85457.52294921875 321.60693359375 63099.78593291212 149
stats: size_sent 29580 3608294
stats: tr_signin_1 0 0 0 17101.89501953125 304.241943359375 7976.111784492443 153
stats: connected -65 0
stats: tr_send_5_messages_1 0 0 0 76013.77416992188 340.98486328125 56972.90695210376 153
stats: 500 0 1
stats: tr_create_convo 0 0 0 17149.596923828125 15.822998046875 5396.990623723448 153
EndMonitor:{1479,247439,509379}
