
=INFO REPORT==== 15-Nov-2016::02:33:52 ===
    ts_config_server:(5:<0.72.0>) Config server started, logdir is "/home/ec2-user/.tsung/log/20161115-0233"
 
=INFO REPORT==== 15-Nov-2016::02:33:52 ===
              ts_mon:(5:<0.54.0>) starting monitor, global 

=INFO REPORT==== 15-Nov-2016::02:33:52 ===
           ts_config:(5:<0.72.0>) Reading config file: ./scripts/tsung_signin_post.xml

=INFO REPORT==== 15-Nov-2016::02:33:52 ===
    ts_config_server:(0:<0.72.0>) Error while parsing XML config file: {fatal,
                                                                        {{failed_validation,
                                                                          {name,
                                                                           is_required}},
                                                                         {file,
                                                                          "./scripts/tsung_signin_post.xml"},
                                                                         {line,
                                                                          93},
                                                                         {col,
                                                                          1}}}

=ERROR REPORT==== 15-Nov-2016::02:33:52 ===
** Generic server ts_config_server terminating 
** Last message in was {get_monitor_hosts}
** When Server state == {state,undefined,
                               "/home/ec2-user/.tsung/log/20161115-0233",0,0,
                               0,undefined,1,undefined,'ip-172-31-22-165',0,0,
                               undefined,undefined}
** Reason for termination == 
** {{badrecord,config},
    [{ts_config_server,handle_call,3},
     {gen_server,handle_msg,5},
     {proc_lib,init_p_do_apply,3}]}

=INFO REPORT==== 15-Nov-2016::02:33:52 ===
    ts_config_server:(5:<0.91.0>) Config server started, logdir is "/home/ec2-user/.tsung/log/20161115-0233"
 