# stats: dump at 1479249617
stats: users 5 6
stats: {load,"tsung_controller@ip-172-31-31-196"} 1 0.078125 0 0.078125 0.078125 0 0
stats: {cpu,"tsung_controller@ip-172-31-31-196"} 1 3.567490792299441 0 3.567490792299441 3.567490792299441 0 0
stats: {freemem,"tsung_controller@ip-172-31-31-196"} 1 3064.7578125 0 3064.7578125 3064.7578125 0 0
stats: session 1 7902.833984375 0 7902.833984375 7902.833984375 0 0
stats: users_count 6 6
stats: finish_users_count 1 1
stats: request 23 96.03837253736413 122.34908329475209 340.52294921875 8.927978515625 0 0
stats: connect 6 24.9473876953125 52.103778990783844 141.449951171875 1.031982421875 0 0
stats: page 14 154.22799246651786 140.40844407601188 354.222900390625 11.850830078125 0 0
stats: tr_signin_1_time 4 314.31304931640625 16.28279373001582 340.64599609375 298.198974609375 0 0
stats: 302 10 10
stats: tr_post_create_time 2 47.2099609375 3.51708984375 50.72705078125 43.69287109375 0 0
stats: 200 13 13
stats: tr_user_view_time 1 180.510986328125 0 180.510986328125 180.510986328125 0 0
stats: size_rcv 78653 78653
stats: tr_claim_time 1 14.156005859375 0 14.156005859375 14.156005859375 0 0
stats: size_sent 15690 15690
stats: tr_signin_2_time 1 307.39697265625 0 307.39697265625 307.39697265625 0 0
stats: connected 5 5
stats: tr_rating_time 1 25.13916015625 0 25.13916015625 25.13916015625 0 0
# stats: dump at 1479249627
stats: users 10 11
stats: {load,"tsung_controller@ip-172-31-31-196"} 1 0.0703125 0.0 0.078125 0.0703125 0.078125 1
stats: {recvpackets,"tsung_controller@ip-172-31-31-196"} 1 131 0 131 131 0 0
stats: {sentpackets,"tsung_controller@ip-172-31-31-196"} 1 105 0 105 105 0 0
stats: {cpu,"tsung_controller@ip-172-31-31-196"} 1 2.1653543307086616 0.0 3.567490792299441 2.1653543307086616 3.567490792299441 1
stats: {freemem,"tsung_controller@ip-172-31-31-196"} 1 3063.79296875 0.0 3064.7578125 3063.79296875 3064.7578125 1
stats: session 1 10795.5029296875 0.0 10795.5029296875 7902.833984375 7902.833984375 1
stats: users_count 6 12
stats: finish_users_count 1 2
stats: request 65 120.25922475961538 190.21542509477268 900.39794921875 7.52099609375 96.03837253736413 23
stats: connect 6 1.4900309244791667 0.20133256718429784 141.449951171875 1.031982421875 24.9473876953125 6
stats: page 32 245.94304656982422 240.59465617885036 941.552978515625 11.850830078125 154.22799246651786 14
stats: tr_signin_1_time 8 425.9894714355469 199.2332489489329 849.0390625 298.198974609375 314.31304931640625 4
stats: 302 34 44
stats: tr_post_create_time 8 48.88311767578125 6.62043492997635 59.510986328125 40.718994140625 47.2099609375 2
stats: 200 31 44
stats: tr_user_view_time 4 233.36126708984375 59.923430769610555 325.18505859375 161.9580078125 180.510986328125 1
stats: size_rcv 235070 313723
stats: tr_claim_time 4 94.53466796875 131.53895971644587 322.202880859375 13.179931640625 14.156005859375 1
stats: size_sent 43748 59438
stats: tr_signin_2_time 4 458.83160400390625 255.05674986574817 900.546142578125 307.39697265625 307.39697265625 1
stats: connected 5 10
stats: tr_rating_time 1 29.52099609375 0.0 29.52099609375 25.13916015625 25.13916015625 1
# stats: dump at 1479249637
stats: users 19 19
stats: {load,"tsung_controller@ip-172-31-31-196"} 1 0.05859375 0.0 0.078125 0.05859375 0.07421875 2
stats: {recvpackets,"tsung_controller@ip-172-31-31-196"} 1 305.0 0.0 305 131 131.0 1
stats: {sentpackets,"tsung_controller@ip-172-31-31-196"} 1 224.0 0.0 224 105 105.0 1
stats: {cpu,"tsung_controller@ip-172-31-31-196"} 1 1.1892963330029733 0.0 3.567490792299441 1.1892963330029733 2.8664225615040513 2
stats: {freemem,"tsung_controller@ip-172-31-31-196"} 1 3062.3515625 0.0 3064.7578125 3062.3515625 3064.275390625 2
stats: session 7 13276.391985212054 6418.215199690222 25608.362060546875 4392.806884765625 9349.16845703125 2
stats: users_count 16 28
stats: finish_users_count 7 9
stats: request 94 122.92857068650265 167.9386891160643 900.39794921875 7.52099609375 113.92877474698153 88
stats: connect 15 1.8282552083333334 1.077821446929082 141.449951171875 1.031982421875 13.218709309895834 12
stats: page 54 214.05104347511573 194.25188699732382 941.552978515625 10.329833984375 218.0297692340353 46
stats: tr_signin_1_time 12 404.0265706380208 120.89191241184392 849.0390625 298.198974609375 388.7639973958333 12
stats: 302 47 91
stats: tr_post_create_time 8 158.65252685546875 164.51291139000068 493.680908203125 40.01904296875 48.548486328125 10
stats: 200 47 91
stats: tr_user_view_time 6 183.12679036458334 42.12812532799498 325.18505859375 117.98681640625 222.7912109375 5
stats: size_rcv 351447 665170
stats: tr_claim_time 6 22.8900146484375 8.47272399240945 322.202880859375 13.179931640625 78.458935546875 5
stats: size_sent 63643 123081
stats: tr_signin_2_time 6 405.50732421875 141.96661441416242 900.546142578125 299.8701171875 428.544677734375 5
stats: connected 8 18
stats: tr_rating_time 7 63.261404854910715 92.16004697269456 288.14599609375 16.592041015625 27.330078125 2
# stats: dump at 1479249647
stats: users 22 22
stats: {load,"tsung_controller@ip-172-31-31-196"} 1 0.12890625 0.0 0.12890625 0.05859375 0.06901041666666667 3
stats: {recvpackets,"tsung_controller@ip-172-31-31-196"} 1 424.0 0.0 424 131 218.0 2
stats: {sentpackets,"tsung_controller@ip-172-31-31-196"} 1 320.0 0.0 320 105 164.5 2
stats: {cpu,"tsung_controller@ip-172-31-31-196"} 1 1.7786561264822136 0.0 3.567490792299441 1.1892963330029733 2.3073804853370254 3
stats: {freemem,"tsung_controller@ip-172-31-31-196"} 1 3060.66796875 0.0 3064.7578125 3060.66796875 3063.6341145833335 3
stats: session 16 12932.253509521484 5340.25180499567 28701.94287109375 4392.806884765625 12403.67564561632 9
stats: users_count 19 47
stats: finish_users_count 16 25
stats: request 169 194.17034659301044 238.23179429275 1219.57080078125 7.52099609375 118.57702100145947 182
stats: connect 19 1.442408511513158 0.34423744188217886 141.449951171875 0.85693359375 6.890679253472222 27
stats: page 94 348.7553477185838 306.6475490754269 1259.849853515625 10.329833984375 215.88125732421875 100
stats: tr_signin_1_time 16 511.0001525878906 185.37723132187486 938.732177734375 298.198974609375 396.39528401692706 24
stats: 302 91 182
stats: tr_post_create_time 15 220.79033203125 245.7221745428491 802.44091796875 36.041015625 97.48361545138889 18
stats: 200 78 169
stats: tr_user_view_time 15 300.3219401041667 255.15374233789217 1219.706787109375 117.98681640625 201.1560724431818 11
stats: size_rcv 704201 1369371
stats: tr_claim_time 15 51.577587890625 73.12379248326886 322.202880859375 12.870849609375 48.14861505681818 11
stats: newphase 1 1
stats: tr_signin_2_time 15 482.654052734375 186.44501399394292 933.583984375 299.8701171875 415.97884854403407 11
stats: size_sent 121157 244238
stats: tr_rating_time 16 140.2599334716797 207.61358878175147 744.320068359375 14.156982421875 55.27666558159722 9
stats: connected 3 21
# stats: dump at 1479249657
stats: users 38 40
stats: {load,"tsung_controller@ip-172-31-31-196"} 1 0.109375 0.0 0.12890625 0.05859375 0.083984375 4
stats: {recvpackets,"tsung_controller@ip-172-31-31-196"} 1 856.0 0.0 856 131 286.6666666666667 3
stats: {sentpackets,"tsung_controller@ip-172-31-31-196"} 1 605.0 0.0 605 105 216.33333333333334 3
stats: {cpu,"tsung_controller@ip-172-31-31-196"} 1 2.1760633036597428 0.0 3.567490792299441 1.1892963330029733 2.175199395623322 4
stats: {freemem,"tsung_controller@ip-172-31-31-196"} 1 3058.7421875 0.0 3064.7578125 3058.7421875 3062.892578125 4
stats: session 12 13350.081909179688 5248.849188287305 28701.94287109375 4392.806884765625 12741.965478515625 25
stats: users_count 28 75
stats: finish_users_count 12 37
stats: request 189 250.4838634672619 348.83284263567066 2695.93798828125 7.52099609375 154.97380739739143 351
stats: connect 29 1.543212890625 0.4293452463370608 141.449951171875 0.85693359375 4.6403065557065215 46
stats: page 106 445.5385120319871 461.86537740712964 2721.48193359375 9.046875 280.26354854623065 194
stats: tr_signin_1_time 20 566.8357910156249 222.8275138425621 1040.1279296875 298.198974609375 442.2372314453125 40
stats: 302 94 276
stats: tr_post_create_time 15 244.55546875 326.93674576037586 1075.05419921875 36.041015625 153.5321229876894 33
stats: 200 95 264
stats: tr_user_view_time 13 607.9869290865385 710.6799147733657 2696.05810546875 117.98681640625 258.36714993990387 26
stats: size_rcv 740272 2109643
stats: tr_claim_time 16 33.68406677246094 15.746047089319678 322.202880859375 12.870849609375 50.12686861478365 26
stats: newphase 1 2
stats: tr_signin_2_time 16 590.5985565185547 298.2105493343846 1200.018798828125 299.8701171875 454.4453125 26
stats: size_sent 131146 375384
stats: tr_rating_time 11 85.44411399147727 136.93768019868153 744.320068359375 14.156982421875 109.66595703125 25
stats: connected 18 39
# stats: dump at 1479249667
stats: users 105 105
stats: {load,"tsung_controller@ip-172-31-31-196"} 1 0.08984375 0.0 0.12890625 0.05859375 0.0890625 5
stats: {recvpackets,"tsung_controller@ip-172-31-31-196"} 1 846.0 0.0 856 131 429.0 4
stats: {sentpackets,"tsung_controller@ip-172-31-31-196"} 1 648.0 0.0 648 105 313.5 4
stats: {cpu,"tsung_controller@ip-172-31-31-196"} 1 2.566633761105627 0.0 3.567490792299441 1.1892963330029733 2.1753721772306065 5
stats: {freemem,"tsung_controller@ip-172-31-31-196"} 1 3056.33203125 0.0 3064.7578125 3056.33203125 3062.0625 5
stats: session 4 16452.496948242188 3251.54329034905 28701.94287109375 4392.806884765625 12939.192429001267 37
stats: users_count 71 146
stats: finish_users_count 4 41
stats: request 231 1264.9700763917076 822.8307050691345 5052.64501953125 7.52099609375 188.4023270218461 540
stats: connect 66 16.92648407907197 121.77471290333841 998.69189453125 0.85595703125 3.442763671875 75
stats: page 120 2031.0138224283849 1291.637083808964 5740.004150390625 9.046875 338.6607023111979 300
stats: tr_signin_1_time 34 1209.901805204504 671.7478067320337 2537.964111328125 298.198974609375 483.7700846354166 60
stats: 302 116 392
stats: tr_post_create_time 27 1227.791214554398 533.6138694110542 2451.501953125 36.041015625 181.97691853841147 48
stats: 200 115 379
stats: tr_user_view_time 7 4014.3979840959823 702.0367990969812 5052.762939453125 117.98681640625 374.90707632211536 39
stats: size_rcv 740014 2849657
stats: tr_claim_time 10 1250.186279296875 584.8988202106734 2187.291015625 12.870849609375 43.86294410342262 42
stats: newphase 1 3
stats: tr_signin_2_time 18 1410.3668891059028 549.2234049699215 2547.510986328125 299.8701171875 506.31321498325894 42
stats: size_sent 176871 552255
stats: tr_rating_time 5 903.394287109375 470.9574495128077 1726.3720703125 14.156982421875 102.26483832465277 36
stats: connected 61 100
# stats: dump at 1479249677
stats: users 121 124
stats: {load,"tsung_controller@ip-172-31-31-196"} 1 0.078125 0.0 0.12890625 0.05859375 0.08919270833333333 6
stats: {recvpackets,"tsung_controller@ip-172-31-31-196"} 1 1277.0 0.0 1277 131 512.4 5
stats: {sentpackets,"tsung_controller@ip-172-31-31-196"} 1 1046.0 0.0 1046 105 380.4 5
stats: {cpu,"tsung_controller@ip-172-31-31-196"} 1 4.500978473581213 0.0 4.500978473581213 1.1892963330029733 2.2405824412097766 6
stats: {freemem,"tsung_controller@ip-172-31-31-196"} 1 3048.23046875 0.0 3064.7578125 3048.23046875 3061.107421875 6
stats: session 7 24000.980887276786 5430.00343118692 31843.60009765625 4392.806884765625 13281.953845512577 41
stats: users_count 23 169
stats: finish_users_count 7 48
stats: request 195 3193.812163211138 1567.9525205400969 8157.10302734375 7.52099609375 510.95375387585125 771
stats: connect 28 3.4846714564732144 10.60949231821826 998.69189453125 0.76904296875 9.754292373116135 141
stats: page 106 4176.712858380011 2300.8753951539225 9315.75 9.046875 822.1901652018228 420
stats: tr_signin_1_time 40 3792.581610107422 1573.037638313293 6746.376953125 298.198974609375 746.413472926363 94
stats: 302 96 488
stats: tr_post_create_time 19 3645.207943564967 1113.5367229316048 6062.6640625 36.041015625 558.4700651041667 75
stats: 200 99 478
stats: tr_user_view_time 11 5352.538973721591 1345.5989515662145 8157.219970703125 117.98681640625 928.7426492442255 46
stats: size_rcv 689766 3539423
stats: tr_claim_time 8 2318.1043395996094 1318.3725567018992 5032.96484375 12.870849609375 275.8482008713942 52
stats: newphase 0 3
stats: tr_signin_2_time 10 3215.898291015625 795.9757261839345 4352.205810546875 299.8701171875 777.5293172200521 60
stats: size_sent 163413 715668
stats: tr_rating_time 7 2655.6622488839284 1326.8515130145802 4314.06201171875 14.156982421875 199.9635515910823 41
stats: connected 21 121
# stats: dump at 1479249687
stats: users 108 124
stats: {load,"tsung_controller@ip-172-31-31-196"} 1 0.140625 0.0 0.140625 0.05859375 0.08761160714285714 7
stats: {recvpackets,"tsung_controller@ip-172-31-31-196"} 1 844.0 0.0 1277 131 639.8333333333334 6
stats: {sentpackets,"tsung_controller@ip-172-31-31-196"} 1 637.0 0.0 1046 105 491.3333333333333 6
stats: {cpu,"tsung_controller@ip-172-31-31-196"} 1 2.7586206896551726 0.0 4.500978473581213 1.1892963330029733 2.563496160119982 7
stats: {freemem,"tsung_controller@ip-172-31-31-196"} 1 3041.91796875 0.0 3064.7578125 3041.91796875 3059.2678571428573 7
stats: session 13 31226.083589993992 3178.665621079998 38275.89111328125 4392.806884765625 14845.14528910319 48
stats: users_count 0 169
stats: finish_users_count 13 61
stats: request 280 3905.8271388462626 2103.0508079520837 8326.181884765625 7.52099609375 1052.5245507913594 966
stats: connect 0 0 0 998.69189453125 0.76904296875 8.715538611778847 169
stats: page 123 9131.89973362868 3009.9202556124646 14839.713134765625 9.046875 1498.1966394924843 526
stats: tr_signin_1_time 33 5538.536103219697 2190.660940602804 8259.74609375 298.198974609375 1655.7173944729477 134
stats: 302 170 658
stats: tr_post_create_time 45 3697.2580403645834 1962.5768720593567 8326.317138671875 36.041015625 1182.3851681973072 94
stats: 200 110 588
stats: tr_user_view_time 9 5209.195990668402 1784.9241981205707 8157.219970703125 117.98681640625 1782.457729406524 57
stats: size_rcv 851739 4391162
stats: tr_claim_time 16 3758.651611328125 2225.6268365732144 7541.593017578125 12.870849609375 548.1490193684896 60
stats: newphase 0 3
stats: tr_signin_2_time 18 3673.1031358506943 1721.7179285497748 7487.009765625 299.8701171875 1125.867742047991 70
stats: size_sent 197566 913234
stats: tr_rating_time 13 4423.681396484375 2248.548591624957 7840.866943359375 14.156982421875 558.0862782796224 48
stats: connected -13 108
# stats: dump at 1479249697
stats: users 95 124
stats: {load,"tsung_controller@ip-172-31-31-196"} 1 0.12109375 0.0 0.140625 0.05859375 0.09423828125 8
stats: {recvpackets,"tsung_controller@ip-172-31-31-196"} 1 1153.0 0.0 1277 131 669.0 7
stats: {sentpackets,"tsung_controller@ip-172-31-31-196"} 1 737.0 0.0 1046 105 512.1428571428571 7
stats: {cpu,"tsung_controller@ip-172-31-31-196"} 1 2.3692003948667324 0.0 4.500978473581213 1.1892963330029733 2.587886726311881 8
stats: {freemem,"tsung_controller@ip-172-31-31-196"} 1 3038.171875 0.0 3064.7578125 3038.171875 3057.09912109375 8
stats: session 13 37601.706956129805 4127.578048352322 45456.93896484375 4392.806884765625 18336.16492699795 61
stats: users_count 0 169
stats: finish_users_count 13 74
stats: request 252 3145.0513964456227 943.3640009572479 8326.181884765625 7.52099609375 1693.716143612686 1246
stats: connect 0 0 0 998.69189453125 0.76904296875 8.715538611778847 169
stats: page 116 6881.6419677734375 2346.9327458040484 15659.643798828125 9.046875 2944.9539285198375 649
stats: tr_signin_1_time 2 2621.61962890625 338.728515625 8259.74609375 298.198974609375 2422.980971650449 167
stats: 302 148 806
stats: tr_post_create_time 28 3413.1794084821427 746.2540624274862 8326.317138671875 36.041015625 1996.5526447982238 139
stats: 200 104 692
stats: tr_user_view_time 18 5014.36376953125 789.2103321860698 8157.219970703125 117.98681640625 2249.7402195785985 66
stats: size_rcv 907823 5298985
stats: tr_claim_time 29 2942.4335179822197 691.4868302526196 7541.593017578125 12.870849609375 1224.0443018863075 76
stats: newphase 0 3
stats: tr_signin_2_time 41 3249.965320121951 765.7869109782225 7487.009765625 299.8701171875 1646.8931635076349 88
stats: size_sent 190113 1103347
stats: tr_rating_time 12 3141.599853515625 696.7432134364734 7840.866943359375 14.156982421875 1381.9016313396517 61
stats: connected -12 96
# stats: dump at 1479249707
stats: users 67 124
stats: {load,"tsung_controller@ip-172-31-31-196"} 1 0.1015625 0.0 0.140625 0.05859375 0.09722222222222222 9
stats: {recvpackets,"tsung_controller@ip-172-31-31-196"} 1 1111.0 0.0 1277 131 729.5 8
stats: {sentpackets,"tsung_controller@ip-172-31-31-196"} 1 656.0 0.0 1046 105 540.25 8
stats: {cpu,"tsung_controller@ip-172-31-31-196"} 1 2.4582104228121926 0.0 4.500978473581213 1.1892963330029733 2.5635882450401977 9
stats: {freemem,"tsung_controller@ip-172-31-31-196"} 1 3036.48828125 0.0 3064.7578125 3036.48828125 3054.99609375 9
stats: session 28 42448.25653948103 3529.5697877323146 52409.56298828125 4392.806884765625 21720.652040223817 74
stats: users_count 0 169
stats: finish_users_count 28 102
stats: request 198 3574.14215396149 976.0938982667107 8326.181884765625 7.52099609375 1937.8659992294417 1498
stats: connect 0 0 0 998.69189453125 0.76904296875 8.715538611778847 169
stats: page 122 6710.297849561347 2382.0103898871603 15659.643798828125 9.046875 3541.8896312040433 765
stats: tr_signin_1_time 0 0 0 8259.74609375 298.198974609375 2425.3317249907545 169
stats: 302 105 911
stats: tr_post_create_time 2 3326.2769775390625 558.9888916015625 8326.317138671875 36.041015625 2234.0709045775634 167
stats: 200 93 785
stats: tr_user_view_time 41 4873.275855087651 1059.0712847173736 8157.219970703125 117.98681640625 2842.1595517113096 84
stats: size_rcv 1409884 6708869
stats: tr_claim_time 36 3091.2012600368926 548.7059419465346 7541.593017578125 12.870849609375 1698.6470377604167 105
stats: newphase 0 3
stats: tr_signin_2_time 32 3461.65731048584 548.207332895367 7487.009765625 299.8701171875 2156.396717160247 129
stats: size_sent 129345 1232692
stats: tr_rating_time 29 3214.9823461072197 556.3875466616159 7840.866943359375 14.156982421875 1671.1670925192636 73
stats: connected -29 67
# stats: dump at 1479249717
stats: users 7 124
stats: {load,"tsung_controller@ip-172-31-31-196"} 1 0.08984375 0.0 0.140625 0.05859375 0.09765625 10
stats: {recvpackets,"tsung_controller@ip-172-31-31-196"} 1 1307.0 0.0 1307 131 771.8888888888889 9
stats: {sentpackets,"tsung_controller@ip-172-31-31-196"} 1 734.0 0.0 1046 105 553.1111111111111 9
stats: {cpu,"tsung_controller@ip-172-31-31-196"} 1 1.9782393669634024 0.0 4.500978473581213 1.1892963330029733 2.553050462817397 10
stats: {freemem,"tsung_controller@ip-172-31-31-196"} 1 3033.8359375 0.0 3064.7578125 3033.8359375 3053.1453125 10
stats: session 60 46174.87280273438 3278.4837428188334 59530.508056640625 4392.806884765625 27410.58268707874 102
stats: users_count 0 169
stats: finish_users_count 60 162
stats: request 155 1701.05621219758 1340.7029930190065 8326.181884765625 7.52099609375 2128.8935220106596 1696
stats: connect 0 0 0 998.69189453125 0.76904296875 8.715538611778847 169
stats: page 119 2908.813667361476 2643.6123918139538 15659.643798828125 9.046875 3977.6797130976074 887
stats: tr_signin_1_time 0 0 0 8259.74609375 298.198974609375 2425.3317249907545 169
stats: 302 94 1005
stats: tr_post_create_time 0 0 0 8326.317138671875 36.041015625 2246.9964202339124 169
stats: 200 60 845
stats: tr_user_view_time 44 2780.3899480646305 1349.3455307979943 8157.219970703125 117.98681640625 3508.365699218749 125
stats: size_rcv 1259776 7968645
stats: tr_claim_time 28 1621.5485316685267 1023.9293325071179 7541.593017578125 12.870849609375 2054.192796639517 141
stats: newphase 0 3
stats: tr_signin_2_time 8 2205.2693481445313 815.0312304220394 7487.009765625 299.8701171875 2415.8273940945264 161
stats: 422 1 1
stats: tr_rating_time 59 888.6824144266419 1002.9967552369211 7840.866943359375 14.032958984375 2110.094958735447 102
stats: size_sent 83425 1316117
stats: connected -59 8
# stats: dump at 1479249727
stats: users 0 124
stats: {load,"tsung_controller@ip-172-31-31-196"} 1 0.0703125 0.0 0.140625 0.05859375 0.09694602272727272 11
stats: {recvpackets,"tsung_controller@ip-172-31-31-196"} 1 870.0 0.0 1307 131 825.4 10
stats: {sentpackets,"tsung_controller@ip-172-31-31-196"} 1 489.0 0.0 1046 105 571.2 10
stats: {cpu,"tsung_controller@ip-172-31-31-196"} 1 1.3875123885034688 0.0 4.500978473581213 1.1892963330029733 2.5007949086488526 11
stats: {freemem,"tsung_controller@ip-172-31-31-196"} 1 3037.92578125 0.0 3064.7578125 3033.8359375 3051.3899147727275 11
stats: session 7 51915.16277204241 3701.380952157063 59530.508056640625 4392.806884765625 34360.319766951194 162
stats: users_count 0 169
stats: finish_users_count 7 169
stats: request 8 220.5899658203125 532.1554907019753 8326.181884765625 7.52099609375 2093.067059006323 1851
stats: connect 0 0 0 998.69189453125 0.76904296875 8.715538611778847 169
stats: page 8 220.5899658203125 532.1554907019753 15659.643798828125 9.046875 3851.2432722997946 1006
stats: tr_signin_1_time 0 0 0 8259.74609375 298.198974609375 2425.3317249907545 169
stats: 302 8 1013
stats: tr_post_create_time 0 0 0 8326.317138671875 36.041015625 2246.9964202339124 169
stats: 200 0 845
stats: tr_user_view_time 0 0 0 8157.219970703125 117.98681640625 3318.8335509892745 169
stats: size_rcv 8462 7977107
stats: tr_claim_time 0 0 0 7541.593017578125 12.870849609375 1982.5120900171044 169
stats: newphase 0 3
stats: tr_signin_2_time 0 0 0 7487.009765625 299.8701171875 2405.8601493158285 169
stats: 422 0 1
stats: tr_rating_time 8 220.71160888671875 532.1594222467195 7840.866943359375 14.032958984375 1662.4965729328417 161
stats: size_sent 6993 1323110
stats: connected -8 0
# stats: dump at 1479249731
stats: users 0 124
stats: {load,"tsung_controller@ip-172-31-31-196"} 1 0.05859375 0.0 0.140625 0.05859375 0.0947265625 12
stats: {recvpackets,"tsung_controller@ip-172-31-31-196"} 1 7.0 0.0 1307 7 829.4545454545455 11
stats: {sentpackets,"tsung_controller@ip-172-31-31-196"} 1 8.0 0.0 1046 8 563.7272727272727 11
stats: {cpu,"tsung_controller@ip-172-31-31-196"} 1 0.9871668311944718 0.0 4.500978473581213 0.9871668311944718 2.408021365303404 12
stats: {freemem,"tsung_controller@ip-172-31-31-196"} 1 3044.11328125 0.0 3064.7578125 3033.8359375 3050.2679036458335 12
stats: session 0 0 0 59530.508056640625 4392.806884765625 35087.443441718286 169
stats: users_count 0 169
stats: finish_users_count 0 169
stats: request 0 0 0 8326.181884765625 7.52099609375 2085.009061832849 1859
stats: connect 0 0 0 998.69189453125 0.76904296875 8.715538611778847 169
stats: page 0 0 0 15659.643798828125 9.046875 3822.5990647536055 1014
stats: tr_signin_1_time 0 0 0 8259.74609375 298.198974609375 2425.3317249907545 169
stats: 302 0 1013
stats: tr_post_create_time 0 0 0 8326.317138671875 36.041015625 2246.9964202339124 169
stats: 200 0 845
stats: tr_user_view_time 0 0 0 8157.219970703125 117.98681640625 3318.8335509892745 169
stats: size_rcv 0 7977107
stats: tr_claim_time 0 0 0 7541.593017578125 12.870849609375 1982.5120900171044 169
stats: newphase 0 3
stats: tr_signin_2_time 0 0 0 7487.009765625 299.8701171875 2405.8601493158285 169
stats: 422 0 1
stats: tr_rating_time 0 0 0 7840.866943359375 14.032958984375 1594.2463971200075 169
stats: size_sent 0 1323110
stats: connected 0 0
EndMonitor:{1479,249731,173940}
