# stats: dump at 1479245719
stats: users 2 2
stats: {load,"tsung_controller@ip-172-31-31-196"} 1 0.078125 0 0.078125 0.078125 0 0
stats: {cpu,"tsung_controller@ip-172-31-31-196"} 1 14.959661928543987 0 14.959661928543987 14.959661928543987 0 0
stats: {freemem,"tsung_controller@ip-172-31-31-196"} 1 3066.74609375 0 3066.74609375 3066.74609375 0 0
stats: session 3 3248.8270670572915 1388.5946377614314 4780.455078125 1418.64501953125 0 0
stats: users_count 5 5
stats: finish_users_count 3 3
stats: request 13 148.6220703125 147.1427890074301 418.531982421875 9.533935546875 0 0
stats: connect 4 28.46697998046875 47.381403801734386 110.533935546875 1.031982421875 0 0
stats: page 10 193.24970703125 159.3144191526005 418.531982421875 10.428955078125 0 0
stats: tr_new_post_page 3 29.717122395833332 27.915114444309637 69.193115234375 9.64013671875 0 0
stats: 302 6 6
stats: tr_submit_new_post 3 59.848958333333336 20.740763263293587 86.804931640625 36.35595703125 0 0
stats: 200 7 7
stats: tr_user_login 3 316.90234375 12.680474000529019 334.828125 307.501953125 0 0
stats: size_rcv 34340 34340
stats: size_sent 8435 8435
stats: connected 1 1
# stats: dump at 1479245729
stats: users 6 6
stats: {load,"tsung_controller@ip-172-31-31-196"} 1 0.0703125 0.0 0.078125 0.0703125 0.078125 1
stats: {recvpackets,"tsung_controller@ip-172-31-31-196"} 1 222 0 222 222 0 0
stats: {sentpackets,"tsung_controller@ip-172-31-31-196"} 1 184 0 184 184 0 0
stats: {cpu,"tsung_controller@ip-172-31-31-196"} 1 2.357563850687623 0.0 14.959661928543987 2.357563850687623 14.959661928543987 1
stats: {freemem,"tsung_controller@ip-172-31-31-196"} 1 3065.5859375 0.0 3066.74609375 3065.5859375 3066.74609375 1
stats: session 4 6767.331237792969 2622.1273367277536 11077.10302734375 1418.64501953125 3248.8270670572915 3
stats: users_count 8 13
stats: finish_users_count 4 7
stats: request 23 100.24697477921195 127.22265034377722 418.531982421875 8.39208984375 148.6220703125 13
stats: connect 8 1.226776123046875 0.1875722840173079 110.533935546875 0.858154296875 28.46697998046875 4
stats: page 17 135.66641773897058 139.2881572669907 418.531982421875 8.97412109375 193.24970703125 10
stats: tr_new_post_page 6 10.654622395833334 3.2110813064321304 69.193115234375 8.48583984375 29.717122395833332 3
stats: 302 9 15
stats: tr_submit_new_post 3 48.396647135416664 9.218139245299312 86.804931640625 36.35595703125 59.848958333333336 3
stats: 200 14 21
stats: tr_user_login 6 307.2067057291667 6.8376523563272675 334.828125 298.42822265625 316.90234375 3
stats: size_rcv 64708 99048
stats: size_sent 14658 23093
stats: connected 5 6
# stats: dump at 1479245739
stats: users 7 9
stats: {load,"tsung_controller@ip-172-31-31-196"} 1 0.05859375 0.0 0.078125 0.05859375 0.07421875 2
stats: {recvpackets,"tsung_controller@ip-172-31-31-196"} 1 399.0 0.0 399 222 222.0 1
stats: {sentpackets,"tsung_controller@ip-172-31-31-196"} 1 323.0 0.0 323 184 184.0 1
stats: {cpu,"tsung_controller@ip-172-31-31-196"} 1 1.673228346456693 0.0 14.959661928543987 1.673228346456693 8.658612889615805 2
stats: {freemem,"tsung_controller@ip-172-31-31-196"} 1 3064.015625 0.0 3066.74609375 3064.015625 3066.166015625 2
stats: session 11 3801.002263849432 2111.7163726557833 11077.10302734375 1391.093994140625 5259.40087890625 7
stats: users_count 12 25
stats: finish_users_count 11 18
stats: request 51 201.9662415747549 214.8203917672061 835.414794921875 8.39208984375 117.71575927734375 36
stats: connect 13 1.37890625 0.7803803283744886 110.533935546875 0.858154296875 10.306844075520834 12
stats: page 38 271.09434750205594 244.27998390499232 835.414794921875 8.97412109375 156.9935619212963 27
stats: tr_new_post_page 13 67.49746469350961 110.70824498705511 327.2939453125 8.48583984375 17.0087890625 9
stats: 302 25 40
stats: tr_submit_new_post 12 212.2592976888021 275.6383945410679 835.527099609375 36.35595703125 54.122802734375 6
stats: 200 26 47
stats: tr_user_login 13 407.04064002403845 127.42605211879598 637.4560546875 298.42822265625 310.43858506944446 9
stats: size_rcv 137119 236167
stats: size_sent 33472 56565
stats: connected 1 7
# stats: dump at 1479245749
stats: users 8 14
stats: {load,"tsung_controller@ip-172-31-31-196"} 1 0.05078125 0.0 0.078125 0.05078125 0.06901041666666667 3
stats: {recvpackets,"tsung_controller@ip-172-31-31-196"} 1 202.0 0.0 399 202 310.5 2
stats: {sentpackets,"tsung_controller@ip-172-31-31-196"} 1 186.0 0.0 323 184 253.5 2
stats: {cpu,"tsung_controller@ip-172-31-31-196"} 1 1.288404360753221 0.0 14.959661928543987 1.288404360753221 6.330151375229434 3
stats: {freemem,"tsung_controller@ip-172-31-31-196"} 1 3063.37890625 0.0 3066.74609375 3063.37890625 3065.44921875 3
stats: session 16 6654.246109008789 3656.684853594853 15136.72509765625 1391.093994140625 4368.157280815973 18
stats: users_count 17 42
stats: finish_users_count 16 34
stats: request 64 287.1634941101074 292.1764614896756 1213.245849609375 8.39208984375 167.10397303789512 87
stats: connect 17 1.2083812040441178 0.14099312557007898 110.533935546875 0.858154296875 5.66431640625 25
stats: page 48 382.9179229736328 391.93258717657335 1555.7119140625 8.97412109375 223.6986365685096 65
stats: tr_new_post_page 16 162.2189178466797 190.54136350722132 622.451904296875 8.48583984375 46.84300648082387 22
stats: 302 31 71
stats: tr_submit_new_post 15 261.5469889322917 328.5302448154019 1213.35302734375 36.35595703125 159.54713270399304 18
stats: 200 33 80
stats: tr_user_login 16 557.6032409667969 237.93331807126273 1193.119140625 298.42822265625 367.5216175426136 22
stats: size_rcv 174594 410761
stats: newphase 1 1
stats: size_sent 43002 99567
stats: connected 2 9
# stats: dump at 1479245759
stats: users 35 35
stats: {load,"tsung_controller@ip-172-31-31-196"} 1 0.0390625 0.0 0.078125 0.0390625 0.064453125 4
stats: {recvpackets,"tsung_controller@ip-172-31-31-196"} 1 303.0 0.0 399 202 274.3333333333333 3
stats: {sentpackets,"tsung_controller@ip-172-31-31-196"} 1 268.0 0.0 323 184 231.0 3
stats: {cpu,"tsung_controller@ip-172-31-31-196"} 1 2.156862745098039 0.0 14.959661928543987 1.288404360753221 5.06971462161038 4
stats: {freemem,"tsung_controller@ip-172-31-31-196"} 1 3062.8984375 0.0 3066.74609375 3062.8984375 3064.931640625 4
stats: session 8 5903.217529296875 2847.2519830712054 15136.72509765625 1318.902099609375 5443.963788200827 34
stats: users_count 35 77
stats: finish_users_count 8 42
stats: request 66 532.2961758700284 654.5702620444878 2223.583984375 8.39208984375 217.99012766452816 151
stats: connect 34 1.3144100413602942 0.5374946508865103 110.533935546875 0.858154296875 3.8607235863095237 42
stats: page 47 487.35028985206117 673.3075503397068 3044.283935546875 8.747802734375 291.3316077848451 113
stats: tr_new_post_page 12 312.51064046223956 477.92947109441957 1636.30810546875 8.48583984375 95.42233758223684 38
stats: 302 28 99
stats: tr_submit_new_post 9 515.7256130642361 743.999754358051 2223.858154296875 36.35595703125 205.91070371685606 33
stats: 200 38 118
stats: tr_user_login 19 969.2354158100329 649.386680365587 1978.109130859375 298.42822265625 447.5559853001645 38
stats: size_rcv 180381 591142
stats: newphase 1 2
stats: size_sent 53300 152867
stats: connected 25 34
# stats: dump at 1479245769
stats: users 74 74
stats: {load,"tsung_controller@ip-172-31-31-196"} 1 0.03125 0.0 0.078125 0.03125 0.059375 5
stats: {recvpackets,"tsung_controller@ip-172-31-31-196"} 1 525.0 0.0 525 202 281.5 4
stats: {sentpackets,"tsung_controller@ip-172-31-31-196"} 1 479.0 0.0 479 184 240.25 4
stats: {cpu,"tsung_controller@ip-172-31-31-196"} 1 2.3692003948667324 0.0 14.959661928543987 1.288404360753221 4.487144246307912 5
stats: {freemem,"tsung_controller@ip-172-31-31-196"} 1 3060.8046875 0.0 3066.74609375 3060.8046875 3064.525 5
stats: session 20 11580.990356445313 3617.883613294677 21341.60888671875 1318.902099609375 5531.440691266741 42
stats: users_count 59 136
stats: finish_users_count 20 62
stats: request 123 2287.2568359375005 671.4459031234845 3705.546875 8.39208984375 313.58551559799827 217
stats: connect 57 1.2286141378837723 0.3195703479510903 110.533935546875 0.858154296875 2.721583316200658 76
stats: page 97 2898.4241553237757 1111.4666454937158 5684.873046875 8.747802734375 348.91209564208987 160
stats: tr_new_post_page 29 2025.200649919181 622.5261289527987 2900.845947265625 8.48583984375 147.5235302734375 50
stats: 302 46 145
stats: tr_submit_new_post 20 2648.423059082031 600.2598871239553 3705.6669921875 36.35595703125 272.2996128627232 42
stats: 200 77 195
stats: tr_user_login 26 2392.6317983774043 659.4758953703888 3183.77099609375 298.42822265625 621.449128803454 57
stats: size_rcv 369725 960867
stats: newphase 1 3
stats: size_sent 81660 234527
stats: connected 37 71
# stats: dump at 1479245779
stats: users 71 87
stats: {load,"tsung_controller@ip-172-31-31-196"} 1 0.03125 0.0 0.078125 0.03125 0.0546875 6
stats: {recvpackets,"tsung_controller@ip-172-31-31-196"} 1 793.0 0.0 793 202 330.2 5
stats: {sentpackets,"tsung_controller@ip-172-31-31-196"} 1 737.0 0.0 737 184 288.0 5
stats: {cpu,"tsung_controller@ip-172-31-31-196"} 1 3.1589338598223096 0.0 14.959661928543987 1.288404360753221 4.134153604401049 6
stats: {freemem,"tsung_controller@ip-172-31-31-196"} 1 3057.76171875 0.0 3066.74609375 3057.76171875 3063.9049479166665 6
stats: session 19 17071.949013157893 2781.7804326645773 23055.8681640625 1318.902099609375 7482.9083251953125 62
stats: users_count 16 152
stats: finish_users_count 19 81
stats: request 99 4913.541385535036 1090.1107089895168 6969.41015625 8.39208984375 1027.5901403090534 340
stats: connect 19 1.702598170230263 2.2130824325212317 110.533935546875 0.858154296875 2.081739382636278 133
stats: page 71 5773.294884050398 1843.546272122042 10742.552001953125 8.747802734375 1311.1792932651385 257
stats: tr_new_post_page 16 5034.610137939453 1005.3231226913466 6420.7919921875 8.48583984375 836.7974096370649 79
stats: 302 47 192
stats: tr_submit_new_post 19 5631.1563527960525 887.4766740780249 6969.6328125 36.35595703125 1038.791047127016 62
stats: 200 52 247
stats: tr_user_login 28 4679.389866420201 1130.257101932878 6144.18994140625 298.42822265625 1176.277434935053 83
stats: size_rcv 262475 1223342
stats: newphase 0 3
stats: size_sent 80929 315456
stats: connected 0 71
# stats: dump at 1479245789
stats: users 60 87
stats: {load,"tsung_controller@ip-172-31-31-196"} 1 0.01953125 0.0 0.078125 0.01953125 0.05133928571428571 7
stats: {recvpackets,"tsung_controller@ip-172-31-31-196"} 1 343.0 0.0 793 202 407.3333333333333 6
stats: {sentpackets,"tsung_controller@ip-172-31-31-196"} 1 304.0 0.0 737 184 362.8333333333333 6
stats: {cpu,"tsung_controller@ip-172-31-31-196"} 1 1.4851485148514851 0.0 14.959661928543987 1.288404360753221 3.994836498032657 7
stats: {freemem,"tsung_controller@ip-172-31-31-196"} 1 3056.31640625 0.0 3066.74609375 3056.31640625 3063.02734375 7
stats: session 11 24619.095259232956 2601.3488706210164 32300.3701171875 1318.902099609375 9732.189474223573 81
stats: users_count 0 152
stats: finish_users_count 11 92
stats: request 62 8635.794146137852 1104.248665357685 12145.385986328125 8.39208984375 1903.9208311458922 439
stats: connect 0 0 0 110.533935546875 0.858154296875 2.034346731085526 152
stats: page 30 12636.202506510417 2784.343185764833 17227.85888671875 8.747802734375 2277.064070538777 328
stats: tr_new_post_page 19 8607.705180921053 1311.3619521877845 11943.494873046875 8.48583984375 1543.7974480879934 95
stats: 302 42 234
stats: tr_submit_new_post 11 9432.613481001421 474.2218024409164 10125.203125 36.35595703125 2116.012538580247 81
stats: 200 17 264
stats: tr_user_login 32 8378.819107055664 989.6541112623778 12145.501953125 298.42822265625 2059.945435670045 111
stats: size_rcv 140694 1364036
stats: newphase 0 3
stats: size_sent 46036 361492
stats: connected -11 60
stats: 500 3 3
# stats: dump at 1479245799
stats: users 4 87
stats: {load,"tsung_controller@ip-172-31-31-196"} 1 0.01953125 0.0 0.078125 0.01953125 0.04736328125 8
stats: {recvpackets,"tsung_controller@ip-172-31-31-196"} 1 258.0 0.0 793 202 398.14285714285717 7
stats: {sentpackets,"tsung_controller@ip-172-31-31-196"} 1 182.0 0.0 737 182 354.42857142857144 7
stats: {cpu,"tsung_controller@ip-172-31-31-196"} 1 1.2845849802371543 0.0 14.959661928543987 1.2845849802371543 3.6811255001350105 8
stats: {freemem,"tsung_controller@ip-172-31-31-196"} 1 3055.11328125 0.0 3066.74609375 3055.11328125 3062.1884765625 8
stats: session 56 26124.003989083427 2352.687840898754 32300.3701171875 1318.902099609375 11512.145600692085 92
stats: users_count 0 152
stats: finish_users_count 56 148
stats: request 103 3839.0163052753337 3299.911012889747 12145.385986328125 8.39208984375 2737.0069499672527 501
stats: connect 0 0 0 110.533935546875 0.858154296875 2.034346731085526 152
stats: page 94 6816.094344768115 6320.469495353228 17227.85888671875 8.747802734375 3145.148297016847 358
stats: tr_new_post_page 38 5413.5919767680925 2745.007179584636 11943.494873046875 8.48583984375 2721.11540356017 114
stats: 302 62 296
stats: tr_submit_new_post 56 2222.0107203892303 2821.4910694027276 10125.203125 36.35595703125 2990.8235208262568 92
stats: 200 36 300
stats: tr_user_login 9 7253.62868923611 2208.675522172075 12145.501953125 298.42822265625 3473.959124371722 143
stats: size_rcv 273070 1637106
stats: newphase 0 3
stats: 422 4 4
stats: size_sent 50730 412222
stats: connected -56 4
stats: 500 1 4
# stats: dump at 1479245807
stats: users 0 87
stats: {load,"tsung_controller@ip-172-31-31-196"} 1 0.01953125 0.0 0.078125 0.01953125 0.044270833333333336 9
stats: {recvpackets,"tsung_controller@ip-172-31-31-196"} 1 570.0 0.0 793 202 380.625 8
stats: {sentpackets,"tsung_controller@ip-172-31-31-196"} 1 459.0 0.0 737 182 332.875 8
stats: {cpu,"tsung_controller@ip-172-31-31-196"} 1 1.3847675568743818 0.0 14.959661928543987 1.2845849802371543 3.41484322014636 9
stats: {freemem,"tsung_controller@ip-172-31-31-196"} 1 3054.26171875 0.0 3066.74609375 3054.26171875 3061.40234375 9
stats: session 4 33710.52429199219 1837.7768035789445 35812.0810546875 1318.902099609375 17040.956882786108 148
stats: users_count 0 152
stats: finish_users_count 4 152
stats: request 4 50.35772705078125 14.132222852721316 12145.385986328125 8.39208984375 2924.9323863856835 604
stats: connect 0 0 0 110.533935546875 0.858154296875 2.034346731085526 152
stats: page 4 50.35772705078125 14.132222852721316 17227.85888671875 8.747802734375 3908.57512995627 452
stats: tr_new_post_page 0 0 0 11943.494873046875 8.48583984375 3394.2345468621506 152
stats: 302 4 300
stats: tr_submit_new_post 4 50.487060546875 14.13871267781573 10125.203125 36.35595703125 2699.9213801203546 148
stats: 200 0 300
stats: tr_user_login 0 0 0 12145.501953125 298.42822265625 3697.7553486071133 152
stats: size_rcv 4292 1641398
stats: newphase 0 3
stats: 422 0 4
stats: size_sent 4412 416634
stats: connected -4 0
stats: 500 0 4
EndMonitor:{1479,245807,438860}
