# stats: dump at 1479177607
stats: users 7 8
stats: {load,"tsung_controller@ip-172-31-22-165"} 1 0.078125 0 0.078125 0.078125 0 0
stats: {cpu,"tsung_controller@ip-172-31-22-165"} 1 6.186230254308031 0 6.186230254308031 6.186230254308031 0 0
stats: {freemem,"tsung_controller@ip-172-31-22-165"} 1 3066.66015625 0 3066.66015625 3066.66015625 0 0
stats: session 3 2284.6686197916665 892.7946615413456 2923.197998046875 1022.093994140625 0 0
stats: users_count 10 10
stats: finish_users_count 3 3
stats: request 33 324.4955018939393 350.98437816030884 1169.76806640625 10.738037109375 0 0
stats: connect 10 14.4802978515625 39.23905089790635 132.195068359375 1.1748046875 0 0
stats: page 23 465.6282799762228 426.83523583800695 1258.2529296875 11.5859375 0 0
stats: tr_signin_time 10 706.276318359375 304.40545335619396 1169.90478515625 304.746826171875 0 0
stats: 302 13 13
stats: tr_posts_load 10 98.0495361328125 126.14304964682864 351.3837890625 10.849853515625 0 0
stats: 200 20 20
stats: tr_posts_new 3 303.0829264322917 263.18375403312814 667.705810546875 56.071044921875 0 0
stats: size_rcv 99805 99805
stats: size_sent 19702 19702
stats: connected 7 7
# stats: dump at 1479177617
stats: users 2 8
stats: {load,"tsung_controller@ip-172-31-22-165"} 1 0.0703125 0.0 0.078125 0.0703125 0.078125 1
stats: {recvpackets,"tsung_controller@ip-172-31-22-165"} 1 330 0 330 330 0 0
stats: {sentpackets,"tsung_controller@ip-172-31-22-165"} 1 261 0 261 261 0 0
stats: {cpu,"tsung_controller@ip-172-31-22-165"} 1 2.65748031496063 0.0 6.186230254308031 2.65748031496063 6.186230254308031 1
stats: {freemem,"tsung_controller@ip-172-31-22-165"} 1 3064.5625 0.0 3066.66015625 3064.5625 3066.66015625 1
stats: session 6 9809.077433268229 2481.5144196910073 13313.638916015625 1022.093994140625 2284.6686197916665 3
stats: users_count 1 11
stats: finish_users_count 6 9
stats: request 7 40.57432338169643 11.488655079326227 1169.76806640625 10.738037109375 324.4955018939393 33
stats: connect 1 1.522216796875 0.0 132.195068359375 1.1748046875 14.4802978515625 10
stats: page 7 40.57432338169643 11.488655079326227 1258.2529296875 11.5859375 465.6282799762228 23
stats: tr_signin_time 0 0 0 1169.90478515625 304.746826171875 706.276318359375 10
stats: 302 6 19
stats: tr_posts_load 0 0 0 351.3837890625 10.849853515625 98.0495361328125 10
stats: 200 1 21
stats: tr_posts_new 6 45.229329427083336 3.621068224404872 667.705810546875 39.1630859375 303.0829264322917 3
stats: size_rcv 9140 108945
stats: newphase 1 1
stats: size_sent 6828 26530
stats: connected -5 2
# stats: dump at 1479177627
stats: users 20 20
stats: {load,"tsung_controller@ip-172-31-22-165"} 1 0.05859375 0.0 0.078125 0.05859375 0.07421875 2
stats: {recvpackets,"tsung_controller@ip-172-31-22-165"} 1 53.0 0.0 330 53 330.0 1
stats: {sentpackets,"tsung_controller@ip-172-31-22-165"} 1 59.0 0.0 261 59 261.0 1
stats: {cpu,"tsung_controller@ip-172-31-22-165"} 1 0.9861932938856016 0.0 6.186230254308031 0.9861932938856016 4.42185528463433 2
stats: {freemem,"tsung_controller@ip-172-31-22-165"} 1 3064.5546875 0.0 3066.66015625 3064.5546875 3065.611328125 2
stats: session 10 5081.0443359375 3756.031424267209 15430.4580078125 1022.093994140625 7300.941162109375 9
stats: users_count 28 39
stats: finish_users_count 10 19
stats: request 63 227.97636486235118 284.81152685542634 1229.337158203125 9.114990234375 274.8092956542968 40
stats: connect 26 1.3700608473557692 0.2326799604046484 132.195068359375 0.913818359375 13.302290482954545 11
stats: page 48 256.4275817871094 306.66945781983276 1258.2529296875 9.8251953125 366.4490234375 30
stats: tr_signin_time 15 529.555517578125 265.65216004175977 1169.90478515625 297.873046875 706.276318359375 10
stats: 302 25 44
stats: tr_posts_load 13 93.5963604266827 132.24560981390164 352.992919921875 9.22998046875 98.0495361328125 10
stats: 200 38 59
stats: tr_posts_new 10 298.2169189453125 339.44449847829503 1229.448974609375 38.955078125 131.18052842881946 9
stats: size_rcv 175214 284159
stats: newphase 1 2
stats: size_sent 42149 68679
stats: connected 16 18
# stats: dump at 1479177637
stats: users 85 85
stats: {load,"tsung_controller@ip-172-31-22-165"} 1 0.05078125 0.0 0.078125 0.05078125 0.06901041666666667 3
stats: {recvpackets,"tsung_controller@ip-172-31-22-165"} 1 361.0 0.0 361 53 191.5 2
stats: {sentpackets,"tsung_controller@ip-172-31-22-165"} 1 339.0 0.0 339 59 160.0 2
stats: {cpu,"tsung_controller@ip-172-31-22-165"} 1 2.0710059171597637 0.0 6.186230254308031 0.9861932938856016 3.276634621051421 3
stats: {freemem,"tsung_controller@ip-172-31-22-165"} 1 3062.9609375 0.0 3066.66015625 3062.9609375 3065.2591145833335 3
stats: session 13 9257.610501802885 3634.5254659166317 17527.5888671875 1022.093994140625 6132.574411492598 19
stats: users_count 78 117
stats: finish_users_count 13 32
stats: request 110 1960.7446178089492 1281.5401122022788 4160.60693359375 9.114990234375 246.16391080097083 103
stats: connect 76 1.4100213301809215 0.4453602980831038 132.195068359375 0.913818359375 4.91748046875 37
stats: page 82 2273.7935850562117 1631.3750061775515 5919.570068359375 9.8251953125 298.74352088341345 78
stats: tr_signin_time 28 2180.596130371094 1103.977026606092 3902.10595703125 297.873046875 600.243837890625 25
stats: 302 41 85
stats: tr_posts_load 21 1782.182105654762 1365.7786361703509 3791.841064453125 9.22998046875 95.5325237771739 23
stats: 200 69 128
stats: tr_posts_new 13 2257.147517277644 1386.4933069837866 4160.73486328125 38.955078125 219.0944181743421 19
stats: size_rcv 324191 608350
stats: newphase 1 3
stats: size_sent 80620 149299
stats: connected 63 81
# stats: dump at 1479177647
stats: users 82 91
stats: {load,"tsung_controller@ip-172-31-22-165"} 1 0.0390625 0.0 0.078125 0.0390625 0.064453125 4
stats: {recvpackets,"tsung_controller@ip-172-31-22-165"} 1 667.0 0.0 667 53 248.0 3
stats: {sentpackets,"tsung_controller@ip-172-31-22-165"} 1 684.0 0.0 684 59 219.66666666666666 3
stats: {cpu,"tsung_controller@ip-172-31-22-165"} 1 3.353057199211045 0.0 6.186230254308031 0.9861932938856016 2.975227445078507 4
stats: {freemem,"tsung_controller@ip-172-31-22-165"} 1 3058.890625 0.0 3066.66015625 3058.890625 3064.6845703125 4
stats: session 9 14098.430636935764 2885.726671539241 17527.5888671875 1022.093994140625 7402.120323181152 32
stats: users_count 6 123
stats: finish_users_count 9 41
stats: request 88 4664.84348089045 1458.0588382723333 8579.013916015625 9.114990234375 1131.6281256877203 213
stats: connect 10 1.2842041015625 0.30039367376598425 132.195068359375 0.872802734375 2.55848140210177 113
stats: page 60 4975.377913411457 1849.378130002745 10718.450927734375 9.8251953125 1310.9566787719725 160
stats: tr_signin_time 28 5479.365618024553 1666.0324678976986 8579.128173828125 297.873046875 1435.1469358048353 53
stats: 302 37 122
stats: tr_posts_load 12 4366.7507731119795 1233.3843953108365 7502.01416015625 9.22998046875 900.5243696732955 44
stats: 200 51 179
stats: tr_posts_new 9 5511.33056640625 1450.1947349149948 7588.628173828125 38.955078125 1047.0534896850586 32
stats: size_rcv 242503 850853
stats: newphase 0 3
stats: size_sent 78499 227798
stats: connected 1 82
# stats: dump at 1479177657
stats: users 74 91
stats: {load,"tsung_controller@ip-172-31-22-165"} 1 0.03125 0.0 0.078125 0.03125 0.059375 5
stats: {recvpackets,"tsung_controller@ip-172-31-22-165"} 1 268.0 0.0 667 53 352.75 4
stats: {sentpackets,"tsung_controller@ip-172-31-22-165"} 1 230.0 0.0 684 59 335.75 4
stats: {cpu,"tsung_controller@ip-172-31-22-165"} 1 1.582591493570722 0.0 6.186230254308031 0.9861932938856016 3.0507933959050146 5
stats: {freemem,"tsung_controller@ip-172-31-22-165"} 1 3055.89453125 0.0 3066.66015625 3055.89453125 3063.52578125 5
stats: session 8 25351.913848876953 4502.470839713481 32776.02490234375 1022.093994140625 8872.042099371189 41
stats: users_count 0 123
stats: finish_users_count 8 49
stats: request 59 10701.134773900949 1281.1024220325342 13469.8798828125 9.114990234375 2164.5947411622724 301
stats: connect 0 0 0 132.195068359375 0.872802734375 2.454881621570122 123
stats: page 25 13832.81802734375 2647.289673261208 19001.904052734375 9.8251953125 2310.344288219105 220
stats: tr_signin_time 34 10828.945413028492 1237.381878961348 13370.0439453125 297.873046875 2833.148455584491 81
stats: 302 39 161
stats: tr_posts_load 17 10308.418729894302 1211.5778173541614 13470.095947265625 9.22998046875 1643.2871704101563 56
stats: 200 16 195
stats: tr_posts_new 8 10993.505096435547 1412.4014788886898 13164.77001953125 38.955078125 2027.0167504287347 41
stats: size_rcv 131916 982769
stats: newphase 0 3
stats: size_sent 42591 270389
stats: connected -8 74
stats: 500 4 4
# stats: dump at 1479177667
stats: users 6 91
stats: {load,"tsung_controller@ip-172-31-22-165"} 1 0.03125 0.0 0.078125 0.03125 0.0546875 6
stats: {recvpackets,"tsung_controller@ip-172-31-22-165"} 1 557.0 0.0 667 53 335.8 5
stats: {sentpackets,"tsung_controller@ip-172-31-22-165"} 1 385.0 0.0 684 59 314.6 5
stats: {cpu,"tsung_controller@ip-172-31-22-165"} 1 1.5779092702169626 0.0 6.186230254308031 0.9861932938856016 2.8060930788492993 6
stats: {freemem,"tsung_controller@ip-172-31-22-165"} 1 3054.08984375 0.0 3066.66015625 3054.08984375 3062.25390625 6
stats: session 68 27674.704790900734 2839.6783388845283 39332.58203125 1022.093994140625 11562.633405412946 49
stats: users_count 0 123
stats: finish_users_count 68 117
stats: request 125 4934.141726562499 4456.786961135392 14167.72705078125 7.651123046875 3563.6388020833333 360
stats: connect 0 0 0 132.195068359375 0.872802734375 2.454881621570122 123
stats: page 117 8936.701774923209 7941.920074361694 20873.965087890625 7.651123046875 3486.1069146603954 245
stats: tr_signin_time 8 9322.599853515625 3637.5900018190564 13370.0439453125 297.873046875 5197.123208220109 115
stats: 302 72 233
stats: tr_posts_load 50 6915.637421874999 3574.106361095852 14167.880859375 9.22998046875 3661.194519879067 73
stats: 200 46 241
stats: tr_posts_new 67 2931.665330573694 4087.2071030591223 13164.77001953125 7.77392578125 3490.933215082908 49
stats: size_rcv 324419 1307188
stats: newphase 0 3
stats: 422 5 5
stats: size_sent 58884 329273
stats: connected -67 7
stats: 500 2 6
# stats: dump at 1479177673
stats: users 0 91
stats: {load,"tsung_controller@ip-172-31-22-165"} 1 0.01953125 0.0 0.078125 0.01953125 0.05133928571428571 7
stats: {recvpackets,"tsung_controller@ip-172-31-22-165"} 1 583.0 0.0 667 53 372.6666666666667 6
stats: {sentpackets,"tsung_controller@ip-172-31-22-165"} 1 476.0 0.0 684 59 326.3333333333333 6
stats: {cpu,"tsung_controller@ip-172-31-22-165"} 1 1.3861386138613863 0.0 6.186230254308031 0.9861932938856016 2.63063824904468 7
stats: {freemem,"tsung_controller@ip-172-31-22-165"} 1 3053.484375 0.0 3066.66015625 3053.484375 3061.0876116071427 7
stats: session 6 33390.5566813151 2302.9835056563 39332.58203125 1022.093994140625 20926.91421065371 117
stats: users_count 0 123
stats: finish_users_count 6 123
stats: request 7 43.639927455357146 2.083376522914044 14167.72705078125 7.651123046875 3916.861205299613 485
stats: connect 0 0 0 132.195068359375 0.872802734375 2.454881621570122 123
stats: page 7 43.639927455357146 2.083376522914044 20873.965087890625 7.651123046875 5247.763264524344 362
stats: tr_signin_time 0 0 0 13370.0439453125 297.873046875 5465.446892466972 123
stats: 302 7 240
stats: tr_posts_load 0 0 0 14167.880859375 9.22998046875 4984.138788983105 123
stats: 200 0 241
stats: tr_posts_new 7 43.786446707589285 2.0868811341601647 13164.77001953125 7.77392578125 3167.9077990301726 116
stats: size_rcv 7420 1314608
stats: newphase 0 3
stats: 422 0 5
stats: size_sent 7721 336994
stats: connected -7 0
stats: 500 0 6
EndMonitor:{1479,177673,461838}
