# stats: dump at 1479343020
stats: users 12 12
stats: {load,"tsung_controller@ip-172-31-28-25"} 1 0.078125 0 0.078125 0.078125 0 0
stats: {freemem,"tsung_controller@ip-172-31-28-25"} 1 3065.5703125 0 3065.5703125 3065.5703125 0 0
stats: {cpu,"tsung_controller@ip-172-31-28-25"} 1 10.277662996362103 0 10.277662996362103 10.277662996362103 0 0
stats: users_count 12 12
stats: finish_users_count 0 0
stats: request 59 413.420546709481 856.0934159601194 3544.10888671875 11.7421875 0 0
stats: connect 11 13.499644886363637 38.689539610963116 135.844970703125 1.010009765625 0 0
stats: page 49 497.8135662468112 919.1426822192886 3544.10888671875 11.7421875 0 0
stats: tr_get_convo_page 3 98.72265625 38.267813081957335 133.257080078125 45.369873046875 0 0
stats: 302 25 25
stats: tr_post_submit 3 54.071858723958336 7.356516230405783 62.39990234375 44.5078125 0 0
stats: 200 34 34
stats: tr_signin_1 5 535.079833984375 88.70723409900387 636.291015625 397.391845703125 0 0
stats: size_rcv 521358 521358
stats: tr_send_5_messages_1 2 1126.0458984375 21.760986328125 1147.806884765625 1104.284912109375 0 0
stats: size_sent 42430 42430
stats: tr_create_convo 3 48.923990885416664 17.70431569804981 67.9228515625 25.302001953125 0 0
stats: connected 11 11
# stats: dump at 1479343030
stats: users 13 14
stats: {load,"tsung_controller@ip-172-31-28-25"} 1 0.0703125 0.0 0.078125 0.0703125 0.078125 1
stats: {freemem,"tsung_controller@ip-172-31-28-25"} 1 3062.6328125 0.0 3065.5703125 3062.6328125 3065.5703125 1
stats: {recvpackets,"tsung_controller@ip-172-31-28-25"} 1 559 0 559 559 0 0
stats: {sentpackets,"tsung_controller@ip-172-31-28-25"} 1 324 0 324 324 0 0
stats: {cpu,"tsung_controller@ip-172-31-28-25"} 1 2.65748031496063 0.0 10.277662996362103 2.65748031496063 10.277662996362103 1
stats: session 3 14243.1005859375 1167.062622607332 15351.869873046875 12629.930908203125 0 0
stats: users_count 4 16
stats: finish_users_count 3 3
stats: request 197 341.6485044217957 243.6432237032508 3544.10888671875 11.7421875 413.420546709481 59
stats: connect 5 1.578564453125 0.7137434265315031 135.844970703125 1.010009765625 13.499644886363637 11
stats: page 169 398.2690920857989 292.74277153422423 3544.10888671875 11.7421875 497.8135662468112 49
stats: tr_get_convo_page 11 406.55732865767044 219.8757607806224 768.114990234375 45.369873046875 98.72265625 3
stats: 302 102 127
stats: tr_post_submit 11 446.87899502840907 201.43497686671066 943.6259765625 44.5078125 54.071858723958336 3
stats: 200 95 129
stats: tr_view_post 3 138.88387044270834 100.51397750402776 280.972900390625 64.286865234375 0 0
stats: size_rcv 2092069 2613427
stats: tr_claim_post 3 162.19498697916666 32.3543008849436 200.873046875 121.68505859375 0 0
stats: size_sent 153973 196403
stats: tr_signin_2 5 862.553857421875 119.75487697577321 1027.237060546875 733.169189453125 0 0
stats: connected 2 13
stats: tr_send_5_messages_2 3 3257.4629720052085 705.3420041226307 4239.8310546875 2616.35986328125 0 0
stats: tr_signin_1 10 663.521435546875 218.83772846098762 1043.566162109375 397.391845703125 535.079833984375 5
stats: tr_send_5_messages_1 7 3093.382568359375 471.6040482032342 3576.84814453125 1104.284912109375 1126.0458984375 2
stats: tr_create_convo 10 247.34140625 113.23563630676618 461.903076171875 25.302001953125 48.923990885416664 3
# stats: dump at 1479343040
stats: users 24 24
stats: {load,"tsung_controller@ip-172-31-28-25"} 1 0.05859375 0.0 0.078125 0.05859375 0.07421875 2
stats: {freemem,"tsung_controller@ip-172-31-28-25"} 1 3057.3828125 0.0 3065.5703125 3057.3828125 3064.1015625 2
stats: {recvpackets,"tsung_controller@ip-172-31-28-25"} 1 2127.0 0.0 2127 559 559.0 1
stats: {sentpackets,"tsung_controller@ip-172-31-28-25"} 1 1047.0 0.0 1047 324 324.0 1
stats: {cpu,"tsung_controller@ip-172-31-28-25"} 1 2.2794846382556986 0.0 10.277662996362103 2.2794846382556986 6.4675716556613665 2
stats: session 3 21837.860677083332 675.2543105003599 22376.497802734375 12629.930908203125 14243.1005859375 3
stats: users_count 14 30
stats: finish_users_count 3 6
stats: request 171 697.1310978047329 365.0460336950302 3544.10888671875 11.7421875 358.18971729278564 256
stats: connect 14 1.2777797154017858 0.12858843506440434 135.844970703125 1.010009765625 9.774307250976563 16
stats: page 152 776.0406108655429 460.45831286782055 3544.10888671875 11.7421875 420.6437674706136 218
stats: tr_get_convo_page 3 551.8150227864584 216.456328257452 856.087890625 45.369873046875 340.59275599888394 14
stats: 302 85 212
stats: tr_post_submit 4 949.1832275390625 245.55708414413562 1253.02587890625 44.5078125 362.70603724888394 14
stats: 200 86 215
stats: tr_view_post 3 770.31005859375 420.0372669228538 1330.425048828125 64.286865234375 138.88387044270834 3
stats: size_rcv 1706850 4320277
stats: tr_claim_post 3 863.7060546875 220.4423098487805 1040.900146484375 121.68505859375 162.19498697916666 3
stats: size_sent 127176 323579
stats: tr_signin_2 6 944.5613199869791 266.9750384678283 1216.384033203125 444.141845703125 862.553857421875 5
stats: connected 11 24
stats: tr_send_5_messages_2 3 4974.156005859375 1226.195608052101 6649.468017578125 2616.35986328125 3257.4629720052085 3
stats: tr_signin_1 9 1037.7349175347222 329.14952893748136 1539.696044921875 397.391845703125 620.707568359375 15
stats: tr_send_5_messages_1 6 5655.9847412109375 1570.8228752993482 7763.072998046875 1104.284912109375 2656.1966417100693 9
stats: tr_create_convo 4 628.89453125 548.4513301091039 1533.49609375 25.302001953125 201.55277193509616 13
# stats: dump at 1479343050
stats: users 40 40
stats: {load,"tsung_controller@ip-172-31-28-25"} 1 0.05078125 0.0 0.078125 0.05078125 0.06901041666666667 3
stats: {freemem,"tsung_controller@ip-172-31-28-25"} 1 3055.84375 0.0 3065.5703125 3055.84375 3061.8619791666665 3
stats: {recvpackets,"tsung_controller@ip-172-31-28-25"} 1 1503.0 0.0 2127 559 1343.0 2
stats: {sentpackets,"tsung_controller@ip-172-31-28-25"} 1 766.0 0.0 1047 324 685.5 2
stats: {cpu,"tsung_controller@ip-172-31-28-25"} 1 1.9801980198019802 0.0 10.277662996362103 1.9801980198019802 5.071542649859477 3
stats: session 4 26014.62823486328 2924.2246766136855 30433.183837890625 12629.930908203125 18040.480631510418 6
stats: users_count 20 50
stats: finish_users_count 4 10
stats: request 149 1087.648712772651 459.82029019837967 3544.10888671875 11.7421875 493.925024242535 427
stats: connect 20 1.359033203125 0.14305920683677303 135.844970703125 1.010009765625 5.809261067708333 30
stats: page 124 1206.457651445943 604.2897696872076 3544.10888671875 11.7421875 566.6446328652873 370
stats: tr_get_convo_page 8 1207.7541198730469 649.8200663379021 2326.60595703125 45.369873046875 377.8672736672794 17
stats: 302 72 284
stats: tr_post_submit 10 1369.2824951171874 583.4862605499329 2298.06787109375 44.5078125 493.0343017578125 18
stats: 200 77 292
stats: tr_view_post 4 878.5022583007813 247.5527033061267 1330.425048828125 64.286865234375 454.5969645182292 6
stats: size_rcv 1372645 5692922
stats: tr_claim_post 4 782.3778076171875 281.85701543045127 1167.942138671875 121.68505859375 512.9505208333334 6
stats: newphase 1 1
stats: tr_signin_2 4 1125.3749389648438 197.70245718885602 1360.998046875 444.141845703125 907.2852006392045 11
stats: size_sent 120142 443721
stats: tr_send_5_messages_2 5 8243.05615234375 1031.0603784668824 9898.68896484375 2616.35986328125 4115.809488932292 6
stats: connected 16 40
stats: tr_signin_1 13 1376.491473858173 411.58560620508405 1957.0390625 397.391845703125 777.0928243001302 24
stats: tr_send_5_messages_1 2 8491.243041992188 274.0369873046875 8765.280029296875 1104.284912109375 3856.111881510417 15
stats: tr_create_convo 6 909.5546061197916 272.20262578030366 1533.49609375 25.302001953125 302.10377412683823 17
# stats: dump at 1479343060
stats: users 79 79
stats: {load,"tsung_controller@ip-172-31-28-25"} 1 0.0390625 0.0 0.078125 0.0390625 0.064453125 4
stats: {freemem,"tsung_controller@ip-172-31-28-25"} 1 3053.2890625 0.0 3065.5703125 3053.2890625 3060.357421875 4
stats: {recvpackets,"tsung_controller@ip-172-31-28-25"} 1 1137.0 0.0 2127 559 1396.3333333333333 3
stats: {sentpackets,"tsung_controller@ip-172-31-28-25"} 1 635.0 0.0 1047 324 712.3333333333334 3
stats: {cpu,"tsung_controller@ip-172-31-28-25"} 1 2.65748031496063 0.0 10.277662996362103 1.9801980198019802 4.298706492345103 4
stats: session 1 27249.971923828125 0.0 30433.183837890625 12629.930908203125 21230.13967285156 10
stats: users_count 40 90
stats: finish_users_count 1 11
stats: request 159 2458.380735001475 441.45399052416525 3607.113037109375 11.7421875 647.509797837999 576
stats: connect 40 1.553826904296875 1.1779139772277378 135.844970703125 0.908935546875 4.029169921875 50
stats: page 134 2866.1323041773567 967.7203475627016 5561.7470703125 11.7421875 727.2454715373548 494
stats: tr_get_convo_page 10 2458.81376953125 444.1024321658897 3246.43994140625 45.369873046875 643.431064453125 25
stats: 302 66 350
stats: tr_post_submit 10 2624.2278076171874 459.0077287456781 3190.610107421875 44.5078125 805.9800851004464 28
stats: 200 93 385
stats: tr_view_post 1 2771.876953125 0.0 2771.876953125 64.286865234375 624.15908203125 10
stats: size_rcv 1415563 7108485
stats: tr_claim_post 1 1905.962890625 0.0 1905.962890625 121.68505859375 620.721435546875 10
stats: newphase 1 2
stats: tr_signin_2 2 2655.4029541015625 14.5780029296875 2669.98095703125 444.141845703125 965.4424641927084 15
stats: size_sent 122597 566318
stats: tr_send_5_messages_2 0 0 0 9898.68896484375 2616.35986328125 5991.830699573864 11
stats: connected 39 79
stats: tr_signin_1 14 2576.0456194196427 414.80305901047825 3237.045166015625 397.391845703125 987.6923498205236 37
stats: tr_send_5_messages_1 2 16876.927978515625 397.333984375 17274.261962890625 1104.284912109375 4401.42142980239 17
stats: tr_create_convo 11 2408.3631702769885 485.0473614665563 3110.533935546875 25.302001953125 460.5692085597826 23
# stats: dump at 1479343070
stats: users 126 126
stats: {load,"tsung_controller@ip-172-31-28-25"} 1 0.03125 0.0 0.078125 0.03125 0.059375 5
stats: {freemem,"tsung_controller@ip-172-31-28-25"} 1 3048.2109375 0.0 3065.5703125 3048.2109375 3058.94375 5
stats: {recvpackets,"tsung_controller@ip-172-31-28-25"} 1 1493.0 0.0 2127 559 1331.5 4
stats: {sentpackets,"tsung_controller@ip-172-31-28-25"} 1 865.0 0.0 1047 324 693.0 4
stats: {cpu,"tsung_controller@ip-172-31-28-25"} 1 3.251231527093596 0.0 10.277662996362103 1.9801980198019802 3.970461256868208 5
stats: session 0 0 0 30433.183837890625 12629.930908203125 21777.39715021307 11
stats: users_count 47 137
stats: finish_users_count 0 11
stats: request 107 5409.190532363465 1382.1720242785375 7265.48095703125 11.7421875 1039.2492250611183 735
stats: connect 46 1.2464440387228264 0.2067516003024151 135.844970703125 0.849853515625 2.9290174696180555 90
stats: page 72 6225.867658827042 2241.2038475070494 11281.28515625 11.7421875 1183.6321523872914 628
stats: tr_get_convo_page 4 5034.0849609375 1052.645696043993 6442.8369140625 45.369873046875 1162.1118373325892 35
stats: 302 54 404
stats: tr_post_submit 9 6005.006537543402 939.8317948525183 7209.85498046875 44.5078125 1284.4663278680098 38
stats: 200 53 438
stats: tr_view_post 1 6934.2138671875 0.0 6934.2138671875 64.286865234375 819.4061612215909 11
stats: size_rcv 687925 7796410
stats: tr_claim_post 0 0 0 1905.962890625 121.68505859375 737.5615678267045 11
stats: newphase 1 3
stats: tr_signin_2 0 0 0 2669.98095703125 444.141845703125 1164.2613453584559 17
stats: size_sent 95992 662310
stats: tr_send_5_messages_2 2 20544.484008789063 810.5599365234375 21355.0439453125 2616.35986328125 5991.830699573864 11
stats: connected 46 125
stats: tr_signin_1 24 5359.685485839844 1385.1565484250818 7129.510986328125 397.391845703125 1423.7108944163604 51
stats: tr_send_5_messages_1 1 19757.56005859375 0.0 19757.56005859375 1104.284912109375 5714.632645456414 19
stats: tr_create_convo 2 5734.514892578125 1524.385986328125 7258.90087890625 25.302001953125 1090.7378432329963 34
# stats: dump at 1479343080
stats: users 129 131
stats: {load,"tsung_controller@ip-172-31-28-25"} 1 0.03125 0.0 0.078125 0.03125 0.0546875 6
stats: {freemem,"tsung_controller@ip-172-31-28-25"} 1 3042.71875 0.0 3065.5703125 3042.71875 3057.1549479166665 6
stats: {recvpackets,"tsung_controller@ip-172-31-28-25"} 1 908.0 0.0 2127 559 1363.8 5
stats: {sentpackets,"tsung_controller@ip-172-31-28-25"} 1 615.0 0.0 1047 324 727.4 5
stats: {cpu,"tsung_controller@ip-172-31-28-25"} 1 2.7559055118110236 0.0 10.277662996362103 1.9801980198019802 3.8505896352391056 6
stats: session 2 58806.988037109375 6768.254150390625 65575.2421875 12629.930908203125 21777.39715021307 11
stats: users_count 5 142
stats: finish_users_count 2 13
stats: request 137 7650.333512132185 765.2718178264271 9319.93408203125 11.7421875 1594.5743080555972 842
stats: connect 6 1.5502115885416667 0.8179459074859546 135.844970703125 0.849853515625 2.359911750344669 136
stats: page 108 9303.687230993202 2936.851618745341 15860.676025390625 11.7421875 1702.262090192523 700
stats: tr_get_convo_page 10 7570.283862304687 820.4446520729448 8910.921875 45.369873046875 1559.2372859074517 39
stats: 302 51 455
stats: tr_post_submit 9 7979.456895616319 691.3520351591355 9118.10595703125 44.5078125 2188.3995595079787 47
stats: 200 86 524
stats: tr_view_post 1 6620.392822265625 0.0 6934.2138671875 64.286865234375 1328.9734700520833 12
stats: size_rcv 1000263 8796673
stats: tr_claim_post 2 7973.7593994140625 124.3734130859375 8098.1328125 121.68505859375 737.5615678267045 11
stats: newphase 0 3
stats: tr_signin_2 2 8303.48193359375 338.219970703125 8641.701904296875 444.141845703125 1164.2613453584559 17
stats: size_sent 108478 770788
stats: tr_send_5_messages_2 0 0 0 21355.0439453125 2616.35986328125 8230.700439453125 13
stats: connected 4 129
stats: tr_signin_1 20 7828.929431152344 653.2397485714235 9059.7041015625 397.391845703125 2683.222763671875 75
stats: tr_send_5_messages_1 0 0 0 19757.56005859375 1104.284912109375 6416.779016113282 20
stats: tr_create_convo 6 8148.3692626953125 894.3809328629605 9013.099853515625 25.302001953125 1348.7254570855034 36
# stats: dump at 1479343090
stats: users 129 131
stats: {load,"tsung_controller@ip-172-31-28-25"} 1 0.01953125 0.0 0.078125 0.01953125 0.05133928571428571 7
stats: {freemem,"tsung_controller@ip-172-31-28-25"} 1 3038.0234375 0.0 3065.5703125 3038.0234375 3055.0926339285716 7
stats: {recvpackets,"tsung_controller@ip-172-31-28-25"} 1 787.0 0.0 2127 559 1287.8333333333333 6
stats: {sentpackets,"tsung_controller@ip-172-31-28-25"} 1 452.0 0.0 1047 324 708.6666666666666 6
stats: {cpu,"tsung_controller@ip-172-31-28-25"} 1 1.9743336623889436 0.0 10.277662996362103 1.9743336623889436 3.6942061890350937 7
stats: session 0 0 0 65575.2421875 12629.930908203125 27474.257286658652 13
stats: users_count 0 142
stats: finish_users_count 0 13
stats: request 75 10706.01229817708 1103.0382813313765 12395.63916015625 11.7421875 2442.0094571449663 979
stats: connect 0 0 0 135.844970703125 0.849853515625 2.3256990674515845 142
stats: page 36 14733.986050075955 4150.768043849413 20895.72900390625 11.7421875 2718.294163467862 808
stats: tr_get_convo_page 4 11593.492248535156 884.1866793780104 12366.711181640625 45.369873046875 2785.981485172194 49
stats: 302 52 507
stats: tr_post_submit 11 10529.62393465909 1359.8277408484971 12395.7900390625 44.5078125 3119.105202811105 56
stats: 200 23 547
stats: tr_view_post 0 0 0 6934.2138671875 64.286865234375 1736.0057279146636 13
stats: size_rcv 373734 9170407
stats: tr_claim_post 0 0 0 8098.1328125 121.68505859375 1850.822772686298 13
stats: newphase 0 3
stats: tr_signin_2 0 0 0 8641.701904296875 444.141845703125 1915.7582493832238 19
stats: size_sent 69481 840269
stats: tr_send_5_messages_2 0 0 0 21355.0439453125 2616.35986328125 8230.700439453125 13
stats: connected 0 129
stats: tr_signin_1 28 10683.928274972099 1050.4961827269922 12313.64013671875 397.391845703125 3766.5294305098682 95
stats: tr_send_5_messages_1 1 38931.544921875 0.0 38931.544921875 1104.284912109375 6416.779016113282 20
stats: tr_create_convo 5 10686.297900390626 495.4577530841504 11588.35205078125 25.302001953125 2320.1031436011904 42
# stats: dump at 1479343100
stats: users 129 131
stats: {load,"tsung_controller@ip-172-31-28-25"} 1 0.01953125 0.0 0.078125 0.01953125 0.04736328125 8
stats: {freemem,"tsung_controller@ip-172-31-28-25"} 1 3033.65625 0.0 3065.5703125 3033.65625 3052.958984375 8
stats: {recvpackets,"tsung_controller@ip-172-31-28-25"} 1 479.0 0.0 2127 479 1216.2857142857142 7
stats: {sentpackets,"tsung_controller@ip-172-31-28-25"} 1 261.0 0.0 1047 261 672.0 7
stats: {cpu,"tsung_controller@ip-172-31-28-25"} 1 1.0912698412698412 0.0 10.277662996362103 1.0912698412698412 3.479222123204325 8
stats: session 0 0 0 65575.2421875 12629.930908203125 27474.257286658652 13
stats: users_count 0 142
stats: finish_users_count 0 13
stats: request 132 12585.060589414656 1546.259636257635 15077.7470703125 11.7421875 3030.0552001026595 1054
stats: connect 0 0 0 135.844970703125 0.849853515625 2.3256990674515845 142
stats: page 90 17973.846044921866 5299.769364314416 24198.3369140625 11.7421875 3230.8118268776857 844
stats: tr_get_convo_page 14 12706.602068219867 1520.7060340531657 15077.90185546875 45.369873046875 3450.6992786335495 53
stats: 302 61 568
stats: tr_post_submit 22 12551.156594016335 1467.1598326004087 14863.988037109375 44.5078125 4335.757531920476 67
stats: 200 71 618
stats: tr_view_post 0 0 0 6934.2138671875 64.286865234375 1736.0057279146636 13
stats: size_rcv 1241636 10412043
stats: tr_claim_post 0 0 0 8098.1328125 121.68505859375 1850.822772686298 13
stats: newphase 0 3
stats: tr_signin_2 1 13742.473876953125 0.0 13742.473876953125 444.141845703125 1915.7582493832238 19
stats: size_sent 92677 932946
stats: tr_send_5_messages_2 1 53242.62890625 0.0 53242.62890625 2616.35986328125 8230.700439453125 13
stats: connected 0 129
stats: tr_signin_1 19 13715.13716848273 971.2870825604837 14916.072998046875 397.391845703125 5341.221850387449 123
stats: tr_send_5_messages_1 1 46762.967041015625 0.0 46762.967041015625 1104.284912109375 7965.101202101934 21
stats: tr_create_convo 7 11598.557407924107 1596.1024474952787 13604.89404296875 25.302001953125 3210.123862408577 47
# stats: dump at 1479343110
stats: users 128 131
stats: {load,"tsung_controller@ip-172-31-28-25"} 1 0.01953125 0.0 0.078125 0.01953125 0.044270833333333336 9
stats: {freemem,"tsung_controller@ip-172-31-28-25"} 1 3029.9140625 0.0 3065.5703125 3029.9140625 3050.8142361111113 9
stats: {recvpackets,"tsung_controller@ip-172-31-28-25"} 1 1399.0 0.0 2127 479 1124.125 8
stats: {sentpackets,"tsung_controller@ip-172-31-28-25"} 1 692.0 0.0 1047 261 620.625 8
stats: {cpu,"tsung_controller@ip-172-31-28-25"} 1 2.167487684729064 0.0 10.277662996362103 1.0912698412698412 3.2138940918782715 9
stats: session 1 92739.9208984375 0.0 92739.9208984375 12629.930908203125 27474.257286658652 13
stats: users_count 0 142
stats: finish_users_count 1 14
stats: request 254 4914.277311069759 1234.4051955850819 15077.7470703125 11.7421875 4093.5127982385643 1186
stats: connect 0 0 0 135.844970703125 0.849853515625 2.3256990674515845 142
stats: page 205 8064.882806545344 5563.041645470961 24198.3369140625 11.7421875 4651.446815768452 934
stats: tr_get_convo_page 46 4870.502701469091 1187.8130648329472 15077.90185546875 45.369873046875 5384.768518248601 67
stats: 302 131 699
stats: tr_post_submit 47 4772.789878033578 938.1728417163919 14863.988037109375 44.5078125 6366.530333786868 89
stats: 200 123 741
stats: tr_view_post 2 4012.1729736328125 349.4029541015625 6934.2138671875 64.286865234375 1736.0057279146636 13
stats: size_rcv 2989579 13401622
stats: tr_claim_post 1 4767.7919921875 0.0 8098.1328125 121.68505859375 1850.822772686298 13
stats: newphase 0 3
stats: tr_signin_2 1 5180.968994140625 0.0 13742.473876953125 444.141845703125 2507.094030761719 20
stats: size_sent 216865 1149811
stats: tr_send_5_messages_2 3 56257.41796875 1103.6412215388737 57675.0029296875 2616.35986328125 11445.838187081474 14
stats: connected -1 128
stats: tr_signin_1 0 0 0 14916.072998046875 397.391845703125 6461.675308442452 142
stats: tr_send_5_messages_1 2 55269.83947753906 2004.1973876953125 57274.036865234375 1104.284912109375 9728.640558416193 22
stats: tr_create_convo 36 4750.19186062283 1125.303320661947 13604.89404296875 25.302001953125 4297.513396086516 54
# stats: dump at 1479343120
stats: users 126 131
stats: {load,"tsung_controller@ip-172-31-28-25"} 1 0.01171875 0.0 0.078125 0.01171875 0.041796875 10
stats: {freemem,"tsung_controller@ip-172-31-28-25"} 1 3024.8359375 0.0 3065.5703125 3024.8359375 3048.72421875 10
stats: {recvpackets,"tsung_controller@ip-172-31-28-25"} 1 2528.0 0.0 2528 479 1154.6666666666667 9
stats: {sentpackets,"tsung_controller@ip-172-31-28-25"} 1 1169.0 0.0 1169 261 628.5555555555555 9
stats: {cpu,"tsung_controller@ip-172-31-28-25"} 1 2.0812685827552033 0.0 10.277662996362103 1.0912698412698412 3.1092534511633505 10
stats: session 2 89405.21594238281 5569.5709228515625 94974.78686523438 12629.930908203125 32136.090401785714 14
stats: users_count 0 142
stats: finish_users_count 2 16
stats: request 214 5864.993431020003 392.89585987693687 15077.7470703125 11.7421875 4238.286538696289 1440
stats: connect 0 0 0 135.844970703125 0.849853515625 2.3256990674515845 142
stats: page 205 6488.784440501145 1641.1024996716721 24198.3369140625 11.7421875 5265.805356689666 1139
stats: tr_get_convo_page 27 5831.779568142361 399.65994806291525 15077.90185546875 45.369873046875 5175.421371594995 113
stats: 302 108 807
stats: tr_post_submit 6 5677.53662109375 336.7876344436498 14863.988037109375 44.5078125 5815.752382166245 136
stats: 200 106 847
stats: tr_view_post 2 6016.6331787109375 531.1180419921875 6934.2138671875 64.286865234375 2039.4946940104167 15
stats: size_rcv 2930348 16331970
stats: tr_claim_post 2 5635.385498046875 296.49951171875 8098.1328125 121.68505859375 2059.177716936384 14
stats: newphase 0 3
stats: tr_signin_2 2 6013.9490966796875 588.7340087890625 13742.473876953125 444.141845703125 2634.421409970238 21
stats: size_sent 166010 1315821
stats: tr_send_5_messages_2 0 0 0 57675.0029296875 2616.35986328125 19353.76403090533 17
stats: connected -2 126
stats: tr_signin_1 0 0 0 14916.072998046875 397.391845703125 6461.675308442452 142
stats: tr_send_5_messages_1 5 61602.959765625 1632.6464610895266 64327.427001953125 1104.284912109375 13523.7404683431 24
stats: tr_create_convo 38 5768.047658819901 415.3599654102894 13604.89404296875 25.302001953125 4478.584781901041 90
# stats: dump at 1479343130
stats: users 125 131
stats: {load,"tsung_controller@ip-172-31-28-25"} 1 0.01171875 0.0 0.078125 0.01171875 0.0390625 11
stats: {freemem,"tsung_controller@ip-172-31-28-25"} 1 3020.125 0.0 3065.5703125 3020.125 3046.552556818182 11
stats: {recvpackets,"tsung_controller@ip-172-31-28-25"} 1 2441.0 0.0 2528 479 1292.0 10
stats: {sentpackets,"tsung_controller@ip-172-31-28-25"} 1 1115.0 0.0 1169 261 682.6 10
stats: {cpu,"tsung_controller@ip-172-31-28-25"} 1 2.270483711747285 0.0 10.277662996362103 1.0912698412698412 3.0158002813080644 11
stats: session 1 90144.41284179688 0.0 94974.78686523438 12629.930908203125 39294.73109436035 16
stats: users_count 0 142
stats: finish_users_count 1 17
stats: request 208 5714.532510610725 299.0467037235713 15077.7470703125 11.7421875 4448.755265998148 1654
stats: connect 0 0 0 135.844970703125 0.849853515625 2.3256990674515845 142
stats: page 204 5922.931251675472 1094.860025156693 24198.3369140625 11.7421875 5452.346065157934 1344
stats: tr_get_convo_page 2 5611.12646484375 307.529541015625 15077.90185546875 45.369873046875 5302.004738071987 140
stats: 302 108 915
stats: tr_post_submit 0 0 0 14863.988037109375 44.5078125 5809.912279585717 142
stats: 200 100 947
stats: tr_view_post 0 0 0 6934.2138671875 64.286865234375 2507.3933392693016 17
stats: size_rcv 2688527 19020497
stats: tr_claim_post 1 5179.7119140625 0.0 8098.1328125 121.68505859375 2506.2036895751953 16
stats: newphase 0 3
stats: tr_signin_2 2 5995.047607421875 212.592529296875 13742.473876953125 444.141845703125 2928.2933827275815 23
stats: size_sent 160004 1475825
stats: tr_send_5_messages_2 0 0 0 57675.0029296875 2616.35986328125 19353.76403090533 17
stats: connected -1 125
stats: tr_signin_1 0 0 0 14916.072998046875 397.391845703125 6461.675308442452 142
stats: tr_send_5_messages_1 5 67322.71059570313 1444.2827242537492 69220.2041015625 1104.284912109375 21813.26103683998 29
stats: tr_create_convo 13 5582.4155836838945 234.20825173625002 13604.89404296875 25.302001953125 4861.394073486328 128
# stats: dump at 1479343140
stats: users 125 131
stats: {load,"tsung_controller@ip-172-31-28-25"} 1 0.01171875 0.0 0.078125 0.01171875 0.036783854166666664 12
stats: {freemem,"tsung_controller@ip-172-31-28-25"} 1 3016.625 0.0 3065.5703125 3016.625 3044.3502604166665 12
stats: {recvpackets,"tsung_controller@ip-172-31-28-25"} 1 2299.0 0.0 2528 479 1396.4545454545455 11
stats: {sentpackets,"tsung_controller@ip-172-31-28-25"} 1 1045.0 0.0 1169 261 721.9090909090909 11
stats: {cpu,"tsung_controller@ip-172-31-28-25"} 1 2.171767028627838 0.0 10.277662996362103 1.0912698412698412 2.953690567177999 12
stats: session 0 0 0 94974.78686523438 12629.930908203125 42285.888844209556 17
stats: users_count 0 142
stats: finish_users_count 0 17
stats: request 186 6204.117242628528 386.06612280369984 15077.7470703125 11.7421875 4590.152509220176 1862
stats: connect 0 0 0 135.844970703125 0.849853515625 2.3256990674515845 142
stats: page 181 6331.020123392179 935.6904457755406 24198.3369140625 11.7421875 5514.361167257145 1548
stats: tr_get_convo_page 0 0 0 15077.90185546875 45.369873046875 5306.358565209618 142
stats: 302 89 1004
stats: tr_post_submit 0 0 0 14863.988037109375 44.5078125 5809.912279585717 142
stats: 200 97 1044
stats: tr_view_post 0 0 0 6934.2138671875 64.286865234375 2507.3933392693016 17
stats: size_rcv 2620765 21641262
stats: tr_claim_post 0 0 0 8098.1328125 121.68505859375 2663.468879250919 17
stats: newphase 0 3
stats: tr_signin_2 2 6309.376953125 232.3779296875 13742.473876953125 444.141845703125 3173.633720703125 25
stats: size_sent 146647 1622472
stats: tr_send_5_messages_2 0 0 0 57675.0029296875 2616.35986328125 19353.76403090533 17
stats: connected 0 125
stats: tr_signin_1 0 0 0 14916.072998046875 397.391845703125 6461.675308442452 142
stats: tr_send_5_messages_1 2 69436.47094726563 860.906005859375 70297.376953125 1104.284912109375 28505.8271484375 34
stats: tr_create_convo 1 6568.65185546875 0.0 13604.89404296875 25.302001953125 4927.871234000997 141
# stats: dump at 1479343150
stats: users 125 131
stats: {load,"tsung_controller@ip-172-31-28-25"} 1 0.01171875 0.0 0.078125 0.01171875 0.03485576923076923 13
stats: {freemem,"tsung_controller@ip-172-31-28-25"} 1 3013.36328125 0.0 3065.5703125 3013.36328125 3042.217548076923 13
stats: {recvpackets,"tsung_controller@ip-172-31-28-25"} 1 2015.0 0.0 2528 479 1471.6666666666667 12
stats: {sentpackets,"tsung_controller@ip-172-31-28-25"} 1 896.0 0.0 1169 261 748.8333333333334 12
stats: {cpu,"tsung_controller@ip-172-31-28-25"} 1 1.7857142857142856 0.0 10.277662996362103 1.0912698412698412 2.893542602674141 13
stats: session 0 0 0 94974.78686523438 12629.930908203125 42285.888844209556 17
stats: users_count 0 142
stats: finish_users_count 0 17
stats: request 192 7106.056639353435 629.3614468529713 15077.7470703125 11.7421875 4736.733290672302 2048
stats: connect 0 0 0 135.844970703125 0.849853515625 2.3256990674515845 142
stats: page 189 7212.034306278935 1020.3775637965341 24198.3369140625 11.7421875 5599.85293767961 1729
stats: tr_get_convo_page 0 0 0 15077.90185546875 45.369873046875 5306.358565209618 142
stats: 302 108 1112
stats: tr_post_submit 0 0 0 14863.988037109375 44.5078125 5809.912279585717 142
stats: 200 84 1128
stats: tr_view_post 0 0 0 6934.2138671875 64.286865234375 2507.3933392693016 17
stats: size_rcv 2331233 23972495
stats: tr_claim_post 0 0 0 8098.1328125 121.68505859375 2663.468879250919 17
stats: newphase 0 3
stats: tr_signin_2 5 7377.944580078125 568.5405090806787 13742.473876953125 444.141845703125 3405.9109971788193 27
stats: size_sent 146942 1769414
stats: tr_send_5_messages_2 2 67825.79833984375 514.780517578125 68340.57885742188 2616.35986328125 19353.76403090533 17
stats: connected 0 125
stats: tr_signin_1 0 0 0 14916.072998046875 397.391845703125 6461.675308442452 142
stats: tr_send_5_messages_1 9 67772.32212999131 2125.9200207933877 71593.97998046875 1104.284912109375 30779.751803927953 36
stats: tr_create_convo 0 0 0 13604.89404296875 25.302001953125 4939.426027109926 142
# stats: dump at 1479343160
stats: users 123 131
stats: {load,"tsung_controller@ip-172-31-28-25"} 1 0.0 0.0 0.078125 0.0 0.033203125 14
stats: {freemem,"tsung_controller@ip-172-31-28-25"} 1 3010.22265625 0.0 3065.5703125 3010.22265625 3040.1565290178573 14
stats: {recvpackets,"tsung_controller@ip-172-31-28-25"} 1 2170.0 0.0 2528 479 1513.4615384615386 13
stats: {sentpackets,"tsung_controller@ip-172-31-28-25"} 1 999.0 0.0 1169 261 760.1538461538462 13
stats: {cpu,"tsung_controller@ip-172-31-28-25"} 1 2.3692003948667324 0.0 10.277662996362103 1.0912698412698412 2.8144120086055797 14
stats: session 2 125483.24047851563 1462.571533203125 126945.81201171875 12629.930908203125 42285.888844209556 17
stats: users_count 0 142
stats: finish_users_count 2 19
stats: request 199 6299.142489792714 276.09124935916725 15077.7470703125 11.7421875 4939.818149130685 2240
stats: connect 0 0 0 135.844970703125 0.849853515625 2.3256990674515845 142
stats: page 189 6543.706709604414 1204.7886498241212 24198.3369140625 11.7421875 5758.717525096332 1918
stats: tr_get_convo_page 0 0 0 15077.90185546875 45.369873046875 5306.358565209618 142
stats: 302 102 1214
stats: tr_post_submit 0 0 0 14863.988037109375 44.5078125 5809.912279585717 142
stats: 200 97 1225
stats: tr_view_post 2 6634.9591064453125 43.9239501953125 6934.2138671875 64.286865234375 2507.3933392693016 17
stats: size_rcv 2528083 26500578
stats: tr_claim_post 2 5893.3265380859375 13.5675048828125 8098.1328125 121.68505859375 2663.468879250919 17
stats: newphase 0 3
stats: tr_signin_2 4 6556.820739746094 185.51323815650065 13742.473876953125 444.141845703125 4026.541244506836 32
stats: size_sent 149682 1919096
stats: tr_send_5_messages_2 1 58861.94091796875 0.0 68340.57885742188 2616.35986328125 24456.08343184622 19
stats: connected -2 123
stats: tr_signin_1 0 0 0 14916.072998046875 397.391845703125 6461.675308442452 142
stats: tr_send_5_messages_1 10 60071.99545898438 2082.0223411763236 71593.97998046875 1104.284912109375 38178.265869140625 45
stats: tr_create_convo 0 0 0 13604.89404296875 25.302001953125 4939.426027109926 142
# stats: dump at 1479343170
stats: users 122 131
stats: {load,"tsung_controller@ip-172-31-28-25"} 1 0.0 0.0 0.078125 0.0 0.030989583333333334 15
stats: {freemem,"tsung_controller@ip-172-31-28-25"} 1 3008.66015625 0.0 3065.5703125 3008.66015625 3038.1609375 15
stats: {recvpackets,"tsung_controller@ip-172-31-28-25"} 1 2193.0 0.0 2528 479 1560.357142857143 14
stats: {sentpackets,"tsung_controller@ip-172-31-28-25"} 1 1009.0 0.0 1169 261 777.2142857142857 14
stats: {cpu,"tsung_controller@ip-172-31-28-25"} 1 2.2682445759368837 0.0 10.277662996362103 1.0912698412698412 2.784731234356323 15
stats: session 1 129697.86206054688 0.0 129697.86206054688 12629.930908203125 51043.50480571546 19
stats: users_count 0 142
stats: finish_users_count 1 20
stats: request 208 5678.701514610877 349.11290389853906 15077.7470703125 11.7421875 5050.72653116912 2439
stats: connect 0 0 0 135.844970703125 0.849853515625 2.3256990674515845 142
stats: page 189 6029.843246217758 1366.5665806738637 24198.3369140625 11.7421875 5829.131837327954 2107
stats: tr_get_convo_page 0 0 0 15077.90185546875 45.369873046875 5306.358565209618 142
stats: 302 121 1335
stats: tr_post_submit 0 0 0 14863.988037109375 44.5078125 5809.912279585717 142
stats: 200 87 1312
stats: tr_view_post 1 5798.001953125 0.0 6934.2138671875 64.286865234375 2941.8739463404604 19
stats: size_rcv 2196688 28697266
stats: tr_claim_post 1 5125.206787109375 0.0 8098.1328125 121.68505859375 3003.4538959703946 19
stats: newphase 0 3
stats: tr_signin_2 6 5884.513997395833 235.164287054057 13742.473876953125 444.141845703125 4307.683410644531 36
stats: size_sent 156308 2075404
stats: tr_send_5_messages_2 0 0 0 68340.57885742188 2616.35986328125 26176.376306152342 20
stats: connected -1 122
stats: tr_signin_1 0 0 0 14916.072998046875 397.391845703125 6461.675308442452 142
stats: tr_send_5_messages_1 34 60599.00885368796 762.1529077098421 71593.97998046875 1104.284912109375 42158.943976384944 55
stats: tr_create_convo 0 0 0 13604.89404296875 25.302001953125 4939.426027109926 142
# stats: dump at 1479343180
stats: users 122 131
stats: {load,"tsung_controller@ip-172-31-28-25"} 1 0.0 0.0 0.078125 0.0 0.029052734375 16
stats: {freemem,"tsung_controller@ip-172-31-28-25"} 1 3007.09765625 0.0 3065.5703125 3007.09765625 3036.317138671875 16
stats: {recvpackets,"tsung_controller@ip-172-31-28-25"} 1 1562.0 0.0 2528 479 1602.5333333333333 15
stats: {sentpackets,"tsung_controller@ip-172-31-28-25"} 1 700.0 0.0 1169 261 792.6666666666666 15
stats: {cpu,"tsung_controller@ip-172-31-28-25"} 1 1.4895729890764648 0.0 10.277662996362103 1.0912698412698412 2.752450818205108 16
stats: session 0 0 0 129697.86206054688 12629.930908203125 54976.222668457034 20
stats: users_count 0 142
stats: finish_users_count 0 20
stats: request 163 6692.845936781058 509.57699377978724 15077.7470703125 11.7421875 5100.072506445238 2647
stats: connect 0 0 0 135.844970703125 0.849853515625 2.3256990674515845 142
stats: page 137 7594.314750727077 2117.328560426399 24198.3369140625 11.7421875 5845.653813059736 2296
stats: tr_get_convo_page 0 0 0 15077.90185546875 45.369873046875 5306.358565209618 142
stats: 302 87 1422
stats: tr_post_submit 0 0 0 14863.988037109375 44.5078125 5809.912279585717 142
stats: 200 76 1388
stats: tr_view_post 1 6361.14404296875 0.0 6934.2138671875 64.286865234375 3084.6803466796873 20
stats: size_rcv 1653067 30350333
stats: tr_claim_post 0 0 0 8098.1328125 121.68505859375 3109.541540527344 20
stats: newphase 0 3
stats: tr_signin_2 12 6679.0052490234375 470.7384104519321 13742.473876953125 444.141845703125 4532.944923037574 42
stats: size_sent 121381 2196785
stats: tr_send_5_messages_2 3 62711.173014322914 591.9082605705098 68340.57885742188 2616.35986328125 26176.376306152342 20
stats: connected 0 122
stats: tr_signin_1 0 0 0 14916.072998046875 397.391845703125 6461.675308442452 142
stats: tr_send_5_messages_1 26 62837.43151855469 500.3441735394457 71593.97998046875 1104.284912109375 49203.46314299508 89
stats: tr_create_convo 0 0 0 13604.89404296875 25.302001953125 4939.426027109926 142
# stats: dump at 1479343190
stats: users 120 131
stats: {load,"tsung_controller@ip-172-31-28-25"} 1 0.0 0.0 0.078125 0.0 0.02734375 17
stats: {freemem,"tsung_controller@ip-172-31-28-25"} 1 3007.34765625 0.0 3065.5703125 3007.09765625 3034.598345588235 17
stats: {recvpackets,"tsung_controller@ip-172-31-28-25"} 1 1519.0 0.0 2528 479 1.6e3 16
stats: {sentpackets,"tsung_controller@ip-172-31-28-25"} 1 731.0 0.0 1169 261 786.875 16
stats: {cpu,"tsung_controller@ip-172-31-28-25"} 1 1.5857284440039643 0.0 10.277662996362103 1.0912698412698412 2.6781638870798936 17
stats: session 2 154716.40747070313 503.79150390625 155220.19897460938 12629.930908203125 54976.222668457034 20
stats: users_count 0 142
stats: finish_users_count 2 22
stats: request 155 6805.08070344002 528.8903171112128 15077.7470703125 11.7421875 5192.464701870412 2810
stats: connect 0 0 0 135.844970703125 0.849853515625 2.3256990674515845 142
stats: page 126 8428.691704644098 2850.5815732903825 24198.3369140625 11.7421875 5944.119307700273 2433
stats: tr_get_convo_page 0 0 0 15077.90185546875 45.369873046875 5306.358565209618 142
stats: 302 95 1517
stats: tr_post_submit 0 0 0 14863.988037109375 44.5078125 5809.912279585717 142
stats: 200 60 1448
stats: tr_view_post 2 6530.9459228515625 7.9410400390625 6934.2138671875 64.286865234375 3240.7024274553573 21
stats: size_rcv 943450 31293783
stats: tr_claim_post 2 7025.4591064453125 762.4459228515625 8098.1328125 121.68505859375 3109.541540527344 20
stats: newphase 0 3
stats: tr_signin_2 20 7016.103540039063 542.6200537302024 13742.473876953125 444.141845703125 5009.8472177011 54
stats: size_sent 107567 2304352
stats: tr_send_5_messages_2 0 0 0 68340.57885742188 2616.35986328125 30941.784572435463 23
stats: connected -2 120
stats: tr_signin_1 0 0 0 14916.072998046875 397.391845703125 6461.675308442452 142
stats: tr_send_5_messages_1 24 63541.50233968099 769.3674854883819 71593.97998046875 1104.284912109375 52285.925558339 115
stats: tr_create_convo 0 0 0 13604.89404296875 25.302001953125 4939.426027109926 142
# stats: dump at 1479343200
stats: users 119 131
stats: {load,"tsung_controller@ip-172-31-28-25"} 1 0.0 0.0 0.078125 0.0 0.025824652777777776 18
stats: {freemem,"tsung_controller@ip-172-31-28-25"} 1 3007.12890625 0.0 3065.5703125 3007.09765625 3033.084418402778 18
stats: {recvpackets,"tsung_controller@ip-172-31-28-25"} 1 808.0 0.0 2528 479 1595.235294117647 17
stats: {sentpackets,"tsung_controller@ip-172-31-28-25"} 1 412.0 0.0 1169 261 783.5882352941177 17
stats: {cpu,"tsung_controller@ip-172-31-28-25"} 1 1.4792899408284024 0.0 10.277662996362103 1.0912698412698412 2.6174730291312307 18
stats: session 1 159942.36596679688 0.0 159942.36596679688 12629.930908203125 64043.51219593395 22
stats: users_count 0 142
stats: finish_users_count 1 23
stats: request 106 9663.06702811764 557.0603403774066 15077.7470703125 11.7421875 5276.766718815872 2965
stats: connect 0 0 0 135.844970703125 0.849853515625 2.3256990674515845 142
stats: page 89 10972.34863555565 2599.348774056751 24198.3369140625 11.7421875 6066.454642602548 2559
stats: tr_get_convo_page 0 0 0 15077.90185546875 45.369873046875 5306.358565209618 142
stats: 302 60 1577
stats: tr_post_submit 0 0 0 14863.988037109375 44.5078125 5809.912279585717 142
stats: 200 46 1494
stats: tr_view_post 0 0 0 6934.2138671875 64.286865234375 3526.81055748981 23
stats: size_rcv 905894 32199677
stats: tr_claim_post 1 9234.425048828125 0.0 9234.425048828125 121.68505859375 3465.5340465198865 22
stats: newphase 0 3
stats: tr_signin_2 22 9766.14414284446 691.5801554020026 13742.473876953125 444.141845703125 5552.078656170819 74
stats: size_sent 77648 2382000
stats: tr_send_5_messages_2 2 68568.94348144531 472.8004150390625 69041.74389648438 2616.35986328125 30941.784572435463 23
stats: connected -1 119
stats: tr_signin_1 0 0 0 14916.072998046875 397.391845703125 6461.675308442452 142
stats: tr_send_5_messages_1 3 67620.9950358073 572.2840317375147 71593.97998046875 1104.284912109375 54229.33449900236 139
stats: tr_create_convo 0 0 0 13604.89404296875 25.302001953125 4939.426027109926 142
# stats: dump at 1479343210
stats: users 119 131
stats: {load,"tsung_controller@ip-172-31-28-25"} 1 0.0 0.0 0.078125 0.0 0.02446546052631579 19
stats: {freemem,"tsung_controller@ip-172-31-28-25"} 1 3006.3984375 0.0 3065.5703125 3006.3984375 3031.7183388157896 19
stats: {recvpackets,"tsung_controller@ip-172-31-28-25"} 1 921.0 0.0 2528 479 1551.5 18
stats: {sentpackets,"tsung_controller@ip-172-31-28-25"} 1 472.0 0.0 1169 261 762.9444444444445 18
stats: {cpu,"tsung_controller@ip-172-31-28-25"} 1 1.678183613030602 0.0 10.277662996362103 1.0912698412698412 2.5575686560626605 19
stats: session 0 0 0 159942.36596679688 12629.930908203125 68213.02757727582 23
stats: users_count 0 142
stats: finish_users_count 0 23
stats: request 111 10084.759569872604 733.3851877116689 15077.7470703125 11.7421875 5428.1662084889385 3071
stats: connect 0 0 0 135.844970703125 0.849853515625 2.3256990674515845 142
stats: page 108 11654.746552643952 3450.010660811145 24198.3369140625 11.7421875 6231.343073634582 2648
stats: tr_get_convo_page 0 0 0 15077.90185546875 45.369873046875 5306.358565209618 142
stats: 302 54 1631
stats: tr_post_submit 0 0 0 14863.988037109375 44.5078125 5809.912279585717 142
stats: 200 57 1551
stats: tr_view_post 2 9535.724487304688 239.5975341796875 9775.322021484375 64.286865234375 3526.81055748981 23
stats: size_rcv 1132834 33332511
stats: tr_claim_post 0 0 0 9234.425048828125 121.68505859375 3716.3553944463315 23
stats: newphase 0 3
stats: tr_signin_2 20 10242.708337402344 737.7312533316908 13742.473876953125 444.141845703125 6517.801996866862 96
stats: size_sent 85922 2467922
stats: tr_send_5_messages_2 2 71722.40148925781 765.2745361328125 72487.67602539063 2616.35986328125 33951.95728515625 25
stats: connected 0 119
stats: tr_signin_1 0 0 0 14916.072998046875 397.391845703125 6461.675308442452 142
stats: tr_send_5_messages_1 0 0 0 71593.97998046875 1104.284912109375 54512.25690470951 142
stats: tr_create_convo 0 0 0 13604.89404296875 25.302001953125 4939.426027109926 142
# stats: dump at 1479343220
stats: users 117 131
stats: {load,"tsung_controller@ip-172-31-28-25"} 1 0.0 0.0 0.078125 0.0 0.0232421875 20
stats: {freemem,"tsung_controller@ip-172-31-28-25"} 1 3006.41015625 0.0 3065.5703125 3006.3984375 3030.45234375 20
stats: {recvpackets,"tsung_controller@ip-172-31-28-25"} 1 1179.0 0.0 2528 479 1518.3157894736842 19
stats: {sentpackets,"tsung_controller@ip-172-31-28-25"} 1 588.0 0.0 1169 261 747.6315789473684 19
stats: {cpu,"tsung_controller@ip-172-31-28-25"} 1 1.4851485148514851 0.0 10.277662996362103 1.0912698412698412 2.5135994039110576 20
stats: session 2 180353.2384033203 2941.8714599609375 183295.10986328125 12629.930908203125 68213.02757727582 23
stats: users_count 0 142
stats: finish_users_count 2 25
stats: request 104 10584.628295898441 736.5411190661528 15077.7470703125 11.7421875 5590.605511793019 3182
stats: connect 0 0 0 135.844970703125 0.849853515625 2.3256990674515845 142
stats: page 104 10873.418525108924 1782.4358808865115 24198.3369140625 11.7421875 6443.871221578346 2756
stats: tr_get_convo_page 0 0 0 15077.90185546875 45.369873046875 5306.358565209618 142
stats: 302 55 1686
stats: tr_post_submit 0 0 0 14863.988037109375 44.5078125 5809.912279585717 142
stats: 200 49 1600
stats: tr_view_post 2 10753.449462890625 1094.20849609375 11847.657958984375 64.286865234375 4007.523671875 25
stats: size_rcv 1274080 34606591
stats: tr_claim_post 2 11336.901489257813 552.0274658203125 11888.928955078125 121.68505859375 3716.3553944463315 23
stats: newphase 0 3
stats: tr_signin_2 19 10772.706273129112 637.8552257118362 13742.473876953125 444.141845703125 7160.027227993669 116
stats: size_sent 80444 2548366
stats: tr_send_5_messages_2 2 75817.18603515625 808.427001953125 76625.61303710938 2616.35986328125 36749.76796694155 27
stats: connected -2 117
stats: tr_signin_1 0 0 0 14916.072998046875 397.391845703125 6461.675308442452 142
stats: tr_send_5_messages_1 0 0 0 71593.97998046875 1104.284912109375 54512.25690470951 142
stats: tr_create_convo 0 0 0 13604.89404296875 25.302001953125 4939.426027109926 142
# stats: dump at 1479343230
stats: users 115 131
stats: {load,"tsung_controller@ip-172-31-28-25"} 1 0.0 0.0 0.078125 0.0 0.022135416666666668 21
stats: {freemem,"tsung_controller@ip-172-31-28-25"} 1 3006.6640625 0.0 3065.5703125 3006.3984375 3029.3074776785716 21
stats: {recvpackets,"tsung_controller@ip-172-31-28-25"} 1 1193.0 0.0 2528 479 1501.35 20
stats: {sentpackets,"tsung_controller@ip-172-31-28-25"} 1 572.0 0.0 1169 261 739.65 20
stats: {cpu,"tsung_controller@ip-172-31-28-25"} 1 1.6765285996055226 0.0 10.277662996362103 1.0912698412698412 2.4646255520510785 21
stats: session 2 186659.4324951172 490.0804443359375 187149.51293945313 12629.930908203125 77184.24444335938 25
stats: users_count 0 142
stats: finish_users_count 2 27
stats: request 176 8662.308231700552 1858.0902204650993 15077.7470703125 11.7421875 5748.663445313094 3286
stats: connect 0 0 0 135.844970703125 0.849853515625 2.3256990674515845 142
stats: page 176 8662.308231700552 1858.0902204650993 24198.3369140625 11.7421875 6604.945668979458 2860
stats: tr_get_convo_page 0 0 0 15077.90185546875 45.369873046875 5306.358565209618 142
stats: 302 84 1770
stats: tr_post_submit 0 0 0 14863.988037109375 44.5078125 5809.912279585717 142
stats: 200 92 1692
stats: tr_view_post 4 7551.09228515625 1198.2034018713023 11847.657958984375 64.286865234375 4507.221878616898 27
stats: size_rcv 2493615 37100206
stats: tr_claim_post 2 8509.093383789063 1458.0445556640625 11888.928955078125 121.68505859375 4325.99908203125 25
stats: newphase 0 3
stats: tr_signin_2 6 10734.458129882813 489.40067922844537 13742.473876953125 444.141845703125 7668.478352864583 135
stats: size_sent 138818 2687184
stats: tr_send_5_messages_2 4 76989.32330322266 347.29059871699155 77366.14697265625 2616.35986328125 39444.07266130119 29
stats: connected -2 115
stats: tr_signin_1 0 0 0 14916.072998046875 397.391845703125 6461.675308442452 142
stats: tr_send_5_messages_1 0 0 0 71593.97998046875 1104.284912109375 54512.25690470951 142
stats: tr_create_convo 0 0 0 13604.89404296875 25.302001953125 4939.426027109926 142
# stats: dump at 1479343240
stats: users 109 131
stats: {load,"tsung_controller@ip-172-31-28-25"} 1 0.0 0.0 0.078125 0.0 0.021129261363636364 22
stats: {freemem,"tsung_controller@ip-172-31-28-25"} 1 3006.67578125 0.0 3065.5703125 3006.3984375 3028.278231534091 22
stats: {recvpackets,"tsung_controller@ip-172-31-28-25"} 1 2248.0 0.0 2528 479 1486.6666666666667 21
stats: {sentpackets,"tsung_controller@ip-172-31-28-25"} 1 1040.0 0.0 1169 261 731.6666666666666 21
stats: {cpu,"tsung_controller@ip-172-31-28-25"} 1 1.6881827209533267 0.0 10.277662996362103 1.0912698412698412 2.428802963303553 22
stats: session 6 194541.11482747397 5931.232689384674 206111.81616210938 12629.930908203125 85293.51763237847 27
stats: users_count 0 142
stats: finish_users_count 6 33
stats: request 212 5388.842387649251 345.563105776661 15077.7470703125 11.7421875 5896.786346065315 3462
stats: connect 0 0 0 135.844970703125 0.849853515625 2.3256990674515845 142
stats: page 212 5388.842387649251 345.563105776661 24198.3369140625 11.7421875 6724.213063919811 3036
stats: tr_get_convo_page 0 0 0 15077.90185546875 45.369873046875 5306.358565209618 142
stats: 302 110 1880
stats: tr_post_submit 0 0 0 14863.988037109375 44.5078125 5809.912279585717 142
stats: 200 103 1795
stats: tr_view_post 4 5251.302185058594 253.82317263998135 11847.657958984375 64.286865234375 4899.979350428427 31
stats: size_rcv 2793759 39893965
stats: tr_claim_post 6 5444.557861328125 364.72708784726524 11888.928955078125 121.68505859375 4635.8579191984945 27
stats: newphase 0 3
stats: tr_signin_2 1 5774.322021484375 0.0 13742.473876953125 444.141845703125 7798.945577418551 141
stats: size_sent 162874 2850058
stats: tr_send_5_messages_2 3 76399.35994466145 201.07754400934715 77366.14697265625 2616.35986328125 43995.01213304924 33
stats: connected -6 109
stats: tr_signin_1 0 0 0 14916.072998046875 397.391845703125 6461.675308442452 142
stats: tr_send_5_messages_1 0 0 0 71593.97998046875 1104.284912109375 54512.25690470951 142
stats: tr_create_convo 0 0 0 13604.89404296875 25.302001953125 4939.426027109926 142
# stats: dump at 1479343250
stats: users 106 131
stats: {load,"tsung_controller@ip-172-31-28-25"} 1 0.0 0.0 0.078125 0.0 0.020210597826086956 23
stats: {freemem,"tsung_controller@ip-172-31-28-25"} 1 3005.109375 0.0 3065.5703125 3005.109375 3027.3389945652175 23
stats: {recvpackets,"tsung_controller@ip-172-31-28-25"} 1 2346.0 0.0 2528 479 1521.2727272727273 22
stats: {sentpackets,"tsung_controller@ip-172-31-28-25"} 1 1084.0 0.0 1169 261 745.6818181818181 22
stats: {cpu,"tsung_controller@ip-172-31-28-25"} 1 2.1653543307086616 0.0 10.277662996362103 1.0912698412698412 2.3966020832013695 23
stats: session 3 199732.2306315104 2424.496637456051 206111.81616210938 12629.930908203125 105156.71712239583 33
stats: users_count 0 142
stats: finish_users_count 3 36
stats: request 206 5256.666846414214 336.46228720537226 15077.7470703125 11.7421875 5867.476569477344 3674
stats: connect 0 0 0 135.844970703125 0.849853515625 2.3256990674515845 142
stats: page 206 5256.666846414214 336.46228720537226 24198.3369140625 11.7421875 6637.052170025304 3248
stats: tr_get_convo_page 0 0 0 15077.90185546875 45.369873046875 5306.358565209618 142
stats: 302 103 1983
stats: tr_post_submit 0 0 0 14863.988037109375 44.5078125 5809.912279585717 142
stats: 200 102 1897
stats: tr_view_post 6 5122.739908854167 286.801181433539 11847.657958984375 64.286865234375 4940.130531529018 35
stats: size_rcv 2771633 42665598
stats: tr_claim_post 3 5054.063069661458 202.50999006957642 11888.928955078125 121.68505859375 4782.894272312973 33
stats: newphase 0 3
stats: tr_signin_2 0 0 0 13742.473876953125 444.141845703125 7784.687665052817 142
stats: size_sent 160481 3010539
stats: tr_send_5_messages_2 12 75009.0633951823 598.6320914901806 77366.14697265625 2616.35986328125 46695.374450683594 36
stats: connected -3 106
stats: tr_signin_1 0 0 0 14916.072998046875 397.391845703125 6461.675308442452 142
stats: tr_send_5_messages_1 0 0 0 71593.97998046875 1104.284912109375 54512.25690470951 142
stats: tr_create_convo 0 0 0 13604.89404296875 25.302001953125 4939.426027109926 142
# stats: dump at 1479343260
stats: users 89 131
stats: {load,"tsung_controller@ip-172-31-28-25"} 1 0.0 0.0 0.078125 0.0 0.019368489583333332 24
stats: {freemem,"tsung_controller@ip-172-31-28-25"} 1 3004.7578125 0.0 3065.5703125 3004.7578125 3026.4127604166665 24
stats: {recvpackets,"tsung_controller@ip-172-31-28-25"} 1 2331.0 0.0 2528 479 1557.1304347826087 23
stats: {sentpackets,"tsung_controller@ip-172-31-28-25"} 1 1098.0 0.0 1169 261 760.3913043478261 23
stats: {cpu,"tsung_controller@ip-172-31-28-25"} 1 2.270483711747285 0.0 10.277662996362103 1.0912698412698412 2.3869667601808398 24
stats: session 17 208924.4227366728 3495.9337340813327 217359.59594726563 12629.930908203125 113038.00991482205 36
stats: users_count 0 142
stats: finish_users_count 17 53
stats: request 240 4647.043238321944 392.6869343203321 15077.7470703125 11.7421875 5835.046981087909 3880
stats: connect 0 0 0 135.844970703125 0.849853515625 2.3256990674515845 142
stats: page 240 4647.043238321944 392.6869343203321 24198.3369140625 11.7421875 6554.724614534892 3454
stats: tr_get_convo_page 0 0 0 15077.90185546875 45.369873046875 5306.358565209618 142
stats: 302 125 2108
stats: tr_post_submit 0 0 0 14863.988037109375 44.5078125 5809.912279585717 142
stats: 200 115 2012
stats: tr_view_post 23 4524.82178795856 404.1748858042235 11847.657958984375 64.286865234375 4966.853855040016 41
stats: size_rcv 2717826 45383424
stats: tr_claim_post 17 4405.282025505515 329.67843330517604 11888.928955078125 121.68505859375 4805.491672092014 36
stats: newphase 0 3
stats: tr_signin_2 0 0 0 13742.473876953125 444.141845703125 7784.687665052817 142
stats: size_sent 177218 3187757
stats: tr_send_5_messages_2 37 69995.27225638724 2571.1588903850065 77366.14697265625 2616.35986328125 53773.796686808266 48
stats: connected -17 89
stats: tr_signin_1 0 0 0 14916.072998046875 397.391845703125 6461.675308442452 142
stats: tr_send_5_messages_1 0 0 0 71593.97998046875 1104.284912109375 54512.25690470951 142
stats: tr_create_convo 0 0 0 13604.89404296875 25.302001953125 4939.426027109926 142
# stats: dump at 1479343270
stats: users 0 131
stats: {load,"tsung_controller@ip-172-31-28-25"} 1 0.0 0.0 0.078125 0.0 0.01859375 25
stats: {freemem,"tsung_controller@ip-172-31-28-25"} 1 3005.734375 0.0 3065.5703125 3004.7578125 3025.5465625 25
stats: {recvpackets,"tsung_controller@ip-172-31-28-25"} 1 2399.0 0.0 2528 479 1589.375 24
stats: {sentpackets,"tsung_controller@ip-172-31-28-25"} 1 1201.0 0.0 1201 261 774.4583333333334 24
stats: {cpu,"tsung_controller@ip-172-31-28-25"} 1 2.564102564102564 0.0 10.277662996362103 1.0912698412698412 2.3823074382434974 25
stats: session 89 203761.49825535467 4380.317836443315 217359.59594726563 12629.930908203125 143794.02912183077 53
stats: users_count 0 142
stats: finish_users_count 89 142
stats: request 282 2312.8948827432396 1009.4167716072229 15077.7470703125 11.7421875 5765.842879567562 4120
stats: connect 0 0 0 135.844970703125 0.849853515625 2.3256990674515845 142
stats: page 282 2312.8948827432396 1009.4167716072229 24198.3369140625 11.7421875 6430.782132052188 3694
stats: tr_get_convo_page 0 0 0 15077.90185546875 45.369873046875 5306.358565209618 142
stats: 302 164 2272
stats: tr_post_submit 0 0 0 14863.988037109375 44.5078125 5809.912279585717 142
stats: 200 118 2130
stats: tr_view_post 78 2198.5724283854165 954.9851555166873 11847.657958984375 22.281005859375 4807.998580932617 64
stats: size_rcv 1561261 46944685
stats: tr_claim_post 89 1695.4542743811446 996.8588058203926 11888.928955078125 16.281005859375 4677.122540168042 53
stats: newphase 0 3
stats: tr_signin_2 0 0 0 13742.473876953125 444.141845703125 7784.687665052817 142
stats: size_sent 160615 3348372
stats: tr_send_5_messages_2 57 54102.788043105815 7244.828832351714 77366.14697265625 2616.35986328125 60834.90958180147 85
stats: connected -89 0
stats: tr_signin_1 0 0 0 14916.072998046875 397.391845703125 6461.675308442452 142
stats: tr_send_5_messages_1 0 0 0 71593.97998046875 1104.284912109375 54512.25690470951 142
stats: tr_create_convo 0 0 0 13604.89404296875 25.302001953125 4939.426027109926 142
# stats: dump at 1479343271
stats: users 0 131
stats: {load,"tsung_controller@ip-172-31-28-25"} 0 0 0 0.078125 0.0 0.017878605769230768 26
stats: {freemem,"tsung_controller@ip-172-31-28-25"} 0 0 0 3065.5703125 3004.7578125 3024.7845552884614 26
stats: {recvpackets,"tsung_controller@ip-172-31-28-25"} 0 0 0 2528 479 1621.76 25
stats: {sentpackets,"tsung_controller@ip-172-31-28-25"} 0 0 0 1201 261 791.52 25
stats: {cpu,"tsung_controller@ip-172-31-28-25"} 0 0 0 10.277662996362103 1.0912698412698412 2.389299558468846 26
stats: session 0 0 0 217359.59594726563 12629.930908203125 181379.27386044787 142
stats: users_count 0 142
stats: finish_users_count 0 142
stats: request 0 0 0 15077.7470703125 11.7421875 5544.640849784631 4402
stats: connect 0 0 0 135.844970703125 0.849853515625 2.3256990674515845 142
stats: page 0 0 0 24198.3369140625 11.7421875 6138.718700385909 3976
stats: tr_get_convo_page 0 0 0 15077.90185546875 45.369873046875 5306.358565209618 142
stats: 302 0 2272
stats: tr_post_submit 0 0 0 14863.988037109375 44.5078125 5809.912279585717 142
stats: 200 0 2130
stats: tr_view_post 0 0 0 11847.657958984375 22.281005859375 3374.6518210827467 142
stats: size_rcv 0 46944685
stats: tr_claim_post 0 0 0 11888.928955078125 16.281005859375 2808.330458090339 142
stats: newphase 0 3
stats: tr_signin_2 0 0 0 13742.473876953125 444.141845703125 7784.687665052817 142
stats: size_sent 0 3348372
stats: tr_send_5_messages_2 0 0 0 77366.14697265625 2616.35986328125 58132.5791050011 142
stats: connected 0 0
stats: tr_signin_1 0 0 0 14916.072998046875 397.391845703125 6461.675308442452 142
stats: tr_send_5_messages_1 0 0 0 71593.97998046875 1104.284912109375 54512.25690470951 142
stats: tr_create_convo 0 0 0 13604.89404296875 25.302001953125 4939.426027109926 142
EndMonitor:{1479,343271,894333}
