
=INFO REPORT==== 15-Nov-2016::02:58:09 ===
    ts_config_server:(5:<0.72.0>) Config server started, logdir is "/home/ec2-user/.tsung/log/20161115-0258"
 
=INFO REPORT==== 15-Nov-2016::02:58:09 ===
              ts_mon:(5:<0.54.0>) starting monitor, global 

=INFO REPORT==== 15-Nov-2016::02:58:09 ===
           ts_config:(5:<0.72.0>) Reading config file: ./scripts/tsung_signin_post_claim_rate.xml

=INFO REPORT==== 15-Nov-2016::02:58:09 ===
      ts_config_http:(4:<0.72.0>) Get user agent: 100 "Mozilla/5.0 (Windows; U; Windows NT 5.2; fr-FR; rv:1.7.8) Gecko/20050511 Firefox/1.0.4" 

=INFO REPORT==== 15-Nov-2016::02:58:09 ===
           ts_config:(5:<0.72.0>) Session name for id 1 is "http-example"

=INFO REPORT==== 15-Nov-2016::02:58:09 ===
    ts_config_server:(4:<0.72.0>) SYSINFO:Tsung version: 1.6.0

=INFO REPORT==== 15-Nov-2016::02:58:09 ===
    ts_config_server:(4:<0.72.0>) SYSINFO:Erlang version: Erlang R14B04 (erts-5.8.5) [source] [64-bit] [rq:1] [async-threads:8] [kernel-poll:true]


=INFO REPORT==== 15-Nov-2016::02:58:09 ===
    ts_config_server:(4:<0.72.0>) SYSINFO:System architecture x86_64-redhat-linux-gnu

=INFO REPORT==== 15-Nov-2016::02:58:09 ===
    ts_config_server:(4:<0.72.0>) SYSINFO:Current path: /usr/lib/erlang/lib/tsung-1.6.0/ebin/tsung.beam

=INFO REPORT==== 15-Nov-2016::02:58:09 ===
              ts_mon:(5:<0.73.0>) Activate clients with text backend

=INFO REPORT==== 15-Nov-2016::02:58:09 ===
              ts_mon:(5:<0.73.0>) Starting tsung clients on hosts: [localhost]

=INFO REPORT==== 15-Nov-2016::02:58:09 ===
    ts_config_server:(5:<0.72.0>) Start a launcher on the controller beam localhost

=INFO REPORT==== 15-Nov-2016::02:58:09 ===
  ts_launcher_static:(5:<0.128.0>) Launch msg receive ("localhost")

=INFO REPORT==== 15-Nov-2016::02:58:09 ===
         ts_launcher:(5:<0.129.0>) Launch msg receive ("localhost")

=INFO REPORT==== 15-Nov-2016::02:58:09 ===
    ts_config_server:(5:<0.72.0>) All remote beams started, syncing 

=INFO REPORT==== 15-Nov-2016::02:58:09 ===
    ts_config_server:(5:<0.72.0>) Undefined ports_range config 

=INFO REPORT==== 15-Nov-2016::02:58:09 ===
    ts_config_server:(5:<0.72.0>) New arrival phase 1 for client "localhost" (last ? true): will start 1 users

=INFO REPORT==== 15-Nov-2016::02:58:09 ===
         ts_launcher:(5:<0.129.0>) Expected duration of first phase: 1.0 sec (1 users) 

=INFO REPORT==== 15-Nov-2016::02:58:09 ===
         ts_launcher:(5:<0.129.0>) Activate launcher (1 users) in 1550 msec 

=INFO REPORT==== 15-Nov-2016::02:58:11 ===
         ts_launcher:(5:<0.129.0>) This was the last phase, wait for connected users to finish their session

=INFO REPORT==== 15-Nov-2016::02:58:23 ===
           ts_search:(5:<0.133.0>) Dyn Var (RE): no Match (varname=post_id), 

=INFO REPORT==== 15-Nov-2016::02:58:23 ===
           ts_search:(5:<0.133.0>) Dyn Var (RE): no Match (varname=authenticity_token), 

=INFO REPORT==== 15-Nov-2016::02:58:34 ===
           ts_search:(5:<0.133.0>) Dyn Var (RE): no Match (varname=authenticity_token), 

=INFO REPORT==== 15-Nov-2016::02:58:35 ===
           ts_search:(5:<0.133.0>) Dyn Var (RE): no Match (varname=authenticity_token), 

=INFO REPORT==== 15-Nov-2016::02:58:41 ===
     ts_launcher_mgr:(5:<0.123.0>) No more active users 'tsung_controller@ip-172-31-22-165' "7033"
