# stats: dump at 1479178699
stats: users 1 1
stats: {load,"tsung_controller@ip-172-31-22-165"} 1 0.0 0 0.0 0.0 0 0
stats: {cpu,"tsung_controller@ip-172-31-22-165"} 1 4.3446840978377415 0 4.3446840978377415 4.3446840978377415 0 0
stats: {freemem,"tsung_controller@ip-172-31-22-165"} 1 3065.20703125 0 3065.20703125 3065.20703125 0 0
stats: users_count 1 1
stats: finish_users_count 0 0
stats: request 3 167.849365234375 120.39158292451584 305.89306640625 12.51904296875 0 0
stats: connect 1 164.131103515625 0.0 164.131103515625 164.131103515625 0 0
stats: page 2 251.843017578125 66.70703125 318.550048828125 185.135986328125 0 0
stats: tr_signin_1_time 1 306.059814453125 0 306.059814453125 306.059814453125 0 0
stats: 302 1 1
stats: 200 2 2
stats: size_rcv 10580 10580
stats: size_sent 1641 1641
stats: connected 1 1
# stats: dump at 1479178709
stats: users 1 1
stats: {load,"tsung_controller@ip-172-31-22-165"} 1 0.0 0.0 0.0 0.0 0.0 1
stats: {recvpackets,"tsung_controller@ip-172-31-22-165"} 1 15 0 15 15 0 0
stats: {sentpackets,"tsung_controller@ip-172-31-22-165"} 1 14 0 14 14 0 0
stats: {cpu,"tsung_controller@ip-172-31-22-165"} 1 1.5794669299111548 0.0 4.3446840978377415 1.5794669299111548 4.3446840978377415 1
stats: {freemem,"tsung_controller@ip-172-31-22-165"} 1 3065.15625 0.0 3065.20703125 3065.15625 3065.20703125 1
stats: users_count 0 1
stats: finish_users_count 0 0
stats: request 3 39.4580078125 35.498276368684465 305.89306640625 7.6689453125 167.849365234375 3
stats: connect 0 0 0 164.131103515625 164.131103515625 164.131103515625 1
stats: page 1 118.81298828125 0.0 318.550048828125 118.81298828125 251.843017578125 2
stats: tr_signin_1_time 0 0 0 306.059814453125 306.059814453125 306.059814453125 1
stats: 302 2 3
stats: tr_post_create_time 1 89.3818359375 0 89.3818359375 89.3818359375 0 0
stats: 200 0 2
stats: size_rcv 3979 14559
stats: size_sent 2374 4015
stats: connected 0 1
stats: 500 1 1
# stats: dump at 1479178719
stats: users 0 1
stats: {load,"tsung_controller@ip-172-31-22-165"} 1 0.0 0.0 0.0 0.0 0.0 2
stats: {recvpackets,"tsung_controller@ip-172-31-22-165"} 1 6.0 0.0 15 6 15.0 1
stats: {sentpackets,"tsung_controller@ip-172-31-22-165"} 1 6.0 0.0 14 6 14.0 1
stats: {cpu,"tsung_controller@ip-172-31-22-165"} 1 0.8893280632411068 0.0 4.3446840978377415 0.8893280632411068 2.9620755138744483 2
stats: {freemem,"tsung_controller@ip-172-31-22-165"} 1 3065.1953125 0.0 3065.20703125 3065.15625 3065.181640625 2
stats: session 1 26121.425048828125 0 26121.425048828125 26121.425048828125 0 0
stats: users_count 0 1
stats: finish_users_count 1 1
stats: request 5 28.52978515625 18.028809989576015 305.89306640625 7.6689453125 103.6536865234375 6
stats: connect 0 0 0 164.131103515625 164.131103515625 164.131103515625 1
stats: page 3 47.638671875 33.793549592011985 318.550048828125 11.577880859375 207.49967447916666 3
stats: tr_signin_1_time 0 0 0 306.059814453125 306.059814453125 306.059814453125 1
stats: 302 1 4
stats: tr_post_create_time 0 0 0 89.3818359375 89.3818359375 89.3818359375 1
stats: 200 1 3
stats: tr_claim_time 1 30.355224609375 0 30.355224609375 30.355224609375 0 0
stats: size_rcv 11892 26451
stats: tr_signin_2_time 1 21.323974609375 0 21.323974609375 21.323974609375 0 0
stats: 422 1 1
stats: tr_user_view_time 1 62.819091796875 0 62.819091796875 62.819091796875 0 0
stats: size_sent 4292 8307
stats: tr_rating_time 1 11.701904296875 0 11.701904296875 11.701904296875 0 0
stats: connected -1 0
stats: 500 0 1
stats: 404 2 2
# stats: dump at 1479178722
stats: users 0 1
stats: {load,"tsung_controller@ip-172-31-22-165"} 1 0.0 0.0 0.0 0.0 0.0 3
stats: {recvpackets,"tsung_controller@ip-172-31-22-165"} 1 14.0 0.0 15 6 10.5 2
stats: {sentpackets,"tsung_controller@ip-172-31-22-165"} 1 13.0 0.0 14 6 10.0 2
stats: {cpu,"tsung_controller@ip-172-31-22-165"} 1 0.7905138339920948 0.0 4.3446840978377415 0.7905138339920948 2.271159696996668 3
stats: {freemem,"tsung_controller@ip-172-31-22-165"} 1 3065.1953125 0.0 3065.20703125 3065.15625 3065.1861979166665 3
stats: session 0 0 0 26121.425048828125 26121.425048828125 26121.425048828125 1
stats: users_count 0 1
stats: finish_users_count 0 1
stats: request 0 0 0 305.89306640625 7.6689453125 69.50645862926136 11
stats: connect 0 0 0 164.131103515625 164.131103515625 164.131103515625 1
stats: page 0 0 0 318.550048828125 11.577880859375 127.56917317708333 6
stats: tr_signin_1_time 0 0 0 306.059814453125 306.059814453125 306.059814453125 1
stats: 302 0 4
stats: tr_post_create_time 0 0 0 89.3818359375 89.3818359375 89.3818359375 1
stats: 200 0 3
stats: tr_claim_time 0 0 0 30.355224609375 30.355224609375 30.355224609375 1
stats: size_rcv 0 26451
stats: tr_signin_2_time 0 0 0 21.323974609375 21.323974609375 21.323974609375 1
stats: 422 0 1
stats: tr_user_view_time 0 0 0 62.819091796875 62.819091796875 62.819091796875 1
stats: size_sent 0 8307
stats: tr_rating_time 0 0 0 11.701904296875 11.701904296875 11.701904296875 1
stats: connected 0 0
stats: 500 0 1
stats: 404 0 2
EndMonitor:{1479,178722,34911}
