# stats: dump at 1478719340
stats: users 1 3
stats: {freemem,"tsung_controller@ip-172-31-16-134"} 1 3066.3046875 0 3066.3046875 3066.3046875 0 0
stats: {load,"tsung_controller@ip-172-31-16-134"} 1 0.01953125 0 0.01953125 0.01953125 0 0
stats: {cpu,"tsung_controller@ip-172-31-16-134"} 1 3.166982133788837 0 3.166982133788837 3.166982133788837 0 0
stats: session 6 1763.8636067708333 1416.1831476195093 4831.7939453125 837.40380859375 0 0
stats: users_count 7 7
stats: finish_users_count 6 6
stats: request 13 92.97361403245192 74.62702658075244 178.361083984375 11.39111328125 0 0
stats: connect 7 21.635602678571427 48.268435045972936 139.824951171875 1.234130859375 0 0
stats: page 13 92.97361403245192 74.62702658075244 178.361083984375 11.39111328125 0 0
stats: 200 13 13
stats: size_rcv 44977 44977
stats: size_sent 6055 6055
stats: connected 1 1
# stats: dump at 1478719350
stats: users 5 14
stats: {freemem,"tsung_controller@ip-172-31-16-134"} 1 3065.046875 0.0 3066.3046875 3065.046875 3066.3046875 1
stats: {load,"tsung_controller@ip-172-31-16-134"} 1 0.01171875 0.0 0.01953125 0.01171875 0.01953125 1
stats: {recvpackets,"tsung_controller@ip-172-31-16-134"} 1 242 0 242 242 0 0
stats: {sentpackets,"tsung_controller@ip-172-31-16-134"} 1 210 0 210 210 0 0
stats: {cpu,"tsung_controller@ip-172-31-16-134"} 1 2.2660098522167487 0.0 3.166982133788837 2.2660098522167487 3.166982133788837 1
stats: session 19 2558.624691611842 1825.4524615185328 5914.68310546875 322.462158203125 1763.8636067708333 6
stats: users_count 23 30
stats: finish_users_count 19 25
stats: request 41 87.15083722370429 84.70700172082918 335.70703125 10.912841796875 92.97361403245192 13
stats: connect 23 1.372696586277174 0.19100491473229494 139.824951171875 1.141845703125 21.635602678571427 7
stats: page 41 87.15083722370429 84.70700172082918 335.70703125 10.912841796875 92.97361403245192 13
stats: 200 41 54
stats: size_rcv 143518 188495
stats: newphase 1 1
stats: size_sent 18576 24631
stats: connected 5 6
# stats: dump at 1478719360
stats: users 8 18
stats: {freemem,"tsung_controller@ip-172-31-16-134"} 1 3064.4296875 0.0 3066.3046875 3064.4296875 3065.67578125 2
stats: {load,"tsung_controller@ip-172-31-16-134"} 1 0.01171875 0.0 0.01953125 0.01171875 0.015625 2
stats: {recvpackets,"tsung_controller@ip-172-31-16-134"} 1 229.0 0.0 242 229 242.0 1
stats: {sentpackets,"tsung_controller@ip-172-31-16-134"} 1 266.0 0.0 266 210 210.0 1
stats: {cpu,"tsung_controller@ip-172-31-16-134"} 1 1.0901883052527255 0.0 3.166982133788837 1.0901883052527255 2.716495993002793 2
stats: session 28 3056.5125209263388 3335.674484044042 14325.820068359375 290.52587890625 2367.88203125 25
stats: users_count 31 61
stats: finish_users_count 28 53
stats: request 58 121.30597555226294 109.87005823594126 485.578857421875 10.912841796875 88.5526168258102 54
stats: connect 29 1.230889682112069 0.14349549992556515 139.824951171875 0.863037109375 6.1007080078125 30
stats: page 58 121.30597555226294 109.87005823594126 485.578857421875 10.912841796875 88.5526168258102 54
stats: 200 58 112
stats: size_rcv 206096 394591
stats: newphase 1 2
stats: size_sent 28290 52921
stats: connected 0 6
# stats: dump at 1478719370
stats: users 35 37
stats: {freemem,"tsung_controller@ip-172-31-16-134"} 1 3064.203125 0.0 3066.3046875 3064.203125 3065.2604166666665 3
stats: {load,"tsung_controller@ip-172-31-16-134"} 1 0.01171875 0.0 0.01953125 0.01171875 0.014322916666666666 3
stats: {recvpackets,"tsung_controller@ip-172-31-16-134"} 1 385.0 0.0 385 229 235.5 2
stats: {sentpackets,"tsung_controller@ip-172-31-16-134"} 1 450.0 0.0 450 210 238.0 2
stats: {cpu,"tsung_controller@ip-172-31-16-134"} 1 1.6848364717542121 0.0 3.166982133788837 1.0901883052527255 2.1743934304194372 3
stats: session 54 2399.514155635127 1868.113016421405 14325.820068359375 266.56396484375 2731.6868182488206 53
stats: users_count 81 142
stats: finish_users_count 54 107
stats: request 129 141.8539225260416 153.19790139720206 605.094970703125 9.735107421875 105.51417759486607 112
stats: connect 81 1.1785722897376545 0.1493799972184591 139.824951171875 0.863037109375 3.7070684917902543 59
stats: page 129 141.8539225260416 153.19790139720206 605.094970703125 9.735107421875 105.51417759486607 112
stats: 200 129 241
stats: size_rcv 446979 841570
stats: newphase 1 3
stats: size_sent 60506 113427
stats: connected 30 36
# stats: dump at 1478719380
stats: users 71 73
stats: {freemem,"tsung_controller@ip-172-31-16-134"} 1 3062.515625 0.0 3066.3046875 3062.515625 3064.99609375 4
stats: {load,"tsung_controller@ip-172-31-16-134"} 1 0.01171875 0.0 0.01953125 0.01171875 0.013671875 4
stats: {recvpackets,"tsung_controller@ip-172-31-16-134"} 1 830.0 0.0 830 229 285.3333333333333 3
stats: {sentpackets,"tsung_controller@ip-172-31-16-134"} 1 970.0 0.0 970 210 308.6666666666667 3
stats: {cpu,"tsung_controller@ip-172-31-16-134"} 1 1.8054162487462388 0.0 3.166982133788837 1.0901883052527255 2.052004190753131 4
stats: session 93 3555.8514023647513 2482.1510717159904 14325.820068359375 266.56396484375 2564.048278238172 107
stats: users_count 129 271
stats: finish_users_count 93 200
stats: request 206 536.6070532937654 438.93269099075866 1910.69287109375 9.34912109375 124.96574230906377 241
stats: connect 126 1.4414120628720242 1.9713539508110574 139.824951171875 0.863037109375 2.24415283203125 140
stats: page 206 536.6070532937654 438.93269099075866 1910.69287109375 9.34912109375 124.96574230906377 241
stats: 200 206 447
stats: size_rcv 725082 1566652
stats: newphase 1 4
stats: size_sent 106711 220138
stats: connected 34 70
# stats: dump at 1478719390
stats: users 228 228
stats: {freemem,"tsung_controller@ip-172-31-16-134"} 1 3060.26953125 0.0 3066.3046875 3060.26953125 3064.5 5
stats: {load,"tsung_controller@ip-172-31-16-134"} 1 0.0 0.0 0.01953125 0.0 0.01328125 5
stats: {recvpackets,"tsung_controller@ip-172-31-16-134"} 1 1249.0 0.0 1249 229 421.5 4
stats: {sentpackets,"tsung_controller@ip-172-31-16-134"} 1 1444.0 0.0 1444 210 474.0 4
stats: {cpu,"tsung_controller@ip-172-31-16-134"} 1 3.8883349950149553 0.0 3.8883349950149553 1.0901883052527255 2.002686602351752 5
stats: session 99 6199.388861762152 2437.103050285828 14752.044921875 266.56396484375 3025.2367309570313 200
stats: users_count 256 527
stats: finish_users_count 99 299
stats: request 270 2354.4836470992486 920.7259740951388 4041.639892578125 9.34912109375 314.6706865212529 447
stats: connect 251 1.540383388321713 2.1488144077028473 139.824951171875 0.863037109375 1.8639072045347747 266
stats: page 270 2354.4836470992486 920.7259740951388 4041.639892578125 9.34912109375 314.6706865212529 447
stats: 200 270 717
stats: size_rcv 941696 2508348
stats: newphase 1 5
stats: size_sent 164526 384664
stats: connected 149 219
# stats: dump at 1478719400
stats: users 637 637
stats: {freemem,"tsung_controller@ip-172-31-16-134"} 1 3053.109375 0.0 3066.3046875 3053.109375 3063.794921875 6
stats: {load,"tsung_controller@ip-172-31-16-134"} 1 0.0 0.0 0.01953125 0.0 0.011067708333333334 6
stats: {recvpackets,"tsung_controller@ip-172-31-16-134"} 1 1970.0 0.0 1970 229 587.0 5
stats: {sentpackets,"tsung_controller@ip-172-31-16-134"} 1 2314.0 0.0 2314 210 668.0 5
stats: {cpu,"tsung_controller@ip-172-31-16-134"} 1 5.917753259779338 0.0 5.917753259779338 1.0901883052527255 2.316961334462286 6
stats: session 108 10723.883271393952 2852.608659108466 19338.717041015625 266.56396484375 4076.2101789493627 299
stats: users_count 517 1044
stats: finish_users_count 108 407
stats: request 287 5244.501483558358 1738.9183782270763 9102.7041015625 9.34912109375 1082.8010900861884 717
stats: connect 507 1.142914239706606 1.2019747581641431 139.824951171875 0.791015625 1.7068385819632494 517
stats: page 287 5244.501483558358 1738.9183782270763 9102.7041015625 9.34912109375 1082.8010900861884 717
stats: 200 287 1004
stats: size_rcv 1001239 3509587
stats: newphase 1 6
stats: size_sent 247411 632075
stats: connected 403 622
# stats: dump at 1478719410
stats: users 699 771
stats: {freemem,"tsung_controller@ip-172-31-16-134"} 1 3036.52734375 0.0 3066.3046875 3036.52734375 3062.2684151785716 7
stats: {load,"tsung_controller@ip-172-31-16-134"} 1 0.0 0.0 0.01953125 0.0 0.009486607142857142 7
stats: {recvpackets,"tsung_controller@ip-172-31-16-134"} 1 2859.0 0.0 2859 229 817.5 6
stats: {sentpackets,"tsung_controller@ip-172-31-16-134"} 1 3480.0 0.0 3480 210 942.3333333333334 6
stats: {cpu,"tsung_controller@ip-172-31-16-134"} 1 11.904761904761903 0.0 11.904761904761903 1.0901883052527255 2.8313601809361506 7
stats: session 98 17272.450110610647 2533.3552796994722 24712.5859375 266.56396484375 5840.211884069794 407
stats: users_count 160 1204
stats: finish_users_count 98 505
stats: request 371 10378.74310483701 1667.7604873659707 13264.732177734375 9.34912109375 2272.4505053516395 1004
stats: connect 180 1.1905504014756945 0.2984361719511598 139.824951171875 0.791015625 1.4276299476623528 1024
stats: page 371 10378.74310483701 1667.7604873659707 13264.732177734375 9.34912109375 2272.4505053516395 1004
stats: 200 371 1375
stats: size_rcv 1296497 4806084
stats: newphase 0 6
stats: size_sent 217307 849382
stats: connected 80 702
# stats: dump at 1478719420
stats: users 600 771
stats: {freemem,"tsung_controller@ip-172-31-16-134"} 1 3027.2265625 0.0 3066.3046875 3027.2265625 3059.05078125 8
stats: {load,"tsung_controller@ip-172-31-16-134"} 1 0.0 0.0 0.01953125 0.0 0.00830078125 8
stats: {recvpackets,"tsung_controller@ip-172-31-16-134"} 1 1844.0 0.0 2859 229 1109.142857142857 7
stats: {sentpackets,"tsung_controller@ip-172-31-16-134"} 1 1986.0 0.0 3480 210 1304.857142857143 7
stats: {cpu,"tsung_controller@ip-172-31-16-134"} 1 3.911735205616851 0.0 11.904761904761903 1.0901883052527255 3.96553539641437 8
stats: session 99 24184.5446826665 3114.4145765360936 33344.39599609375 266.56396484375 8058.745242883663 505
stats: users_count 0 1204
stats: finish_users_count 99 604
stats: request 404 14600.346851915416 1407.5144367779346 18277.77197265625 9.34912109375 4459.675635830965 1375
stats: connect 0 0 0 139.824951171875 0.791015625 1.3921861616876032 1204
stats: page 404 14600.346851915416 1407.5144367779346 18277.77197265625 9.34912109375 4459.675635830965 1375
stats: 200 404 1779
stats: size_rcv 1412961 6219045
stats: newphase 0 6
stats: size_sent 250314 1099696
stats: connected -97 605
# stats: dump at 1478719430
stats: users 488 771
stats: {freemem,"tsung_controller@ip-172-31-16-134"} 1 3022.2734375 0.0 3066.3046875 3022.2734375 3055.5147569444443 9
stats: {load,"tsung_controller@ip-172-31-16-134"} 1 0.0 0.0 0.01953125 0.0 0.007378472222222222 9
stats: {recvpackets,"tsung_controller@ip-172-31-16-134"} 1 1520.0 0.0 2859 229 1201.0 8
stats: {sentpackets,"tsung_controller@ip-172-31-16-134"} 1 1592.0 0.0 3480 210 1390.0 8
stats: {cpu,"tsung_controller@ip-172-31-16-134"} 1 2.613065326633166 0.0 11.904761904761903 1.0901883052527255 3.9595575974368677 9
stats: session 112 32024.459051949638 3054.7669135892697 41703.827880859375 266.56396484375 10701.88124377522 604
stats: users_count 0 1204
stats: finish_users_count 112 716
stats: request 135 19790.395760995372 1895.8007343585134 23531.822021484375 9.34912109375 6762.559936729289 1779
stats: connect 0 0 0 139.824951171875 0.791015625 1.3921861616876032 1204
stats: page 135 19790.395760995372 1895.8007343585134 23531.822021484375 9.34912109375 6762.559936729289 1779
stats: 200 135 1914
stats: size_rcv 475563 6694608
stats: newphase 0 6
stats: size_sent 71068 1170764
stats: connected -111 494
# stats: dump at 1478719440
stats: users 371 771
stats: {freemem,"tsung_controller@ip-172-31-16-134"} 1 3021.94140625 0.0 3066.3046875 3021.94140625 3052.190625 10
stats: {load,"tsung_controller@ip-172-31-16-134"} 1 0.0 0.0 0.01953125 0.0 0.006640625 10
stats: {recvpackets,"tsung_controller@ip-172-31-16-134"} 1 684.0 0.0 2859 229 1236.4444444444443 9
stats: {sentpackets,"tsung_controller@ip-172-31-16-134"} 1 719.0 0.0 3480 210 1412.4444444444443 9
stats: {cpu,"tsung_controller@ip-172-31-16-134"} 1 1.5841584158415842 0.0 11.904761904761903 1.0901883052527255 3.8249083703564977 10
stats: session 117 39519.383494841735 2555.262869298789 45328.921142578125 266.56396484375 14037.256543377924 716
stats: users_count 0 1204
stats: finish_users_count 117 833
stats: request 121 25499.58984778538 1549.4161752527536 28528.114013671875 9.34912109375 7681.451178252758 1914
stats: connect 0 0 0 139.824951171875 0.791015625 1.3921861616876032 1204
stats: page 121 25499.58984778538 1549.4161752527536 28528.114013671875 9.34912109375 7681.451178252758 1914
stats: 200 117 2031
stats: size_rcv 403451 7098059
stats: newphase 0 6
stats: size_sent 3863 1174627
stats: connected -121 373
stats: 500 4 4
# stats: dump at 1478719450
stats: users 253 771
stats: {freemem,"tsung_controller@ip-172-31-16-134"} 1 3021.89453125 0.0 3066.3046875 3021.89453125 3049.4406960227275 11
stats: {load,"tsung_controller@ip-172-31-16-134"} 1 0.0 0.0 0.01953125 0.0 0.006036931818181818 11
stats: {recvpackets,"tsung_controller@ip-172-31-16-134"} 1 663.0 0.0 2859 229 1181.2 10
stats: {sentpackets,"tsung_controller@ip-172-31-16-134"} 1 714.0 0.0 3480 210 1343.1 10
stats: {cpu,"tsung_controller@ip-172-31-16-134"} 1 1.2858555885262115 0.0 11.904761904761903 1.0901883052527255 3.6212038290369604 11
stats: session 118 47484.74146335407 2734.3348328061843 57451.202880859375 266.56396484375 17616.3788162726 833
stats: users_count 0 1204
stats: finish_users_count 118 951
stats: request 117 31861.929320245727 1945.457842552773 35536.30810546875 9.34912109375 8740.908072116861 2035
stats: connect 0 0 0 139.824951171875 0.791015625 1.3921861616876032 1204
stats: page 117 31861.929320245727 1945.457842552773 35536.30810546875 9.34912109375 8740.908072116861 2035
stats: 200 114 2145
stats: size_rcv 393886 7491945
stats: newphase 0 6
stats: size_sent 0 1174627
stats: connected -117 256
stats: 500 3 7
# stats: dump at 1478719460
stats: users 137 771
stats: {freemem,"tsung_controller@ip-172-31-16-134"} 1 3022.12109375 0.0 3066.3046875 3021.89453125 3047.1451822916665 12
stats: {load,"tsung_controller@ip-172-31-16-134"} 1 0.0703125 0.0 0.0703125 0.0 0.005533854166666667 12
stats: {recvpackets,"tsung_controller@ip-172-31-16-134"} 1 507.0 0.0 2859 229 1134.090909090909 11
stats: {sentpackets,"tsung_controller@ip-172-31-16-134"} 1 606.0 0.0 3480 210 1285.909090909091 11
stats: {cpu,"tsung_controller@ip-172-31-16-134"} 1 1.5732546705998034 0.0 11.904761904761903 1.0901883052527255 3.4265914756610645 12
stats: session 116 55537.612350990035 2770.4846457477615 61917.89697265625 266.56396484375 21322.442740936756 951
stats: users_count 0 1204
stats: finish_users_count 116 1067
stats: request 119 38514.0081284467 2103.158508246604 42568.06298828125 9.34912109375 9997.952442949147 2152
stats: connect 0 0 0 139.824951171875 0.791015625 1.3921861616876032 1204
stats: page 119 38514.0081284467 2103.158508246604 42568.06298828125 9.34912109375 9997.952442949147 2152
stats: 200 118 2263
stats: size_rcv 389772 7881717
stats: newphase 0 6
stats: size_sent 0 1174627
stats: connected -119 137
stats: 500 1 8
# stats: dump at 1478719470
stats: users 20 771
stats: {freemem,"tsung_controller@ip-172-31-16-134"} 1 3022.125 0.0 3066.3046875 3021.89453125 3045.220252403846 13
stats: {load,"tsung_controller@ip-172-31-16-134"} 1 0.05859375 0.0 0.0703125 0.0 0.010516826923076924 13
stats: {recvpackets,"tsung_controller@ip-172-31-16-134"} 1 512.0 0.0 2859 229 1081.8333333333333 12
stats: {sentpackets,"tsung_controller@ip-172-31-16-134"} 1 609.0 0.0 3480 210 1229.25 12
stats: {cpu,"tsung_controller@ip-172-31-16-134"} 1 1.282051282051282 0.0 11.904761904761903 1.0901883052527255 3.284027106040967 13
stats: session 117 64140.15856620593 3123.0509545754726 73786.748046875 266.56396484375 25042.180018130926 1067
stats: users_count 0 1204
stats: finish_users_count 117 1184
stats: request 114 44103.24347673383 1325.570299396676 46779.9208984375 9.34912109375 11492.188738226208 2271
stats: connect 0 0 0 139.824951171875 0.791015625 1.3921861616876032 1204
stats: page 114 44103.24347673383 1325.570299396676 46779.9208984375 9.34912109375 11492.188738226208 2271
stats: 200 112 2375
stats: size_rcv 362967 8244684
stats: newphase 0 6
stats: size_sent 0 1174627
stats: connected -114 23
stats: 500 2 10
# stats: dump at 1478719473
stats: users 0 771
stats: {freemem,"tsung_controller@ip-172-31-16-134"} 1 3028.73828125 0.0 3066.3046875 3021.89453125 3043.5705915178573 14
stats: {load,"tsung_controller@ip-172-31-16-134"} 1 0.05078125 0.0 0.0703125 0.0 0.013950892857142858 14
stats: {recvpackets,"tsung_controller@ip-172-31-16-134"} 1 521.0 0.0 2859 229 1038.0 13
stats: {sentpackets,"tsung_controller@ip-172-31-16-134"} 1 621.0 0.0 3480 210 1181.5384615384614 13
stats: {cpu,"tsung_controller@ip-172-31-16-134"} 1 1.2833168805528135 0.0 11.904761904761903 1.0901883052527255 3.141028832898847 14
stats: session 20 69491.68635253907 1081.5936498828237 73786.748046875 266.56396484375 28905.74715506064 1184
stats: users_count 0 1204
stats: finish_users_count 20 1204
stats: request 23 43321.27414869226 2271.408046181586 46779.9208984375 9.34912109375 13050.956134532233 2385
stats: connect 0 0 0 139.824951171875 0.791015625 1.3921861616876032 1204
stats: page 23 43321.27414869226 2271.408046181586 46779.9208984375 9.34912109375 13050.956134532233 2385
stats: 200 22 2397
stats: size_rcv 68553 8313237
stats: newphase 0 6
stats: size_sent 0 1174627
stats: connected -23 0
stats: 500 1 11
EndMonitor:{1478,719473,890572}
