# stats: dump at 1478716615
stats: users 3 5
stats: {freemem,"tsung_controller@ip-172-31-16-134"} 1 3067.4453125 0 3067.4453125 3067.4453125 0 0
stats: {load,"tsung_controller@ip-172-31-16-134"} 1 0.078125 0 0.078125 0.078125 0 0
stats: {cpu,"tsung_controller@ip-172-31-16-134"} 1 7.324056112424449 0 7.324056112424449 7.324056112424449 0 0
stats: session 6 2872.9332275390625 1641.9828570927089 6517.738037109375 1759.5380859375 0 0
stats: users_count 9 9
stats: finish_users_count 6 6
stats: request 12 327.2729085286458 297.3592657779009 853.001953125 12.657958984375 0 0
stats: connect 8 21.379425048828125 44.545599979978036 137.4990234375 1.220947265625 0 0
stats: page 12 327.2729085286458 297.3592657779009 853.001953125 12.657958984375 0 0
stats: 200 12 12
stats: size_rcv 42112 42112
stats: size_sent 6268 6268
stats: connected 3 3
# stats: dump at 1478716625
stats: users 5 6
stats: {freemem,"tsung_controller@ip-172-31-16-134"} 1 3066.921875 0.0 3067.4453125 3066.921875 3067.4453125 1
stats: {load,"tsung_controller@ip-172-31-16-134"} 1 0.0703125 0.0 0.078125 0.0703125 0.078125 1
stats: {recvpackets,"tsung_controller@ip-172-31-16-134"} 1 86 0 86 86 0 0
stats: {sentpackets,"tsung_controller@ip-172-31-16-134"} 1 96 0 96 96 0 0
stats: {cpu,"tsung_controller@ip-172-31-16-134"} 1 2.0648967551622417 0.0 7.324056112424449 2.0648967551622417 7.324056112424449 1
stats: session 11 2421.408380681818 1573.4135847099333 6517.738037109375 620.696044921875 2872.9332275390625 6
stats: users_count 13 22
stats: finish_users_count 11 17
stats: request 25 254.883759765625 273.3369540401489 1079.130859375 11.914794921875 327.2729085286458 12
stats: connect 13 1.4912109375 0.2468530773320572 137.4990234375 1.06982421875 21.379425048828125 8
stats: page 25 254.883759765625 273.3369540401489 1079.130859375 11.914794921875 327.2729085286458 12
stats: 200 25 37
stats: size_rcv 87846 129958
stats: newphase 1 1
stats: size_sent 11129 17397
stats: connected 2 5
# stats: dump at 1478716635
stats: users 16 17
stats: {freemem,"tsung_controller@ip-172-31-16-134"} 1 3066.9296875 0.0 3067.4453125 3066.921875 3067.18359375 2
stats: {load,"tsung_controller@ip-172-31-16-134"} 1 0.05859375 0.0 0.078125 0.05859375 0.07421875 2
stats: {recvpackets,"tsung_controller@ip-172-31-16-134"} 1 142.0 0.0 142 86 86.0 1
stats: {sentpackets,"tsung_controller@ip-172-31-16-134"} 1 160.0 0.0 160 96 96.0 1
stats: {cpu,"tsung_controller@ip-172-31-16-134"} 1 0.9910802775024776 0.0 7.324056112424449 0.9910802775024776 4.694476433793345 2
stats: session 20 3153.018591308594 1566.4674341732484 7043.878173828125 620.696044921875 2580.770091337316 17
stats: users_count 31 53
stats: finish_users_count 20 37
stats: request 50 450.6161376953125 312.37188988566993 1377.81298828125 10.866943359375 278.36132152660474 37
stats: connect 31 1.4182050151209677 0.23623707935909768 137.4990234375 0.97900390625 9.06767345610119 21
stats: page 50 450.6161376953125 312.37188988566993 1377.81298828125 10.866943359375 278.36132152660474 37
stats: 200 50 87
stats: size_rcv 174091 304049
stats: newphase 1 2
stats: size_sent 24845 42242
stats: connected 10 15
# stats: dump at 1478716645
stats: users 57 57
stats: {freemem,"tsung_controller@ip-172-31-16-134"} 1 3066.296875 0.0 3067.4453125 3066.296875 3067.0989583333335 3
stats: {load,"tsung_controller@ip-172-31-16-134"} 1 0.05078125 0.0 0.078125 0.05078125 0.06901041666666667 3
stats: {recvpackets,"tsung_controller@ip-172-31-16-134"} 1 325.0 0.0 325 86 114.0 2
stats: {sentpackets,"tsung_controller@ip-172-31-16-134"} 1 365.0 0.0 365 96 128.0 2
stats: {cpu,"tsung_controller@ip-172-31-16-134"} 1 1.2909632571996028 0.0 7.324056112424449 0.9910802775024776 3.460011048363056 3
stats: session 30 5026.170727539062 2401.860268599461 13438.551025390625 620.696044921875 2890.093604835304 37
stats: users_count 71 124
stats: finish_users_count 30 67
stats: request 89 1629.9633761630969 619.2281537824433 2995.630126953125 10.866943359375 377.3583423132184 87
stats: connect 65 1.2773925781250004 0.25367771386779914 137.4990234375 0.892822265625 4.507413423978365 52
stats: page 89 1629.9633761630969 619.2281537824433 2995.630126953125 10.866943359375 377.3583423132184 87
stats: 200 89 176
stats: size_rcv 312038 616087
stats: newphase 1 3
stats: size_sent 52568 94810
stats: connected 35 50
# stats: dump at 1478716655
stats: users 152 152
stats: {freemem,"tsung_controller@ip-172-31-16-134"} 1 3064.30078125 0.0 3067.4453125 3064.30078125 3066.8984375 4
stats: {load,"tsung_controller@ip-172-31-16-134"} 1 0.0390625 0.0 0.078125 0.0390625 0.064453125 4
stats: {recvpackets,"tsung_controller@ip-172-31-16-134"} 1 566.0 0.0 566 86 184.33333333333334 3
stats: {sentpackets,"tsung_controller@ip-172-31-16-134"} 1 643.0 0.0 643 96 207.0 3
stats: {cpu,"tsung_controller@ip-172-31-16-134"} 1 2.380952380952381 0.0 7.324056112424449 0.9910802775024776 2.917749100572193 4
stats: session 37 10626.261817725928 3358.225137834194 21641.039794921875 620.696044921875 3846.5460478369864 67
stats: users_count 132 256
stats: finish_users_count 37 104
stats: request 71 5912.533216879401 844.7605215475419 7511.173095703125 10.866943359375 1010.7779332941228 176
stats: connect 127 1.3632697157972447 0.2994864793602122 137.4990234375 0.824951171875 2.7129573985042734 117
stats: page 71 5912.533216879401 844.7605215475419 7511.173095703125 10.866943359375 1010.7779332941228 176
stats: 200 64 240
stats: size_rcv 224385 840472
stats: newphase 1 4
stats: size_sent 53546 148356
stats: connected 92 142
stats: 500 7 7
# stats: dump at 1478716665
stats: users 165 187
stats: {freemem,"tsung_controller@ip-172-31-16-134"} 1 3060.4921875 0.0 3067.4453125 3060.4921875 3066.37890625 5
stats: {load,"tsung_controller@ip-172-31-16-134"} 1 0.03125 0.0 0.078125 0.03125 0.059375 5
stats: {recvpackets,"tsung_controller@ip-172-31-16-134"} 1 789.0 0.0 789 86 279.75 4
stats: {sentpackets,"tsung_controller@ip-172-31-16-134"} 1 942.0 0.0 942 96 316.0 4
stats: {cpu,"tsung_controller@ip-172-31-16-134"} 1 3.286852589641434 0.0 7.324056112424449 0.9910802775024776 2.8103897566482305 5
stats: session 29 15986.718960466056 2075.6157379759675 21641.039794921875 620.696044921875 6258.560312124399 104
stats: users_count 42 298
stats: finish_users_count 29 133
stats: request 141 7531.977073290669 660.4551857427391 9721.748779296875 10.866943359375 2419.7845127862474 247
stats: connect 54 1.2585901331018519 0.2556879725346325 137.4990234375 0.824951171875 2.0104560226690578 244
stats: page 141 7531.977073290669 660.4551857427391 9721.748779296875 10.866943359375 2419.7845127862474 247
stats: 200 139 379
stats: size_rcv 488456 1328928
stats: newphase 0 4
stats: 422 2 2
stats: size_sent 89019 237375
stats: connected 25 167
stats: 500 0 7
# stats: dump at 1478716675
stats: users 136 187
stats: {freemem,"tsung_controller@ip-172-31-16-134"} 1 3056.7109375 0.0 3067.4453125 3056.7109375 3065.3977864583335 6
stats: {load,"tsung_controller@ip-172-31-16-134"} 1 0.03125 0.0 0.078125 0.03125 0.0546875 6
stats: {recvpackets,"tsung_controller@ip-172-31-16-134"} 1 589.0 0.0 789 86 381.6 5
stats: {sentpackets,"tsung_controller@ip-172-31-16-134"} 1 593.0 0.0 942 96 441.2 5
stats: {cpu,"tsung_controller@ip-172-31-16-134"} 1 1.5952143569292123 0.0 7.324056112424449 0.9910802775024776 2.889800228813764 6
stats: session 29 21896.102707435344 2529.97163841098 31139.407958984375 620.696044921875 8379.737761762806 133
stats: users_count 0 298
stats: finish_users_count 29 162
stats: request 71 12592.821767027948 1850.3371671112016 16619.703857421875 10.866943359375 4277.565829876772 388
stats: connect 0 0 0 137.4990234375 0.824951171875 1.8742118681837252 298
stats: page 71 12592.821767027948 1850.3371671112016 16619.703857421875 10.866943359375 4277.565829876772 388
stats: 200 71 450
stats: size_rcv 249134 1578062
stats: newphase 0 4
stats: 422 0 2
stats: size_sent 47141 284516
stats: connected -30 137
stats: 500 0 7
# stats: dump at 1478716685
stats: users 91 187
stats: {freemem,"tsung_controller@ip-172-31-16-134"} 1 3055.68359375 0.0 3067.4453125 3055.68359375 3064.156808035714 7
stats: {load,"tsung_controller@ip-172-31-16-134"} 1 0.01953125 0.0 0.078125 0.01953125 0.05133928571428571 7
stats: {recvpackets,"tsung_controller@ip-172-31-16-134"} 1 450.0 0.0 789 86 416.1666666666667 6
stats: {sentpackets,"tsung_controller@ip-172-31-16-134"} 1 412.0 0.0 942 96 466.5 6
stats: {cpu,"tsung_controller@ip-172-31-16-134"} 1 1.483679525222552 0.0 7.324056112424449 0.9910802775024776 2.7048593899731137 7
stats: session 45 29896.192572699652 2547.1239841536217 36662.241943359375 620.696044921875 10799.333955741224 162
stats: users_count 0 298
stats: finish_users_count 45 207
stats: request 46 20295.716860563854 1703.6942054981403 22887.751953125 10.866943359375 5563.8036763642085 459
stats: connect 0 0 0 137.4990234375 0.824951171875 1.8742118681837252 298
stats: page 46 20295.716860563854 1703.6942054981403 22887.751953125 10.866943359375 5563.8036763642085 459
stats: 200 33 483
stats: size_rcv 119328 1697390
stats: newphase 0 4
stats: 422 0 2
stats: size_sent 5405 289921
stats: connected -46 91
stats: 500 13 20
# stats: dump at 1478716695
stats: users 46 187
stats: {freemem,"tsung_controller@ip-172-31-16-134"} 1 3055.3828125 0.0 3067.4453125 3055.3828125 3063.09765625 8
stats: {load,"tsung_controller@ip-172-31-16-134"} 1 0.01953125 0.0 0.078125 0.01953125 0.04736328125 8
stats: {recvpackets,"tsung_controller@ip-172-31-16-134"} 1 449.0 0.0 789 86 421.0 7
stats: {sentpackets,"tsung_controller@ip-172-31-16-134"} 1 381.0 0.0 942 96 458.7142857142857 7
stats: {cpu,"tsung_controller@ip-172-31-16-134"} 1 11.534795042897999 0.0 11.534795042897999 0.9910802775024776 2.5522119068792937 8
stats: session 45 37692.29143880208 3440.9723091125893 43733.34716796875 620.696044921875 14950.824959427839 207
stats: users_count 0 298
stats: finish_users_count 45 252
stats: request 45 25792.14217664931 1859.9999861791518 29251.927001953125 10.866943359375 6905.720520865563 505
stats: connect 0 0 0 137.4990234375 0.824951171875 1.8742118681837252 298
stats: page 45 25792.14217664931 1859.9999861791518 29251.927001953125 10.866943359375 6905.720520865563 505
stats: 200 34 517
stats: size_rcv 119487 1816877
stats: newphase 0 4
stats: 422 0 2
stats: size_sent 0 289921
stats: connected -45 46
stats: 500 11 31
# stats: dump at 1478716705
stats: users 0 187
stats: {freemem,"tsung_controller@ip-172-31-16-134"} 1 3055.31640625 0.0 3067.4453125 3055.31640625 3062.2404513888887 9
stats: {load,"tsung_controller@ip-172-31-16-134"} 1 0.01953125 0.0 0.078125 0.01953125 0.044270833333333336 9
stats: {recvpackets,"tsung_controller@ip-172-31-16-134"} 1 322.0 0.0 789 86 424.5 8
stats: {sentpackets,"tsung_controller@ip-172-31-16-134"} 1 304.0 0.0 942 96 449.0 8
stats: {cpu,"tsung_controller@ip-172-31-16-134"} 1 0.9891196834817012 0.0 11.534795042897999 0.9891196834817012 3.550276699770261 9
stats: session 46 44735.79044773269 3070.2400304027246 55874.224853515625 620.696044921875 19011.80111645895 252
stats: users_count 0 298
stats: finish_users_count 46 298
stats: request 46 28905.98169476053 2045.8875984356725 32425.924072265625 10.866943359375 8450.973201793324 550
stats: connect 0 0 0 137.4990234375 0.824951171875 1.8742118681837252 298
stats: page 46 28905.98169476053 2045.8875984356725 32425.924072265625 10.866943359375 8450.973201793324 550
stats: 200 31 548
stats: size_rcv 111006 1927883
stats: newphase 0 4
stats: 422 0 2
stats: size_sent 0 289921
stats: connected -46 0
stats: 500 15 46
# stats: dump at 1478716709
stats: users 0 187
stats: {freemem,"tsung_controller@ip-172-31-16-134"} 1 3055.234375 0.0 3067.4453125 3055.234375 3061.548046875 10
stats: {load,"tsung_controller@ip-172-31-16-134"} 1 0.01171875 0.0 0.078125 0.01171875 0.041796875 10
stats: {recvpackets,"tsung_controller@ip-172-31-16-134"} 1 293.0 0.0 789 86 413.1111111111111 9
stats: {sentpackets,"tsung_controller@ip-172-31-16-134"} 1 276.0 0.0 942 96 432.8888888888889 9
stats: {cpu,"tsung_controller@ip-172-31-16-134"} 1 0.8893280632411068 0.0 11.534795042897999 0.8893280632411068 3.2941609981414053 10
stats: session 0 0 0 55874.224853515625 620.696044921875 22982.618261554897 298
stats: users_count 0 298
stats: finish_users_count 0 298
stats: request 0 0 0 32425.924072265625 10.866943359375 10029.715468029048 596
stats: connect 0 0 0 137.4990234375 0.824951171875 1.8742118681837252 298
stats: page 0 0 0 32425.924072265625 10.866943359375 10029.715468029048 596
stats: 200 0 548
stats: size_rcv 0 1927883
stats: newphase 0 4
stats: 422 0 2
stats: size_sent 0 289921
stats: connected 0 0
stats: 500 0 46
EndMonitor:{1478,716709,307510}
