# stats: dump at 1479342690
stats: users 6 6
stats: {load,"tsung_controller@ip-172-31-28-25"} 1 0.078125 0 0.078125 0.078125 0 0
stats: {freemem,"tsung_controller@ip-172-31-28-25"} 1 3065.796875 0 3065.796875 3065.796875 0 0
stats: {cpu,"tsung_controller@ip-172-31-28-25"} 1 13.291461739554256 0 13.291461739554256 13.291461739554256 0 0
stats: users_count 6 6
stats: finish_users_count 0 0
stats: request 17 202.759521484375 239.83803290670116 880.3359375 10.344970703125 0 0
stats: connect 6 21.931355794270832 46.285476102984845 125.42822265625 0.908935546875 0 0
stats: page 11 313.40553977272725 330.7213075126495 954.118896484375 11.631103515625 0 0
stats: tr_signin_1_time 4 551.5075073242188 217.8479529970726 880.4541015625 308.5439453125 0 0
stats: 302 6 6
stats: tr_post_create_time 1 232.2939453125 0 232.2939453125 232.2939453125 0 0
stats: 200 11 11
stats: size_rcv 50079 50079
stats: size_sent 11145 11145
stats: connected 6 6
# stats: dump at 1479342700
stats: users 6 9
stats: {load,"tsung_controller@ip-172-31-28-25"} 1 0.0703125 0.0 0.078125 0.0703125 0.078125 1
stats: {freemem,"tsung_controller@ip-172-31-28-25"} 1 3065.05859375 0.0 3065.796875 3065.05859375 3065.796875 1
stats: {recvpackets,"tsung_controller@ip-172-31-28-25"} 1 105 0 105 105 0 0
stats: {sentpackets,"tsung_controller@ip-172-31-28-25"} 1 92 0 92 92 0 0
stats: {cpu,"tsung_controller@ip-172-31-28-25"} 1 2.2549019607843137 0.0 13.291461739554256 2.2549019607843137 13.291461739554256 1
stats: session 5 12433.175244140624 3451.098231028222 15968.11083984375 6534.26806640625 0 0
stats: users_count 5 11
stats: finish_users_count 5 5
stats: request 70 221.07816336495534 350.65829447825087 1516.39306640625 8.09716796875 202.759521484375 17
stats: connect 5 1.22275390625 0.201914693986758 125.42822265625 0.908935546875 21.931355794270832 6
stats: page 36 429.96205647786456 562.1030145921706 1950.0888671875 11.631103515625 313.40553977272725 11
stats: tr_signin_1_time 6 765.4686279296875 465.49600088173366 1466.3330078125 298.55615234375 551.5075073242188 4
stats: 302 39 45
stats: tr_post_create_time 8 197.26724243164063 337.9406451534316 1077.551025390625 41.225830078125 232.2939453125 1
stats: 200 31 42
stats: tr_user_view_time 6 104.5118408203125 52.023926090354635 187.52197265625 41.41796875 0 0
stats: size_rcv 176689 226768
stats: tr_claim_time 6 95.32149251302083 74.57159726770345 217.615966796875 22.34619140625 0 0
stats: size_sent 49339 60484
stats: tr_signin_2_time 6 707.1697998046875 481.9243219321044 1516.495849609375 299.596923828125 0 0
stats: connected 0 6
stats: tr_rating_time 5 178.259765625 139.87557236066002 353.02490234375 14.68212890625 0 0
# stats: dump at 1479342710
stats: users 13 14
stats: {load,"tsung_controller@ip-172-31-28-25"} 1 0.05859375 0.0 0.078125 0.05859375 0.07421875 2
stats: {freemem,"tsung_controller@ip-172-31-28-25"} 1 3063.859375 0.0 3065.796875 3063.859375 3065.427734375 2
stats: {recvpackets,"tsung_controller@ip-172-31-28-25"} 1 259.0 0.0 259 105 105.0 1
stats: {sentpackets,"tsung_controller@ip-172-31-28-25"} 1 203.0 0.0 203 92 92.0 1
stats: {cpu,"tsung_controller@ip-172-31-28-25"} 1 1.188118811881188 0.0 13.291461739554256 1.188118811881188 7.773181850169285 2
stats: session 6 12064.942464192709 4720.236507076562 18741.919921875 4771.221923828125 12433.175244140624 5
stats: users_count 13 24
stats: finish_users_count 6 11
stats: request 77 153.52052049512986 205.19613688142488 1516.39306640625 7.781982421875 217.49865862966954 87
stats: connect 13 1.4953801081730769 0.9010181857336839 125.42822265625 0.908935546875 12.518354936079545 11
stats: page 45 262.7443467881944 267.17337944715246 1950.0888671875 10.7568359375 402.6828717170878 47
stats: tr_signin_1_time 8 525.7695922851563 109.09157132188685 1466.3330078125 298.55615234375 679.8841796875 10
stats: 302 38 83
stats: tr_post_create_time 6 132.99466959635416 84.05951160396985 1077.551025390625 41.225830078125 201.15909830729166 9
stats: 200 39 81
stats: tr_user_view_time 6 193.58072916666666 251.46743581845172 753.404052734375 41.41796875 104.5118408203125 6
stats: size_rcv 218290 445058
stats: tr_claim_time 6 82.80082194010417 117.87729309343952 345.554931640625 20.626953125 95.32149251302083 6
stats: size_sent 50492 110976
stats: tr_signin_2_time 6 364.1127522786458 113.52889072281546 1516.495849609375 299.596923828125 707.1697998046875 6
stats: connected 7 13
stats: tr_rating_time 6 143.75614420572916 108.13369981989668 353.02490234375 14.68212890625 178.259765625 5
# stats: dump at 1479342720
stats: users 25 25
stats: {load,"tsung_controller@ip-172-31-28-25"} 1 0.05078125 0.0 0.078125 0.05078125 0.06901041666666667 3
stats: {freemem,"tsung_controller@ip-172-31-28-25"} 1 3063.26171875 0.0 3065.796875 3063.26171875 3064.9049479166665 3
stats: {recvpackets,"tsung_controller@ip-172-31-28-25"} 1 304.0 0.0 304 105 182.0 2
stats: {sentpackets,"tsung_controller@ip-172-31-28-25"} 1 245.0 0.0 245 92 147.5 2
stats: {cpu,"tsung_controller@ip-172-31-28-25"} 1 1.5794669299111548 0.0 13.291461739554256 1.188118811881188 5.578160837406586 3
stats: session 3 15127.966064453125 987.8894423553118 18741.919921875 4771.221923828125 12232.321000532671 11
stats: users_count 15 39
stats: finish_users_count 3 14
stats: request 95 578.8837299547698 474.8813476358158 1701.212890625 7.781982421875 187.4601425543064 164
stats: connect 15 1.1874674479166667 0.17747528680204827 125.42822265625 0.908935546875 6.547576904296875 24
stats: page 49 1033.6699916294642 852.664576119198 2898.030029296875 10.7568359375 334.2346801757812 92
stats: tr_signin_1_time 12 815.6202392578125 412.6625484988357 1466.3330078125 298.55615234375 611.3888075086805 18
stats: 302 49 132
stats: tr_post_create_time 10 701.789599609375 547.4153975680994 1461.10693359375 40.050048828125 173.89332682291666 15
stats: 200 46 127
stats: tr_user_view_time 4 780.2568359375 708.9796765154008 1521.799072265625 41.41796875 149.0462849934896 12
stats: size_rcv 251215 696273
stats: tr_claim_time 7 575.6568429129464 423.1514910189707 1334.48779296875 14.4150390625 89.0611572265625 12
stats: newphase 1 1
stats: tr_signin_2_time 8 876.9532775878906 415.3224997524462 1669.779052734375 299.596923828125 535.6412760416666 12
stats: size_sent 72858 183834
stats: tr_rating_time 3 672.3046875 159.457012360639 896.635986328125 14.68212890625 159.4396084872159 11
stats: connected 12 25
# stats: dump at 1479342730
stats: users 47 47
stats: {load,"tsung_controller@ip-172-31-28-25"} 1 0.0390625 0.0 0.078125 0.0390625 0.064453125 4
stats: {freemem,"tsung_controller@ip-172-31-28-25"} 1 3060.61328125 0.0 3065.796875 3060.61328125 3064.494140625 4
stats: {recvpackets,"tsung_controller@ip-172-31-28-25"} 1 374.0 0.0 374 105 222.66666666666666 3
stats: {sentpackets,"tsung_controller@ip-172-31-28-25"} 1 296.0 0.0 296 92 180.0 3
stats: {cpu,"tsung_controller@ip-172-31-28-25"} 1 1.8737672583826428 0.0 13.291461739554256 1.188118811881188 4.578487360532729 4
stats: session 8 18961.975555419922 4163.089789242738 26183.35791015625 4771.221923828125 12852.816371372768 14
stats: users_count 30 69
stats: finish_users_count 8 22
stats: request 123 1368.7009356739075 702.4017688534827 3618.26904296875 7.781982421875 331.03250086721766 259
stats: connect 28 1.3281424386160714 0.5461977012040269 125.42822265625 0.908935546875 4.485996344150641 39
stats: page 68 2187.6129976160387 1088.2443147727965 4575.035888671875 10.7568359375 577.3008522412456 141
stats: tr_signin_1_time 16 1604.0643157958984 549.3041321160854 2505.652099609375 298.55615234375 693.0813802083334 30
stats: 302 63 195
stats: tr_post_create_time 12 1397.504150390625 756.0925033789579 3209.3330078125 40.050048828125 385.0518359375 25
stats: 200 60 187
stats: tr_user_view_time 9 2029.207980685764 709.4685487191668 3618.446044921875 41.41796875 306.8489227294922 16
stats: size_rcv 337977 1034250
stats: tr_claim_time 6 779.16259765625 183.54462560328207 1334.48779296875 14.4150390625 268.333251953125 19
stats: newphase 1 2
stats: tr_signin_2_time 10 1559.467919921875 734.1189114743355 2570.987060546875 299.596923828125 672.1660766601563 20
stats: size_sent 91891 275725
stats: tr_rating_time 8 1574.738525390625 698.7010085192226 2441.274169921875 14.68212890625 269.33926827566967 14
stats: connected 20 45
# stats: dump at 1479342740
stats: users 132 132
stats: {load,"tsung_controller@ip-172-31-28-25"} 1 0.03125 0.0 0.078125 0.03125 0.059375 5
stats: {freemem,"tsung_controller@ip-172-31-28-25"} 1 3056.4765625 0.0 3065.796875 3056.4765625 3063.71796875 5
stats: {recvpackets,"tsung_controller@ip-172-31-28-25"} 1 732.0 0.0 732 105 260.5 4
stats: {sentpackets,"tsung_controller@ip-172-31-28-25"} 1 585.0 0.0 585 92 209.0 4
stats: {cpu,"tsung_controller@ip-172-31-28-25"} 1 2.284011916583913 0.0 13.291461739554256 1.188118811881188 4.037543340102712 5
stats: session 2 26028.41552734375 670.5166015625 26698.93212890625 4771.221923828125 15074.32880193537 22
stats: users_count 87 156
stats: finish_users_count 2 24
stats: request 120 3248.5731343587236 1013.2195028163335 5819.127197265625 7.781982421875 665.150871236911 382
stats: connect 87 1.2677464978448278 0.8847350049192407 125.42822265625 0.7939453125 3.166296204524254 67
stats: page 73 4233.861799684289 1825.0349370259378 10553.330078125 10.7568359375 1101.230162698116 209
stats: tr_signin_1_time 21 3561.909400576637 994.2915836134953 5663.324951171875 298.55615234375 1009.9450099779212 46
stats: 302 49 244
stats: tr_post_create_time 9 3450.4299045138887 664.9240754102107 4975.443115234375 40.050048828125 713.4147487331081 37
stats: 200 71 258
stats: tr_user_view_time 4 4703.327209472656 995.4799865490157 5819.256103515625 41.41796875 926.89818359375 25
stats: size_rcv 339299 1373549
stats: tr_claim_time 6 2793.338338216146 584.0562739073131 3931.01806640625 14.4150390625 390.932294921875 25
stats: newphase 1 3
stats: tr_signin_2_time 5 2785.8587890625 162.3395962964955 3029.911865234375 299.596923828125 967.9333577473958 30
stats: size_sent 106680 382405
stats: tr_rating_time 2 2830.8974609375 138.028564453125 2968.926025390625 14.68212890625 744.0299072265625 22
stats: connected 85 130
# stats: dump at 1479342750
stats: users 139 141
stats: {load,"tsung_controller@ip-172-31-28-25"} 1 0.03125 0.0 0.078125 0.03125 0.0546875 6
stats: {freemem,"tsung_controller@ip-172-31-28-25"} 1 3050.23046875 0.0 3065.796875 3050.23046875 3062.5110677083335 6
stats: {recvpackets,"tsung_controller@ip-172-31-28-25"} 1 677.0 0.0 732 105 354.8 5
stats: {sentpackets,"tsung_controller@ip-172-31-28-25"} 1 679.0 0.0 679 92 284.2 5
stats: {cpu,"tsung_controller@ip-172-31-28-25"} 1 3.6417322834645667 0.0 13.291461739554256 1.188118811881188 3.7452881028495786 6
stats: session 2 33003.57238769531 480.6114501953125 33484.183837890625 4771.221923828125 15987.169362386068 24
stats: users_count 9 165
stats: finish_users_count 2 26
stats: request 111 7494.784817532376 1019.1718241301011 9780.993896484375 7.781982421875 1282.7020098317666 502
stats: connect 11 1.1440651633522727 0.14207819127935142 125.42822265625 0.7939453125 2.093738902698864 154
stats: page 71 8598.567138671875 2420.928539917504 17191.868896484375 10.7568359375 1912.1596290101393 282
stats: tr_signin_1_time 23 7745.096255095109 1042.6803854913596 9693.920166015625 298.55615234375 1809.81444583722 67
stats: 302 41 285
stats: tr_post_create_time 6 7336.7995198567705 801.5361362120972 8990.673095703125 40.050048828125 1248.9177139945652 46
stats: 200 70 328
stats: tr_user_view_time 2 8538.341064453125 579.218017578125 9117.55908203125 41.41796875 1447.784945783944 29
stats: size_rcv 319459 1693008
stats: tr_claim_time 3 7635.824381510417 1008.4963364383749 9052.403076171875 14.4150390625 855.9141097530241 31
stats: newphase 0 3
stats: tr_signin_2_time 3 7315.44921875 1643.7098584034911 9639.992919921875 299.596923828125 1227.6369907924106 35
stats: size_sent 89181 471586
stats: tr_rating_time 1 6559.927001953125 0.0 6559.927001953125 14.68212890625 917.935536702474 24
stats: connected 10 140
# stats: dump at 1479342760
stats: users 135 141
stats: {load,"tsung_controller@ip-172-31-28-25"} 1 0.01953125 0.0 0.078125 0.01953125 0.05133928571428571 7
stats: {freemem,"tsung_controller@ip-172-31-28-25"} 1 3043.95703125 0.0 3065.796875 3043.95703125 3060.7566964285716 7
stats: {recvpackets,"tsung_controller@ip-172-31-28-25"} 1 445.0 0.0 732 105 408.5 6
stats: {sentpackets,"tsung_controller@ip-172-31-28-25"} 1 356.0 0.0 679 92 350.0 6
stats: {cpu,"tsung_controller@ip-172-31-28-25"} 1 1.6798418972332017 0.0 13.291461739554256 1.188118811881188 3.7304944143660057 7
stats: session 4 40191.55322265625 4044.9549140504823 46344.130126953125 4771.221923828125 17296.123441256008 26
stats: users_count 0 165
stats: finish_users_count 4 30
stats: request 78 11254.652002579123 1199.92977277814 13760.826904296875 7.781982421875 2407.565291487179 613
stats: connect 0 0 0 125.42822265625 0.7939453125 2.0304273200757583 165
stats: page 39 15510.725704877805 4567.524300477111 22263.491943359375 10.7568359375 3257.017796675814 353
stats: tr_signin_1_time 27 11698.40822120949 1063.0979323820054 13625.18310546875 298.55615234375 3326.608685980903 90
stats: 302 44 329
stats: tr_post_create_time 5 11870.46181640625 1258.1765826092535 13760.947998046875 40.050048828125 1951.3656146709736 52
stats: 200 34 362
stats: tr_user_view_time 2 13179.35595703125 321.528076171875 13500.884033203125 41.41796875 1905.2401792464718 31
stats: size_rcv 204424 1897432
stats: tr_claim_time 1 11522.47802734375 0.0 11522.47802734375 14.4150390625 1454.1414866727941 34
stats: newphase 0 3
stats: tr_signin_2_time 1 11528.51806640625 0.0 11528.51806640625 299.596923828125 1708.2537456311677 38
stats: size_sent 59632 531218
stats: tr_rating_time 5 10604.2337890625 632.8154616188467 11473.0869140625 14.68212890625 1143.6151953125 25
stats: connected -5 135
# stats: dump at 1479342770
stats: users 134 141
stats: {load,"tsung_controller@ip-172-31-28-25"} 1 0.01953125 0.0 0.078125 0.01953125 0.04736328125 8
stats: {freemem,"tsung_controller@ip-172-31-28-25"} 1 3041.66796875 0.0 3065.796875 3041.66796875 3058.65673828125 8
stats: {recvpackets,"tsung_controller@ip-172-31-28-25"} 1 221.0 0.0 732 105 413.7142857142857 7
stats: {sentpackets,"tsung_controller@ip-172-31-28-25"} 1 163.0 0.0 679 92 350.85714285714283 7
stats: {cpu,"tsung_controller@ip-172-31-28-25"} 1 1.185770750988142 0.0 13.291461739554256 1.185770750988142 3.4741628497244053 8
stats: session 1 51010.7060546875 0.0 51010.7060546875 4771.221923828125 20348.847412109375 30
stats: users_count 0 165
stats: finish_users_count 1 31
stats: request 57 16888.980134662834 1688.7991804681321 20544.742919921875 7.781982421875 3406.2234151704956 691
stats: connect 0 0 0 125.42822265625 0.7939453125 2.0304273200757583 165
stats: page 15 26192.86590169271 3128.8904924331428 29597.125 10.7568359375 4476.136695706115 392
stats: tr_signin_1_time 30 16476.152921549477 1524.3369446214472 18973.97802734375 298.55615234375 5258.562424879808 117
stats: 302 41 370
stats: tr_post_create_time 7 17053.73308454241 1758.3552140480956 19491.05908203125 40.050048828125 2821.4617727179275 57
stats: 200 12 374
stats: tr_user_view_time 1 20544.868896484375 0.0 20544.868896484375 41.41796875 2588.51992335464 33
stats: size_rcv 108456 2005888
stats: tr_claim_time 2 18423.6689453125 397.131103515625 18820.800048828125 14.4150390625 1741.8082449776787 35
stats: newphase 0 3
stats: tr_signin_2_time 1 18822.26416015625 0.0 18822.26416015625 299.596923828125 1960.0553948818108 39
stats: size_sent 50509 581727
stats: tr_rating_time 1 16972.72998046875 0.0 16972.72998046875 14.68212890625 2720.3849609375 30
stats: connected -1 134
stats: 500 4 4
# stats: dump at 1479342780
stats: users 131 141
stats: {load,"tsung_controller@ip-172-31-28-25"} 1 0.01953125 0.0 0.078125 0.01953125 0.044270833333333336 9
stats: {freemem,"tsung_controller@ip-172-31-28-25"} 1 3038.76953125 0.0 3065.796875 3038.76953125 3056.769097222222 9
stats: {recvpackets,"tsung_controller@ip-172-31-28-25"} 1 218.0 0.0 732 105 389.625 8
stats: {sentpackets,"tsung_controller@ip-172-31-28-25"} 1 156.0 0.0 679 92 327.375 8
stats: {cpu,"tsung_controller@ip-172-31-28-25"} 1 1.2845849802371543 0.0 13.291461739554256 1.185770750988142 3.2198970609759314 9
stats: session 3 62201.31306966146 4760.448300053853 68854.82299804688 4771.221923828125 21337.939626386087 31
stats: users_count 0 165
stats: finish_users_count 3 34
stats: request 175 13276.55479910714 5103.253595814983 21105.6201171875 7.781982421875 4433.652737377799 748
stats: connect 0 0 0 125.42822265625 0.7939453125 2.0304273200757583 165
stats: page 90 29352.538899739582 3743.4096756952845 38388.2548828125 10.7568359375 5276.507550963605 407
stats: tr_signin_1_time 18 18266.17780219184 1588.0608679848929 21105.702880859375 298.55615234375 7547.866607873618 147
stats: 302 84 454
stats: tr_post_create_time 37 12645.120156777872 5048.368877639169 20989.4990234375 40.050048828125 4378.1164474487305 64
stats: 200 87 461
stats: tr_user_view_time 3 13395.752278645834 5265.325917915819 20782.962890625 41.41796875 3116.647834329044 34
stats: size_rcv 547460 2553348
stats: tr_claim_time 2 7788.264404296875 2387.37353515625 18820.800048828125 14.4150390625 2643.530444995777 37
stats: newphase 0 3
stats: tr_signin_2_time 7 15603.648018973214 4888.381594718872 19689.360107421875 299.596923828125 2381.6106140136717 40
stats: 422 2 2
stats: tr_rating_time 2 17269.520141601563 142.3260498046875 17411.84619140625 14.68212890625 3180.1380260836695 31
stats: size_sent 106953 688680
stats: connected -2 132
stats: 500 2 6
# stats: dump at 1479342790
stats: users 126 141
stats: {load,"tsung_controller@ip-172-31-28-25"} 1 0.01171875 0.0 0.078125 0.01171875 0.041796875 10
stats: {freemem,"tsung_controller@ip-172-31-28-25"} 1 3035.6328125 0.0 3065.796875 3035.6328125 3054.969140625 10
stats: {recvpackets,"tsung_controller@ip-172-31-28-25"} 1 768.0 0.0 768 105 370.55555555555554 9
stats: {sentpackets,"tsung_controller@ip-172-31-28-25"} 1 474.0 0.0 679 92 308.3333333333333 9
stats: {cpu,"tsung_controller@ip-172-31-28-25"} 1 1.6848364717542121 0.0 13.291461739554256 1.185770750988142 3.026365852902054 10
stats: session 5 66128.15883789063 2424.3314278819175 70808.05688476563 4771.221923828125 24943.531400792737 34
stats: users_count 0 165
stats: finish_users_count 5 39
stats: request 221 4021.646015978507 812.9422991091735 21105.6201171875 7.781982421875 6110.259303794522 923
stats: connect 0 0 0 125.42822265625 0.7939453125 2.0304273200757583 165
stats: page 77 17488.273405793425 8542.870041807553 38388.2548828125 10.7568359375 9636.352262009557 497
stats: tr_signin_1_time 0 0 0 21105.702880859375 298.55615234375 8717.136919981062 165
stats: 302 149 603
stats: tr_post_create_time 55 3879.8494140625 590.0734112565742 20989.4990234375 40.050048828125 7406.622756806931 101
stats: 200 71 532
stats: tr_user_view_time 7 4610.154261997768 711.1815163447967 20782.962890625 41.41796875 3950.0887352195946 37
stats: size_rcv 441169 2994517
stats: tr_claim_time 9 3843.9961208767363 790.3856915947508 18820.800048828125 14.4150390625 2907.3629557291665 39
stats: newphase 0 3
stats: tr_signin_2_time 18 4505.51416015625 922.0070923363315 19689.360107421875 299.596923828125 4350.850227518285 47
stats: 422 1 3
stats: tr_rating_time 6 4369.4140218098955 894.3430973627112 17411.84619140625 14.68212890625 4034.039972478693 33
stats: size_sent 173699 862379
stats: connected -6 126
stats: 500 0 6
# stats: dump at 1479342800
stats: users 122 141
stats: {load,"tsung_controller@ip-172-31-28-25"} 1 0.01171875 0.0 0.078125 0.01171875 0.0390625 11
stats: {freemem,"tsung_controller@ip-172-31-28-25"} 1 3032.5 0.0 3065.796875 3032.5 3053.2112926136365 11
stats: {recvpackets,"tsung_controller@ip-172-31-28-25"} 1 586.0 0.0 768 105 410.3 10
stats: {sentpackets,"tsung_controller@ip-172-31-28-25"} 1 392.0 0.0 679 92 324.9 10
stats: {cpu,"tsung_controller@ip-172-31-28-25"} 1 1.7839444995044598 0.0 13.291461739554256 1.185770750988142 2.904408636434068 11
stats: session 4 76828.09423828125 2112.7967106355777 80261.35302734375 4771.221923828125 30223.611841446313 39
stats: users_count 0 165
stats: finish_users_count 4 43
stats: request 98 7943.272924306441 1632.0482788948198 21105.6201171875 7.781982421875 5706.777191375519 1144
stats: connect 0 0 0 125.42822265625 0.7939453125 2.0304273200757583 165
stats: page 41 14430.618836937881 2743.8134699819666 38388.2548828125 10.7568359375 10689.658756907393 574
stats: tr_signin_1_time 0 0 0 21105.702880859375 298.55615234375 8717.136919981062 165
stats: 302 61 664
stats: tr_post_create_time 9 6916.669867621527 1393.427679481941 20989.4990234375 40.050048828125 6163.20907827524 156
stats: 200 36 568
stats: tr_user_view_time 3 9841.762369791666 2260.479277822899 20782.962890625 41.41796875 4055.0991599343038 44
stats: size_rcv 217633 3212150
stats: tr_claim_time 4 7652.192687988281 1711.5491325650364 18820.800048828125 14.4150390625 3082.981674194336 48
stats: newphase 0 3
stats: tr_signin_2_time 25 8398.399580078125 1374.6762940686945 19689.360107421875 299.596923828125 4393.680239633413 65
stats: 422 0 3
stats: tr_rating_time 4 10105.838684082031 134.39038405496876 17411.84619140625 14.68212890625 4085.635980068109 39
stats: size_sent 71184 933563
stats: connected -4 122
stats: 500 0 6
stats: 404 1 1
# stats: dump at 1479342810
stats: users 120 141
stats: {load,"tsung_controller@ip-172-31-28-25"} 1 0.01171875 0.0 0.078125 0.01171875 0.036783854166666664 12
stats: {freemem,"tsung_controller@ip-172-31-28-25"} 1 3030.6953125 0.0 3065.796875 3030.6953125 3051.4853515625 12
stats: {recvpackets,"tsung_controller@ip-172-31-28-25"} 1 282.0 0.0 768 105 426.27272727272725 11
stats: {sentpackets,"tsung_controller@ip-172-31-28-25"} 1 189.0 0.0 679 92 331.0 11
stats: {cpu,"tsung_controller@ip-172-31-28-25"} 1 1.671583087512291 0.0 13.291461739554256 1.185770750988142 2.811036625023267 12
stats: session 2 83944.81091308594 1730.8619384765625 85675.6728515625 4771.221923828125 34558.91252952398 43
stats: users_count 0 165
stats: finish_users_count 2 45
stats: request 92 12233.721610691231 891.934818833157 21105.6201171875 7.781982421875 5883.247869175221 1242
stats: connect 0 0 0 125.42822265625 0.7939453125 2.0304273200757583 165
stats: page 46 20814.969519573708 2795.935222225538 38388.2548828125 10.7568359375 10939.056095576092 615
stats: tr_signin_1_time 0 0 0 21105.702880859375 298.55615234375 8717.136919981062 165
stats: 302 47 711
stats: tr_post_create_time 0 0 0 20989.4990234375 40.050048828125 6204.30693951231 165
stats: 200 41 609
stats: tr_user_view_time 3 13249.814371744791 1265.101442833815 20782.962890625 41.41796875 4424.460641414561 47
stats: size_rcv 215937 3428087
stats: tr_claim_time 7 12231.157505580357 664.5882117371127 18820.800048828125 14.4150390625 3434.4594444861777 52
stats: newphase 0 3
stats: tr_signin_2_time 30 12461.453588867187 944.8284980657182 19689.360107421875 299.596923828125 5506.102278645833 90
stats: 422 0 3
stats: tr_rating_time 2 12229.285400390625 1045.343505859375 17411.84619140625 14.68212890625 4645.65483625545 43
stats: size_sent 62969 996532
stats: connected -2 120
stats: 500 0 6
stats: 404 4 5
# stats: dump at 1479342820
stats: users 114 141
stats: {load,"tsung_controller@ip-172-31-28-25"} 1 0.01171875 0.0 0.078125 0.01171875 0.03485576923076923 13
stats: {freemem,"tsung_controller@ip-172-31-28-25"} 1 3029.37109375 0.0 3065.796875 3029.37109375 3049.8861177884614 13
stats: {recvpackets,"tsung_controller@ip-172-31-28-25"} 1 337.0 0.0 768 105 414.25 12
stats: {sentpackets,"tsung_controller@ip-172-31-28-25"} 1 211.0 0.0 679 92 319.1666666666667 12
stats: {cpu,"tsung_controller@ip-172-31-28-25"} 1 1.2845849802371543 0.0 13.291461739554256 1.185770750988142 2.723386352907038 13
stats: session 6 94276.18184407552 5192.776677150407 103095.46801757813 4771.221923828125 36753.84134657118 45
stats: users_count 0 165
stats: finish_users_count 6 51
stats: request 123 10877.481246824187 1557.5769343514037 21105.6201171875 7.781982421875 6321.211575486671 1334
stats: connect 0 0 0 125.42822265625 0.7939453125 2.0304273200757583 165
stats: page 68 22821.79439051011 4501.408327172746 38388.2548828125 10.7568359375 11626.336001028272 661
stats: tr_signin_1_time 0 0 0 21105.702880859375 298.55615234375 8717.136919981062 165
stats: 302 58 769
stats: tr_post_create_time 0 0 0 20989.4990234375 40.050048828125 6204.30693951231 165
stats: 200 61 670
stats: tr_user_view_time 9 12360.436686197916 1507.8950723974685 20782.962890625 41.41796875 4953.981865234375 50
stats: size_rcv 354528 3782615
stats: tr_claim_time 28 10323.361328125 1387.0209768692669 18820.800048828125 14.4150390625 4478.135485632945 59
stats: newphase 0 3
stats: tr_signin_2_time 26 11104.275381234977 1586.22836054875 19689.360107421875 299.596923828125 7244.940106201172 120
stats: 422 0 3
stats: tr_rating_time 6 10279.311686197916 1677.159846049461 17411.84619140625 14.68212890625 4982.705083550347 45
stats: size_sent 96137 1092669
stats: connected -6 114
stats: 500 0 6
stats: 404 4 9
# stats: dump at 1479342830
stats: users 103 141
stats: {load,"tsung_controller@ip-172-31-28-25"} 1 0.0 0.0 0.078125 0.0 0.033203125 14
stats: {freemem,"tsung_controller@ip-172-31-28-25"} 1 3027.2109375 0.0 3065.796875 3027.2109375 3048.4207589285716 14
stats: {recvpackets,"tsung_controller@ip-172-31-28-25"} 1 594.0 0.0 768 105 408.3076923076923 13
stats: {sentpackets,"tsung_controller@ip-172-31-28-25"} 1 361.0 0.0 679 92 310.84615384615387 13
stats: {cpu,"tsung_controller@ip-172-31-28-25"} 1 1.5794669299111548 0.0 13.291461739554256 1.185770750988142 2.6206148262877607 14
stats: session 11 98497.9853293679 1774.6768069948976 103095.46801757813 4771.221923828125 43521.17552274816 51
stats: users_count 0 165
stats: finish_users_count 11 62
stats: request 141 8469.396790849401 1051.0537972526752 21105.6201171875 7.781982421875 6705.852048770483 1457
stats: connect 0 0 0 125.42822265625 0.7939453125 2.0304273200757583 165
stats: page 80 17251.21482543945 4493.18308468212 38388.2548828125 10.7568359375 12670.631159443587 729
stats: tr_signin_1_time 0 0 0 21105.702880859375 298.55615234375 8717.136919981062 165
stats: 302 69 838
stats: tr_post_create_time 0 0 0 20989.4990234375 40.050048828125 6204.30693951231 165
stats: 200 68 738
stats: tr_user_view_time 38 8741.103734066615 1004.4449863643349 20782.962890625 41.41796875 6083.7800582627115 59
stats: size_rcv 539997 4322612
stats: tr_claim_time 44 8470.596246892756 958.1687552496936 18820.800048828125 14.4150390625 6359.357595860273 87
stats: newphase 0 3
stats: tr_signin_2_time 17 8717.241498161764 1010.606174071435 19689.360107421875 299.596923828125 7932.218990796233 146
stats: 422 1 4
stats: tr_rating_time 11 7903.140869140625 1057.3025895054718 17411.84619140625 14.68212890625 5605.83527209712 51
stats: size_sent 93696 1186365
stats: connected -11 103
stats: 500 0 6
stats: 404 3 12
# stats: dump at 1479342840
stats: users 16 141
stats: {load,"tsung_controller@ip-172-31-28-25"} 1 0.0 0.0 0.078125 0.0 0.030989583333333334 15
stats: {freemem,"tsung_controller@ip-172-31-28-25"} 1 3022.1328125 0.0 3065.796875 3022.1328125 3047.006770833333 15
stats: {recvpackets,"tsung_controller@ip-172-31-28-25"} 1 794.0 0.0 794 105 421.57142857142856 14
stats: {sentpackets,"tsung_controller@ip-172-31-28-25"} 1 417.0 0.0 679 92 314.42857142857144 14
stats: {cpu,"tsung_controller@ip-172-31-28-25"} 1 1.7786561264822136 0.0 13.291461739554256 1.185770750988142 2.5512049665293204 15
stats: session 87 101225.8187578574 2698.0564357469098 110395.57495117188 4771.221923828125 53275.12564972908 62
stats: users_count 0 165
stats: finish_users_count 87 149
stats: request 192 3960.010740915936 1746.8598892049463 21105.6201171875 7.781982421875 6861.458937777446 1598
stats: connect 0 0 0 125.42822265625 0.7939453125 2.0304273200757583 165
stats: page 156 7102.694317157453 5002.623788830258 38388.2548828125 10.7568359375 13123.59369749015 809
stats: tr_signin_1_time 0 0 0 21105.702880859375 298.55615234375 8717.136919981062 165
stats: 302 114 952
stats: tr_post_create_time 0 0 0 20989.4990234375 40.050048828125 6204.30693951231 165
stats: 200 78 816
stats: tr_user_view_time 68 4534.941503188187 1702.7807539878822 20782.962890625 41.41796875 7124.793457031251 97
stats: size_rcv 823850 5146462
stats: tr_claim_time 34 4603.32421875 1381.8077066945716 18820.800048828125 14.4150390625 7068.4759213979005 131
stats: newphase 0 3
stats: tr_signin_2_time 2 5195.240966796875 1194.465087890625 19689.360107421875 299.596923828125 8014.092503834356 163
stats: 422 0 4
stats: tr_rating_time 78 3030.210580679086 1561.120492832231 17411.84619140625 14.68212890625 6013.421748991936 62
stats: size_sent 90875 1277240
stats: connected -78 25
stats: 500 0 6
stats: 404 0 12
# stats: dump at 1479342850
stats: users 2 141
stats: {load,"tsung_controller@ip-172-31-28-25"} 1 0.0 0.0 0.078125 0.0 0.029052734375 16
stats: {freemem,"tsung_controller@ip-172-31-28-25"} 1 3026.3046875 0.0 3065.796875 3022.1328125 3045.4521484375 16
stats: {recvpackets,"tsung_controller@ip-172-31-28-25"} 1 671.0 0.0 794 105 446.4 15
stats: {sentpackets,"tsung_controller@ip-172-31-28-25"} 1 455.0 0.0 679 92 321.26666666666665 15
stats: {cpu,"tsung_controller@ip-172-31-28-25"} 1 2.366863905325444 0.0 13.291461739554256 1.185770750988142 2.502920664026376 16
stats: session 14 104632.47101702009 3213.9081112833405 110395.57495117188 4771.221923828125 81273.18135715972 149
stats: users_count 0 165
stats: finish_users_count 14 163
stats: request 23 481.10353685461956 682.4157591661655 21105.6201171875 7.781982421875 6550.242147946491 1790
stats: connect 0 0 0 125.42822265625 0.7939453125 2.0304273200757583 165
stats: page 23 481.10353685461956 682.4157591661655 38388.2548828125 8.65380859375 12150.266958286107 965
stats: tr_signin_1_time 0 0 0 21105.702880859375 298.55615234375 8717.136919981062 165
stats: 302 22 974
stats: tr_post_create_time 0 0 0 20989.4990234375 40.050048828125 6204.30693951231 165
stats: 200 0 816
stats: tr_user_view_time 0 0 0 20782.962890625 41.41796875 6057.460530598958 165
stats: size_rcv 25078 5171540
stats: tr_claim_time 0 0 0 18820.800048828125 14.4150390625 6560.505267518939 165
stats: newphase 0 3
stats: tr_signin_2_time 0 0 0 19689.360107421875 299.596923828125 7979.92460641572 165
stats: 422 1 5
stats: tr_rating_time 23 481.2133576766304 682.4089527097224 17411.84619140625 8.77197265625 4351.346955217634 140
stats: size_sent 12150 1289390
stats: connected -23 2
stats: 500 0 6
stats: 404 0 12
# stats: dump at 1479342860
stats: users 0 141
stats: {load,"tsung_controller@ip-172-31-28-25"} 1 0.0 0.0 0.078125 0.0 0.02734375 17
stats: {freemem,"tsung_controller@ip-172-31-28-25"} 1 3032.6171875 0.0 3065.796875 3022.1328125 3044.3258272058824 17
stats: {recvpackets,"tsung_controller@ip-172-31-28-25"} 1 15.0 0.0 794 15 460.4375 16
stats: {sentpackets,"tsung_controller@ip-172-31-28-25"} 1 18.0 0.0 679 18 329.625 16
stats: {cpu,"tsung_controller@ip-172-31-28-25"} 1 1.1822660098522169 0.0 13.291461739554256 1.1822660098522169 2.4949173252792627 17
stats: session 2 119332.34350585938 2318.3974609375 121650.74096679688 4771.221923828125 83279.50071444834 163
stats: users_count 0 165
stats: finish_users_count 2 165
stats: request 2 24.1485595703125 0.6175537109375 21105.6201171875 7.781982421875 6473.248111512341 1813
stats: connect 0 0 0 125.42822265625 0.7939453125 2.0304273200757583 165
stats: page 2 24.1485595703125 0.6175537109375 38388.2548828125 8.65380859375 11878.616392807438 988
stats: tr_signin_1_time 0 0 0 21105.702880859375 298.55615234375 8717.136919981062 165
stats: 302 2 976
stats: tr_post_create_time 0 0 0 20989.4990234375 40.050048828125 6204.30693951231 165
stats: 200 0 816
stats: tr_user_view_time 0 0 0 20782.962890625 41.41796875 6057.460530598958 165
stats: size_rcv 2116 5173656
stats: tr_claim_time 0 0 0 18820.800048828125 14.4150390625 6560.505267518939 165
stats: newphase 0 3
stats: tr_signin_2_time 0 0 0 19689.360107421875 299.596923828125 7979.92460641572 165
stats: 422 0 5
stats: tr_rating_time 2 24.2740478515625 0.6180419921875 17411.84619140625 8.77197265625 3805.254484398965 163
stats: size_sent 1745 1291135
stats: connected -2 0
stats: 500 0 6
stats: 404 0 12
# stats: dump at 1479342862
stats: users 0 141
stats: {load,"tsung_controller@ip-172-31-28-25"} 0 0 0 0.078125 0.0 0.025824652777777776 18
stats: {freemem,"tsung_controller@ip-172-31-28-25"} 0 0 0 3065.796875 3022.1328125 3043.675347222222 18
stats: {recvpackets,"tsung_controller@ip-172-31-28-25"} 0 0 0 794 15 434.2352941176471 17
stats: {sentpackets,"tsung_controller@ip-172-31-28-25"} 0 0 0 679 18 311.29411764705884 17
stats: {cpu,"tsung_controller@ip-172-31-28-25"} 0 0 0 13.291461739554256 1.1822660098522169 2.421992252199982 18
stats: session 0 0 0 121650.74096679688 4771.221923828125 83716.50486949575 165
stats: users_count 0 165
stats: finish_users_count 0 165
stats: request 0 0 0 21105.6201171875 7.781982421875 6466.1416657250775 1815
stats: connect 0 0 0 125.42822265625 0.7939453125 2.0304273200757583 165
stats: page 0 0 0 38388.2548828125 8.65380859375 11854.667972942314 990
stats: tr_signin_1_time 0 0 0 21105.702880859375 298.55615234375 8717.136919981062 165
stats: 302 0 976
stats: tr_post_create_time 0 0 0 20989.4990234375 40.050048828125 6204.30693951231 165
stats: 200 0 816
stats: tr_user_view_time 0 0 0 20782.962890625 41.41796875 6057.460530598958 165
stats: size_rcv 0 5173656
stats: tr_claim_time 0 0 0 18820.800048828125 14.4150390625 6560.505267518939 165
stats: newphase 0 3
stats: tr_signin_2_time 0 0 0 19689.360107421875 299.596923828125 7979.92460641572 165
stats: 422 0 5
stats: tr_rating_time 0 0 0 17411.84619140625 8.77197265625 3759.4244185014204 165
stats: size_sent 0 1291135
stats: connected 0 0
stats: 500 0 6
stats: 404 0 12
EndMonitor:{1479,342862,16955}
