
=INFO REPORT==== 17-Nov-2016::00:31:20 ===
    ts_config_server:(5:<0.72.0>) Config server started, logdir is "/home/ec2-user/.tsung/log/20161117-0031"
 
=INFO REPORT==== 17-Nov-2016::00:31:20 ===
              ts_mon:(5:<0.54.0>) starting monitor, global 

=INFO REPORT==== 17-Nov-2016::00:31:20 ===
           ts_config:(5:<0.72.0>) Reading config file: ./scripts/tsung_signin_post_claim_rate.xml

=INFO REPORT==== 17-Nov-2016::00:31:20 ===
      ts_config_http:(4:<0.72.0>) Get user agent: 100 "Mozilla/5.0 (Windows; U; Windows NT 5.2; fr-FR; rv:1.7.8) Gecko/20050511 Firefox/1.0.4" 

=INFO REPORT==== 17-Nov-2016::00:31:20 ===
           ts_config:(5:<0.72.0>) Session name for id 1 is "http-example"

=INFO REPORT==== 17-Nov-2016::00:31:20 ===
    ts_config_server:(4:<0.72.0>) SYSINFO:Tsung version: 1.6.0

=INFO REPORT==== 17-Nov-2016::00:31:20 ===
    ts_config_server:(4:<0.72.0>) SYSINFO:Erlang version: Erlang R14B04 (erts-5.8.5) [source] [64-bit] [rq:1] [async-threads:8] [kernel-poll:true]


=INFO REPORT==== 17-Nov-2016::00:31:20 ===
    ts_config_server:(4:<0.72.0>) SYSINFO:System architecture x86_64-redhat-linux-gnu

=INFO REPORT==== 17-Nov-2016::00:31:20 ===
    ts_config_server:(4:<0.72.0>) SYSINFO:Current path: /usr/lib/erlang/lib/tsung-1.6.0/ebin/tsung.beam

=INFO REPORT==== 17-Nov-2016::00:31:20 ===
              ts_mon:(5:<0.73.0>) Activate clients with text backend

=INFO REPORT==== 17-Nov-2016::00:31:20 ===
              ts_mon:(5:<0.73.0>) Starting tsung clients on hosts: [localhost]

=INFO REPORT==== 17-Nov-2016::00:31:20 ===
    ts_config_server:(5:<0.72.0>) Start a launcher on the controller beam localhost

=INFO REPORT==== 17-Nov-2016::00:31:20 ===
  ts_launcher_static:(5:<0.128.0>) Launch msg receive ("localhost")

=INFO REPORT==== 17-Nov-2016::00:31:20 ===
         ts_launcher:(5:<0.129.0>) Launch msg receive ("localhost")

=INFO REPORT==== 17-Nov-2016::00:31:20 ===
    ts_config_server:(5:<0.72.0>) All remote beams started, syncing 

=INFO REPORT==== 17-Nov-2016::00:31:20 ===
    ts_config_server:(5:<0.72.0>) Undefined ports_range config 

=INFO REPORT==== 17-Nov-2016::00:31:20 ===
    ts_config_server:(5:<0.72.0>) New arrival phase 1 for client "localhost" (last ? true): will start 30 users

=INFO REPORT==== 17-Nov-2016::00:31:20 ===
    ts_config_server:(5:<0.72.0>) New arrival phase 4 for client "localhost" (last ? true): will start 20 users

=INFO REPORT==== 17-Nov-2016::00:31:20 ===
    ts_config_server:(5:<0.72.0>) New arrival phase 5 for client "localhost" (last ? true): will start 40 users

=INFO REPORT==== 17-Nov-2016::00:31:20 ===
    ts_config_server:(5:<0.72.0>) New arrival phase 6 for client "localhost" (last ? true): will start 80 users

=INFO REPORT==== 17-Nov-2016::00:31:20 ===
         ts_launcher:(5:<0.129.0>) Expected duration of first phase: 30.0 sec (30 users) 

=INFO REPORT==== 17-Nov-2016::00:31:21 ===
         ts_launcher:(5:<0.129.0>) Activate launcher (30 users) in 1531 msec 

=INFO REPORT==== 17-Nov-2016::00:31:53 ===
         ts_launcher:(5:<0.129.0>) Phase duration exceeded, but not all users were launched (3 users, 10.0% of phase)

=INFO REPORT==== 17-Nov-2016::00:31:53 ===
         ts_launcher:(5:<0.129.0>) Start a new arrival phase (20 users, 0.002); expected duration=10.0 sec

=INFO REPORT==== 17-Nov-2016::00:32:03 ===
         ts_launcher:(5:<0.129.0>) Phase duration exceeded, but not all users were launched (2 users, 10.0% of phase)

=INFO REPORT==== 17-Nov-2016::00:32:03 ===
         ts_launcher:(5:<0.129.0>) Start a new arrival phase (40 users, 0.004); expected duration=10.0 sec

=INFO REPORT==== 17-Nov-2016::00:32:12 ===
         ts_launcher:(4:<0.129.0>) Need to wait 0.523 sec before changing phase, going to sleep

=INFO REPORT==== 17-Nov-2016::00:32:13 ===
         ts_launcher:(5:<0.129.0>) Waking up

=INFO REPORT==== 17-Nov-2016::00:32:13 ===
         ts_launcher:(5:<0.129.0>) Start a new arrival phase (80 users, 0.008); expected duration=10.0 sec

=INFO REPORT==== 17-Nov-2016::00:32:21 ===
         ts_launcher:(5:<0.129.0>) This was the last phase, wait for connected users to finish their session

=INFO REPORT==== 17-Nov-2016::00:32:45 ===
           ts_search:(5:<0.199.0>) Dyn Var (RE): no Match (varname=post_id), 

=INFO REPORT==== 17-Nov-2016::00:32:46 ===
           ts_search:(5:<0.245.0>) Dyn Var (RE): no Match (varname=authenticity_token), 

=INFO REPORT==== 17-Nov-2016::00:32:47 ===
           ts_search:(5:<0.224.0>) Dyn Var (RE): no Match (varname=post_id), 

=INFO REPORT==== 17-Nov-2016::00:32:47 ===
           ts_search:(5:<0.230.0>) Dyn Var (RE): no Match (varname=authenticity_token), 

=INFO REPORT==== 17-Nov-2016::00:32:51 ===
           ts_search:(5:<0.212.0>) Dyn Var (RE): no Match (varname=post_id), 

=INFO REPORT==== 17-Nov-2016::00:32:58 ===
           ts_search:(5:<0.245.0>) Dyn Var (RE): no Match (varname=post_id), 

=INFO REPORT==== 17-Nov-2016::00:32:58 ===
           ts_search:(5:<0.230.0>) Dyn Var (RE): no Match (varname=post_id), 

=INFO REPORT==== 17-Nov-2016::00:32:59 ===
           ts_search:(5:<0.301.0>) Dyn Var (RE): no Match (varname=authenticity_token), 

=INFO REPORT==== 17-Nov-2016::00:33:04 ===
           ts_search:(5:<0.301.0>) Dyn Var (RE): no Match (varname=post_id), 

=INFO REPORT==== 17-Nov-2016::00:33:14 ===
           ts_search:(5:<0.212.0>) Dyn Var (RE): no Match (varname=authenticity_token), 

=INFO REPORT==== 17-Nov-2016::00:33:20 ===
           ts_search:(5:<0.199.0>) Dyn Var (RE): no Match (varname=authenticity_token), 

=INFO REPORT==== 17-Nov-2016::00:33:26 ===
           ts_search:(5:<0.224.0>) Dyn Var (RE): no Match (varname=authenticity_token), 

=INFO REPORT==== 17-Nov-2016::00:33:28 ===
           ts_search:(5:<0.230.0>) Dyn Var (RE): no Match (varname=authenticity_token), 

=INFO REPORT==== 17-Nov-2016::00:33:32 ===
           ts_search:(5:<0.245.0>) Dyn Var (RE): no Match (varname=authenticity_token), 

=INFO REPORT==== 17-Nov-2016::00:33:34 ===
           ts_search:(5:<0.202.0>) Dyn Var (RE): no Match (varname=authenticity_token), 

=INFO REPORT==== 17-Nov-2016::00:33:43 ===
           ts_search:(5:<0.301.0>) Dyn Var (RE): no Match (varname=authenticity_token), 

=INFO REPORT==== 17-Nov-2016::00:33:57 ===
           ts_search:(5:<0.294.0>) Dyn Var (RE): no Match (varname=authenticity_token), 

=INFO REPORT==== 17-Nov-2016::00:34:21 ===
     ts_launcher_mgr:(5:<0.123.0>) No more active users 'tsung_controller@ip-172-31-28-25' "6632"
