# stats: dump at 1479264798
stats: users 6 6
stats: {load,"tsung_controller@ip-172-31-22-55"} 1 0.0 0 0.0 0.0 0 0
stats: {freemem,"tsung_controller@ip-172-31-22-55"} 1 3066.90625 0 3066.90625 3066.90625 0 0
stats: {cpu,"tsung_controller@ip-172-31-22-55"} 1 4.6270252819757465 0 4.6270252819757465 4.6270252819757465 0 0
stats: session 1 4886.716064453125 0 4886.716064453125 4886.716064453125 0 0
stats: users_count 7 7
stats: finish_users_count 1 1
stats: request 11 87.1105069247159 98.21485817505999 323.52490234375 12.852783203125 0 0
stats: connect 6 29.821980794270832 63.6018615775316 172.0380859375 1.013916015625 0 0
stats: page 9 106.50051540798611 121.86408054191699 368.64697265625 12.852783203125 0 0
stats: tr_new_post_page 2 46.3160400390625 1.2269287109375 47.54296875 45.089111328125 0 0
stats: 302 3 3
stats: tr_submit_new_post 1 94.68505859375 0 94.68505859375 94.68505859375 0 0
stats: 200 8 8
stats: tr_user_login 2 250.9954833984375 72.7095947265625 323.705078125 178.285888671875 0 0
stats: size_rcv 35477 35477
stats: size_sent 5219 5219
stats: connected 5 5
# stats: dump at 1479264808
stats: users 6 12
stats: {load,"tsung_controller@ip-172-31-22-55"} 1 0.0 0.0 0.0 0.0 0.0 1
stats: {freemem,"tsung_controller@ip-172-31-22-55"} 1 3065.9296875 0.0 3066.90625 3065.9296875 3066.90625 1
stats: {recvpackets,"tsung_controller@ip-172-31-22-55"} 1 87 0 87 87 0 0
stats: {sentpackets,"tsung_controller@ip-172-31-22-55"} 1 81 0 81 81 0 0
stats: {cpu,"tsung_controller@ip-172-31-22-55"} 1 2.066929133858268 0.0 4.6270252819757465 2.066929133858268 4.6270252819757465 1
stats: session 14 5009.17644391741 2288.6251750177 11648.47607421875 1277.781982421875 4886.716064453125 1
stats: users_count 14 21
stats: finish_users_count 14 15
stats: request 62 70.67821871849799 67.46517630787464 323.52490234375 10.64794921875 87.1105069247159 11
stats: connect 15 1.4733723958333333 0.490627553383783 172.0380859375 0.91015625 29.821980794270832 6
stats: page 45 97.41171332465278 73.39332073427423 368.64697265625 11.583984375 106.50051540798611 9
stats: tr_new_post_page 17 13.064481847426471 2.207079918538515 47.54296875 10.7529296875 46.3160400390625 2
stats: 302 31 34
stats: tr_submit_new_post 14 59.703909737723215 15.704089138031092 108.106201171875 48.266845703125 94.68505859375 1
stats: 200 31 39
stats: tr_user_login 17 171.8241756663603 22.42382690950597 323.705078125 161.0078125 250.9954833984375 2
stats: size_rcv 176159 211636
stats: size_sent 42909 48128
stats: connected 1 6
# stats: dump at 1479264818
stats: users 4 12
stats: {load,"tsung_controller@ip-172-31-22-55"} 1 0.0 0.0 0.0 0.0 0.0 2
stats: {freemem,"tsung_controller@ip-172-31-22-55"} 1 3065.66015625 0.0 3066.90625 3065.66015625 3066.41796875 2
stats: {recvpackets,"tsung_controller@ip-172-31-22-55"} 1 251.0 0.0 251 87 87.0 1
stats: {sentpackets,"tsung_controller@ip-172-31-22-55"} 1 226.0 0.0 226 81 81.0 1
stats: {cpu,"tsung_controller@ip-172-31-22-55"} 1 1.1892963330029733 0.0 4.6270252819757465 1.1892963330029733 3.346977207917007 2
stats: session 11 5230.354558771307 4467.71995962006 18243.19189453125 1277.781982421875 5001.012418619792 15
stats: users_count 9 30
stats: finish_users_count 11 26
stats: request 43 67.58454646620639 65.68566060523864 323.52490234375 10.64794921875 73.15431694135275 73
stats: connect 9 1.4803331163194444 0.37324541031393843 172.0380859375 0.91015625 9.572974795386905 21
stats: page 32 90.85200500488281 82.08573276261603 368.64697265625 11.583984375 98.926513671875 54
stats: tr_new_post_page 11 26.920587713068183 47.169340908120695 176.048095703125 10.7529296875 16.564645867598685 19
stats: 302 22 56
stats: tr_submit_new_post 11 57.14071377840909 13.229630628729467 108.106201171875 48.266845703125 62.035986328125 15
stats: 200 21 60
stats: tr_user_login 11 167.64990234375 10.174565472823986 323.705078125 159.541015625 180.15799753289474 19
stats: size_rcv 115140 326776
stats: size_sent 29782 77910
stats: connected -2 4
# stats: dump at 1479264828
stats: users 14 14
stats: {load,"tsung_controller@ip-172-31-22-55"} 1 0.0 0.0 0.0 0.0 0.0 3
stats: {freemem,"tsung_controller@ip-172-31-22-55"} 1 3065.5390625 0.0 3066.90625 3065.5390625 3066.1653645833335 3
stats: {recvpackets,"tsung_controller@ip-172-31-22-55"} 1 181.0 0.0 251 87 169.0 2
stats: {sentpackets,"tsung_controller@ip-172-31-22-55"} 1 153.0 0.0 226 81 153.5 2
stats: {cpu,"tsung_controller@ip-172-31-22-55"} 1 1.282051282051282 0.0 4.6270252819757465 1.1892963330029733 2.6277502496123293 3
stats: session 10 5231.625708007812 3770.131182875929 18243.19189453125 296.6669921875 5098.041785606971 26
stats: users_count 20 50
stats: finish_users_count 10 36
stats: request 46 55.57609757133152 59.741769606465354 323.52490234375 10.64794921875 71.08966064453125 116
stats: connect 16 1.3463287353515625 0.289834730423763 172.0380859375 0.89013671875 7.145182291666667 30
stats: page 36 71.03790283203125 67.42961194090535 368.64697265625 11.583984375 95.92204533066861 86
stats: tr_new_post_page 10 12.056005859375 0.5027371256055775 176.048095703125 10.7529296875 20.361824544270835 30
stats: 302 20 76
stats: tr_submit_new_post 10 60.1139892578125 16.713755350481517 109.218994140625 48.266845703125 59.96490948016827 26
stats: 200 26 86
stats: tr_user_login 10 162.33447265625 1.4159677810478757 323.705078125 159.541015625 175.57169596354166 30
stats: size_rcv 130856 457632
stats: newphase 1 1
stats: size_sent 28686 106596
stats: connected 6 10
# stats: dump at 1479264838
stats: users 25 25
stats: {load,"tsung_controller@ip-172-31-22-55"} 1 0.0 0.0 0.0 0.0 0.0 4
stats: {freemem,"tsung_controller@ip-172-31-22-55"} 1 3065.30078125 0.0 3066.90625 3065.30078125 3066.0087890625 4
stats: {recvpackets,"tsung_controller@ip-172-31-22-55"} 1 272.0 0.0 272 87 173.0 3
stats: {sentpackets,"tsung_controller@ip-172-31-22-55"} 1 248.0 0.0 248 81 153.33333333333334 3
stats: {cpu,"tsung_controller@ip-172-31-22-55"} 1 1.4851485148514851 0.0 4.6270252819757465 1.1892963330029733 2.2913255077220676 4
stats: session 23 4661.290739639946 2744.367010471872 18243.19189453125 296.6669921875 5135.148430718316 36
stats: users_count 34 84
stats: finish_users_count 23 59
stats: request 112 68.97902570452011 78.92311100076317 340.7919921875 10.37890625 66.68457483362269 162
stats: connect 34 1.3908547794117645 0.3299798069029878 172.0380859375 0.89013671875 5.128189750339674 46
stats: page 84 92.00241234188987 92.90200863263226 368.64697265625 10.776123046875 88.57918360975923 122
stats: tr_new_post_page 28 19.223397391183035 30.026791683210114 176.048095703125 10.470947265625 18.285369873046875 40
stats: 302 50 126
stats: tr_submit_new_post 22 63.284479314630694 47.66779025855795 280.991943359375 47.5498046875 60.006320529513886 36
stats: 200 62 148
stats: tr_user_login 28 187.15977260044642 47.29830070493631 340.910888671875 159.541015625 172.26239013671875 40
stats: size_rcv 319596 777228
stats: newphase 1 2
stats: size_sent 72218 178814
stats: connected 12 22
# stats: dump at 1479264848
stats: users 48 52
stats: {load,"tsung_controller@ip-172-31-22-55"} 1 0.0 0.0 0.0 0.0 0.0 5
stats: {freemem,"tsung_controller@ip-172-31-22-55"} 1 3063.30859375 0.0 3066.90625 3063.30859375 3065.8671875 5
stats: {recvpackets,"tsung_controller@ip-172-31-22-55"} 1 567.0 0.0 567 87 197.75 4
stats: {sentpackets,"tsung_controller@ip-172-31-22-55"} 1 514.0 0.0 514 81 177.0 4
stats: {cpu,"tsung_controller@ip-172-31-22-55"} 1 2.4630541871921183 0.0 4.6270252819757465 1.1892963330029733 2.130090109147951 5
stats: session 49 4672.229013871173 3224.2009650976843 18243.19189453125 296.6669921875 4950.4242460606465 59
stats: users_count 72 156
stats: finish_users_count 49 108
stats: request 229 162.69035932382633 184.71481776079534 960.047119140625 10.37890625 67.62245256187273 274
stats: connect 74 1.5952973236908783 2.2030933416156615 172.0380859375 0.724853515625 3.5398223876953123 80
stats: page 172 210.78027485692223 223.2891372132505 963.210205078125 10.776123046875 89.97506328693872 206
stats: tr_new_post_page 55 70.30057705965908 117.82975828769501 569.873046875 10.470947265625 18.671616498161764 68
stats: 302 101 227
stats: tr_submit_new_post 44 211.96224698153418 232.33593046465938 960.1591796875 47.5498046875 61.24976006869612 58
stats: 200 128 276
stats: tr_user_login 57 311.3612467447917 166.76244218073626 776.636962890625 159.541015625 178.3966064453125 68
stats: size_rcv 653625 1430853
stats: newphase 1 3
stats: size_sent 154672 333486
stats: connected 30 52
# stats: dump at 1479264858
stats: users 6 52
stats: {load,"tsung_controller@ip-172-31-22-55"} 1 0.078125 0.0 0.078125 0.0 0.0 6
stats: {freemem,"tsung_controller@ip-172-31-22-55"} 1 3060.8046875 0.0 3066.90625 3060.8046875 3065.4407552083335 6
stats: {recvpackets,"tsung_controller@ip-172-31-22-55"} 1 1128.0 0.0 1128 87 271.6 5
stats: {sentpackets,"tsung_controller@ip-172-31-22-55"} 1 1043.0 0.0 1043 81 244.4 5
stats: {cpu,"tsung_controller@ip-172-31-22-55"} 1 4.031465093411996 0.0 4.6270252819757465 1.1892963330029733 2.185584122155312 6
stats: session 49 7565.492137675383 4356.949860934119 24897.486083984375 296.6669921875 4824.206038863571 108
stats: users_count 7 163
stats: finish_users_count 49 157
stats: request 139 161.92949078237407 184.22051535704435 960.047119140625 10.37890625 110.90386538192716 503
stats: connect 9 3.8692491319444446 7.081301279033939 172.0380859375 0.724853515625 2.605440214082792 154
stats: page 103 228.33538759101936 243.49776211950453 1170.046142578125 10.776123046875 144.94463045634922 378
stats: tr_new_post_page 38 74.02474814967105 111.55320676907874 569.873046875 10.470947265625 41.75773707444105 123
stats: 302 91 318
stats: tr_submit_new_post 55 125.7897727272727 168.35608244066924 960.1591796875 47.5498046875 126.26298971737135 102
stats: 200 48 324
stats: tr_user_login 36 325.8468288845486 178.03384176064912 827.429931640625 159.541015625 239.028482421875 125
stats: size_rcv 332651 1763504
stats: newphase 0 3
stats: size_sent 104197 437683
stats: connected -46 6
# stats: dump at 1479264865
stats: users 0 52
stats: {load,"tsung_controller@ip-172-31-22-55"} 1 0.0703125 0.0 0.078125 0.0 0.011160714285714286 7
stats: {freemem,"tsung_controller@ip-172-31-22-55"} 1 3061.98828125 0.0 3066.90625 3060.8046875 3064.7784598214284 7
stats: {recvpackets,"tsung_controller@ip-172-31-22-55"} 1 367.0 0.0 1128 87 414.3333333333333 6
stats: {sentpackets,"tsung_controller@ip-172-31-22-55"} 1 310.0 0.0 1043 81 377.5 6
stats: {cpu,"tsung_controller@ip-172-31-22-55"} 1 1.87192118226601 0.0 4.6270252819757465 1.1892963330029733 2.44928140376341 7
stats: session 6 13892.004353841146 2550.9384626320157 24897.486083984375 296.6669921875 5679.766668429041 157
stats: users_count 0 163
stats: finish_users_count 6 163
stats: request 10 88.5138916015625 64.5390266578546 960.047119140625 10.37890625 121.95146963529496 642
stats: connect 0 0 0 172.0380859375 0.724853515625 2.675221074578221 163
stats: page 8 110.68472290039063 60.547688681757066 1170.046142578125 10.776123046875 162.80169487396049 481
stats: tr_new_post_page 2 11.20703125 0.47998046875 569.873046875 10.470947265625 49.37355335306677 161
stats: 302 8 326
stats: tr_submit_new_post 6 89.773193359375 55.85275403796013 960.1591796875 47.5498046875 126.09721306478903 157
stats: 200 2 326
stats: tr_user_login 2 162.66552734375 0.78857421875 827.429931640625 159.541015625 258.441280388684 161
stats: size_rcv 19620 1783124
stats: newphase 0 3
stats: size_sent 9483 447166
stats: connected -6 0
EndMonitor:{1479,264865,898808}
