# stats: dump at 1479266354
stats: users 11 11
stats: {load,"tsung_controller@ip-172-31-22-55"} 1 0.0 0 0.0 0.0 0 0
stats: {freemem,"tsung_controller@ip-172-31-22-55"} 1 3065.76171875 0 3065.76171875 3065.76171875 0 0
stats: {cpu,"tsung_controller@ip-172-31-22-55"} 1 3.2455807940081587 0 3.2455807940081587 3.2455807940081587 0 0
stats: session 1 4035.231201171875 0 4035.231201171875 4035.231201171875 0 0
stats: users_count 12 12
stats: finish_users_count 1 1
stats: request 33 63.75201231060606 83.9723351250314 317.053955078125 10.125 0 0
stats: connect 10 13.943115234375 37.02432936660545 125.011962890625 1.14892578125 0 0
stats: page 21 100.24624488467262 99.7856409346163 332.5068359375 12.138916015625 0 0
stats: tr_signin_1_time 6 213.55314127604166 72.64028596537955 317.221923828125 161.35302734375 0 0
stats: 302 13 13
stats: tr_post_create_time 2 50.08203125 2.01611328125 52.09814453125 48.06591796875 0 0
stats: 200 20 20
stats: tr_claim_time 1 33.35009765625 0 33.35009765625 33.35009765625 0 0
stats: size_rcv 96892 96892
stats: tr_signin_2_time 1 161.43505859375 0 161.43505859375 161.43505859375 0 0
stats: size_sent 20249 20249
stats: tr_rating_time 1 24.46484375 0 24.46484375 24.46484375 0 0
stats: connected 9 9
stats: tr_user_view_time 1 77.7841796875 0 77.7841796875 77.7841796875 0 0
# stats: dump at 1479266364
stats: users 13 15
stats: {load,"tsung_controller@ip-172-31-22-55"} 1 0.0 0.0 0.0 0.0 0.0 1
stats: {freemem,"tsung_controller@ip-172-31-22-55"} 1 3064.5625 0.0 3065.76171875 3064.5625 3065.76171875 1
stats: {recvpackets,"tsung_controller@ip-172-31-22-55"} 1 202 0 202 202 0 0
stats: {sentpackets,"tsung_controller@ip-172-31-22-55"} 1 184 0 184 184 0 0
stats: {cpu,"tsung_controller@ip-172-31-22-55"} 1 2.1696252465483234 0.0 3.2455807940081587 2.1696252465483234 3.2455807940081587 1
stats: session 8 9956.654205322266 3202.277373896203 15862.447021484375 4035.231201171875 4035.231201171875 1
stats: users_count 10 22
stats: finish_users_count 8 9
stats: request 126 61.70425463479663 67.39124243389296 317.053955078125 9.498046875 63.75201231060606 33
stats: connect 12 1.4665730794270833 0.3800040980054991 125.011962890625 0.989990234375 13.943115234375 10
stats: page 66 115.43803267045455 81.88603219034964 335.777099609375 10.547119140625 100.24624488467262 21
stats: tr_signin_1_time 13 170.08086688701923 6.829447181400343 317.221923828125 160.431884765625 213.55314127604166 6
stats: 302 68 81
stats: tr_post_create_time 13 66.61474609375 25.726130847196377 141.658935546875 47.953857421875 50.08203125 2
stats: 200 58 78
stats: tr_claim_time 10 22.02255859375 5.0930195643930976 37.171875 18.822021484375 33.35009765625 1
stats: size_rcv 348012 444904
stats: tr_signin_2_time 11 174.55244584517047 25.055504067604442 250.526123046875 160.032958984375 161.43505859375 1
stats: size_sent 88434 108683
stats: tr_rating_time 8 45.757171630859375 51.452411450446114 181.453857421875 22.114990234375 24.46484375 1
stats: connected 4 13
stats: tr_user_view_time 10 108.3775634765625 70.62606235112358 253.324951171875 50.531982421875 77.7841796875 1
# stats: dump at 1479266374
stats: users 12 15
stats: {load,"tsung_controller@ip-172-31-22-55"} 1 0.0 0.0 0.0 0.0 0.0 2
stats: {freemem,"tsung_controller@ip-172-31-22-55"} 1 3062.85546875 0.0 3065.76171875 3062.85546875 3065.162109375 2
stats: {recvpackets,"tsung_controller@ip-172-31-22-55"} 1 466.0 0.0 466 202 202.0 1
stats: {sentpackets,"tsung_controller@ip-172-31-22-55"} 1 356.0 0.0 356 184 184.0 1
stats: {cpu,"tsung_controller@ip-172-31-22-55"} 1 1.582591493570722 0.0 3.2455807940081587 1.582591493570722 2.707603020278241 2
stats: session 7 13041.337960379464 3386.709205132407 17997.89111328125 4035.231201171875 9298.718315972223 9
stats: users_count 6 28
stats: finish_users_count 7 16
stats: request 76 50.63688900596217 55.2074717079152 317.053955078125 9.498046875 62.12926094487028 159
stats: connect 5 1.555224609375 0.34583483929287057 125.011962890625 0.989990234375 7.137728604403409 22
stats: page 40 100.31845703124999 69.79948738081634 335.777099609375 10.547119140625 111.77104941181753 87
stats: tr_signin_1_time 5 162.894287109375 2.5592093575967447 317.221923828125 160.431884765625 183.80895353618422 19
stats: 302 42 123
stats: tr_post_create_time 8 50.546600341796875 1.1869779583560203 141.658935546875 47.953857421875 64.41038411458334 15
stats: 200 34 112
stats: tr_claim_time 8 37.7235107421875 48.21603683071673 165.26708984375 18.2900390625 23.05233487215909 11
stats: size_rcv 213281 658185
stats: tr_signin_2_time 7 164.92940848214286 5.0813629783811685 250.526123046875 160.032958984375 173.4593302408854 12
stats: size_sent 54504 163187
stats: tr_rating_time 6 21.762247721354168 1.0987184882018226 181.453857421875 19.965087890625 43.391357421875 9
stats: connected -1 12
stats: tr_user_view_time 8 72.34490966796875 15.341757883815156 253.324951171875 50.23095703125 105.5963467684659 11
# stats: dump at 1479266384
stats: users 22 22
stats: {load,"tsung_controller@ip-172-31-22-55"} 1 0.0 0.0 0.0 0.0 0.0 3
stats: {freemem,"tsung_controller@ip-172-31-22-55"} 1 3062.64453125 0.0 3065.76171875 3062.64453125 3064.3932291666665 3
stats: {recvpackets,"tsung_controller@ip-172-31-22-55"} 1 241.0 0.0 466 202 334.0 2
stats: {sentpackets,"tsung_controller@ip-172-31-22-55"} 1 195.0 0.0 356 184 270.0 2
stats: {cpu,"tsung_controller@ip-172-31-22-55"} 1 1.3820335636722607 0.0 3.2455807940081587 1.3820335636722607 2.3325991780424014 3
stats: session 10 14364.8802734375 5028.553218577426 22111.850830078125 4035.231201171875 10936.11441040039 16
stats: users_count 20 48
stats: finish_users_count 10 26
stats: request 111 52.40844066722974 60.99350926253196 317.053955078125 9.498046875 58.412578956117024 235
stats: connect 21 1.4712262834821428 0.4219227804863049 125.011962890625 0.9169921875 6.103931568287037 27
stats: page 68 85.60295912798713 74.3887031117946 335.777099609375 10.547119140625 108.16393370140256 127
stats: tr_signin_1_time 11 168.49141068892047 8.15720426677738 317.221923828125 160.31494140625 179.45173136393228 24
stats: 302 54 177
stats: tr_post_create_time 7 51.415980747767854 4.245353487667379 141.658935546875 46.56591796875 59.588198454483695 23
stats: 200 57 169
stats: tr_claim_time 9 20.65426974826389 2.3836730610543735 165.26708984375 18.14697265625 29.229672080592106 19
stats: size_rcv 332156 990341
stats: tr_signin_2_time 9 167.62057834201389 5.919914192119423 250.526123046875 160.032958984375 170.31672748766448 19
stats: newphase 1 1
stats: tr_rating_time 11 27.503617720170453 11.986168927226078 181.453857421875 19.965087890625 34.73971354166667 15
stats: size_sent 75691 238878
stats: tr_user_view_time 9 94.91023763020833 56.08954218717334 253.324951171875 50.23095703125 91.59574167351974 19
stats: connected 10 22
# stats: dump at 1479266394
stats: users 39 40
stats: {load,"tsung_controller@ip-172-31-22-55"} 1 0.0 0.0 0.0 0.0 0.0 4
stats: {freemem,"tsung_controller@ip-172-31-22-55"} 1 3061.90625 0.0 3065.76171875 3061.90625 3063.9560546875 4
stats: {recvpackets,"tsung_controller@ip-172-31-22-55"} 1 490.0 0.0 490 202 303.0 3
stats: {sentpackets,"tsung_controller@ip-172-31-22-55"} 1 395.0 0.0 395 184 245.0 3
stats: {cpu,"tsung_controller@ip-172-31-22-55"} 1 1.6831683168316833 0.0 3.2455807940081587 1.3820335636722607 2.094957774449866 4
stats: session 11 11214.103338068182 5430.093169747915 23818.033935546875 2784.2451171875 12254.87051156851 26
stats: users_count 28 76
stats: finish_users_count 11 37
stats: request 224 104.29663848876952 140.36723528538738 963.408935546875 9.498046875 56.486395863439306 346
stats: connect 26 1.385986328125 0.39301180617518233 125.011962890625 0.785888671875 4.0771230061848955 48
stats: page 119 196.38820616137076 190.92228474662977 984.0849609375 10.547119140625 100.29651692708333 195
stats: tr_signin_1_time 25 213.98923828125 80.86008762579785 479.745849609375 160.31494140625 176.0070591517857 35
stats: 302 116 293
stats: tr_post_create_time 23 117.81251061480978 112.33005485279996 478.867919921875 46.56591796875 57.68134765625 30
stats: 200 108 277
stats: tr_claim_time 17 67.9267578125 79.04906822125692 231.06494140625 18.14697265625 26.473292759486608 28
stats: size_rcv 626798 1617139
stats: tr_signin_2_time 17 288.7379365808824 170.29586586407538 696.989013671875 160.032958984375 169.45010811941964 28
stats: newphase 1 2
stats: tr_rating_time 11 113.5243252840909 100.5421248993136 302.583984375 19.965087890625 31.67828838641827 26
stats: size_sent 152235 391113
stats: tr_user_view_time 17 250.24517463235293 254.2520384125892 963.515869140625 48.93505859375 92.66111537388393 28
stats: connected 15 37
# stats: dump at 1479266404
stats: users 89 90
stats: {load,"tsung_controller@ip-172-31-22-55"} 1 0.0 0.0 0.0 0.0 0.0 5
stats: {freemem,"tsung_controller@ip-172-31-22-55"} 1 3059.15234375 0.0 3065.76171875 3059.15234375 3063.54609375 5
stats: {recvpackets,"tsung_controller@ip-172-31-22-55"} 1 884.0 0.0 884 202 349.75 4
stats: {sentpackets,"tsung_controller@ip-172-31-22-55"} 1 695.0 0.0 695 184 282.5 4
stats: {cpu,"tsung_controller@ip-172-31-22-55"} 1 2.7613412228796843 0.0 3.2455807940081587 1.3820335636722607 2.0125998829262293 5
stats: session 19 14009.43956877056 4583.457768625717 23818.033935546875 2784.2451171875 11945.453243771115 37
stats: users_count 69 145
stats: finish_users_count 19 56
stats: request 345 491.9919815726903 474.29822313015245 2141.39892578125 9.498046875 75.27498243900767 570
stats: connect 71 1.900149922975352 1.4499044822332268 125.011962890625 0.785888671875 3.131588497677365 74
stats: page 190 750.6945440995067 755.2045250576875 3143.8740234375 10.547119140625 136.71343099995025 314
stats: tr_signin_1_time 52 709.8107487605168 418.57477400303884 1606.901123046875 160.31494140625 191.83296712239584 60
stats: 302 173 466
stats: tr_post_create_time 30 595.183251953125 474.76959346606696 1688.953125 46.56591796875 83.77600327977595 53
stats: 200 172 449
stats: tr_claim_time 20 296.83641357421874 427.66975150377806 1417.997802734375 18.14697265625 42.13349066840278 45
stats: size_rcv 954973 2572112
stats: tr_signin_2_time 26 570.2631178635818 408.8304296526312 1420.30908203125 160.032958984375 214.5143988715278 45
stats: newphase 1 3
stats: tr_rating_time 18 505.49537489149304 447.8300245992409 1439.638916015625 19.965087890625 56.01089395059122 37
stats: size_sent 261705 652818
stats: tr_user_view_time 18 716.4650200737847 710.5509436914473 2141.5400390625 48.93505859375 152.19287109375 45
stats: connected 53 90
# stats: dump at 1479266414
stats: users 86 103
stats: {load,"tsung_controller@ip-172-31-22-55"} 1 0.0 0.0 0.0 0.0 0.0 6
stats: {freemem,"tsung_controller@ip-172-31-22-55"} 1 3050.69921875 0.0 3065.76171875 3050.69921875 3062.8138020833335 6
stats: {recvpackets,"tsung_controller@ip-172-31-22-55"} 1 1583.0 0.0 1583 202 456.6 5
stats: {sentpackets,"tsung_controller@ip-172-31-22-55"} 1 1279.0 0.0 1279 184 365.0 5
stats: {cpu,"tsung_controller@ip-172-31-22-55"} 1 4.416094210009813 0.0 4.416094210009813 1.3820335636722607 2.137390106251805 6
stats: session 22 16549.576926491478 7628.823409403289 44925.408935546875 2784.2451171875 12645.734318324498 56
stats: users_count 19 164
stats: finish_users_count 22 78
stats: request 450 939.3267968750002 657.9196615879099 2934.694091796875 9.498046875 232.39778539105194 915
stats: connect 19 2.9821134868421053 5.318491015835519 125.011962890625 0.785888671875 2.528608230064655 145
stats: page 216 1889.2121152524594 1236.4261659506703 5551.06494140625 10.547119140625 368.1745649065291 504
stats: tr_signin_1_time 48 1032.5353037516277 517.4288701850863 2114.841796875 160.31494140625 432.3226514543806 112
stats: 302 256 722
stats: tr_post_create_time 61 1057.0260029777155 643.0008848230268 2181.971923828125 46.56591796875 268.6219967761672 83
stats: 200 194 643
stats: tr_claim_time 29 853.1206559806035 737.5302424078394 2326.7919921875 18.14697265625 120.50362079326923 65
stats: size_rcv 1194662 3766774
stats: tr_signin_2_time 34 1077.311336741728 696.5442858503634 2206.492919921875 160.032958984375 344.78857765735034 71
stats: newphase 0 3
stats: tr_rating_time 22 1004.4813454367898 681.129512655874 2338.05712890625 19.965087890625 203.11490589488636 55
stats: size_sent 328816 981634
stats: tr_user_view_time 26 1045.0296630859373 811.2186849327053 2934.796142578125 48.93505859375 313.41348508804566 63
stats: connected -3 87
# stats: dump at 1479266424
stats: users 25 103
stats: {load,"tsung_controller@ip-172-31-22-55"} 1 0.0 0.0 0.0 0.0 0.0 7
stats: {freemem,"tsung_controller@ip-172-31-22-55"} 1 3045.2578125 0.0 3065.76171875 3045.2578125 3061.0831473214284 7
stats: {recvpackets,"tsung_controller@ip-172-31-22-55"} 1 1598.0 0.0 1598 202 644.3333333333334 6
stats: {sentpackets,"tsung_controller@ip-172-31-22-55"} 1 1095.0 0.0 1279 184 517.3333333333334 6
stats: {cpu,"tsung_controller@ip-172-31-22-55"} 1 3.1746031746031744 0.0 4.416094210009813 1.3820335636722607 2.4629192639315205 7
stats: session 61 20631.16257764472 4542.516234434459 44925.408935546875 2784.2451171875 13746.818130884416 78
stats: users_count 0 164
stats: finish_users_count 61 139
stats: request 383 787.4530899406411 721.9389105047999 3120.012939453125 9.498046875 465.45130566048545 1365
stats: connect 0 0 0 125.011962890625 0.785888671875 2.581148473227896 164
stats: page 222 1546.7041664467197 1398.7651183281882 5551.06494140625 10.547119140625 824.4858300103082 720
stats: tr_signin_1_time 4 1008.1480712890625 817.2601891383356 2357.72802734375 160.31494140625 612.3864471435547 160
stats: 302 220 942
stats: tr_post_create_time 20 985.6983642578125 760.375905144891 2487.469970703125 46.56591796875 602.5986938476565 144
stats: 200 163 806
stats: tr_claim_time 63 625.2000635540677 595.1904960538037 2326.7919921875 18.14697265625 346.5237699468085 94
stats: size_rcv 1308339 5075113
stats: tr_signin_2_time 52 1005.0779982346755 625.0501363698882 2377.739013671875 160.032958984375 581.9864234561012 105
stats: newphase 0 3
stats: tr_rating_time 59 439.9193301443326 586.1613199488004 2539.195068359375 19.965087890625 432.0767457640016 77
stats: size_sent 260551 1242185
stats: tr_user_view_time 68 1030.6037525850181 824.1332201567582 3120.114990234375 48.93505859375 527.1440539413622 89
stats: connected -59 28
# stats: dump at 1479266433
stats: users 0 103
stats: {load,"tsung_controller@ip-172-31-22-55"} 1 0.0 0.0 0.0 0.0 0.0 8
stats: {freemem,"tsung_controller@ip-172-31-22-55"} 1 3043.93359375 0.0 3065.76171875 3043.93359375 3059.10498046875 8
stats: {recvpackets,"tsung_controller@ip-172-31-22-55"} 1 1384.0 0.0 1598 202 780.5714285714286 7
stats: {sentpackets,"tsung_controller@ip-172-31-22-55"} 1 873.0 0.0 1279 184 599.8571428571429 7
stats: {cpu,"tsung_controller@ip-172-31-22-55"} 1 2.380952380952381 0.0 4.416094210009813 1.3820335636722607 2.551879752765477 8
stats: session 25 24141.33236328125 4827.913245463234 44925.408935546875 2784.2451171875 16768.005262196493 139
stats: users_count 0 164
stats: finish_users_count 25 164
stats: request 56 76.23712158203126 87.73404145525257 3120.012939453125 9.498046875 536.0043281886889 1748
stats: connect 0 0 0 125.011962890625 0.785888671875 2.581148473227896 164
stats: page 42 101.67783900669643 103.99218959793463 5551.06494140625 10.547119140625 994.6901513360866 942
stats: tr_signin_1_time 0 0 0 2357.72802734375 160.31494140625 622.039169683689 164
stats: 302 42 984
stats: tr_post_create_time 0 0 0 2487.469970703125 46.56591796875 649.318165848895 164
stats: 200 14 820
stats: tr_claim_time 7 28.9326171875 15.248475093448159 2326.7919921875 18.14697265625 458.34928903761954 157
stats: size_rcv 151152 5226265
stats: tr_signin_2_time 7 219.59375 73.47982088716799 2377.739013671875 160.032958984375 722.1186647840366 157
stats: newphase 0 3
stats: tr_rating_time 28 54.87571498325893 81.90613970559454 2539.195068359375 19.965087890625 435.4790433995864 136
stats: size_sent 41596 1283781
stats: tr_user_view_time 7 112.59092494419643 25.614937954327367 3120.114990234375 48.93505859375 745.2030316978502 157
stats: connected -28 0
EndMonitor:{1479,266433,60980}
