
=INFO REPORT==== 15-Nov-2016::22:09:40 ===
    ts_config_server:(5:<0.72.0>) Config server started, logdir is "/home/ec2-user/.tsung/log/20161115-2209"
 
=INFO REPORT==== 15-Nov-2016::22:09:40 ===
              ts_mon:(5:<0.54.0>) starting monitor, global 

=INFO REPORT==== 15-Nov-2016::22:09:40 ===
           ts_config:(5:<0.72.0>) Reading config file: ./scripts/tsung_signin_post_claim_rate.xml

=INFO REPORT==== 15-Nov-2016::22:09:40 ===
      ts_config_http:(4:<0.72.0>) Get user agent: 100 "Mozilla/5.0 (Windows; U; Windows NT 5.2; fr-FR; rv:1.7.8) Gecko/20050511 Firefox/1.0.4" 

=INFO REPORT==== 15-Nov-2016::22:09:40 ===
           ts_config:(5:<0.72.0>) Session name for id 1 is "http-example"

=INFO REPORT==== 15-Nov-2016::22:09:40 ===
    ts_config_server:(4:<0.72.0>) SYSINFO:Tsung version: 1.6.0

=INFO REPORT==== 15-Nov-2016::22:09:40 ===
    ts_config_server:(4:<0.72.0>) SYSINFO:Erlang version: Erlang R14B04 (erts-5.8.5) [source] [64-bit] [rq:1] [async-threads:8] [kernel-poll:true]


=INFO REPORT==== 15-Nov-2016::22:09:40 ===
    ts_config_server:(4:<0.72.0>) SYSINFO:System architecture x86_64-redhat-linux-gnu

=INFO REPORT==== 15-Nov-2016::22:09:40 ===
    ts_config_server:(4:<0.72.0>) SYSINFO:Current path: /usr/lib/erlang/lib/tsung-1.6.0/ebin/tsung.beam

=INFO REPORT==== 15-Nov-2016::22:09:40 ===
              ts_mon:(5:<0.73.0>) Activate clients with text backend

=INFO REPORT==== 15-Nov-2016::22:09:40 ===
              ts_mon:(5:<0.73.0>) Starting tsung clients on hosts: [localhost]

=INFO REPORT==== 15-Nov-2016::22:09:40 ===
    ts_config_server:(5:<0.72.0>) Start a launcher on the controller beam localhost

=INFO REPORT==== 15-Nov-2016::22:09:40 ===
  ts_launcher_static:(5:<0.128.0>) Launch msg receive ("localhost")

=INFO REPORT==== 15-Nov-2016::22:09:40 ===
         ts_launcher:(5:<0.129.0>) Launch msg receive ("localhost")

=INFO REPORT==== 15-Nov-2016::22:09:40 ===
    ts_config_server:(5:<0.72.0>) All remote beams started, syncing 

=INFO REPORT==== 15-Nov-2016::22:09:40 ===
    ts_config_server:(5:<0.72.0>) Undefined ports_range config 

=INFO REPORT==== 15-Nov-2016::22:09:40 ===
    ts_config_server:(5:<0.72.0>) New arrival phase 1 for client "localhost" (last ? true): will start 30 users

=INFO REPORT==== 15-Nov-2016::22:09:40 ===
    ts_config_server:(5:<0.72.0>) New arrival phase 4 for client "localhost" (last ? true): will start 20 users

=INFO REPORT==== 15-Nov-2016::22:09:40 ===
    ts_config_server:(5:<0.72.0>) New arrival phase 5 for client "localhost" (last ? true): will start 40 users

=INFO REPORT==== 15-Nov-2016::22:09:40 ===
    ts_config_server:(5:<0.72.0>) New arrival phase 6 for client "localhost" (last ? true): will start 80 users

=INFO REPORT==== 15-Nov-2016::22:09:40 ===
         ts_launcher:(5:<0.129.0>) Expected duration of first phase: 30.0 sec (30 users) 

=INFO REPORT==== 15-Nov-2016::22:09:40 ===
         ts_launcher:(5:<0.129.0>) Activate launcher (30 users) in 2612 msec 

=INFO REPORT==== 15-Nov-2016::22:10:09 ===
           ts_search:(5:<0.161.0>) Dyn Var (RE): no Match (varname=authenticity_token), 

=INFO REPORT==== 15-Nov-2016::22:10:12 ===
         ts_launcher:(4:<0.129.0>) Need to wait 0.943 sec before changing phase, going to sleep

=INFO REPORT==== 15-Nov-2016::22:10:12 ===
         ts_launcher:(5:<0.129.0>) Waking up

=INFO REPORT==== 15-Nov-2016::22:10:12 ===
         ts_launcher:(5:<0.129.0>) Start a new arrival phase (20 users, 0.002); expected duration=10.0 sec

=INFO REPORT==== 15-Nov-2016::22:10:22 ===
         ts_launcher:(4:<0.129.0>) Need to wait 0.469 sec before changing phase, going to sleep

=INFO REPORT==== 15-Nov-2016::22:10:22 ===
         ts_launcher:(5:<0.129.0>) Waking up

=INFO REPORT==== 15-Nov-2016::22:10:22 ===
         ts_launcher:(5:<0.129.0>) Start a new arrival phase (40 users, 0.004); expected duration=10.0 sec

=INFO REPORT==== 15-Nov-2016::22:10:32 ===
         ts_launcher:(4:<0.129.0>) Need to wait 0.204 sec before changing phase, going to sleep

=INFO REPORT==== 15-Nov-2016::22:10:32 ===
         ts_launcher:(5:<0.129.0>) Waking up

=INFO REPORT==== 15-Nov-2016::22:10:32 ===
         ts_launcher:(5:<0.129.0>) Start a new arrival phase (80 users, 0.008); expected duration=10.0 sec

=INFO REPORT==== 15-Nov-2016::22:10:43 ===
         ts_launcher:(5:<0.129.0>) Phase duration exceeded, but not all users were launched (10 users, 12.5% of phase)

=INFO REPORT==== 15-Nov-2016::22:10:43 ===
         ts_launcher:(5:<0.129.0>) This was the last phase, wait for connected users to finish their session

=INFO REPORT==== 15-Nov-2016::22:11:12 ===
           ts_search:(5:<0.258.0>) Dyn Var (RE): no Match (varname=authenticity_token), 

=INFO REPORT==== 15-Nov-2016::22:11:18 ===
           ts_search:(5:<0.258.0>) Dyn Var (RE): no Match (varname=post_id), 

=INFO REPORT==== 15-Nov-2016::22:11:54 ===
           ts_search:(5:<0.258.0>) Dyn Var (RE): no Match (varname=authenticity_token), 

=INFO REPORT==== 15-Nov-2016::22:12:07 ===
           ts_search:(5:<0.250.0>) Dyn Var (RE): no Match (varname=authenticity_token), 

=INFO REPORT==== 15-Nov-2016::22:12:10 ===
           ts_search:(5:<0.289.0>) Dyn Var (RE): no Match (varname=authenticity_token), 

=INFO REPORT==== 15-Nov-2016::22:12:28 ===
     ts_launcher_mgr:(5:<0.123.0>) No more active users 'tsung_controller@ip-172-31-31-196' "7359"
