# stats: dump at 1479247790
stats: users 6 6
stats: {load,"tsung_controller@ip-172-31-31-196"} 1 0.3984375 0 0.3984375 0.3984375 0 0
stats: {cpu,"tsung_controller@ip-172-31-31-196"} 1 5.136737064561728 0 5.136737064561728 5.136737064561728 0 0
stats: {freemem,"tsung_controller@ip-172-31-31-196"} 1 3065.62109375 0 3065.62109375 3065.62109375 0 0
stats: users_count 6 6
stats: finish_users_count 0 0
stats: request 17 160.87548828125 229.40104491619715 773.211181640625 7.908935546875 0 0
stats: connect 6 22.2852783203125 47.18669516543358 127.7978515625 1.094970703125 0 0
stats: page 11 248.6751154119318 324.5991168500015 945.047119140625 10.755126953125 0 0
stats: tr_signin_1_time 4 513.6362915039063 186.9173461984671 773.337158203125 303.69482421875 0 0
stats: 302 6 6
stats: tr_post_create_time 1 42.884033203125 0 42.884033203125 42.884033203125 0 0
stats: 200 11 11
stats: size_rcv 50955 50955
stats: size_sent 10814 10814
stats: connected 6 6
# stats: dump at 1479247800
stats: users 16 16
stats: {load,"tsung_controller@ip-172-31-31-196"} 1 0.421875 0.0 0.421875 0.3984375 0.3984375 1
stats: {recvpackets,"tsung_controller@ip-172-31-31-196"} 1 291 0 291 291 0 0
stats: {sentpackets,"tsung_controller@ip-172-31-31-196"} 1 230 0 230 230 0 0
stats: {cpu,"tsung_controller@ip-172-31-31-196"} 1 2.55653883972468 0.0 5.136737064561728 2.55653883972468 5.136737064561728 1
stats: {freemem,"tsung_controller@ip-172-31-31-196"} 1 3062.6640625 0.0 3065.62109375 3062.6640625 3065.62109375 1
stats: session 2 11256.880493164063 964.9315185546875 12221.81201171875 10291.948974609375 0 0
stats: users_count 12 18
stats: finish_users_count 2 2
stats: request 84 308.2246616908483 370.9940518464722 1728.47998046875 7.908935546875 160.87548828125 17
stats: connect 12 1.135009765625 0.13550515829217513 127.7978515625 0.855224609375 22.2852783203125 6
stats: page 45 575.4271864149306 639.3083028949043 2233.025146484375 10.14501953125 248.6751154119318 11
stats: tr_signin_1_time 11 584.3858753551136 282.04709511600873 1090.39306640625 298.933837890625 513.6362915039063 4
stats: 302 41 47
stats: tr_post_create_time 8 648.9004516601563 617.2455873225399 1728.6318359375 38.56787109375 42.884033203125 1
stats: 200 43 54
stats: tr_claim_time 6 81.65828450520833 45.49921708159729 142.969970703125 32.64697265625 0 0
stats: size_rcv 274418 325373
stats: tr_signin_2_time 6 671.9329833984375 251.94215493998087 1129.98486328125 313.983154296875 0 0
stats: size_sent 55661 66475
stats: tr_user_view_time 6 206.58231608072916 76.56392603401439 297.98486328125 108.93603515625 0 0
stats: connected 10 16
stats: tr_rating_time 2 42.02392578125 26.076904296875 68.100830078125 15.947021484375 0 0
# stats: dump at 1479247810
stats: users 16 22
stats: {load,"tsung_controller@ip-172-31-31-196"} 1 0.3515625 0.0 0.421875 0.3515625 0.41015625 2
stats: {recvpackets,"tsung_controller@ip-172-31-31-196"} 1 319.0 0.0 319 291 291.0 1
stats: {sentpackets,"tsung_controller@ip-172-31-31-196"} 1 235.0 0.0 235 230 230.0 1
stats: {cpu,"tsung_controller@ip-172-31-31-196"} 1 1.7733990147783252 0.0 5.136737064561728 1.7733990147783252 3.8466379521432037 2
stats: {freemem,"tsung_controller@ip-172-31-31-196"} 1 3060.73828125 0.0 3065.62109375 3060.73828125 3064.142578125 2
stats: session 11 15763.139382102272 2275.131873243321 19600.347900390625 10291.948974609375 11256.880493164063 2
stats: users_count 11 29
stats: finish_users_count 11 13
stats: request 108 271.41266999421293 261.48121865826494 1728.47998046875 7.908935546875 283.423315671411 101
stats: connect 10 4.54619140625 9.980274523612538 127.7978515625 0.855224609375 8.185099283854166 18
stats: page 59 496.90483894994713 359.29752164084067 2233.025146484375 10.14501953125 511.2437438964844 56
stats: tr_signin_1_time 7 539.6455426897321 189.07560236334365 1090.39306640625 298.933837890625 565.5193196614583 15
stats: 302 60 107
stats: tr_post_create_time 11 388.5139825994318 365.08050739291906 1728.6318359375 38.56787109375 581.5652940538195 9
stats: 200 48 102
stats: tr_claim_time 10 177.0716552734375 190.30723039329035 661.802001953125 20.738037109375 81.65828450520833 6
stats: size_rcv 343278 668651
stats: tr_signin_2_time 10 489.97705078125 149.88853762698318 1129.98486328125 300.7568359375 671.9329833984375 6
stats: size_sent 77145 143620
stats: tr_user_view_time 10 411.50703125 200.78516253203986 716.380126953125 90.760009765625 206.58231608072916 6
stats: connected -1 15
stats: tr_rating_time 11 320.71517666903407 236.46490152010432 858.94287109375 15.587158203125 42.02392578125 2
# stats: dump at 1479247820
stats: users 24 24
stats: {load,"tsung_controller@ip-172-31-31-196"} 1 0.30078125 0.0 0.421875 0.30078125 0.390625 3
stats: {recvpackets,"tsung_controller@ip-172-31-31-196"} 1 455.0 0.0 455 291 305.0 2
stats: {sentpackets,"tsung_controller@ip-172-31-31-196"} 1 325.0 0.0 325 230 232.5 2
stats: {cpu,"tsung_controller@ip-172-31-31-196"} 1 1.8737672583826428 0.0 5.136737064561728 1.7733990147783252 3.155558306354911 3
stats: {freemem,"tsung_controller@ip-172-31-31-196"} 1 3059.4140625 0.0 3065.62109375 3059.4140625 3063.0078125 3
stats: session 6 16819.19014485677 6603.9707797014125 28644.635986328125 7742.6220703125 15069.868783804086 13
stats: users_count 14 43
stats: finish_users_count 6 19
stats: request 82 184.88930009051066 207.05923930900616 1728.47998046875 7.7109375 277.21685761812205 209
stats: connect 14 1.1263602120535714 0.13922159741840454 127.7978515625 0.825927734375 6.885489327566964 28
stats: page 45 322.7853298611111 258.4744895764315 2233.025146484375 10.14501953125 503.8872622282609 115
stats: tr_signin_1_time 9 435.2347819010417 136.75145500897963 1090.39306640625 298.933837890625 557.2867542613636 22
stats: 302 41 148
stats: tr_post_create_time 7 129.53156389508928 182.34119496902397 1728.6318359375 38.56787109375 475.38707275390624 20
stats: 200 40 142
stats: tr_claim_time 7 25.958844866071427 10.657837602732632 661.802001953125 13.248046875 141.29164123535156 16
stats: size_rcv 261213 929864
stats: tr_signin_2_time 7 473.49400111607144 132.11769489251947 1129.98486328125 300.7568359375 558.2105255126953 16
stats: 422 1 1
stats: tr_user_view_time 7 181.72255161830358 118.06657507896732 716.380126953125 90.760009765625 334.66026306152344 16
stats: newphase 1 1
stats: tr_rating_time 5 335.941845703125 202.59696695976126 858.94287109375 15.587158203125 277.83959960937494 13
stats: size_sent 58157 201777
stats: connected 9 24
# stats: dump at 1479247830
stats: users 57 57
stats: {load,"tsung_controller@ip-172-31-31-196"} 1 0.25 0.0 0.421875 0.25 0.3681640625 4
stats: {recvpackets,"tsung_controller@ip-172-31-31-196"} 1 392.0 0.0 455 291 355.0 3
stats: {sentpackets,"tsung_controller@ip-172-31-31-196"} 1 300.0 0.0 325 230 263.3333333333333 3
stats: {cpu,"tsung_controller@ip-172-31-31-196"} 1 1.678183613030602 0.0 5.136737064561728 1.678183613030602 2.835110544361844 4
stats: {freemem,"tsung_controller@ip-172-31-31-196"} 1 3059.0625 0.0 3065.62109375 3059.0625 3062.109375 4
stats: session 4 25479.801025390625 8981.232406509287 34592.79296875 7742.6220703125 15622.28605571546 19
stats: users_count 37 80
stats: finish_users_count 4 23
stats: request 108 1412.6302897135417 980.5300120665105 3242.8330078125 7.7109375 251.2001575587951 291
stats: connect 36 1.3405965169270833 0.9479525813872529 127.7978515625 0.781982421875 4.965779622395833 42
stats: page 61 1997.8455910604512 1714.6755894738062 7004.3408203125 10.14501953125 452.95234375 160
stats: tr_signin_1_time 21 1740.975830078125 869.8992028360086 3109.031982421875 298.933837890625 521.852310672883 31
stats: 302 52 200
stats: tr_post_create_time 8 1424.385498046875 974.9941474947441 2747.830810546875 38.56787109375 385.72082971643516 27
stats: 200 56 198
stats: tr_claim_time 3 993.3133138020834 1158.7052738258772 2624.52001953125 13.248046875 106.19035538383152 23
stats: size_rcv 299201 1229065
stats: tr_signin_2_time 7 1922.862269810268 892.2579079529229 2798.08203125 300.7568359375 532.4272354789402 23
stats: 422 0 1
stats: tr_user_view_time 2 1717.0875244140625 1525.9005126953125 3242.988037109375 90.760009765625 288.1140030570652 23
stats: newphase 1 2
stats: tr_rating_time 5 1203.755908203125 932.2595568079529 2439.201171875 15.587158203125 293.9791124131944 18
stats: size_sent 86080 287857
stats: connected 31 55
# stats: dump at 1479247840
stats: users 111 111
stats: {load,"tsung_controller@ip-172-31-31-196"} 1 0.2109375 0.0 0.421875 0.2109375 0.34453125 5
stats: {recvpackets,"tsung_controller@ip-172-31-31-196"} 1 521.0 0.0 521 291 364.25 4
stats: {sentpackets,"tsung_controller@ip-172-31-31-196"} 1 459.0 0.0 459 230 272.5 4
stats: {cpu,"tsung_controller@ip-172-31-31-196"} 1 2.6548672566371683 0.0 5.136737064561728 1.678183613030602 2.603725158095595 5
stats: {freemem,"tsung_controller@ip-172-31-31-196"} 1 3055.77734375 0.0 3065.62109375 3055.77734375 3061.5 5
stats: session 1 25676.824951171875 0.0 34592.79296875 7742.6220703125 17336.636485224186 23
stats: users_count 55 135
stats: finish_users_count 1 24
stats: request 110 3439.837060546875 1197.498243977877 6564.531982421875 7.7109375 565.5722234051926 399
stats: connect 56 1.2907932826450892 0.745910984894239 127.7978515625 0.760986328125 3.2926181891025643 78
stats: page 57 4514.278971354167 2140.2301823879707 10057.67822265625 10.14501953125 879.370841876414 221
stats: tr_signin_1_time 23 3915.862113620924 1186.262823815503 5911.5009765625 298.933837890625 1014.1906550480769 52
stats: 302 54 254
stats: tr_post_create_time 15 4055.7692057291665 1129.8019694293193 6149.994873046875 38.56787109375 623.1298967633928 35
stats: 200 56 254
stats: tr_claim_time 5 3400.015380859375 1284.4904588774587 5942.159912109375 13.248046875 208.55069673978366 26
stats: size_rcv 300741 1529806
stats: tr_signin_2_time 4 2828.573974609375 391.24912777961913 3446.678955078125 300.7568359375 856.8620768229167 30
stats: 422 0 1
stats: tr_user_view_time 3 5269.496663411458 1267.556599978883 6564.69384765625 90.760009765625 402.431884765625 25
stats: newphase 1 3
stats: tr_rating_time 1 2441.76904296875 0.0 2441.76904296875 15.587158203125 491.75667671535325 23
stats: size_sent 99094 386951
stats: connected 55 110
# stats: dump at 1479247850
stats: users 133 135
stats: {load,"tsung_controller@ip-172-31-31-196"} 1 0.1796875 0.0 0.421875 0.1796875 0.322265625 6
stats: {recvpackets,"tsung_controller@ip-172-31-31-196"} 1 606.0 0.0 606 291 395.6 5
stats: {sentpackets,"tsung_controller@ip-172-31-31-196"} 1 568.0 0.0 568 230 309.8 5
stats: {cpu,"tsung_controller@ip-172-31-31-196"} 1 3.3366045142296366 0.0 5.136737064561728 1.678183613030602 2.6122488411858575 6
stats: {freemem,"tsung_controller@ip-172-31-31-196"} 1 3051.01171875 0.0 3065.62109375 3051.01171875 3060.5462239583335 6
stats: session 3 39747.21671549479 2901.676581155009 43820.797119140625 7742.6220703125 17684.144337972004 24
stats: users_count 25 160
stats: finish_users_count 3 27
stats: request 131 6816.544660961355 637.6039254891716 8613.400146484375 7.7109375 1186.729653828739 509
stats: connect 26 2.3905874399038463 4.44917953302466 127.7978515625 0.760986328125 2.4560346461054103 134
stats: page 83 8557.832457760733 2883.949796912811 17775.065185546875 10.14501953125 1624.6577605103416 278
stats: tr_signin_1_time 25 7110.1712890625 680.7043563862247 8339.755126953125 298.933837890625 1904.0365690104168 75
stats: 302 51 305
stats: tr_post_create_time 7 7213.416259765625 761.5074540222616 8426.056884765625 38.56787109375 1652.921689453125 50
stats: 200 80 334
stats: tr_claim_time 3 6365.535319010417 363.7806851395081 6879.9970703125 13.248046875 723.3030651461694 31
stats: size_rcv 401473 1931279
stats: tr_signin_2_time 2 7052.9205322265625 69.6983642578125 7122.618896484375 300.7568359375 1088.828182444853 34
stats: 422 0 1
stats: tr_user_view_time 3 8180.87646484375 361.15898470101655 8613.5322265625 90.760009765625 923.9031110491071 28
stats: newphase 0 3
stats: tr_rating_time 3 6641.881673177083 421.4769040942125 7156.81298828125 15.587158203125 573.0071919759115 24
stats: size_sent 98429 485380
stats: connected 23 133
# stats: dump at 1479247860
stats: users 130 135
stats: {load,"tsung_controller@ip-172-31-31-196"} 1 0.1484375 0.0 0.421875 0.1484375 0.30189732142857145 7
stats: {recvpackets,"tsung_controller@ip-172-31-31-196"} 1 492.0 0.0 606 291 430.6666666666667 6
stats: {sentpackets,"tsung_controller@ip-172-31-31-196"} 1 406.0 0.0 568 230 352.8333333333333 6
stats: {cpu,"tsung_controller@ip-172-31-31-196"} 1 2.075098814229249 0.0 5.136737064561728 1.678183613030602 2.7157282230492545 7
stats: {freemem,"tsung_controller@ip-172-31-31-196"} 1 3045.54296875 0.0 3065.62109375 3045.54296875 3059.184151785714 7
stats: session 3 36794.520345052086 2428.044386541672 43820.797119140625 7742.6220703125 20135.596824363427 27
stats: users_count 0 160
stats: finish_users_count 3 30
stats: request 87 10015.747219041845 1169.2633999377729 13476.549072265625 7.7109375 2339.0824131011964 640
stats: connect 0 0 0 127.7978515625 0.760986328125 2.4453994750976564 160
stats: page 42 14812.839210146953 5178.332619969417 23728.93896484375 10.14501953125 3218.711776775667 361
stats: tr_signin_1_time 23 10507.758067255434 939.7425739671098 11830.0869140625 298.933837890625 3205.5702490234376 100
stats: 302 48 353
stats: tr_post_create_time 13 10637.380521334135 1094.7464506733795 12111.514892578125 38.56787109375 2335.7894437020286 57
stats: 200 40 374
stats: tr_claim_time 0 0 0 6879.9970703125 13.248046875 1221.1470875459559 34
stats: size_rcv 240207 2171486
stats: tr_signin_2_time 5 9580.893994140624 845.7182478400185 10804.23388671875 300.7568359375 1420.1666463216145 36
stats: 422 0 1
stats: tr_user_view_time 2 11885.526000976563 1591.1939697265625 13476.719970703125 90.760009765625 1626.1908549647178 31
stats: newphase 0 3
stats: tr_rating_time 3 9806.801025390625 1226.1402336548638 11500.509033203125 15.587158203125 1247.3265787760417 27
stats: size_sent 76782 562162
stats: connected -3 130
# stats: dump at 1479247870
stats: users 129 135
stats: {load,"tsung_controller@ip-172-31-31-196"} 1 0.12890625 0.0 0.421875 0.12890625 0.28271484375 8
stats: {recvpackets,"tsung_controller@ip-172-31-31-196"} 1 427.0 0.0 606 291 439.42857142857144 7
stats: {sentpackets,"tsung_controller@ip-172-31-31-196"} 1 303.0 0.0 568 230 360.42857142857144 7
stats: {cpu,"tsung_controller@ip-172-31-31-196"} 1 1.383399209486166 0.0 5.136737064561728 1.383399209486166 2.635649546946754 8
stats: {freemem,"tsung_controller@ip-172-31-31-196"} 1 3041.31640625 0.0 3065.62109375 3041.31640625 3057.47900390625 8
stats: session 1 43576.779052734375 0.0 43820.797119140625 7742.6220703125 21801.489176432293 30
stats: users_count 0 160
stats: finish_users_count 1 31
stats: request 65 14558.881388972355 1411.6958614682812 17994.919921875 7.7109375 3257.7479400844654 727
stats: connect 0 0 0 127.7978515625 0.760986328125 2.4453994750976564 160
stats: page 19 22475.833984375 3207.6535008295295 26071.990966796875 10.14501953125 4427.032749980615 403
stats: tr_signin_1_time 29 14634.111580684268 1258.1899424416831 16593.72412109375 298.933837890625 4571.020003652185 123
stats: 302 47 400
stats: tr_post_create_time 8 15163.626342773438 1439.4058380261306 17089.663818359375 38.56787109375 3877.5135009765627 70
stats: 200 17 391
stats: tr_claim_time 1 15281.39697265625 0.0 15281.39697265625 13.248046875 1221.1470875459559 34
stats: size_rcv 149475 2320961
stats: tr_signin_2_time 2 13329.1689453125 760.31298828125 14089.48193359375 300.7568359375 2415.3772984946645 41
stats: 422 0 1
stats: tr_user_view_time 1 17995.0419921875 0.0 17995.0419921875 90.760009765625 2247.968742601799 33
stats: newphase 0 3
stats: tr_rating_time 1 12147.767822265625 0.0 12147.767822265625 15.587158203125 2103.2740234375 30
stats: size_sent 52279 614441
stats: connected -1 129
# stats: dump at 1479247880
stats: users 126 135
stats: {load,"tsung_controller@ip-172-31-31-196"} 1 0.109375 0.0 0.421875 0.109375 0.265625 9
stats: {recvpackets,"tsung_controller@ip-172-31-31-196"} 1 366.0 0.0 606 291 437.875 8
stats: {sentpackets,"tsung_controller@ip-172-31-31-196"} 1 265.0 0.0 568 230 353.25 8
stats: {cpu,"tsung_controller@ip-172-31-31-196"} 1 1.185770750988142 0.0 5.136737064561728 1.185770750988142 2.4965106205622445 9
stats: {freemem,"tsung_controller@ip-172-31-31-196"} 1 3038.78125 0.0 3065.62109375 3038.78125 3055.683159722222 9
stats: session 3 58248.22265625 5317.726562992423 65039.338134765625 7742.6220703125 22503.917882119455 31
stats: users_count 0 160
stats: finish_users_count 3 34
stats: request 212 9372.129689342573 5110.288875873438 18424.510986328125 7.7109375 4185.239952935113 792
stats: connect 0 0 0 127.7978515625 0.760986328125 2.4453994750976564 160
stats: page 97 25521.785828265947 5095.894593542857 34396.177001953125 10.14501953125 5239.656502240078 422
stats: tr_signin_1_time 8 15818.766693115234 798.0134552906949 16933.89892578125 298.933837890625 6490.951949270148 152
stats: 302 117 517
stats: tr_post_create_time 46 9459.409328294838 5621.579729426327 17089.663818359375 38.56787109375 5035.063536032652 78
stats: 200 93 484
stats: tr_claim_time 8 7536.886749267578 3873.608860476247 15281.39697265625 13.248046875 1622.8685128348213 35
stats: size_rcv 582851 2903812
stats: tr_signin_2_time 12 11360.407979329428 5072.270120495051 16776.662841796875 300.7568359375 2922.9955146257266 43
stats: 422 1 2
stats: tr_user_view_time 3 5451.78369140625 2680.999511778073 17995.0419921875 90.760009765625 2711.117955824908 34
stats: newphase 0 3
stats: tr_rating_time 3 11716.859375 3370.1629851278944 15761.7958984375 15.587158203125 2427.2899524319555 31
stats: size_sent 144356 758797
stats: connected -3 126
stats: 500 1 1
# stats: dump at 1479247890
stats: users 123 135
stats: {load,"tsung_controller@ip-172-31-31-196"} 1 0.08984375 0.0 0.421875 0.08984375 0.25 10
stats: {recvpackets,"tsung_controller@ip-172-31-31-196"} 1 822.0 0.0 822 291 429.8888888888889 9
stats: {sentpackets,"tsung_controller@ip-172-31-31-196"} 1 516.0 0.0 568 230 343.44444444444446 9
stats: {cpu,"tsung_controller@ip-172-31-31-196"} 1 2.2682445759368837 0.0 5.136737064561728 1.185770750988142 2.3654366336048342 10
stats: {freemem,"tsung_controller@ip-172-31-31-196"} 1 3035.40234375 0.0 3065.62109375 3035.40234375 3053.99296875 10
stats: session 3 75069.31461588542 4957.854388656787 78836.80102539063 7742.6220703125 25657.82712689568 34
stats: users_count 0 160
stats: finish_users_count 3 37
stats: request 138 5321.630172950637 1294.179146385176 18424.510986328125 7.7109375 5280.479618391669 1004
stats: connect 0 0 0 127.7978515625 0.760986328125 2.4453994750976564 160
stats: page 48 17404.794972737633 6741.531149023559 34396.177001953125 10.14501953125 9030.34348610233 519
stats: tr_signin_1_time 0 0 0 16933.89892578125 298.933837890625 6957.3426864624025 160
stats: 302 93 610
stats: tr_post_create_time 31 5386.5005040322585 1079.7276917854615 17089.663818359375 38.56787109375 6676.353104129915 124
stats: 200 45 529
stats: tr_claim_time 10 4770.81591796875 1237.8677980271393 15281.39697265625 13.248046875 2723.1509754269623 43
stats: size_rcv 361925 3265737
stats: tr_signin_2_time 22 5799.6080766157675 1381.2205576266601 16776.662841796875 300.7568359375 4763.885506924716 55
stats: 422 0 2
stats: tr_user_view_time 8 6216.3912353515625 1713.6710623736963 17995.0419921875 90.760009765625 2933.3340965477196 37
stats: newphase 0 3
stats: tr_rating_time 3 6462.052327473958 484.4460692914606 15761.7958984375 15.587158203125 3246.9578426585476 34
stats: size_sent 104140 862937
stats: connected -3 123
stats: 500 0 1
# stats: dump at 1479247900
stats: users 115 135
stats: {load,"tsung_controller@ip-172-31-31-196"} 1 0.078125 0.0 0.421875 0.078125 0.2354403409090909 11
stats: {recvpackets,"tsung_controller@ip-172-31-31-196"} 1 455.0 0.0 822 291 469.1 10
stats: {sentpackets,"tsung_controller@ip-172-31-31-196"} 1 287.0 0.0 568 230 360.7 10
stats: {cpu,"tsung_controller@ip-172-31-31-196"} 1 1.4851485148514851 0.0 5.136737064561728 1.185770750988142 2.356600991998657 11
stats: {freemem,"tsung_controller@ip-172-31-31-196"} 1 3034.44140625 0.0 3065.62109375 3034.44140625 3052.302911931818 11
stats: session 8 73605.26007080078 3718.122353038155 79258.078125 7742.6220703125 29664.16395032728 37
stats: users_count 0 160
stats: finish_users_count 8 45
stats: request 128 8984.823793411248 515.9200330676518 18424.510986328125 7.7109375 5285.452277348882 1142
stats: connect 0 0 0 127.7978515625 0.760986328125 2.4453994750976564 160
stats: page 62 15620.58455141129 3071.893311719009 34396.177001953125 10.14501953125 9739.291760103202 567
stats: tr_signin_1_time 0 0 0 16933.89892578125 298.933837890625 6957.3426864624025 160
stats: 302 74 684
stats: tr_post_create_time 5 8876.00458984375 312.6774149316346 17089.663818359375 38.56787109375 6418.3825841103835 155
stats: 200 54 583
stats: tr_claim_time 8 8919.38134765625 401.44413550529987 15281.39697265625 13.248046875 3109.502851378243 53
stats: size_rcv 351142 3616879
stats: tr_signin_2_time 25 8951.843476562502 410.46016498385217 16776.662841796875 300.7568359375 5059.806241122159 77
stats: 422 0 2
stats: tr_user_view_time 7 10257.984654017857 775.0179002357667 17995.0419921875 90.760009765625 3516.988699001736 45
stats: newphase 0 3
stats: tr_rating_time 8 8865.991638183594 357.86802558376377 15761.7958984375 15.587158203125 3507.6411792652025 37
stats: size_sent 92288 955225
stats: connected -8 115
stats: 500 0 1
# stats: dump at 1479247910
stats: users 108 135
stats: {load,"tsung_controller@ip-172-31-31-196"} 1 0.05859375 0.0 0.421875 0.05859375 0.22233072916666666 12
stats: {recvpackets,"tsung_controller@ip-172-31-31-196"} 1 421.0 0.0 822 291 467.8181818181818 11
stats: {sentpackets,"tsung_controller@ip-172-31-31-196"} 1 261.0 0.0 568 230 354.0 11
stats: {cpu,"tsung_controller@ip-172-31-31-196"} 1 1.673228346456693 0.0 5.136737064561728 1.185770750988142 2.2839799522363924 12
stats: {freemem,"tsung_controller@ip-172-31-31-196"} 1 3033.7265625 0.0 3065.62109375 3033.7265625 3050.814453125 12
stats: session 7 81636.61488560268 2962.0122479151355 86557.91015625 7742.6220703125 37475.914371744795 45
stats: users_count 0 160
stats: finish_users_count 7 52
stats: request 112 9752.864515032084 749.737720270994 18424.510986328125 7.7109375 5658.302319912647 1270
stats: connect 0 0 0 127.7978515625 0.760986328125 2.4453994750976564 160
stats: page 63 20419.87443808904 4713.3453239515275 34396.177001953125 10.14501953125 10319.005834922124 629
stats: tr_signin_1_time 0 0 0 16933.89892578125 298.933837890625 6957.3426864624025 160
stats: 302 56 740
stats: tr_post_create_time 0 0 0 17089.663818359375 38.56787109375 6495.183271789551 160
stats: 200 56 639
stats: tr_claim_time 21 9706.01456705729 621.5029780268738 15281.39697265625 13.248046875 3871.454129578637 61
stats: size_rcv 324123 3941002
stats: tr_signin_2_time 26 9733.97137920673 582.3996765837444 16776.662841796875 300.7568359375 6013.736936083027 102
stats: 422 0 2
stats: tr_user_view_time 7 11868.025599888393 695.0757839562565 17995.0419921875 90.760009765625 4424.430462176983 52
stats: newphase 0 3
stats: tr_rating_time 7 9632.04966517857 192.23391328995797 15761.7958984375 15.587158203125 4460.23681640625 45
stats: size_sent 73324 1028549
stats: connected -7 108
stats: 500 0 1
# stats: dump at 1479247920
stats: users 103 135
stats: {load,"tsung_controller@ip-172-31-31-196"} 1 0.05078125 0.0 0.421875 0.05078125 0.20973557692307693 13
stats: {recvpackets,"tsung_controller@ip-172-31-31-196"} 1 500.0 0.0 822 291 463.9166666666667 12
stats: {sentpackets,"tsung_controller@ip-172-31-31-196"} 1 305.0 0.0 568 230 346.25 12
stats: {cpu,"tsung_controller@ip-172-31-31-196"} 1 1.4851485148514851 0.0 5.136737064561728 1.185770750988142 2.236999059484108 13
stats: {freemem,"tsung_controller@ip-172-31-31-196"} 1 3032.64453125 0.0 3065.62109375 3032.64453125 3049.5 13
stats: session 5 91785.93920898438 1744.2067464132815 93370.86303710938 7742.6220703125 43420.624056302586 52
stats: users_count 0 160
stats: finish_users_count 5 57
stats: request 97 9734.505325789303 680.4533629609398 18424.510986328125 7.7109375 5990.13369896719 1382
stats: connect 0 0 0 127.7978515625 0.760986328125 2.4453994750976564 160
stats: page 53 18985.10504956515 3563.5212426180756 34396.177001953125 10.14501953125 11238.593583476337 692
stats: tr_signin_1_time 0 0 0 16933.89892578125 298.933837890625 6957.3426864624025 160
stats: 302 49 789
stats: tr_post_create_time 0 0 0 17089.663818359375 38.56787109375 6495.183271789551 160
stats: 200 47 686
stats: tr_claim_time 22 9518.644986239347 336.7802321864114 15281.39697265625 13.248046875 5365.670826981706 82
stats: size_rcv 452534 4393536
stats: tr_signin_2_time 22 9554.150856711647 300.94440812679085 16776.662841796875 300.7568359375 6769.409557342529 128
stats: 422 0 2
stats: tr_user_view_time 20 10780.41795654297 631.9943126335443 17995.0419921875 90.760009765625 5307.568868346133 59
stats: newphase 0 3
stats: tr_rating_time 5 9328.300048828125 217.74075781575357 15761.7958984375 15.587158203125 5156.442392202524 52
stats: size_sent 70713 1099262
stats: connected -5 103
stats: 500 0 1
stats: 404 1 1
# stats: dump at 1479247930
stats: users 78 135
stats: {load,"tsung_controller@ip-172-31-31-196"} 1 0.05078125 0.0 0.421875 0.05078125 0.19838169642857142 14
stats: {recvpackets,"tsung_controller@ip-172-31-31-196"} 1 435.0 0.0 822 291 466.6923076923077 13
stats: {sentpackets,"tsung_controller@ip-172-31-31-196"} 1 240.0 0.0 568 230 343.0769230769231 13
stats: {cpu,"tsung_controller@ip-172-31-31-196"} 1 1.4807502467917077 0.0 5.136737064561728 1.185770750988142 2.183295449153206 14
stats: {freemem,"tsung_controller@ip-172-31-31-196"} 1 3031.80859375 0.0 3065.62109375 3031.80859375 3048.2960379464284 14
stats: session 25 98798.61674804687 3557.991787743492 108397.74487304688 7742.6220703125 47663.19556092379 57
stats: users_count 0 160
stats: finish_users_count 25 82
stats: request 127 8963.622550904282 1846.226734530521 18424.510986328125 7.7109375 6235.707767798661 1479
stats: connect 0 0 0 127.7978515625 0.760986328125 2.4453994750976564 160
stats: page 83 16001.911450489451 5142.0113975725235 34396.177001953125 10.14501953125 11789.687687775273 745
stats: tr_signin_1_time 0 0 0 16933.89892578125 298.933837890625 6957.3426864624025 160
stats: 302 66 855
stats: tr_post_create_time 0 0 0 17089.663818359375 38.56787109375 6495.183271789551 160
stats: 200 60 746
stats: tr_claim_time 34 8886.964348288144 1989.7940332608225 15281.39697265625 13.248046875 6244.184591440054 104
stats: size_rcv 691306 5084842
stats: tr_signin_2_time 10 10125.7861328125 1460.898169114775 16776.662841796875 300.7568359375 7177.83828125 150
stats: 422 0 2
stats: tr_user_view_time 33 9425.943130030777 1806.0596317475804 17995.0419921875 90.760009765625 6693.10028307951 79
stats: newphase 0 3
stats: tr_rating_time 23 7953.024031929348 1374.2355912433009 15761.7958984375 15.587158203125 5522.394818222314 57
stats: size_sent 82783 1182045
stats: connected -23 80
stats: 500 0 1
stats: 404 1 2
# stats: dump at 1479247940
stats: users 13 135
stats: {load,"tsung_controller@ip-172-31-31-196"} 1 0.0390625 0.0 0.421875 0.0390625 0.18854166666666666 15
stats: {recvpackets,"tsung_controller@ip-172-31-31-196"} 1 902.0 0.0 902 291 464.42857142857144 14
stats: {sentpackets,"tsung_controller@ip-172-31-31-196"} 1 493.0 0.0 568 230 335.7142857142857 14
stats: {cpu,"tsung_controller@ip-172-31-31-196"} 1 1.8737672583826428 0.0 5.136737064561728 1.185770750988142 2.136459102329106 15
stats: {freemem,"tsung_controller@ip-172-31-31-196"} 1 3029.515625 0.0 3065.62109375 3029.515625 3047.196875 15
stats: session 65 98368.89998497596 3589.4507688954955 111948.57299804688 7742.6220703125 63253.26299602229 82
stats: users_count 0 160
stats: finish_users_count 65 147
stats: request 141 3559.869273950023 1512.7993484240144 18424.510986328125 7.7109375 6451.427056375506 1606
stats: connect 0 0 0 127.7978515625 0.760986328125 2.4453994750976564 160
stats: page 119 6315.391585149685 4856.507689918195 34396.177001953125 10.14501953125 12211.927509400004 828
stats: tr_signin_1_time 0 0 0 16933.89892578125 298.933837890625 6957.3426864624025 160
stats: 302 87 942
stats: tr_post_create_time 0 0 0 17089.663818359375 38.56787109375 6495.183271789551 160
stats: 200 52 798
stats: tr_claim_time 22 4254.043124112215 755.6740287736976 15281.39697265625 13.248046875 6895.304241677989 138
stats: size_rcv 870211 5955053
stats: tr_signin_2_time 0 0 0 16776.662841796875 300.7568359375 7362.085021972656 160
stats: 422 2 4
stats: tr_user_view_time 48 4408.872828165691 1025.5157225309192 17995.0419921875 90.760009765625 7498.312907627651 112
stats: newphase 0 3
stats: tr_rating_time 67 2661.4509095149256 1519.5629115586173 15761.7958984375 13.550048828125 6221.200717163086 80
stats: size_sent 58708 1240753
stats: connected -67 13
stats: 500 0 1
stats: 404 0 2
# stats: dump at 1479247948
stats: users 0 135
stats: {load,"tsung_controller@ip-172-31-31-196"} 1 0.03125 0.0 0.421875 0.03125 0.17919921875 16
stats: {recvpackets,"tsung_controller@ip-172-31-31-196"} 1 591.0 0.0 902 291 493.6 15
stats: {sentpackets,"tsung_controller@ip-172-31-31-196"} 1 342.0 0.0 568 230 346.2 15
stats: {cpu,"tsung_controller@ip-172-31-31-196"} 1 1.678183613030602 0.0 5.136737064561728 1.185770750988142 2.120040862082452 16
stats: {freemem,"tsung_controller@ip-172-31-31-196"} 1 3032.234375 0.0 3065.62109375 3029.515625 3046.091796875 16
stats: session 13 102855.39490685097 3519.617919135078 111948.57299804688 7742.6220703125 78780.58547413106 147
stats: users_count 0 160
stats: finish_users_count 13 160
stats: request 13 15.61981670673077 1.5233711699357582 18424.510986328125 7.7109375 6218.050040163718 1747
stats: connect 0 0 0 127.7978515625 0.760986328125 2.4453994750976564 160
stats: page 13 15.61981670673077 1.5233711699357582 34396.177001953125 10.14501953125 11470.968929689563 947
stats: tr_signin_1_time 0 0 0 16933.89892578125 298.933837890625 6957.3426864624025 160
stats: 302 13 955
stats: tr_post_create_time 0 0 0 17089.663818359375 38.56787109375 6495.183271789551 160
stats: 200 0 798
stats: tr_claim_time 0 0 0 15281.39697265625 13.248046875 6532.130838012696 160
stats: size_rcv 13752 5968805
stats: tr_signin_2_time 0 0 0 16776.662841796875 300.7568359375 7362.085021972656 160
stats: 422 0 4
stats: tr_user_view_time 0 0 0 17995.0419921875 90.760009765625 6571.480883789062 160
stats: newphase 0 3
stats: tr_rating_time 13 15.733999399038462 1.5263147202606262 15761.7958984375 13.550048828125 4598.7297163982785 147
stats: size_sent 11347 1252100
stats: connected -13 0
stats: 500 0 1
stats: 404 0 2
EndMonitor:{1479,247948,571104}
