# stats: dump at 1478718393
stats: users 3 4
stats: {freemem,"tsung_controller@ip-172-31-16-134"} 1 3066.4609375 0 3066.4609375 3066.4609375 0 0
stats: {load,"tsung_controller@ip-172-31-16-134"} 1 0.0 0 0.0 0.0 0 0
stats: {cpu,"tsung_controller@ip-172-31-16-134"} 1 3.8608281393610007 0 3.8608281393610007 3.8608281393610007 0 0
stats: session 2 1307.666015625 778.675048828125 2086.341064453125 528.990966796875 0 0
stats: users_count 5 5
stats: finish_users_count 2 2
stats: request 6 117.88899739583333 76.41757334586761 190.583984375 12.5380859375 0 0
stats: connect 4 39.885009765625 56.35934570735829 136.6201171875 1.277099609375 0 0
stats: page 6 117.88899739583333 76.41757334586761 190.583984375 12.5380859375 0 0
stats: 200 6 6
stats: size_rcv 19878 19878
stats: size_sent 2352 2352
stats: connected 2 2
# stats: dump at 1478718403
stats: users 5 7
stats: {freemem,"tsung_controller@ip-172-31-16-134"} 1 3066.08203125 0.0 3066.4609375 3066.08203125 3066.4609375 1
stats: {load,"tsung_controller@ip-172-31-16-134"} 1 0.0 0.0 0.0 0.0 0.0 1
stats: {recvpackets,"tsung_controller@ip-172-31-16-134"} 1 52 0 52 52 0 0
stats: {sentpackets,"tsung_controller@ip-172-31-16-134"} 1 60 0 60 60 0 0
stats: {cpu,"tsung_controller@ip-172-31-16-134"} 1 1.87192118226601 0.0 3.8608281393610007 1.87192118226601 3.8608281393610007 1
stats: session 13 3606.9589092548076 4547.949282768777 16979.6669921875 481.81298828125 1307.666015625 2
stats: users_count 15 20
stats: finish_users_count 13 15
stats: request 27 72.44425455729167 71.43178547319685 190.583984375 11.5859375 117.88899739583333 6
stats: connect 16 1.750640869140625 1.1857725047346854 136.6201171875 1.133056640625 39.885009765625 4
stats: page 27 72.44425455729167 71.43178547319685 190.583984375 11.5859375 117.88899739583333 6
stats: 200 27 33
stats: size_rcv 91135 111013
stats: newphase 1 1
stats: size_sent 12530 14882
stats: connected 5 7
# stats: dump at 1478718413
stats: users 11 13
stats: {freemem,"tsung_controller@ip-172-31-16-134"} 1 3064.40234375 0.0 3066.4609375 3064.40234375 3066.271484375 2
stats: {load,"tsung_controller@ip-172-31-16-134"} 1 0.0 0.0 0.0 0.0 0.0 2
stats: {recvpackets,"tsung_controller@ip-172-31-16-134"} 1 168.0 0.0 168 52 52.0 1
stats: {sentpackets,"tsung_controller@ip-172-31-16-134"} 1 189.0 0.0 189 60 60.0 1
stats: {cpu,"tsung_controller@ip-172-31-16-134"} 1 1.0912698412698412 0.0 3.8608281393610007 1.0912698412698412 2.8663746608135052 2
stats: session 27 2423.3541395399307 1743.632171569033 16979.6669921875 227.825927734375 3300.3865234375 15
stats: users_count 33 53
stats: finish_users_count 27 42
stats: request 58 93.88615891029094 73.30217546204905 200.3759765625 11.1748046875 80.70693507339016 33
stats: connect 31 1.2658612651209677 0.14197837224963633 136.6201171875 0.946044921875 9.3775146484375 20
stats: page 58 93.88615891029094 73.30217546204905 200.3759765625 11.1748046875 80.70693507339016 33
stats: 200 58 91
stats: size_rcv 202139 313152
stats: newphase 1 2
stats: size_sent 27166 42048
stats: connected 4 11
# stats: dump at 1478718423
stats: users 21 22
stats: {freemem,"tsung_controller@ip-172-31-16-134"} 1 3063.984375 0.0 3066.4609375 3063.984375 3065.6484375 3
stats: {load,"tsung_controller@ip-172-31-16-134"} 1 0.0 0.0 0.0 0.0 0.0 3
stats: {recvpackets,"tsung_controller@ip-172-31-16-134"} 1 687.0 0.0 687 52 110.0 2
stats: {sentpackets,"tsung_controller@ip-172-31-16-134"} 1 645.0 0.0 645 60 124.5 2
stats: {cpu,"tsung_controller@ip-172-31-16-134"} 1 1.8830525272547076 0.0 3.8608281393610007 1.0912698412698412 2.2746730542989506 3
stats: session 48 3114.9295705159507 2712.6387099227577 16979.6669921875 227.825927734375 2736.57999093192 42
stats: users_count 58 111
stats: finish_users_count 48 90
stats: request 103 167.48048297178397 197.7601976102387 977.13623046875 10.786865234375 89.10687993646978 91
stats: connect 55 1.2164151278409097 0.149776756184018 136.6201171875 0.89892578125 4.4469018075980395 51
stats: page 103 167.48048297178397 197.7601976102387 977.13623046875 10.786865234375 89.10687993646978 91
stats: 200 103 194
stats: size_rcv 365363 678515
stats: newphase 1 3
stats: size_sent 48265 90313
stats: connected 7 18
# stats: dump at 1478718433
stats: users 78 80
stats: {freemem,"tsung_controller@ip-172-31-16-134"} 1 3063.15234375 0.0 3066.4609375 3063.15234375 3065.232421875 4
stats: {load,"tsung_controller@ip-172-31-16-134"} 1 0.0 0.0 0.0 0.0 0.0 4
stats: {recvpackets,"tsung_controller@ip-172-31-16-134"} 1 829.0 0.0 829 52 302.3333333333333 3
stats: {sentpackets,"tsung_controller@ip-172-31-16-134"} 1 876.0 0.0 876 60 298.0 3
stats: {cpu,"tsung_controller@ip-172-31-16-134"} 1 2.284011916583913 0.0 3.8608281393610007 1.0912698412698412 2.1767679225378895 4
stats: session 84 3317.0975254603786 2327.5714762455577 16979.6669921875 206.373046875 2938.366433376736 90
stats: users_count 141 252
stats: finish_users_count 84 174
stats: request 210 478.9003999255953 452.02479432124994 1758.68896484375 9.40185546875 130.71760732119844 194
stats: connect 143 1.1827998661494752 0.21198149603858207 136.6201171875 0.85595703125 2.7707058888561327 106
stats: page 210 478.9003999255953 452.02479432124994 1758.68896484375 9.40185546875 130.71760732119844 194
stats: 200 210 404
stats: size_rcv 736951 1415466
stats: newphase 1 4
stats: size_sent 103213 193526
stats: connected 60 78
# stats: dump at 1478718443
stats: users 25 93
stats: {freemem,"tsung_controller@ip-172-31-16-134"} 1 3059.8203125 0.0 3066.4609375 3059.8203125 3064.81640625 5
stats: {load,"tsung_controller@ip-172-31-16-134"} 1 0.0 0.0 0.0 0.0 0.0 5
stats: {recvpackets,"tsung_controller@ip-172-31-16-134"} 1 1346.0 0.0 1346 52 434.0 4
stats: {sentpackets,"tsung_controller@ip-172-31-16-134"} 1 1574.0 0.0 1574 60 442.5 4
stats: {cpu,"tsung_controller@ip-172-31-16-134"} 1 4.3868394815553335 0.0 4.3868394815553335 1.0912698412698412 2.198216721347094 5
stats: session 93 6724.134484732022 2814.8660197260497 16979.6669921875 206.373046875 3121.2021330033226 174
stats: users_count 40 292
stats: finish_users_count 93 267
stats: request 154 2333.641748998071 1778.9527093680408 6700.636962890625 9.40185546875 311.70371238784037 404
stats: connect 43 1.3424668422965116 1.1565283735659253 136.6201171875 0.85595703125 1.8587759240085342 249
stats: page 154 2333.641748998071 1778.9527093680408 6700.636962890625 9.40185546875 311.70371238784037 404
stats: 200 154 558
stats: size_rcv 547467 1962933
stats: newphase 0 4
stats: size_sent 86002 279528
stats: connected -52 26
# stats: dump at 1478718453
stats: users 0 93
stats: {freemem,"tsung_controller@ip-172-31-16-134"} 1 3059.5546875 0.0 3066.4609375 3059.5546875 3063.9837239583335 6
stats: {load,"tsung_controller@ip-172-31-16-134"} 1 0.0 0.0 0.0 0.0 0.0 6
stats: {recvpackets,"tsung_controller@ip-172-31-16-134"} 1 614.0 0.0 1346 52 616.4 5
stats: {sentpackets,"tsung_controller@ip-172-31-16-134"} 1 708.0 0.0 1574 60 668.8 5
stats: {cpu,"tsung_controller@ip-172-31-16-134"} 1 1.6881827209533267 0.0 4.3868394815553335 1.0912698412698412 2.5629871813818004 6
stats: session 25 11702.700595703125 2303.5694479817103 16979.6669921875 206.373046875 4376.1560982121955 267
stats: users_count 0 292
stats: finish_users_count 25 292
stats: request 26 3235.783944936899 2233.2528331510075 6700.636962890625 9.40185546875 869.7296221333161 558
stats: connect 0 0 0 136.6201171875 0.85595703125 1.7827441071810788 292
stats: page 26 3235.783944936899 2233.2528331510075 6700.636962890625 9.40185546875 869.7296221333161 558
stats: 200 26 584
stats: size_rcv 92659 2055592
stats: newphase 0 4
stats: size_sent 5408 284936
stats: connected -26 0
# stats: dump at 1478718456
stats: users 0 93
stats: {freemem,"tsung_controller@ip-172-31-16-134"} 1 3059.546875 0.0 3066.4609375 3059.546875 3063.351004464286 7
stats: {load,"tsung_controller@ip-172-31-16-134"} 1 0.0 0.0 0.0 0.0 0.0 7
stats: {recvpackets,"tsung_controller@ip-172-31-16-134"} 1 67.0 0.0 1346 52 616.0 6
stats: {sentpackets,"tsung_controller@ip-172-31-16-134"} 1 81.0 0.0 1574 60 675.3333333333334 6
stats: {cpu,"tsung_controller@ip-172-31-16-134"} 1 0.8893280632411068 0.0 4.3868394815553335 0.8893280632411068 2.438015115606304 7
stats: session 0 0 0 16979.6669921875 206.373046875 5003.428743545323 292
stats: users_count 0 292
stats: finish_users_count 0 292
stats: request 0 0 0 6700.636962890625 9.40185546875 975.0676570526537 584
stats: connect 0 0 0 136.6201171875 0.85595703125 1.7827441071810788 292
stats: page 0 0 0 6700.636962890625 9.40185546875 975.0676570526537 584
stats: 200 0 584
stats: size_rcv 0 2055592
stats: newphase 0 4
stats: size_sent 0 284936
stats: connected 0 0
EndMonitor:{1478,718456,338440}
