# stats: dump at 1478720534
stats: users 3 4
stats: {freemem,"tsung_controller@ip-172-31-16-134"} 1 3062.16015625 0 3062.16015625 3062.16015625 0 0
stats: {load,"tsung_controller@ip-172-31-16-134"} 1 0.08984375 0 0.08984375 0.08984375 0 0
stats: {cpu,"tsung_controller@ip-172-31-16-134"} 1 2.801600190981202 0 2.801600190981202 2.801600190981202 0 0
stats: session 7 1235.934291294643 624.4051333380294 2372.05419921875 544.5458984375 0 0
stats: users_count 10 10
stats: finish_users_count 7 7
stats: request 17 99.80339499080883 83.6770602736591 235.554931640625 12.677001953125 0 0
stats: connect 10 16.416748046875 41.577438164750404 141.030029296875 0.906982421875 0 0
stats: page 17 99.80339499080883 83.6770602736591 235.554931640625 12.677001953125 0 0
stats: 200 17 17
stats: size_rcv 59208 59208
stats: size_sent 7436 7436
stats: connected 3 3
# stats: dump at 1478720544
stats: users 4 9
stats: {freemem,"tsung_controller@ip-172-31-16-134"} 1 3061.5859375 0.0 3062.16015625 3061.5859375 3062.16015625 1
stats: {load,"tsung_controller@ip-172-31-16-134"} 1 0.078125 0.0 0.08984375 0.078125 0.08984375 1
stats: {recvpackets,"tsung_controller@ip-172-31-16-134"} 1 99 0 99 99 0 0
stats: {sentpackets,"tsung_controller@ip-172-31-16-134"} 1 115 0 115 115 0 0
stats: {cpu,"tsung_controller@ip-172-31-16-134"} 1 1.9607843137254901 0.0 2.801600190981202 1.9607843137254901 2.801600190981202 1
stats: session 19 2292.752801192434 1448.803584783091 5214.033935546875 446.64306640625 1235.934291294643 7
stats: users_count 20 30
stats: finish_users_count 19 26
stats: request 39 93.29628029847757 74.51889578730311 235.554931640625 11.588134765625 99.80339499080883 17
stats: connect 20 2.12225341796875 1.5286059690917269 141.030029296875 0.906982421875 16.416748046875 10
stats: page 39 93.29628029847757 74.51889578730311 235.554931640625 11.588134765625 99.80339499080883 17
stats: 200 39 56
stats: size_rcv 136527 195735
stats: newphase 1 1
stats: size_sent 18729 26165
stats: connected 1 4
# stats: dump at 1478720554
stats: users 12 22
stats: {freemem,"tsung_controller@ip-172-31-16-134"} 1 3061.3515625 0.0 3062.16015625 3061.3515625 3061.873046875 2
stats: {load,"tsung_controller@ip-172-31-16-134"} 1 0.0703125 0.0 0.08984375 0.0703125 0.083984375 2
stats: {recvpackets,"tsung_controller@ip-172-31-16-134"} 1 218.0 0.0 218 99 99.0 1
stats: {sentpackets,"tsung_controller@ip-172-31-16-134"} 1 250.0 0.0 250 115 115.0 1
stats: {cpu,"tsung_controller@ip-172-31-16-134"} 1 1.6683022571148183 0.0 2.801600190981202 1.6683022571148183 2.381192252353346 2
stats: session 32 2557.347198486329 2301.4139377334436 9990.9970703125 247.244140625 2008.2247408353364 26
stats: users_count 40 70
stats: finish_users_count 32 58
stats: request 71 102.57297741527287 93.53607310929046 350.048095703125 11.588134765625 95.2716544015067 56
stats: connect 40 1.610601806640625 1.0081670809905348 141.030029296875 0.906982421875 6.8870849609375 30
stats: page 71 102.57297741527287 93.53607310929046 350.048095703125 11.588134765625 95.2716544015067 56
stats: 200 71 127
stats: size_rcv 246946 442681
stats: newphase 1 2
stats: size_sent 32825 58990
stats: connected 9 13
# stats: dump at 1478720564
stats: users 17 22
stats: {freemem,"tsung_controller@ip-172-31-16-134"} 1 3060.7890625 0.0 3062.16015625 3060.7890625 3061.69921875 3
stats: {load,"tsung_controller@ip-172-31-16-134"} 1 0.05859375 0.0 0.08984375 0.05859375 0.07942708333333333 3
stats: {recvpackets,"tsung_controller@ip-172-31-16-134"} 1 419.0 0.0 419 99 158.5 2
stats: {sentpackets,"tsung_controller@ip-172-31-16-134"} 1 491.0 0.0 491 115 182.5 2
stats: {cpu,"tsung_controller@ip-172-31-16-134"} 1 1.7699115044247788 0.0 2.801600190981202 1.6683022571148183 2.1435622539405035 3
stats: session 43 2901.9915856649714 2642.1642211043086 11392.387939453125 207.58203125 2311.1888554014013 58
stats: users_count 48 118
stats: finish_users_count 43 101
stats: request 85 98.22008272058824 87.35117847258289 350.048095703125 9.88720703125 99.35349640132874 127
stats: connect 44 2.4367398348721596 2.18682049143856 141.030029296875 0.906982421875 3.8719517299107142 70
stats: page 85 98.22008272058824 87.35117847258289 350.048095703125 9.88720703125 99.35349640132874 127
stats: 200 85 212
stats: size_rcv 303369 746050
stats: newphase 1 3
stats: size_sent 42144 101134
stats: connected 3 16
# stats: dump at 1478720574
stats: users 88 88
stats: {freemem,"tsung_controller@ip-172-31-16-134"} 1 3060.5234375 0.0 3062.16015625 3060.5234375 3061.4716796875 4
stats: {load,"tsung_controller@ip-172-31-16-134"} 1 0.05078125 0.0 0.08984375 0.05078125 0.07421875 4
stats: {recvpackets,"tsung_controller@ip-172-31-16-134"} 1 554.0 0.0 554 99 245.33333333333334 3
stats: {sentpackets,"tsung_controller@ip-172-31-16-134"} 1 631.0 0.0 631 115 285.3333333333333 3
stats: {cpu,"tsung_controller@ip-172-31-16-134"} 1 2.0527859237536656 0.0 2.801600190981202 1.6683022571148183 2.050149566561572 4
stats: session 89 3504.3346674201202 2465.4216787854216 11392.387939453125 207.58203125 2562.7187306621295 101
stats: users_count 160 278
stats: finish_users_count 89 190
stats: request 215 685.6486259992732 749.9630127286672 2744.72998046875 9.88720703125 98.89906167084317 212
stats: connect 154 2.1816231863839284 1.756731281340176 141.030029296875 0.906982421875 3.318010296737939 114
stats: page 215 685.6486259992732 749.9630127286672 2744.72998046875 9.88720703125 98.89906167084317 212
stats: 200 215 427
stats: size_rcv 764815 1510865
stats: newphase 1 4
stats: size_sent 110075 211209
stats: connected 67 83
# stats: dump at 1478720584
stats: users 250 250
stats: {freemem,"tsung_controller@ip-172-31-16-134"} 1 3056.6875 0.0 3062.16015625 3056.6875 3061.28203125 5
stats: {load,"tsung_controller@ip-172-31-16-134"} 1 0.0390625 0.0 0.08984375 0.0390625 0.06953125 5
stats: {recvpackets,"tsung_controller@ip-172-31-16-134"} 1 1434.0 0.0 1434 99 322.5 4
stats: {sentpackets,"tsung_controller@ip-172-31-16-134"} 1 1610.0 0.0 1610 115 371.75 4
stats: {cpu,"tsung_controller@ip-172-31-16-134"} 1 3.581800580832527 0.0 3.581800580832527 1.6683022571148183 2.050676837999991 5
stats: session 104 6398.385899470402 2632.0877066100416 18233.65185546875 207.58203125 3003.7914589329775 190
stats: users_count 266 544
stats: finish_users_count 104 294
stats: request 265 2246.9506172612028 1326.2730980290685 5520.175048828125 9.88720703125 394.33502497438525 427
stats: connect 261 2.5732730558548846 2.4091169919537583 141.030029296875 0.826904296875 2.6650117333255596 268
stats: page 265 2246.9506172612028 1326.2730980290685 5520.175048828125 9.88720703125 394.33502497438525 427
stats: 200 265 692
stats: size_rcv 945635 2456500
stats: newphase 1 5
stats: size_sent 170419 381628
stats: connected 154 237
# stats: dump at 1478720594
stats: users 694 696
stats: {freemem,"tsung_controller@ip-172-31-16-134"} 1 3049.54296875 0.0 3062.16015625 3049.54296875 3060.5162760416665 6
stats: {load,"tsung_controller@ip-172-31-16-134"} 1 0.03125 0.0 0.08984375 0.03125 0.064453125 6
stats: {recvpackets,"tsung_controller@ip-172-31-16-134"} 1 1982.0 0.0 1982 99 544.8 5
stats: {sentpackets,"tsung_controller@ip-172-31-16-134"} 1 2301.0 0.0 2301 115 619.4 5
stats: {cpu,"tsung_controller@ip-172-31-16-134"} 1 5.518553758325404 0.0 5.518553758325404 1.6683022571148183 2.30586412847208 6
stats: session 100 12022.505573730468 3213.2448565647087 24729.0390625 207.58203125 4204.600376674107 294
stats: users_count 544 1088
stats: finish_users_count 100 394
stats: request 322 6111.098637361704 1864.415352961418 9211.113037109375 9.88720703125 1103.7904179743948 692
stats: connect 541 2.025514274780499 1.7008823180066475 141.030029296875 0.826904296875 2.619749361265359 529
stats: page 322 6111.098637361704 1864.415352961418 9211.113037109375 9.88720703125 1103.7904179743948 692
stats: 200 322 1014
stats: size_rcv 1137563 3594063
stats: newphase 1 6
stats: size_sent 259673 641301
stats: connected 441 678
# stats: dump at 1478720604
stats: users 697 778
stats: {freemem,"tsung_controller@ip-172-31-16-134"} 1 3031.26953125 0.0 3062.16015625 3031.26953125 3058.948660714286 7
stats: {load,"tsung_controller@ip-172-31-16-134"} 1 0.03125 0.0 0.08984375 0.03125 0.05970982142857143 7
stats: {recvpackets,"tsung_controller@ip-172-31-16-134"} 1 3015.0 0.0 3015 99 784.3333333333334 6
stats: {sentpackets,"tsung_controller@ip-172-31-16-134"} 1 3592.0 0.0 3592 115 899.6666666666666 6
stats: {cpu,"tsung_controller@ip-172-31-16-134"} 1 9.380863039399625 0.0 9.380863039399625 1.6683022571148183 2.764819789879698 7
stats: session 95 18121.678631270555 3250.7393803263603 29152.3740234375 207.58203125 6188.840274404148 394
stats: users_count 98 1186
stats: finish_users_count 95 489
stats: request 385 10352.223155311489 2044.2811673164217 14107.64013671875 9.88720703125 2693.882377188116 1014
stats: connect 116 2.1177957469019395 1.9562368210779306 141.030029296875 0.826904296875 2.3192996586594625 1070
stats: page 385 10352.223155311489 2044.2811673164217 14107.64013671875 9.88720703125 2693.882377188116 1014
stats: 200 385 1399
stats: size_rcv 1306138 4900201
stats: newphase 0 6
stats: size_sent 231424 872725
stats: connected 22 700
# stats: dump at 1478720614
stats: users 595 778
stats: {freemem,"tsung_controller@ip-172-31-16-134"} 1 3020.3046875 0.0 3062.16015625 3020.3046875 3055.48876953125 8
stats: {load,"tsung_controller@ip-172-31-16-134"} 1 0.01953125 0.0 0.08984375 0.01953125 0.05615234375 8
stats: {recvpackets,"tsung_controller@ip-172-31-16-134"} 1 1850.0 0.0 3015 99 1103.0 7
stats: {sentpackets,"tsung_controller@ip-172-31-16-134"} 1 1828.0 0.0 3592 115 1284.2857142857142 7
stats: {cpu,"tsung_controller@ip-172-31-16-134"} 1 2.902902902902903 0.0 9.380863039399625 1.6683022571148183 3.5918251960696885 8
stats: session 102 24757.714939491416 3273.3231992202163 34148.216064453125 207.58203125 8507.080854981466 489
stats: users_count 0 1186
stats: finish_users_count 102 591
stats: request 299 15317.591765030571 3063.701502908512 20631.0849609375 9.88720703125 4801.43148339076 1399
stats: connect 0 0 0 141.030029296875 0.826904296875 2.299591012990093 1186
stats: page 299 15317.591765030571 3063.701502908512 20631.0849609375 9.88720703125 4801.43148339076 1399
stats: 200 299 1698
stats: size_rcv 1039815 5940016
stats: newphase 0 6
stats: size_sent 191567 1064292
stats: connected -103 597
# stats: dump at 1478720624
stats: users 486 778
stats: {freemem,"tsung_controller@ip-172-31-16-134"} 1 3017.4921875 0.0 3062.16015625 3017.4921875 3051.5794270833335 9
stats: {load,"tsung_controller@ip-172-31-16-134"} 1 0.01953125 0.0 0.08984375 0.01953125 0.052083333333333336 9
stats: {recvpackets,"tsung_controller@ip-172-31-16-134"} 1 1179.0 0.0 3015 99 1196.375 8
stats: {sentpackets,"tsung_controller@ip-172-31-16-134"} 1 1228.0 0.0 3592 115 1352.25 8
stats: {cpu,"tsung_controller@ip-172-31-16-134"} 1 2.1999999999999997 0.0 9.380863039399625 1.6683022571148183 3.5152782746067124 9
stats: session 109 32306.426742133743 3542.880564095856 41072.09814453125 207.58203125 11311.758818805518 591
stats: users_count 0 1186
stats: finish_users_count 109 700
stats: request 185 21583.233708562064 3262.2428963280126 27185.968017578125 9.88720703125 6653.217068909195 1698
stats: connect 0 0 0 141.030029296875 0.826904296875 2.299591012990093 1186
stats: page 185 21583.233708562064 3262.2428963280126 27185.968017578125 9.88720703125 6653.217068909195 1698
stats: 200 185 1883
stats: size_rcv 659735 6599751
stats: newphase 0 6
stats: size_sent 84942 1149234
stats: connected -108 489
# stats: dump at 1478720634
stats: users 374 778
stats: {freemem,"tsung_controller@ip-172-31-16-134"} 1 3016.921875 0.0 3062.16015625 3016.921875 3048.170703125 10
stats: {load,"tsung_controller@ip-172-31-16-134"} 1 0.01953125 0.0 0.08984375 0.01953125 0.048828125 10
stats: {recvpackets,"tsung_controller@ip-172-31-16-134"} 1 851.0 0.0 3015 99 1194.4444444444443 9
stats: {sentpackets,"tsung_controller@ip-172-31-16-134"} 1 879.0 0.0 3592 115 1338.4444444444443 9
stats: {cpu,"tsung_controller@ip-172-31-16-134"} 1 1.296111665004985 0.0 9.380863039399625 1.296111665004985 3.383750447146041 10
stats: session 112 40138.429484776105 3739.50478360312 49335.911865234375 207.58203125 14580.928538295198 700
stats: users_count 0 1186
stats: finish_users_count 112 812
stats: request 111 27184.80363395622 3868.9037612853613 35190.60205078125 9.88720703125 8120.053541737545 1883
stats: connect 0 0 0 141.030029296875 0.826904296875 2.299591012990093 1186
stats: page 111 27184.80363395622 3868.9037612853613 35190.60205078125 9.88720703125 8120.053541737545 1883
stats: 200 108 1991
stats: size_rcv 377436 6977187
stats: newphase 0 6
stats: size_sent 6953 1156187
stats: connected -111 378
stats: 500 3 3
# stats: dump at 1478720644
stats: users 254 778
stats: {freemem,"tsung_controller@ip-172-31-16-134"} 1 3016.765625 0.0 3062.16015625 3016.765625 3045.329900568182 11
stats: {load,"tsung_controller@ip-172-31-16-134"} 1 0.01171875 0.0 0.08984375 0.01171875 0.04616477272727273 11
stats: {recvpackets,"tsung_controller@ip-172-31-16-134"} 1 468.0 0.0 3015 99 1160.1 10
stats: {sentpackets,"tsung_controller@ip-172-31-16-134"} 1 556.0 0.0 3592 115 1292.5 10
stats: {cpu,"tsung_controller@ip-172-31-16-134"} 1 1.1869436201780417 0.0 9.380863039399625 1.1869436201780417 3.1939651033150365 11
stats: session 120 48560.41399332682 3562.775741323196 56558.927001953125 207.58203125 18106.101082637393 812
stats: users_count 0 1186
stats: finish_users_count 120 932
stats: request 121 32835.685940324765 3939.5150414123605 39421.5859375 9.88720703125 9181.331004243199 1994
stats: connect 0 0 0 141.030029296875 0.826904296875 2.299591012990093 1186
stats: page 121 32835.685940324765 3939.5150414123605 39421.5859375 9.88720703125 9181.331004243199 1994
stats: 200 115 2106
stats: size_rcv 403449 7380636
stats: newphase 0 6
stats: size_sent 770 1156957
stats: connected -121 257
stats: 500 6 9
# stats: dump at 1478720654
stats: users 140 778
stats: {freemem,"tsung_controller@ip-172-31-16-134"} 1 3016.95703125 0.0 3062.16015625 3016.765625 3042.9495442708335 12
stats: {load,"tsung_controller@ip-172-31-16-134"} 1 0.01171875 0.0 0.08984375 0.01171875 0.043294270833333336 12
stats: {recvpackets,"tsung_controller@ip-172-31-16-134"} 1 486.0 0.0 3015 99 1097.1818181818182 11
stats: {sentpackets,"tsung_controller@ip-172-31-16-134"} 1 582.0 0.0 3592 115 1225.5454545454545 11
stats: {cpu,"tsung_controller@ip-172-31-16-134"} 1 1.0880316518298714 0.0 9.380863039399625 1.0880316518298714 3.02671331305362 12
stats: session 114 56863.77611019737 3182.597096231362 64338.447998046875 207.58203125 22027.257251395687 932
stats: users_count 0 1186
stats: finish_users_count 114 1046
stats: request 117 37006.8907815004 6675.29188002831 46216.757080078125 9.88720703125 10534.606156614767 2115
stats: connect 0 0 0 141.030029296875 0.826904296875 2.299591012990093 1186
stats: page 117 37006.8907815004 6675.29188002831 46216.757080078125 9.88720703125 10534.606156614767 2115
stats: 200 110 2216
stats: size_rcv 368157 7748793
stats: newphase 0 6
stats: size_sent 0 1156957
stats: connected -117 140
stats: 500 7 16
# stats: dump at 1478720664
stats: users 74 778
stats: {freemem,"tsung_controller@ip-172-31-16-134"} 1 3016.98046875 0.0 3062.16015625 3016.765625 3040.9501201923076 13
stats: {load,"tsung_controller@ip-172-31-16-134"} 1 0.01171875 0.0 0.08984375 0.01171875 0.040865384615384616 13
stats: {recvpackets,"tsung_controller@ip-172-31-16-134"} 1 460.0 0.0 3015 99 1046.25 12
stats: {sentpackets,"tsung_controller@ip-172-31-16-134"} 1 556.0 0.0 3592 115 1171.9166666666667 12
stats: {cpu,"tsung_controller@ip-172-31-16-134"} 1 1.185770750988142 0.0 9.380863039399625 1.0880316518298714 2.8775839544979473 13
stats: session 66 67364.2872055516 3047.0191340858764 72626.28198242188 207.58203125 25823.97154384635 1046
stats: users_count 0 1186
stats: finish_users_count 66 1112
stats: request 64 49067.04916763306 1281.8835981573457 50913.830078125 9.88720703125 11922.266237757967 2232
stats: connect 0 0 0 141.030029296875 0.826904296875 2.299591012990093 1186
stats: page 64 49067.04916763306 1281.8835981573457 50913.830078125 9.88720703125 11922.266237757967 2232
stats: 200 63 2279
stats: size_rcv 201919 7950712
stats: newphase 0 6
stats: size_sent 0 1156957
stats: connected -64 76
stats: 500 1 17
# stats: dump at 1478720674
stats: users 11 778
stats: {freemem,"tsung_controller@ip-172-31-16-134"} 1 3017.44921875 0.0 3062.16015625 3016.765625 3039.2380022321427 14
stats: {load,"tsung_controller@ip-172-31-16-134"} 1 0.01171875 0.0 0.08984375 0.01171875 0.038783482142857144 14
stats: {recvpackets,"tsung_controller@ip-172-31-16-134"} 1 295.0 0.0 3015 99 1001.1538461538462 13
stats: {sentpackets,"tsung_controller@ip-172-31-16-134"} 1 347.0 0.0 3592 115 1124.5384615384614 13
stats: {cpu,"tsung_controller@ip-172-31-16-134"} 1 1.0869565217391304 0.0 9.380863039399625 1.0869565217391304 2.7567401542472467 14
stats: session 63 75482.68201652408 2555.7895188300504 82224.3330078125 207.58203125 28289.49387628569 1112
stats: users_count 0 1186
stats: finish_users_count 63 1175
stats: request 65 51472.365696364184 588.7152811568126 52821.59521484375 9.88720703125 12957.660883886889 2296
stats: connect 0 0 0 141.030029296875 0.826904296875 2.299591012990093 1186
stats: page 65 51472.365696364184 588.7152811568126 52821.59521484375 9.88720703125 12957.660883886889 2296
stats: 200 65 2344
stats: size_rcv 214999 8165711
stats: newphase 0 6
stats: size_sent 0 1156957
stats: connected -65 11
stats: 500 0 17
# stats: dump at 1478720676
stats: users 0 778
stats: {freemem,"tsung_controller@ip-172-31-16-134"} 0 0 0 3062.16015625 3016.765625 3037.7854166666666 15
stats: {load,"tsung_controller@ip-172-31-16-134"} 0 0 0 0.08984375 0.01171875 0.03697916666666667 15
stats: {recvpackets,"tsung_controller@ip-172-31-16-134"} 0 0 0 3015 99 950.7142857142857 14
stats: {sentpackets,"tsung_controller@ip-172-31-16-134"} 0 0 0 3592 115 1068.9999999999998 14
stats: {cpu,"tsung_controller@ip-172-31-16-134"} 0 0 0 9.380863039399625 1.0869565217391304 2.6454212454133725 15
stats: session 11 79710.49007901279 594.103611011425 82224.3330078125 207.58203125 30819.852048911238 1175
stats: users_count 0 1186
stats: finish_users_count 11 1186
stats: request 11 50734.47731711648 3158.814577862276 52821.59521484375 9.88720703125 14017.997949880546 2361
stats: connect 0 0 0 141.030029296875 0.826904296875 2.299591012990093 1186
stats: page 11 50734.47731711648 3158.814577862276 52821.59521484375 9.88720703125 14017.997949880546 2361
stats: 200 11 2355
stats: size_rcv 34546 8200257
stats: newphase 0 6
stats: size_sent 0 1156957
stats: connected -11 0
stats: 500 0 17
EndMonitor:{1478,720676,297515}
