Could not find/open font when opening font "arial", using internal non-scalable font

	title is " rate", offset at ((character units) 0, 0, 0)


	title is " mean", offset at ((character units) 0, 0, 0)


	title is " stddev", offset at ((character units) 0, 0, 0)


	title is " max_sample", offset at ((character units) 0, 0, 0)


	title is " min_sample", offset at ((character units) 0, 0, 0)

Could not find/open font when opening font "arial", using internal non-scalable font

	title is " rate", offset at ((character units) 0, 0, 0)


	title is " mean", offset at ((character units) 0, 0, 0)


	title is " stddev", offset at ((character units) 0, 0, 0)


	title is " max_sample", offset at ((character units) 0, 0, 0)


	title is " min_sample", offset at ((character units) 0, 0, 0)

Could not find/open font when opening font "arial", using internal non-scalable font

	title is " HTTP Code Response rate", offset at ((character units) 0, 0, 0)


	title is " total", offset at ((character units) 0, 0, 0)

Could not find/open font when opening font "arial", using internal non-scalable font

	title is " HTTP Code Response rate", offset at ((character units) 0, 0, 0)


	title is " total", offset at ((character units) 0, 0, 0)

Could not find/open font when opening font "arial", using internal non-scalable font

	title is " Request and tcp/udp connection rate", offset at ((character units) 0, 0, 0)


	title is " Mean request (and connection) duration", offset at ((character units) 0, 0, 0)


	title is " stddev", offset at ((character units) 0, 0, 0)


	title is " max_sample", offset at ((character units) 0, 0, 0)


	title is " min_sample", offset at ((character units) 0, 0, 0)

Could not find/open font when opening font "arial", using internal non-scalable font

	title is " Request and tcp/udp connection rate", offset at ((character units) 0, 0, 0)


	title is " Mean request (and connection) duration", offset at ((character units) 0, 0, 0)


	title is " stddev", offset at ((character units) 0, 0, 0)


	title is " max_sample", offset at ((character units) 0, 0, 0)


	title is " min_sample", offset at ((character units) 0, 0, 0)

Could not find/open font when opening font "arial", using internal non-scalable font

	title is " Transaction and page rate", offset at ((character units) 0, 0, 0)


	title is " Mean transaction and page duration", offset at ((character units) 0, 0, 0)


	title is " stddev", offset at ((character units) 0, 0, 0)


	title is " max_sample", offset at ((character units) 0, 0, 0)


	title is " min_sample", offset at ((character units) 0, 0, 0)

Could not find/open font when opening font "arial", using internal non-scalable font

	title is " Transaction and page rate", offset at ((character units) 0, 0, 0)


	title is " Mean transaction and page duration", offset at ((character units) 0, 0, 0)


	title is " stddev", offset at ((character units) 0, 0, 0)


	title is " max_sample", offset at ((character units) 0, 0, 0)


	title is " min_sample", offset at ((character units) 0, 0, 0)

Could not find/open font when opening font "arial", using internal non-scalable font

	title is " rate", offset at ((character units) 0, 0, 0)


	title is " total", offset at ((character units) 0, 0, 0)

Could not find/open font when opening font "arial", using internal non-scalable font

	title is " rate", offset at ((character units) 0, 0, 0)


	title is " total", offset at ((character units) 0, 0, 0)

Could not find/open font when opening font "arial", using internal non-scalable font

	title is " Simultaneous users and opened TCP/UDP connections", offset at ((character units) 0, 0, 0)


	title is " maximum_simultaneous", offset at ((character units) 0, 0, 0)

Could not find/open font when opening font "arial", using internal non-scalable font

	title is " Simultaneous users and opened TCP/UDP connections", offset at ((character units) 0, 0, 0)


	title is " maximum_simultaneous", offset at ((character units) 0, 0, 0)

Could not find/open font when opening font "arial", using internal non-scalable font

	title is " Users arrival/departure rate", offset at ((character units) 0, 0, 0)


	title is " Total users", offset at ((character units) 0, 0, 0)

Could not find/open font when opening font "arial", using internal non-scalable font

	title is " Users arrival/departure rate", offset at ((character units) 0, 0, 0)


	title is " Total users", offset at ((character units) 0, 0, 0)

Could not find/open font when opening font "arial", using internal non-scalable font

	title is " Network throughput", offset at ((character units) 0, 0, 0)


	title is " Total send/receive bytes", offset at ((character units) 0, 0, 0)

Could not find/open font when opening font "arial", using internal non-scalable font

	title is " Network throughput", offset at ((character units) 0, 0, 0)


	title is " Total send/receive bytes", offset at ((character units) 0, 0, 0)

Could not find/open font when opening font "arial", using internal non-scalable font

	title is " rate", offset at ((character units) 0, 0, 0)

Warning: empty y range [0.1:0.1], adjusting to [0.099:0.101]

	title is " mean", offset at ((character units) 0, 0, 0)


	title is " stddev", offset at ((character units) 0, 0, 0)

Warning: empty y range [0:0], adjusting to [-1:1]

	title is " max_sample", offset at ((character units) 0, 0, 0)

Warning: empty y range [6.81991:6.81991], adjusting to [6.75171:6.88811]

	title is " min_sample", offset at ((character units) 0, 0, 0)

Could not find/open font when opening font "arial", using internal non-scalable font

	title is " rate", offset at ((character units) 0, 0, 0)

Warning: empty y range [0.1:0.1], adjusting to [0.099:0.101]

	title is " mean", offset at ((character units) 0, 0, 0)


	title is " stddev", offset at ((character units) 0, 0, 0)

Warning: empty y range [0:0], adjusting to [-1:1]

	title is " max_sample", offset at ((character units) 0, 0, 0)

Warning: empty y range [6.81991:6.81991], adjusting to [6.75171:6.88811]

	title is " min_sample", offset at ((character units) 0, 0, 0)

Could not find/open font when opening font "arial", using internal non-scalable font

	title is " rate", offset at ((character units) 0, 0, 0)

Warning: empty y range [0.1:0.1], adjusting to [0.099:0.101]

	title is " mean", offset at ((character units) 0, 0, 0)


	title is " stddev", offset at ((character units) 0, 0, 0)

Warning: empty y range [0:0], adjusting to [-1:1]

	title is " max_sample", offset at ((character units) 0, 0, 0)

Warning: empty y range [3066.23:3066.23], adjusting to [3035.56:3096.89]

	title is " min_sample", offset at ((character units) 0, 0, 0)

Could not find/open font when opening font "arial", using internal non-scalable font

	title is " rate", offset at ((character units) 0, 0, 0)

Warning: empty y range [0.1:0.1], adjusting to [0.099:0.101]

	title is " mean", offset at ((character units) 0, 0, 0)


	title is " stddev", offset at ((character units) 0, 0, 0)

Warning: empty y range [0:0], adjusting to [-1:1]

	title is " max_sample", offset at ((character units) 0, 0, 0)

Warning: empty y range [3066.23:3066.23], adjusting to [3035.56:3096.89]

	title is " min_sample", offset at ((character units) 0, 0, 0)

Could not find/open font when opening font "arial", using internal non-scalable font

	title is " rate", offset at ((character units) 0, 0, 0)

Warning: empty y range [0.1:0.1], adjusting to [0.099:0.101]

	title is " mean", offset at ((character units) 0, 0, 0)


	title is " stddev", offset at ((character units) 0, 0, 0)

Warning: empty y range [0:0], adjusting to [-1:1]

	title is " max_sample", offset at ((character units) 0, 0, 0)

Warning: empty y range [0.078125:0.078125], adjusting to [0.0773438:0.0789062]

	title is " min_sample", offset at ((character units) 0, 0, 0)

Could not find/open font when opening font "arial", using internal non-scalable font

	title is " rate", offset at ((character units) 0, 0, 0)

Warning: empty y range [0.1:0.1], adjusting to [0.099:0.101]

	title is " mean", offset at ((character units) 0, 0, 0)


	title is " stddev", offset at ((character units) 0, 0, 0)

Warning: empty y range [0:0], adjusting to [-1:1]

	title is " max_sample", offset at ((character units) 0, 0, 0)

Warning: empty y range [0.078125:0.078125], adjusting to [0.0773438:0.0789062]

	title is " min_sample", offset at ((character units) 0, 0, 0)

Could not find/open font when opening font "arial", using internal non-scalable font

	title is " rate", offset at ((character units) 0, 0, 0)

Warning: empty y range [0.1:0.1], adjusting to [0.099:0.101]

	title is " mean", offset at ((character units) 0, 0, 0)


	title is " stddev", offset at ((character units) 0, 0, 0)

Warning: empty y range [0:0], adjusting to [-1:1]

	title is " max_sample", offset at ((character units) 0, 0, 0)


	title is " min_sample", offset at ((character units) 0, 0, 0)

Warning: empty y range [61:61], adjusting to [60.39:61.61]
Could not find/open font when opening font "arial", using internal non-scalable font

	title is " rate", offset at ((character units) 0, 0, 0)

Warning: empty y range [0.1:0.1], adjusting to [0.099:0.101]

	title is " mean", offset at ((character units) 0, 0, 0)


	title is " stddev", offset at ((character units) 0, 0, 0)

Warning: empty y range [0:0], adjusting to [-1:1]

	title is " max_sample", offset at ((character units) 0, 0, 0)


	title is " min_sample", offset at ((character units) 0, 0, 0)

Warning: empty y range [61:61], adjusting to [60.39:61.61]
Could not find/open font when opening font "arial", using internal non-scalable font

	title is " rate", offset at ((character units) 0, 0, 0)

Warning: empty y range [0.1:0.1], adjusting to [0.099:0.101]

	title is " mean", offset at ((character units) 0, 0, 0)


	title is " stddev", offset at ((character units) 0, 0, 0)

Warning: empty y range [0:0], adjusting to [-1:1]

	title is " max_sample", offset at ((character units) 0, 0, 0)


	title is " min_sample", offset at ((character units) 0, 0, 0)

Warning: empty y range [58:58], adjusting to [57.42:58.58]
Could not find/open font when opening font "arial", using internal non-scalable font

	title is " rate", offset at ((character units) 0, 0, 0)

Warning: empty y range [0.1:0.1], adjusting to [0.099:0.101]

	title is " mean", offset at ((character units) 0, 0, 0)


	title is " stddev", offset at ((character units) 0, 0, 0)

Warning: empty y range [0:0], adjusting to [-1:1]

	title is " max_sample", offset at ((character units) 0, 0, 0)


	title is " min_sample", offset at ((character units) 0, 0, 0)

Warning: empty y range [58:58], adjusting to [57.42:58.58]
Could not find/open font when opening font "arial", using internal non-scalable font

	title is " rate", offset at ((character units) 0, 0, 0)


	title is " mean", offset at ((character units) 0, 0, 0)


	title is " stddev", offset at ((character units) 0, 0, 0)


	title is " max_sample", offset at ((character units) 0, 0, 0)


	title is " min_sample", offset at ((character units) 0, 0, 0)

Could not find/open font when opening font "arial", using internal non-scalable font

	title is " rate", offset at ((character units) 0, 0, 0)


	title is " mean", offset at ((character units) 0, 0, 0)


	title is " stddev", offset at ((character units) 0, 0, 0)


	title is " max_sample", offset at ((character units) 0, 0, 0)


	title is " min_sample", offset at ((character units) 0, 0, 0)

Could not find/open font when opening font "arial", using internal non-scalable font

	title is " HTTP Code Response rate", offset at ((character units) 0, 0, 0)


	title is " total", offset at ((character units) 0, 0, 0)

Could not find/open font when opening font "arial", using internal non-scalable font

	title is " HTTP Code Response rate", offset at ((character units) 0, 0, 0)


	title is " total", offset at ((character units) 0, 0, 0)

Could not find/open font when opening font "arial", using internal non-scalable font

	title is " Request and tcp/udp connection rate", offset at ((character units) 0, 0, 0)


	title is " Mean request (and connection) duration", offset at ((character units) 0, 0, 0)


	title is " stddev", offset at ((character units) 0, 0, 0)


	title is " max_sample", offset at ((character units) 0, 0, 0)


	title is " min_sample", offset at ((character units) 0, 0, 0)

Could not find/open font when opening font "arial", using internal non-scalable font

	title is " Request and tcp/udp connection rate", offset at ((character units) 0, 0, 0)


	title is " Mean request (and connection) duration", offset at ((character units) 0, 0, 0)


	title is " stddev", offset at ((character units) 0, 0, 0)


	title is " max_sample", offset at ((character units) 0, 0, 0)


	title is " min_sample", offset at ((character units) 0, 0, 0)

Could not find/open font when opening font "arial", using internal non-scalable font

	title is " Transaction and page rate", offset at ((character units) 0, 0, 0)


	title is " Mean transaction and page duration", offset at ((character units) 0, 0, 0)


	title is " stddev", offset at ((character units) 0, 0, 0)


	title is " max_sample", offset at ((character units) 0, 0, 0)


	title is " min_sample", offset at ((character units) 0, 0, 0)

Could not find/open font when opening font "arial", using internal non-scalable font

	title is " Transaction and page rate", offset at ((character units) 0, 0, 0)


	title is " Mean transaction and page duration", offset at ((character units) 0, 0, 0)


	title is " stddev", offset at ((character units) 0, 0, 0)


	title is " max_sample", offset at ((character units) 0, 0, 0)


	title is " min_sample", offset at ((character units) 0, 0, 0)

Could not find/open font when opening font "arial", using internal non-scalable font

	title is " rate", offset at ((character units) 0, 0, 0)


	title is " total", offset at ((character units) 0, 0, 0)

Could not find/open font when opening font "arial", using internal non-scalable font

	title is " rate", offset at ((character units) 0, 0, 0)


	title is " total", offset at ((character units) 0, 0, 0)

Could not find/open font when opening font "arial", using internal non-scalable font

	title is " Simultaneous users and opened TCP/UDP connections", offset at ((character units) 0, 0, 0)


	title is " maximum_simultaneous", offset at ((character units) 0, 0, 0)

Could not find/open font when opening font "arial", using internal non-scalable font

	title is " Simultaneous users and opened TCP/UDP connections", offset at ((character units) 0, 0, 0)


	title is " maximum_simultaneous", offset at ((character units) 0, 0, 0)

Could not find/open font when opening font "arial", using internal non-scalable font

	title is " Users arrival/departure rate", offset at ((character units) 0, 0, 0)


	title is " Total users", offset at ((character units) 0, 0, 0)

Could not find/open font when opening font "arial", using internal non-scalable font

	title is " Users arrival/departure rate", offset at ((character units) 0, 0, 0)


	title is " Total users", offset at ((character units) 0, 0, 0)

Could not find/open font when opening font "arial", using internal non-scalable font

	title is " Network throughput", offset at ((character units) 0, 0, 0)


	title is " Total send/receive bytes", offset at ((character units) 0, 0, 0)

Could not find/open font when opening font "arial", using internal non-scalable font

	title is " Network throughput", offset at ((character units) 0, 0, 0)


	title is " Total send/receive bytes", offset at ((character units) 0, 0, 0)

Could not find/open font when opening font "arial", using internal non-scalable font

	title is " rate", offset at ((character units) 0, 0, 0)

Warning: empty y range [0.1:0.1], adjusting to [0.099:0.101]

	title is " mean", offset at ((character units) 0, 0, 0)


	title is " stddev", offset at ((character units) 0, 0, 0)

Warning: empty y range [0:0], adjusting to [-1:1]

	title is " max_sample", offset at ((character units) 0, 0, 0)

Warning: empty y range [6.81991:6.81991], adjusting to [6.75171:6.88811]

	title is " min_sample", offset at ((character units) 0, 0, 0)

Could not find/open font when opening font "arial", using internal non-scalable font

	title is " rate", offset at ((character units) 0, 0, 0)

Warning: empty y range [0.1:0.1], adjusting to [0.099:0.101]

	title is " mean", offset at ((character units) 0, 0, 0)


	title is " stddev", offset at ((character units) 0, 0, 0)

Warning: empty y range [0:0], adjusting to [-1:1]

	title is " max_sample", offset at ((character units) 0, 0, 0)

Warning: empty y range [6.81991:6.81991], adjusting to [6.75171:6.88811]

	title is " min_sample", offset at ((character units) 0, 0, 0)

Could not find/open font when opening font "arial", using internal non-scalable font

	title is " rate", offset at ((character units) 0, 0, 0)

Warning: empty y range [0.1:0.1], adjusting to [0.099:0.101]

	title is " mean", offset at ((character units) 0, 0, 0)


	title is " stddev", offset at ((character units) 0, 0, 0)

Warning: empty y range [0:0], adjusting to [-1:1]

	title is " max_sample", offset at ((character units) 0, 0, 0)

Warning: empty y range [3066.23:3066.23], adjusting to [3035.56:3096.89]

	title is " min_sample", offset at ((character units) 0, 0, 0)

Could not find/open font when opening font "arial", using internal non-scalable font

	title is " rate", offset at ((character units) 0, 0, 0)

Warning: empty y range [0.1:0.1], adjusting to [0.099:0.101]

	title is " mean", offset at ((character units) 0, 0, 0)


	title is " stddev", offset at ((character units) 0, 0, 0)

Warning: empty y range [0:0], adjusting to [-1:1]

	title is " max_sample", offset at ((character units) 0, 0, 0)

Warning: empty y range [3066.23:3066.23], adjusting to [3035.56:3096.89]

	title is " min_sample", offset at ((character units) 0, 0, 0)

Could not find/open font when opening font "arial", using internal non-scalable font

	title is " rate", offset at ((character units) 0, 0, 0)

Warning: empty y range [0.1:0.1], adjusting to [0.099:0.101]

	title is " mean", offset at ((character units) 0, 0, 0)


	title is " stddev", offset at ((character units) 0, 0, 0)

Warning: empty y range [0:0], adjusting to [-1:1]

	title is " max_sample", offset at ((character units) 0, 0, 0)

Warning: empty y range [0.078125:0.078125], adjusting to [0.0773438:0.0789062]

	title is " min_sample", offset at ((character units) 0, 0, 0)

Could not find/open font when opening font "arial", using internal non-scalable font

	title is " rate", offset at ((character units) 0, 0, 0)

Warning: empty y range [0.1:0.1], adjusting to [0.099:0.101]

	title is " mean", offset at ((character units) 0, 0, 0)


	title is " stddev", offset at ((character units) 0, 0, 0)

Warning: empty y range [0:0], adjusting to [-1:1]

	title is " max_sample", offset at ((character units) 0, 0, 0)

Warning: empty y range [0.078125:0.078125], adjusting to [0.0773438:0.0789062]

	title is " min_sample", offset at ((character units) 0, 0, 0)

Could not find/open font when opening font "arial", using internal non-scalable font

	title is " rate", offset at ((character units) 0, 0, 0)

Warning: empty y range [0.1:0.1], adjusting to [0.099:0.101]

	title is " mean", offset at ((character units) 0, 0, 0)


	title is " stddev", offset at ((character units) 0, 0, 0)

Warning: empty y range [0:0], adjusting to [-1:1]

	title is " max_sample", offset at ((character units) 0, 0, 0)


	title is " min_sample", offset at ((character units) 0, 0, 0)

Warning: empty y range [61:61], adjusting to [60.39:61.61]
Could not find/open font when opening font "arial", using internal non-scalable font

	title is " rate", offset at ((character units) 0, 0, 0)

Warning: empty y range [0.1:0.1], adjusting to [0.099:0.101]

	title is " mean", offset at ((character units) 0, 0, 0)


	title is " stddev", offset at ((character units) 0, 0, 0)

Warning: empty y range [0:0], adjusting to [-1:1]

	title is " max_sample", offset at ((character units) 0, 0, 0)


	title is " min_sample", offset at ((character units) 0, 0, 0)

Warning: empty y range [61:61], adjusting to [60.39:61.61]
Could not find/open font when opening font "arial", using internal non-scalable font

	title is " rate", offset at ((character units) 0, 0, 0)

Warning: empty y range [0.1:0.1], adjusting to [0.099:0.101]

	title is " mean", offset at ((character units) 0, 0, 0)


	title is " stddev", offset at ((character units) 0, 0, 0)

Warning: empty y range [0:0], adjusting to [-1:1]

	title is " max_sample", offset at ((character units) 0, 0, 0)


	title is " min_sample", offset at ((character units) 0, 0, 0)

Warning: empty y range [58:58], adjusting to [57.42:58.58]
Could not find/open font when opening font "arial", using internal non-scalable font

	title is " rate", offset at ((character units) 0, 0, 0)

Warning: empty y range [0.1:0.1], adjusting to [0.099:0.101]

	title is " mean", offset at ((character units) 0, 0, 0)


	title is " stddev", offset at ((character units) 0, 0, 0)

Warning: empty y range [0:0], adjusting to [-1:1]

	title is " max_sample", offset at ((character units) 0, 0, 0)


	title is " min_sample", offset at ((character units) 0, 0, 0)

Warning: empty y range [58:58], adjusting to [57.42:58.58]
