# stats: dump at 1479246815
stats: users 1 2
stats: {load,"tsung_controller@ip-172-31-31-196"} 1 0.078125 0 0.078125 0.078125 0 0
stats: {cpu,"tsung_controller@ip-172-31-31-196"} 1 6.819910734709728 0 6.819910734709728 6.819910734709728 0 0
stats: {freemem,"tsung_controller@ip-172-31-31-196"} 1 3066.2265625 0 3066.2265625 3066.2265625 0 0
stats: session 2 2461.1920166015625 854.7239990234375 3315.916015625 1606.468017578125 0 0
stats: users_count 3 3
stats: finish_users_count 2 2
stats: request 9 103.41197374131944 113.35000873468692 300.3369140625 10.845947265625 0 0
stats: connect 3 46.578694661458336 63.693252980393375 136.654052734375 1.280029296875 0 0
stats: page 7 132.99741908482142 122.90079655082198 318.751953125 20.843994140625 0 0
stats: tr_new_post_page 2 14.6929931640625 3.7120361328125 18.405029296875 10.98095703125 0 0
stats: 302 4 4
stats: tr_submit_new_post 2 48.802978515625 6.9140625 55.717041015625 41.888916015625 0 0
stats: 200 5 5
stats: tr_user_login 2 300.344970703125 0.14794921875 300.492919921875 300.197021484375 0 0
stats: size_rcv 24324 24324
stats: size_sent 6483 6483
stats: connected 1 1
# stats: dump at 1479246825
stats: users 10 11
stats: {load,"tsung_controller@ip-172-31-31-196"} 1 0.0703125 0.0 0.078125 0.0703125 0.078125 1
stats: {recvpackets,"tsung_controller@ip-172-31-31-196"} 1 61 0 61 61 0 0
stats: {sentpackets,"tsung_controller@ip-172-31-31-196"} 1 58 0 58 58 0 0
stats: {cpu,"tsung_controller@ip-172-31-31-196"} 1 2.0710059171597637 0.0 6.819910734709728 2.0710059171597637 6.819910734709728 1
stats: {freemem,"tsung_controller@ip-172-31-31-196"} 1 3065.69140625 0.0 3066.2265625 3065.69140625 3066.2265625 1
stats: session 4 3897.122802734375 2508.9364981771537 7158.109130859375 1042.423095703125 2461.1920166015625 2
stats: users_count 13 16
stats: finish_users_count 4 6
stats: request 33 353.20090553977275 522.4318625485251 1657.7490234375 8.788818359375 103.41197374131944 9
stats: connect 13 1.2941143329326923 0.14418061435851873 136.654052734375 1.0908203125 46.578694661458336 3
stats: page 24 373.50356038411456 673.7480861200047 2188.949951171875 10.455078125 132.99741908482142 7
stats: tr_new_post_page 7 292.18460518973217 362.535505072309 969.666015625 8.89892578125 14.6929931640625 2
stats: 302 13 17
stats: tr_submit_new_post 4 445.36688232421875 700.1955880423367 1658.14111328125 40.64013671875 48.802978515625 2
stats: 200 20 25
stats: tr_user_login 9 848.6417643229166 513.0963572228671 1522.974853515625 300.197021484375 300.344970703125 2
stats: size_rcv 92825 117149
stats: size_sent 22660 29143
stats: connected 9 10
# stats: dump at 1479246835
stats: users 6 11
stats: {load,"tsung_controller@ip-172-31-31-196"} 1 0.05859375 0.0 0.078125 0.05859375 0.07421875 2
stats: {recvpackets,"tsung_controller@ip-172-31-31-196"} 1 189.0 0.0 189 61 61.0 1
stats: {sentpackets,"tsung_controller@ip-172-31-31-196"} 1 166.0 0.0 166 58 58.0 1
stats: {cpu,"tsung_controller@ip-172-31-31-196"} 1 1.3820335636722607 0.0 6.819910734709728 1.3820335636722607 4.445458325934746 2
stats: {freemem,"tsung_controller@ip-172-31-31-196"} 1 3064.73046875 0.0 3066.2265625 3064.73046875 3065.958984375 2
stats: session 14 7264.480904715402 2961.484515114245 13634.844970703125 1042.423095703125 3418.479207356771 6
stats: users_count 10 26
stats: finish_users_count 14 20
stats: request 46 252.2420654296875 306.2651189412212 1657.7490234375 8.788818359375 299.6747058686756 42
stats: connect 9 1.2271864149305556 0.10304965411046416 136.654052734375 1.076171875 9.78497314453125 16
stats: page 35 408.48304966517856 527.8573683803079 2188.949951171875 10.147216796875 319.1957220262097 31
stats: tr_new_post_page 13 192.422119140625 232.34968750609147 969.666015625 8.89892578125 230.51980251736111 9
stats: 302 24 41
stats: tr_submit_new_post 13 150.367919921875 242.01640914496463 1658.14111328125 39.197021484375 313.1789143880208 6
stats: 200 22 47
stats: tr_user_login 11 590.5039950284091 279.8980670563252 1522.974853515625 300.197021484375 748.9514382102273 11
stats: size_rcv 123440 240589
stats: size_sent 28517 57660
stats: connected -4 6
# stats: dump at 1479246845
stats: users 12 16
stats: {load,"tsung_controller@ip-172-31-31-196"} 1 0.05078125 0.0 0.078125 0.05078125 0.06901041666666667 3
stats: {recvpackets,"tsung_controller@ip-172-31-31-196"} 1 161.0 0.0 189 61 125.0 2
stats: {sentpackets,"tsung_controller@ip-172-31-31-196"} 1 147.0 0.0 166 58 112.0 2
stats: {cpu,"tsung_controller@ip-172-31-31-196"} 1 1.2845849802371543 0.0 6.819910734709728 1.2845849802371543 3.4243167385139177 3
stats: {freemem,"tsung_controller@ip-172-31-31-196"} 1 3064.375 0.0 3066.2265625 3064.375 3065.5494791666665 3
stats: session 11 7040.957097833807 4585.845222573599 20257.0458984375 1042.423095703125 6110.680395507812 20
stats: users_count 17 43
stats: finish_users_count 11 31
stats: request 60 507.978173828125 398.70845756763174 1657.7490234375 8.788818359375 274.88037109375 88
stats: connect 18 1.2371012369791667 0.12181307667708331 136.654052734375 0.994873046875 6.704169921875 25
stats: page 45 677.3389865451389 520.9680439589674 2188.949951171875 9.60888671875 366.5450624408144 66
stats: tr_new_post_page 15 275.52527669270836 189.4500176103599 969.666015625 8.89892578125 208.0075350674716 22
stats: 302 27 68
stats: tr_submit_new_post 12 696.5667317708334 532.374004174349 1658.14111328125 39.053955078125 201.7819181743421 19
stats: 200 33 80
stats: tr_user_login 15 840.5972981770833 250.8797375429822 1522.974853515625 300.197021484375 669.7277166193181 22
stats: size_rcv 167873 408462
stats: newphase 1 1
stats: size_sent 39248 96908
stats: connected 6 12
# stats: dump at 1479246855
stats: users 22 22
stats: {load,"tsung_controller@ip-172-31-31-196"} 1 0.0390625 0.0 0.078125 0.0390625 0.064453125 4
stats: {recvpackets,"tsung_controller@ip-172-31-31-196"} 1 700.0 0.0 700 61 137.0 3
stats: {sentpackets,"tsung_controller@ip-172-31-31-196"} 1 573.0 0.0 573 58 123.66666666666667 3
stats: {cpu,"tsung_controller@ip-172-31-31-196"} 1 2.1653543307086616 0.0 6.819910734709728 1.2845849802371543 2.889383798944727 4
stats: {freemem,"tsung_controller@ip-172-31-31-196"} 1 3061.69140625 0.0 3066.2265625 3061.69140625 3065.255859375 4
stats: session 15 6934.89736328125 3301.512391580701 20257.0458984375 1042.423095703125 6440.7785802041335 31
stats: users_count 25 68
stats: finish_users_count 15 46
stats: request 72 301.3232421875 332.1859430527104 1657.7490234375 8.286865234375 369.3794803103885 148
stats: connect 23 1.2772163722826086 0.19692039242306625 136.654052734375 0.983154296875 4.415629542151163 43
stats: page 55 394.48983487215907 374.15632034101867 2188.949951171875 9.60888671875 492.54259923986484 111
stats: tr_new_post_page 17 71.29855526194854 147.97313634058955 969.666015625 8.385986328125 235.3795924831081 37
stats: 302 32 100
stats: tr_submit_new_post 15 292.28416341145834 339.15151222611235 1658.14111328125 35.89892578125 393.3115234375 31
stats: 200 40 120
stats: tr_user_login 17 643.3711081112133 283.8183255320312 1522.974853515625 300.197021484375 738.9991686021959 37
stats: size_rcv 201527 609989
stats: newphase 1 2
stats: size_sent 44901 141809
stats: connected 8 20
# stats: dump at 1479246865
stats: users 83 83
stats: {load,"tsung_controller@ip-172-31-31-196"} 1 0.03125 0.0 0.078125 0.03125 0.059375 5
stats: {recvpackets,"tsung_controller@ip-172-31-31-196"} 1 517.0 0.0 700 61 277.75 4
stats: {sentpackets,"tsung_controller@ip-172-31-31-196"} 1 461.0 0.0 573 58 236.0 4
stats: {cpu,"tsung_controller@ip-172-31-31-196"} 1 2.2682445759368837 0.0 6.819910734709728 1.2845849802371543 2.744577905297514 5
stats: {freemem,"tsung_controller@ip-172-31-31-196"} 1 3061.09375 0.0 3066.2265625 3061.09375 3064.54296875 5
stats: session 13 9040.275127704326 3624.5928305018 20257.0458984375 1042.423095703125 6601.9042703379755 46
stats: users_count 74 142
stats: finish_users_count 13 59
stats: request 99 1698.7624141808712 924.13301007957 3303.85791015625 8.286865234375 347.10652965198864 220
stats: connect 75 1.3535709635416666 0.5397313422973005 136.654052734375 0.862060546875 3.3219401041666665 66
stats: page 75 1974.8119433593754 1185.2462681100972 5061.007080078125 9.60888671875 460.05523755176955 166
stats: tr_new_post_page 17 1574.3579245174633 948.8480905766631 2836.364013671875 8.385986328125 183.724451135706 54
stats: 302 37 137
stats: tr_submit_new_post 13 1819.6956317608174 1134.2184520632168 3304.006103515625 35.89892578125 360.36781908118206 46
stats: 200 62 182
stats: tr_user_login 24 1777.2819519042969 833.5799262915901 3071.89501953125 300.197021484375 708.8940384476273 54
stats: size_rcv 289383 899372
stats: newphase 1 3
stats: size_sent 80912 222721
stats: connected 62 82
# stats: dump at 1479246875
stats: users 95 103
stats: {load,"tsung_controller@ip-172-31-31-196"} 1 0.03125 0.0 0.078125 0.03125 0.0546875 6
stats: {recvpackets,"tsung_controller@ip-172-31-31-196"} 1 595.0 0.0 700 61 325.6 5
stats: {sentpackets,"tsung_controller@ip-172-31-31-196"} 1 605.0 0.0 605 58 281.0 5
stats: {cpu,"tsung_controller@ip-172-31-31-196"} 1 3.346456692913386 0.0 6.819910734709728 1.2845849802371543 2.6651890170707424 6
stats: {freemem,"tsung_controller@ip-172-31-31-196"} 1 3058.7890625 0.0 3066.2265625 3058.7890625 3063.9680989583335 6
stats: session 10 15347.675952148438 2432.689389300572 20257.0458984375 1042.423095703125 7139.1724253509 59
stats: users_count 22 164
stats: finish_users_count 10 69
stats: request 112 4682.123365129743 926.3582500180506 7263.960205078125 8.286865234375 766.5859420919867 319
stats: connect 23 2.5807787024456523 4.4791382090078935 136.654052734375 0.85986328125 2.2749352421320923 141
stats: page 81 5423.759406949265 1887.4777857276113 11171.56591796875 9.60888671875 931.4525526371241 241
stats: tr_new_post_page 19 4767.4481393914475 1019.8080180404176 6960.324951171875 8.385986328125 516.6930292693662 71
stats: 302 40 177
stats: tr_submit_new_post 9 5379.563042534723 898.7446615864197 7264.06494140625 35.89892578125 681.9146252648305 59
stats: 200 72 254
stats: tr_user_login 31 4888.007702242943 1018.5758405740128 6981.901123046875 300.197021484375 1037.6287810496794 78
stats: size_rcv 331647 1231019
stats: newphase 0 3
stats: size_sent 92925 315646
stats: connected 14 96
# stats: dump at 1479246885
stats: users 81 103
stats: {load,"tsung_controller@ip-172-31-31-196"} 1 0.01953125 0.0 0.078125 0.01953125 0.05133928571428571 7
stats: {recvpackets,"tsung_controller@ip-172-31-31-196"} 1 453.0 0.0 700 61 370.5 6
stats: {sentpackets,"tsung_controller@ip-172-31-31-196"} 1 389.0 0.0 605 58 335.0 6
stats: {cpu,"tsung_controller@ip-172-31-31-196"} 1 1.8774703557312251 0.0 6.819910734709728 1.2845849802371543 2.762512970762548 7
stats: {freemem,"tsung_controller@ip-172-31-31-196"} 1 3054.18359375 0.0 3066.2265625 3054.18359375 3063.2282366071427 7
stats: session 14 25414.2279750279 2720.508134002936 33393.73388671875 1042.423095703125 8328.810617640398 69
stats: users_count 0 164
stats: finish_users_count 14 83
stats: request 65 9761.38658728966 1439.9017585058477 12858.579833984375 8.286865234375 1784.0805856656032 431
stats: connect 0 0 0 136.654052734375 0.85986328125 2.317827922541921 164
stats: page 32 12749.993713378906 2707.376489058522 17698.716064453125 9.60888671875 2061.504897976514 322
stats: tr_new_post_page 17 9330.185747931984 1295.3826972334912 12212.10791015625 8.385986328125 1414.0746636284723 90
stats: 302 42 219
stats: tr_submit_new_post 15 10517.214371744793 1647.5792442531238 12625.91796875 35.89892578125 1303.6622099034926 68
stats: 200 16 270
stats: tr_user_login 33 9640.287590258049 1271.1235190328634 12859.056884765625 300.197021484375 2132.690676067947 109
stats: size_rcv 138205 1369224
stats: newphase 0 3
stats: size_sent 51260 366906
stats: connected -15 81
stats: 500 7 7
# stats: dump at 1479246895
stats: users 15 103
stats: {load,"tsung_controller@ip-172-31-31-196"} 1 0.01953125 0.0 0.078125 0.01953125 0.04736328125 8
stats: {recvpackets,"tsung_controller@ip-172-31-31-196"} 1 199.0 0.0 700 61 382.2857142857143 7
stats: {sentpackets,"tsung_controller@ip-172-31-31-196"} 1 162.0 0.0 605 58 342.7142857142857 7
stats: {cpu,"tsung_controller@ip-172-31-31-196"} 1 1.0880316518298714 0.0 6.819910734709728 1.0880316518298714 2.651882643883633 8
stats: {freemem,"tsung_controller@ip-172-31-31-196"} 1 3052.859375 0.0 3066.2265625 3052.859375 3062.09765625 8
stats: session 66 29784.977613044506 2663.2804860039178 37954.27099609375 1042.423095703125 11210.688244187688 83
stats: users_count 0 164
stats: finish_users_count 66 149
stats: request 144 6529.242006089957 5194.020477764974 15204.796875 8.26708984375 2829.4936705558525 496
stats: connect 0 0 0 136.654052734375 0.85986328125 2.317827922541921 164
stats: page 122 10425.040327228482 8214.3520471201 22472.64892578125 8.26708984375 3027.695977334922 354
stats: tr_new_post_page 57 7426.799324972588 3963.376016100203 15205.0009765625 8.385986328125 2671.7745555271613 107
stats: 302 80 299
stats: tr_submit_new_post 65 3684.064535757213 4883.20177690251 15054.251953125 8.343994140625 2968.761998188065 83
stats: 200 51 321
stats: tr_user_login 22 12610.79208096591 1562.3170284069688 15119.73193359375 300.197021484375 3877.4139026050834 142
stats: size_rcv 364580 1733804
stats: newphase 0 3
stats: 422 6 6
stats: size_sent 64653 431559
stats: connected -65 16
stats: 500 7 14
# stats: dump at 1479246903
stats: users 0 103
stats: {load,"tsung_controller@ip-172-31-31-196"} 1 0.01953125 0.0 0.078125 0.01953125 0.044270833333333336 9
stats: {recvpackets,"tsung_controller@ip-172-31-31-196"} 1 537.0 0.0 700 61 359.375 8
stats: {sentpackets,"tsung_controller@ip-172-31-31-196"} 1 431.0 0.0 605 58 320.125 8
stats: {cpu,"tsung_controller@ip-172-31-31-196"} 1 1.5794669299111548 0.0 6.819910734709728 1.0880316518298714 2.4781214225443264 9
stats: {freemem,"tsung_controller@ip-172-31-31-196"} 1 3052.546875 0.0 3066.2265625 3052.546875 3061.0711805555557 9
stats: session 15 31754.559830729166 2336.099720656172 37954.27099609375 1042.423095703125 19438.225816969905 149
stats: users_count 0 164
stats: finish_users_count 15 164
stats: request 16 49.21794128417969 12.627866136306398 15204.796875 8.26708984375 3661.9370460510263 640
stats: connect 0 0 0 136.654052734375 0.85986328125 2.317827922541921 164
stats: page 16 49.21794128417969 12.627866136306398 22472.64892578125 8.26708984375 4923.65398297991 476
stats: tr_new_post_page 0 0 0 15205.0009765625 8.385986328125 4324.435603444169 164
stats: 302 15 314
stats: tr_submit_new_post 16 49.338134765625 12.6299662376745 15054.251953125 8.343994140625 3282.915139688029 148
stats: 200 0 321
stats: tr_user_login 0 0 0 15119.73193359375 300.197021484375 5048.964633848609 164
stats: size_rcv 17897 1751701
stats: newphase 0 3
stats: 422 1 7
stats: size_sent 17687 449246
stats: connected -16 0
stats: 500 0 14
EndMonitor:{1479,246903,995831}
